[2.737s] Invoking command in '/home/ubuntu/ros2_wsorincp/ros2_core_examples/src/ros_robot_controller': PYTHONPATH=/home/ubuntu/ros2_wsorincp/build/ros_robot_controller/prefix_override:/usr/lib/python3/dist-packages/colcon_core/task/python/colcon_distutils_commands:/home/ubuntu/ros2_wsorincp/install/ros_robot_controller/lib/python3.10/site-packages:${PYTHONPATH} /usr/bin/python3 -W ignore:setup.py install is deprecated setup.py egg_info --egg-base ../../../build/ros_robot_controller build --build-base /home/ubuntu/ros2_wsorincp/build/ros_robot_controller/build install --record /home/ubuntu/ros2_wsorincp/build/ros_robot_controller/install.log --single-version-externally-managed install_data
[3.485s] running egg_info
[3.485s] creating ../../../build/ros_robot_controller/ros_robot_controller.egg-info
[3.508s] writing ../../../build/ros_robot_controller/ros_robot_controller.egg-info/PKG-INFO
[3.510s] writing dependency_links to ../../../build/ros_robot_controller/ros_robot_controller.egg-info/dependency_links.txt
[3.510s] writing entry points to ../../../build/ros_robot_controller/ros_robot_controller.egg-info/entry_points.txt
[3.510s] writing requirements to ../../../build/ros_robot_controller/ros_robot_controller.egg-info/requires.txt
[3.510s] writing top-level names to ../../../build/ros_robot_controller/ros_robot_controller.egg-info/top_level.txt
[3.766s] writing manifest file '../../../build/ros_robot_controller/ros_robot_controller.egg-info/SOURCES.txt'
[3.865s] reading manifest file '../../../build/ros_robot_controller/ros_robot_controller.egg-info/SOURCES.txt'
[3.868s] writing manifest file '../../../build/ros_robot_controller/ros_robot_controller.egg-info/SOURCES.txt'
[3.875s] running build
[3.875s] running build_py
[3.875s] creating /home/ubuntu/ros2_wsorincp/build/ros_robot_controller/build
[3.875s] creating /home/ubuntu/ros2_wsorincp/build/ros_robot_controller/build/lib
[3.876s] creating /home/ubuntu/ros2_wsorincp/build/ros_robot_controller/build/lib/ros_robot_controller
[3.876s] copying ros_robot_controller/ros_robot_controller_sdk.py -> /home/ubuntu/ros2_wsorincp/build/ros_robot_controller/build/lib/ros_robot_controller
[3.876s] copying ros_robot_controller/ros_robot_controller_node.py -> /home/ubuntu/ros2_wsorincp/build/ros_robot_controller/build/lib/ros_robot_controller
[3.876s] copying ros_robot_controller/__init__.py -> /home/ubuntu/ros2_wsorincp/build/ros_robot_controller/build/lib/ros_robot_controller
[3.876s] running install
[3.889s] running install_lib
[3.913s] creating /home/ubuntu/ros2_wsorincp/install/ros_robot_controller/lib/python3.10/site-packages/ros_robot_controller
[3.913s] copying /home/ubuntu/ros2_wsorincp/build/ros_robot_controller/build/lib/ros_robot_controller/ros_robot_controller_sdk.py -> /home/ubuntu/ros2_wsorincp/install/ros_robot_controller/lib/python3.10/site-packages/ros_robot_controller
[3.913s] copying /home/ubuntu/ros2_wsorincp/build/ros_robot_controller/build/lib/ros_robot_controller/ros_robot_controller_node.py -> /home/ubuntu/ros2_wsorincp/install/ros_robot_controller/lib/python3.10/site-packages/ros_robot_controller
[3.914s] copying /home/ubuntu/ros2_wsorincp/build/ros_robot_controller/build/lib/ros_robot_controller/__init__.py -> /home/ubuntu/ros2_wsorincp/install/ros_robot_controller/lib/python3.10/site-packages/ros_robot_controller
[3.915s] byte-compiling /home/ubuntu/ros2_wsorincp/install/ros_robot_controller/lib/python3.10/site-packages/ros_robot_controller/ros_robot_controller_sdk.py to ros_robot_controller_sdk.cpython-310.pyc
[3.920s] byte-compiling /home/ubuntu/ros2_wsorincp/install/ros_robot_controller/lib/python3.10/site-packages/ros_robot_controller/ros_robot_controller_node.py to ros_robot_controller_node.cpython-310.pyc
[3.923s] byte-compiling /home/ubuntu/ros2_wsorincp/install/ros_robot_controller/lib/python3.10/site-packages/ros_robot_controller/__init__.py to __init__.cpython-310.pyc
[3.924s] running install_data
[3.924s] creating /home/ubuntu/ros2_wsorincp/install/ros_robot_controller/share/ament_index
[3.924s] creating /home/ubuntu/ros2_wsorincp/install/ros_robot_controller/share/ament_index/resource_index
[3.924s] creating /home/ubuntu/ros2_wsorincp/install/ros_robot_controller/share/ament_index/resource_index/packages
[3.924s] copying resource/ros_robot_controller -> /home/ubuntu/ros2_wsorincp/install/ros_robot_controller/share/ament_index/resource_index/packages
[3.924s] copying package.xml -> /home/ubuntu/ros2_wsorincp/install/ros_robot_controller/share/ros_robot_controller
[3.924s] creating /home/ubuntu/ros2_wsorincp/install/ros_robot_controller/share/ros_robot_controller/launch
[3.924s] copying launch/ros_robot_controller.launch.py -> /home/ubuntu/ros2_wsorincp/install/ros_robot_controller/share/ros_robot_controller/launch
[3.926s] running install_egg_info
[3.948s] Copying ../../../build/ros_robot_controller/ros_robot_controller.egg-info to /home/ubuntu/ros2_wsorincp/install/ros_robot_controller/lib/python3.10/site-packages/ros_robot_controller-0.0.0-py3.10.egg-info
[3.950s] running install_scripts
[4.056s] Installing ros_robot_controller script to /home/ubuntu/ros2_wsorincp/install/ros_robot_controller/lib/ros_robot_controller
[4.062s] writing list of installed files to '/home/ubuntu/ros2_wsorincp/build/ros_robot_controller/install.log'
[4.155s] Invoked command in '/home/ubuntu/ros2_wsorincp/ros2_core_examples/src/ros_robot_controller' returned '0': PYTHONPATH=/home/ubuntu/ros2_wsorincp/build/ros_robot_controller/prefix_override:/usr/lib/python3/dist-packages/colcon_core/task/python/colcon_distutils_commands:/home/ubuntu/ros2_wsorincp/install/ros_robot_controller/lib/python3.10/site-packages:${PYTHONPATH} /usr/bin/python3 -W ignore:setup.py install is deprecated setup.py egg_info --egg-base ../../../build/ros_robot_controller build --build-base /home/ubuntu/ros2_wsorincp/build/ros_robot_controller/build install --record /home/ubuntu/ros2_wsorincp/build/ros_robot_controller/install.log --single-version-externally-managed install_data
