[0.571s] Invoking command in '/home/ubuntu/ros2_wsorincp/build/smart_car_core_demo': CMAKE_PREFIX_PATH=/home/ubuntu/third_party_ros2/orbbec_ws/install/orbbec_description:/home/ubuntu/third_party_ros2/orbbec_ws/install/orbbec_camera:/home/ubuntu/third_party_ros2/orbbec_ws/install/orbbec_camera_msgs:/home/ubuntu/third_party_ros2/third_party_ws/install/ydlidar_ros2_driver:/home/ubuntu/third_party_ros2/third_party_ws/install/web_video_server:/home/ubuntu/third_party_ros2/third_party_ws/install/teb_local_planner:/home/ubuntu/third_party_ros2/third_party_ws/install/teb_msgs:/home/ubuntu/third_party_ros2/third_party_ws/install/sllidar_ros2:/home/ubuntu/third_party_ros2/third_party_ws/install/rf2o_laser_odometry:/home/ubuntu/third_party_ros2/third_party_ws/install/ldlidar_stl_ros2:/home/ubuntu/third_party_ros2/third_party_ws/install/laser_filters:/home/ubuntu/third_party_ros2/third_party_ws/install/imu_calib:/home/ubuntu/third_party_ros2/third_party_ws/install/costmap_converter:/home/ubuntu/third_party_ros2/third_party_ws/install/costmap_converter_msgs:/home/ubuntu/ros2_ws/install/yolov5_ros2:/home/ubuntu/ros2_ws/install/slam:/home/ubuntu/ros2_ws/install/servo_controller:/home/ubuntu/ros2_ws/install/sdk:/home/ubuntu/ros2_ws/install/ros_robot_controller:/home/ubuntu/ros2_ws/install/peripherals:/home/ubuntu/ros2_ws/install/navigation:/home/ubuntu/ros2_ws/install/kinematics:/home/ubuntu/ros2_ws/install/jetrover_description:/home/ubuntu/ros2_ws/install/example:/home/ubuntu/ros2_ws/install/controller:/home/ubuntu/ros2_ws/install/calibration:/home/ubuntu/ros2_ws/install/bringup:/home/ubuntu/ros2_ws/install/app:/opt/ros/humble:/home/ubuntu/third_party_ros2/third_party_ws/install/async_web_server_cpp:/home/ubuntu/third_party_ros2/third_party_ws/install/ascamera_listener:/home/ubuntu/third_party_ros2/third_party_ws/install/apriltag_ros:/home/ubuntu/third_party_ros2/third_party_ws/install/apriltag_msgs:/home/ubuntu/ros2_ws/install/xf_mic_asr_offline:/home/ubuntu/ros2_ws/install/xf_mic_asr_offline_msgs:/home/ubuntu/ros2_ws/install/servo_controller_msgs:/home/ubuntu/ros2_ws/install/ros_robot_controller_msgs:/home/ubuntu/ros2_ws/install/kinematics_msgs:/home/ubuntu/ros2_ws/install/interfaces /usr/bin/cmake /home/ubuntu/ros2_wsorincp/ros2_core_examples/smart_car_core_demo -DCMAKE_INSTALL_PREFIX=/home/ubuntu/ros2_wsorincp/install/smart_car_core_demo
[1.083s] -- The C compiler identification is GNU 11.4.0
[1.511s] -- The CXX compiler identification is GNU 11.4.0
[1.534s] -- Detecting C compiler ABI info
[1.750s] -- Detecting C compiler ABI info - done
[1.775s] -- Check for working C compiler: /usr/bin/cc - skipped
[1.776s] -- Detecting C compile features
[1.776s] -- Detecting C compile features - done
[1.785s] -- Detecting CXX compiler ABI info
[1.981s] -- Detecting CXX compiler ABI info - done
[2.010s] -- Check for working CXX compiler: /usr/bin/c++ - skipped
[2.012s] -- Detecting CXX compile features
[2.013s] -- Detecting CXX compile features - done
[2.092s] -- Found ament_cmake: 1.3.9 (/opt/ros/humble/share/ament_cmake/cmake)
[3.418s] -- Found Python3: /usr/bin/python3 (found version "3.10.12") found components: Interpreter 
[3.853s] -- Found rclcpp: 16.0.9 (/opt/ros/humble/share/rclcpp/cmake)
[4.099s] -- Found rosidl_generator_c: 3.1.5 (/opt/ros/humble/share/rosidl_generator_c/cmake)
[4.148s] -- Found rosidl_adapter: 3.1.5 (/opt/ros/humble/share/rosidl_adapter/cmake)
[4.222s] -- Found rosidl_generator_cpp: 3.1.5 (/opt/ros/humble/share/rosidl_generator_cpp/cmake)
[4.303s] -- Using all available rosidl_typesupport_c: rosidl_typesupport_fastrtps_c;rosidl_typesupport_introspection_c
[4.433s] -- Using all available rosidl_typesupport_cpp: rosidl_typesupport_fastrtps_cpp;rosidl_typesupport_introspection_cpp
[4.714s] -- Found rmw_implementation_cmake: 6.1.2 (/opt/ros/humble/share/rmw_implementation_cmake/cmake)
[4.737s] -- Found rmw_fastrtps_cpp: 6.2.6 (/opt/ros/humble/share/rmw_fastrtps_cpp/cmake)
[5.197s] -- Found OpenSSL: /usr/lib/aarch64-linux-gnu/libcrypto.so (found version "3.0.2")  
[5.276s] -- Found FastRTPS: /opt/ros/humble/include  
[5.437s] -- Using RMW implementation 'rmw_fastrtps_cpp' as default
[5.510s] -- Looking for pthread.h
[5.693s] -- Looking for pthread.h - found
[5.693s] -- Performing Test CMAKE_HAVE_LIBC_PTHREAD
[5.861s] -- Performing Test CMAKE_HAVE_LIBC_PTHREAD - Success
[5.863s] -- Found Threads: TRUE  
[6.305s] -- Found geometry_msgs: 4.2.4 (/opt/ros/humble/share/geometry_msgs/cmake)
[6.456s] -- Found std_srvs: 4.2.4 (/opt/ros/humble/share/std_srvs/cmake)
[6.509s] -- Found rclcpp_action: 16.0.9 (/opt/ros/humble/share/rclcpp_action/cmake)
[6.821s] -- Found ros_robot_controller_msgs: 0.0.0 (/home/ubuntu/ros2_ws/install/ros_robot_controller_msgs/share/ros_robot_controller_msgs/cmake)
[6.905s] -- Found ament_lint_auto: 0.12.11 (/opt/ros/humble/share/ament_lint_auto/cmake)
[7.260s] -- Added test 'cppcheck' to perform static code analysis on C / C++ code
[7.260s] -- Configured cppcheck include dirs: 
[7.261s] -- Configured cppcheck exclude dirs and/or files: 
[7.265s] -- Added test 'flake8' to check Python code syntax and style conventions
[7.269s] -- Added test 'lint_cmake' to check CMake code style
[7.271s] -- Added test 'pep257' to check Python code against some of the docstring style conventions in PEP 257
[7.274s] -- Added test 'uncrustify' to check C / C++ code style
[7.274s] -- Configured uncrustify additional arguments: 
[7.276s] -- Added test 'xmllint' to check XML markup files
[7.282s] -- Configuring done
[7.306s] -- Generating done
[7.307s] -- Build files have been written to: /home/ubuntu/ros2_wsorincp/build/smart_car_core_demo
[7.326s] Invoked command in '/home/ubuntu/ros2_wsorincp/build/smart_car_core_demo' returned '0': CMAKE_PREFIX_PATH=/home/ubuntu/third_party_ros2/orbbec_ws/install/orbbec_description:/home/ubuntu/third_party_ros2/orbbec_ws/install/orbbec_camera:/home/ubuntu/third_party_ros2/orbbec_ws/install/orbbec_camera_msgs:/home/ubuntu/third_party_ros2/third_party_ws/install/ydlidar_ros2_driver:/home/ubuntu/third_party_ros2/third_party_ws/install/web_video_server:/home/ubuntu/third_party_ros2/third_party_ws/install/teb_local_planner:/home/ubuntu/third_party_ros2/third_party_ws/install/teb_msgs:/home/ubuntu/third_party_ros2/third_party_ws/install/sllidar_ros2:/home/ubuntu/third_party_ros2/third_party_ws/install/rf2o_laser_odometry:/home/ubuntu/third_party_ros2/third_party_ws/install/ldlidar_stl_ros2:/home/ubuntu/third_party_ros2/third_party_ws/install/laser_filters:/home/ubuntu/third_party_ros2/third_party_ws/install/imu_calib:/home/ubuntu/third_party_ros2/third_party_ws/install/costmap_converter:/home/ubuntu/third_party_ros2/third_party_ws/install/costmap_converter_msgs:/home/ubuntu/ros2_ws/install/yolov5_ros2:/home/ubuntu/ros2_ws/install/slam:/home/ubuntu/ros2_ws/install/servo_controller:/home/ubuntu/ros2_ws/install/sdk:/home/ubuntu/ros2_ws/install/ros_robot_controller:/home/ubuntu/ros2_ws/install/peripherals:/home/ubuntu/ros2_ws/install/navigation:/home/ubuntu/ros2_ws/install/kinematics:/home/ubuntu/ros2_ws/install/jetrover_description:/home/ubuntu/ros2_ws/install/example:/home/ubuntu/ros2_ws/install/controller:/home/ubuntu/ros2_ws/install/calibration:/home/ubuntu/ros2_ws/install/bringup:/home/ubuntu/ros2_ws/install/app:/opt/ros/humble:/home/ubuntu/third_party_ros2/third_party_ws/install/async_web_server_cpp:/home/ubuntu/third_party_ros2/third_party_ws/install/ascamera_listener:/home/ubuntu/third_party_ros2/third_party_ws/install/apriltag_ros:/home/ubuntu/third_party_ros2/third_party_ws/install/apriltag_msgs:/home/ubuntu/ros2_ws/install/xf_mic_asr_offline:/home/ubuntu/ros2_ws/install/xf_mic_asr_offline_msgs:/home/ubuntu/ros2_ws/install/servo_controller_msgs:/home/ubuntu/ros2_ws/install/ros_robot_controller_msgs:/home/ubuntu/ros2_ws/install/kinematics_msgs:/home/ubuntu/ros2_ws/install/interfaces /usr/bin/cmake /home/ubuntu/ros2_wsorincp/ros2_core_examples/smart_car_core_demo -DCMAKE_INSTALL_PREFIX=/home/ubuntu/ros2_wsorincp/install/smart_car_core_demo
[7.329s] Invoking command in '/home/ubuntu/ros2_wsorincp/build/smart_car_core_demo': CMAKE_PREFIX_PATH=/home/ubuntu/third_party_ros2/orbbec_ws/install/orbbec_description:/home/ubuntu/third_party_ros2/orbbec_ws/install/orbbec_camera:/home/ubuntu/third_party_ros2/orbbec_ws/install/orbbec_camera_msgs:/home/ubuntu/third_party_ros2/third_party_ws/install/ydlidar_ros2_driver:/home/ubuntu/third_party_ros2/third_party_ws/install/web_video_server:/home/ubuntu/third_party_ros2/third_party_ws/install/teb_local_planner:/home/ubuntu/third_party_ros2/third_party_ws/install/teb_msgs:/home/ubuntu/third_party_ros2/third_party_ws/install/sllidar_ros2:/home/ubuntu/third_party_ros2/third_party_ws/install/rf2o_laser_odometry:/home/ubuntu/third_party_ros2/third_party_ws/install/ldlidar_stl_ros2:/home/ubuntu/third_party_ros2/third_party_ws/install/laser_filters:/home/ubuntu/third_party_ros2/third_party_ws/install/imu_calib:/home/ubuntu/third_party_ros2/third_party_ws/install/costmap_converter:/home/ubuntu/third_party_ros2/third_party_ws/install/costmap_converter_msgs:/home/ubuntu/ros2_ws/install/yolov5_ros2:/home/ubuntu/ros2_ws/install/slam:/home/ubuntu/ros2_ws/install/servo_controller:/home/ubuntu/ros2_ws/install/sdk:/home/ubuntu/ros2_ws/install/ros_robot_controller:/home/ubuntu/ros2_ws/install/peripherals:/home/ubuntu/ros2_ws/install/navigation:/home/ubuntu/ros2_ws/install/kinematics:/home/ubuntu/ros2_ws/install/jetrover_description:/home/ubuntu/ros2_ws/install/example:/home/ubuntu/ros2_ws/install/controller:/home/ubuntu/ros2_ws/install/calibration:/home/ubuntu/ros2_ws/install/bringup:/home/ubuntu/ros2_ws/install/app:/opt/ros/humble:/home/ubuntu/third_party_ros2/third_party_ws/install/async_web_server_cpp:/home/ubuntu/third_party_ros2/third_party_ws/install/ascamera_listener:/home/ubuntu/third_party_ros2/third_party_ws/install/apriltag_ros:/home/ubuntu/third_party_ros2/third_party_ws/install/apriltag_msgs:/home/ubuntu/ros2_ws/install/xf_mic_asr_offline:/home/ubuntu/ros2_ws/install/xf_mic_asr_offline_msgs:/home/ubuntu/ros2_ws/install/servo_controller_msgs:/home/ubuntu/ros2_ws/install/ros_robot_controller_msgs:/home/ubuntu/ros2_ws/install/kinematics_msgs:/home/ubuntu/ros2_ws/install/interfaces /usr/bin/cmake --build /home/ubuntu/ros2_wsorincp/build/smart_car_core_demo -- -j4 -l4
[7.443s] [ 25%] [32mBuilding CXX object CMakeFiles/speed_subscriber.dir/src/smart_car_core_demo/speed_subscriber.cpp.o[0m
[7.446s] [ 50%] [32mBuilding CXX object CMakeFiles/speed_publisher.dir/src/smart_car_core_demo/speed_publisher.cpp.o[0m
[15.334s] [01m[K/home/ubuntu/ros2_wsorincp/ros2_core_examples/smart_car_core_demo/src/smart_car_core_demo/speed_subscriber.cpp:[m[K In function ‘[01m[Kint main(int, char**)[m[K’:
[15.334s] [01m[K/home/ubuntu/ros2_wsorincp/ros2_core_examples/smart_car_core_demo/src/smart_car_core_demo/speed_subscriber.cpp:156:10:[m[K [01;35m[Kwarning: [m[Kvariable ‘[01m[Ksignal_handler[m[K’ set but not used [[01;35m[K-Wunused-but-set-variable[m[K]
[15.334s]   156 |     auto [01;35m[Ksignal_handler[m[K = [&node](int) {
[15.335s]       |          [01;35m[K^~~~~~~~~~~~~~[m[K
[23.576s] [ 75%] [32m[1mLinking CXX executable speed_publisher[0m
[24.814s] [ 75%] Built target speed_publisher
[36.403s] [100%] [32m[1mLinking CXX executable speed_subscriber[0m
[39.561s] [100%] Built target speed_subscriber
[39.636s] Invoked command in '/home/ubuntu/ros2_wsorincp/build/smart_car_core_demo' returned '0': CMAKE_PREFIX_PATH=/home/ubuntu/third_party_ros2/orbbec_ws/install/orbbec_description:/home/ubuntu/third_party_ros2/orbbec_ws/install/orbbec_camera:/home/ubuntu/third_party_ros2/orbbec_ws/install/orbbec_camera_msgs:/home/ubuntu/third_party_ros2/third_party_ws/install/ydlidar_ros2_driver:/home/ubuntu/third_party_ros2/third_party_ws/install/web_video_server:/home/ubuntu/third_party_ros2/third_party_ws/install/teb_local_planner:/home/ubuntu/third_party_ros2/third_party_ws/install/teb_msgs:/home/ubuntu/third_party_ros2/third_party_ws/install/sllidar_ros2:/home/ubuntu/third_party_ros2/third_party_ws/install/rf2o_laser_odometry:/home/ubuntu/third_party_ros2/third_party_ws/install/ldlidar_stl_ros2:/home/ubuntu/third_party_ros2/third_party_ws/install/laser_filters:/home/ubuntu/third_party_ros2/third_party_ws/install/imu_calib:/home/ubuntu/third_party_ros2/third_party_ws/install/costmap_converter:/home/ubuntu/third_party_ros2/third_party_ws/install/costmap_converter_msgs:/home/ubuntu/ros2_ws/install/yolov5_ros2:/home/ubuntu/ros2_ws/install/slam:/home/ubuntu/ros2_ws/install/servo_controller:/home/ubuntu/ros2_ws/install/sdk:/home/ubuntu/ros2_ws/install/ros_robot_controller:/home/ubuntu/ros2_ws/install/peripherals:/home/ubuntu/ros2_ws/install/navigation:/home/ubuntu/ros2_ws/install/kinematics:/home/ubuntu/ros2_ws/install/jetrover_description:/home/ubuntu/ros2_ws/install/example:/home/ubuntu/ros2_ws/install/controller:/home/ubuntu/ros2_ws/install/calibration:/home/ubuntu/ros2_ws/install/bringup:/home/ubuntu/ros2_ws/install/app:/opt/ros/humble:/home/ubuntu/third_party_ros2/third_party_ws/install/async_web_server_cpp:/home/ubuntu/third_party_ros2/third_party_ws/install/ascamera_listener:/home/ubuntu/third_party_ros2/third_party_ws/install/apriltag_ros:/home/ubuntu/third_party_ros2/third_party_ws/install/apriltag_msgs:/home/ubuntu/ros2_ws/install/xf_mic_asr_offline:/home/ubuntu/ros2_ws/install/xf_mic_asr_offline_msgs:/home/ubuntu/ros2_ws/install/servo_controller_msgs:/home/ubuntu/ros2_ws/install/ros_robot_controller_msgs:/home/ubuntu/ros2_ws/install/kinematics_msgs:/home/ubuntu/ros2_ws/install/interfaces /usr/bin/cmake --build /home/ubuntu/ros2_wsorincp/build/smart_car_core_demo -- -j4 -l4
[39.861s] Invoking command in '/home/ubuntu/ros2_wsorincp/build/smart_car_core_demo': CMAKE_PREFIX_PATH=/home/ubuntu/third_party_ros2/orbbec_ws/install/orbbec_description:/home/ubuntu/third_party_ros2/orbbec_ws/install/orbbec_camera:/home/ubuntu/third_party_ros2/orbbec_ws/install/orbbec_camera_msgs:/home/ubuntu/third_party_ros2/third_party_ws/install/ydlidar_ros2_driver:/home/ubuntu/third_party_ros2/third_party_ws/install/web_video_server:/home/ubuntu/third_party_ros2/third_party_ws/install/teb_local_planner:/home/ubuntu/third_party_ros2/third_party_ws/install/teb_msgs:/home/ubuntu/third_party_ros2/third_party_ws/install/sllidar_ros2:/home/ubuntu/third_party_ros2/third_party_ws/install/rf2o_laser_odometry:/home/ubuntu/third_party_ros2/third_party_ws/install/ldlidar_stl_ros2:/home/ubuntu/third_party_ros2/third_party_ws/install/laser_filters:/home/ubuntu/third_party_ros2/third_party_ws/install/imu_calib:/home/ubuntu/third_party_ros2/third_party_ws/install/costmap_converter:/home/ubuntu/third_party_ros2/third_party_ws/install/costmap_converter_msgs:/home/ubuntu/ros2_ws/install/yolov5_ros2:/home/ubuntu/ros2_ws/install/slam:/home/ubuntu/ros2_ws/install/servo_controller:/home/ubuntu/ros2_ws/install/sdk:/home/ubuntu/ros2_ws/install/ros_robot_controller:/home/ubuntu/ros2_ws/install/peripherals:/home/ubuntu/ros2_ws/install/navigation:/home/ubuntu/ros2_ws/install/kinematics:/home/ubuntu/ros2_ws/install/jetrover_description:/home/ubuntu/ros2_ws/install/example:/home/ubuntu/ros2_ws/install/controller:/home/ubuntu/ros2_ws/install/calibration:/home/ubuntu/ros2_ws/install/bringup:/home/ubuntu/ros2_ws/install/app:/opt/ros/humble:/home/ubuntu/third_party_ros2/third_party_ws/install/async_web_server_cpp:/home/ubuntu/third_party_ros2/third_party_ws/install/ascamera_listener:/home/ubuntu/third_party_ros2/third_party_ws/install/apriltag_ros:/home/ubuntu/third_party_ros2/third_party_ws/install/apriltag_msgs:/home/ubuntu/ros2_ws/install/xf_mic_asr_offline:/home/ubuntu/ros2_ws/install/xf_mic_asr_offline_msgs:/home/ubuntu/ros2_ws/install/servo_controller_msgs:/home/ubuntu/ros2_ws/install/ros_robot_controller_msgs:/home/ubuntu/ros2_ws/install/kinematics_msgs:/home/ubuntu/ros2_ws/install/interfaces /usr/bin/cmake --install /home/ubuntu/ros2_wsorincp/build/smart_car_core_demo
[39.894s] -- Install configuration: ""
[39.894s] -- Installing: /home/ubuntu/ros2_wsorincp/install/smart_car_core_demo/lib/smart_car_core_demo/speed_publisher
[39.905s] -- Set runtime path of "/home/ubuntu/ros2_wsorincp/install/smart_car_core_demo/lib/smart_car_core_demo/speed_publisher" to ""
[39.906s] -- Installing: /home/ubuntu/ros2_wsorincp/install/smart_car_core_demo/lib/smart_car_core_demo/speed_subscriber
[39.911s] -- Set runtime path of "/home/ubuntu/ros2_wsorincp/install/smart_car_core_demo/lib/smart_car_core_demo/speed_subscriber" to ""
[39.914s] -- Installing: /home/ubuntu/ros2_wsorincp/install/smart_car_core_demo/share/smart_car_core_demo/launch
[39.915s] -- Installing: /home/ubuntu/ros2_wsorincp/install/smart_car_core_demo/share/smart_car_core_demo/launch/topic_demo.launch.py
[39.916s] -- Installing: /home/ubuntu/ros2_wsorincp/install/smart_car_core_demo/share/smart_car_core_demo/config
[39.917s] -- Installing: /home/ubuntu/ros2_wsorincp/install/smart_car_core_demo/share/smart_car_core_demo/config/params.yaml
[39.919s] -- Installing: /home/ubuntu/ros2_wsorincp/install/smart_car_core_demo/share/ament_index/resource_index/package_run_dependencies/smart_car_core_demo
[39.919s] -- Installing: /home/ubuntu/ros2_wsorincp/install/smart_car_core_demo/share/ament_index/resource_index/parent_prefix_path/smart_car_core_demo
[39.924s] -- Installing: /home/ubuntu/ros2_wsorincp/install/smart_car_core_demo/share/smart_car_core_demo/environment/ament_prefix_path.sh
[39.925s] -- Installing: /home/ubuntu/ros2_wsorincp/install/smart_car_core_demo/share/smart_car_core_demo/environment/ament_prefix_path.dsv
[39.927s] -- Installing: /home/ubuntu/ros2_wsorincp/install/smart_car_core_demo/share/smart_car_core_demo/environment/path.sh
[39.930s] -- Installing: /home/ubuntu/ros2_wsorincp/install/smart_car_core_demo/share/smart_car_core_demo/environment/path.dsv
[39.931s] -- Installing: /home/ubuntu/ros2_wsorincp/install/smart_car_core_demo/share/smart_car_core_demo/local_setup.bash
[39.933s] -- Installing: /home/ubuntu/ros2_wsorincp/install/smart_car_core_demo/share/smart_car_core_demo/local_setup.sh
[39.933s] -- Installing: /home/ubuntu/ros2_wsorincp/install/smart_car_core_demo/share/smart_car_core_demo/local_setup.zsh
[39.935s] -- Installing: /home/ubuntu/ros2_wsorincp/install/smart_car_core_demo/share/smart_car_core_demo/local_setup.dsv
[39.937s] -- Installing: /home/ubuntu/ros2_wsorincp/install/smart_car_core_demo/share/smart_car_core_demo/package.dsv
[39.937s] -- Installing: /home/ubuntu/ros2_wsorincp/install/smart_car_core_demo/share/ament_index/resource_index/packages/smart_car_core_demo
[39.942s] -- Installing: /home/ubuntu/ros2_wsorincp/install/smart_car_core_demo/share/smart_car_core_demo/cmake/ament_cmake_export_dependencies-extras.cmake
[39.942s] -- Installing: /home/ubuntu/ros2_wsorincp/install/smart_car_core_demo/share/smart_car_core_demo/cmake/smart_car_core_demoConfig.cmake
[39.942s] -- Installing: /home/ubuntu/ros2_wsorincp/install/smart_car_core_demo/share/smart_car_core_demo/cmake/smart_car_core_demoConfig-version.cmake
[39.943s] -- Installing: /home/ubuntu/ros2_wsorincp/install/smart_car_core_demo/share/smart_car_core_demo/package.xml
[39.965s] Invoked command in '/home/ubuntu/ros2_wsorincp/build/smart_car_core_demo' returned '0': CMAKE_PREFIX_PATH=/home/ubuntu/third_party_ros2/orbbec_ws/install/orbbec_description:/home/ubuntu/third_party_ros2/orbbec_ws/install/orbbec_camera:/home/ubuntu/third_party_ros2/orbbec_ws/install/orbbec_camera_msgs:/home/ubuntu/third_party_ros2/third_party_ws/install/ydlidar_ros2_driver:/home/ubuntu/third_party_ros2/third_party_ws/install/web_video_server:/home/ubuntu/third_party_ros2/third_party_ws/install/teb_local_planner:/home/ubuntu/third_party_ros2/third_party_ws/install/teb_msgs:/home/ubuntu/third_party_ros2/third_party_ws/install/sllidar_ros2:/home/ubuntu/third_party_ros2/third_party_ws/install/rf2o_laser_odometry:/home/ubuntu/third_party_ros2/third_party_ws/install/ldlidar_stl_ros2:/home/ubuntu/third_party_ros2/third_party_ws/install/laser_filters:/home/ubuntu/third_party_ros2/third_party_ws/install/imu_calib:/home/ubuntu/third_party_ros2/third_party_ws/install/costmap_converter:/home/ubuntu/third_party_ros2/third_party_ws/install/costmap_converter_msgs:/home/ubuntu/ros2_ws/install/yolov5_ros2:/home/ubuntu/ros2_ws/install/slam:/home/ubuntu/ros2_ws/install/servo_controller:/home/ubuntu/ros2_ws/install/sdk:/home/ubuntu/ros2_ws/install/ros_robot_controller:/home/ubuntu/ros2_ws/install/peripherals:/home/ubuntu/ros2_ws/install/navigation:/home/ubuntu/ros2_ws/install/kinematics:/home/ubuntu/ros2_ws/install/jetrover_description:/home/ubuntu/ros2_ws/install/example:/home/ubuntu/ros2_ws/install/controller:/home/ubuntu/ros2_ws/install/calibration:/home/ubuntu/ros2_ws/install/bringup:/home/ubuntu/ros2_ws/install/app:/opt/ros/humble:/home/ubuntu/third_party_ros2/third_party_ws/install/async_web_server_cpp:/home/ubuntu/third_party_ros2/third_party_ws/install/ascamera_listener:/home/ubuntu/third_party_ros2/third_party_ws/install/apriltag_ros:/home/ubuntu/third_party_ros2/third_party_ws/install/apriltag_msgs:/home/ubuntu/ros2_ws/install/xf_mic_asr_offline:/home/ubuntu/ros2_ws/install/xf_mic_asr_offline_msgs:/home/ubuntu/ros2_ws/install/servo_controller_msgs:/home/ubuntu/ros2_ws/install/ros_robot_controller_msgs:/home/ubuntu/ros2_ws/install/kinematics_msgs:/home/ubuntu/ros2_ws/install/interfaces /usr/bin/cmake --install /home/ubuntu/ros2_wsorincp/build/smart_car_core_demo
