[0.016s] Invoking command in '/home/ubuntu/ros2_wsorincp/build/smart_car_core_demo': CMAKE_PREFIX_PATH=${CMAKE_PREFIX_PATH}:/opt/ros/humble /usr/bin/cmake --build /home/ubuntu/ros2_wsorincp/build/smart_car_core_demo -- -j4 -l4
[0.066s] -- Found ament_cmake: 1.3.9 (/opt/ros/humble/share/ament_cmake/cmake)
[0.288s] -- Found rclcpp: 16.0.9 (/opt/ros/humble/share/rclcpp/cmake)
[0.375s] -- Found rosidl_generator_c: 3.1.5 (/opt/ros/humble/share/rosidl_generator_c/cmake)
[0.382s] -- Found rosidl_adapter: 3.1.5 (/opt/ros/humble/share/rosidl_adapter/cmake)
[0.400s] -- Found rosidl_generator_cpp: 3.1.5 (/opt/ros/humble/share/rosidl_generator_cpp/cmake)
[0.417s] -- Using all available rosidl_typesupport_c: rosidl_typesupport_fastrtps_c;rosidl_typesupport_introspection_c
[0.436s] -- Using all available rosidl_typesupport_cpp: rosidl_typesupport_fastrtps_cpp;rosidl_typesupport_introspection_cpp
[0.521s] -- Found rmw_implementation_cmake: 6.1.2 (/opt/ros/humble/share/rmw_implementation_cmake/cmake)
[0.524s] -- Found rmw_fastrtps_cpp: 6.2.6 (/opt/ros/humble/share/rmw_fastrtps_cpp/cmake)
[0.811s] -- Using RMW implementation 'rmw_fastrtps_cpp' as default
[1.083s] -- Found geometry_msgs: 4.2.4 (/opt/ros/humble/share/geometry_msgs/cmake)
[1.173s] -- Found std_srvs: 4.2.4 (/opt/ros/humble/share/std_srvs/cmake)
[1.222s] -- Found rclcpp_action: 16.0.9 (/opt/ros/humble/share/rclcpp_action/cmake)
[1.373s] -- Found ament_lint_auto: 0.12.11 (/opt/ros/humble/share/ament_lint_auto/cmake)
[1.495s] -- Added test 'cppcheck' to perform static code analysis on C / C++ code
[1.496s] -- Configured cppcheck include dirs: 
[1.496s] -- Configured cppcheck exclude dirs and/or files: 
[1.496s] -- Added test 'flake8' to check Python code syntax and style conventions
[1.497s] -- Added test 'lint_cmake' to check CMake code style
[1.497s] -- Added test 'pep257' to check Python code against some of the docstring style conventions in PEP 257
[1.499s] -- Added test 'uncrustify' to check C / C++ code style
[1.499s] -- Configured uncrustify additional arguments: 
[1.500s] -- Added test 'xmllint' to check XML markup files
[1.502s] -- Configuring done
[1.521s] -- Generating done
[1.528s] -- Build files have been written to: /home/ubuntu/ros2_wsorincp/build/smart_car_core_demo
[1.585s] [35m[1mConsolidate compiler generated dependencies of target speed_publisher[0m
[1.606s] [ 25%] [32mBuilding CXX object CMakeFiles/speed_subscriber.dir/src/smart_car_core_demo/speed_subscriber.cpp.o[0m
[1.633s] [ 75%] Built target speed_publisher
[2.008s] [01m[K/home/ubuntu/ros2_wsorincp/ros2_core_examples/smart_car_core_demo/src/smart_car_core_demo/speed_subscriber.cpp:9:10:[m[K [01;31m[Kfatal error: [m[Kros_robot_controller_msgs/msg/motor_state.hpp: No such file or directory
[2.008s]     9 | #include [01;31m[K"ros_robot_controller_msgs/msg/motor_state.hpp"[m[K
[2.008s]       |          [01;31m[K^~~~~~~~~~~~~~~~~~~~~~~~~~~~~~~~~~~~~~~~~~~~~~~[m[K
[2.008s] compilation terminated.
[2.010s] gmake[2]: *** [CMakeFiles/speed_subscriber.dir/build.make:76: CMakeFiles/speed_subscriber.dir/src/smart_car_core_demo/speed_subscriber.cpp.o] Error 1
[2.010s] gmake[1]: *** [CMakeFiles/Makefile2:165: CMakeFiles/speed_subscriber.dir/all] Error 2
[2.011s] gmake: *** [Makefile:146: all] Error 2
[2.014s] Invoked command in '/home/ubuntu/ros2_wsorincp/build/smart_car_core_demo' returned '2': CMAKE_PREFIX_PATH=${CMAKE_PREFIX_PATH}:/opt/ros/humble /usr/bin/cmake --build /home/ubuntu/ros2_wsorincp/build/smart_car_core_demo -- -j4 -l4
