[0.711s] Invoking command in '/home/ubuntu/ros2_wsorincp/build/ros_robot_controller_msgs': /usr/bin/cmake --build /home/ubuntu/ros2_wsorincp/build/ros_robot_controller_msgs -- -j4 -l4
[34.985s] [  0%] Built target ros_robot_controller_msgs__cpp
[34.985s] [  0%] Built target ament_cmake_python_copy_ros_robot_controller_msgs
[34.985s] [ 12%] Built target ros_robot_controller_msgs__rosidl_typesupport_fastrtps_cpp
[34.985s] [ 24%] Built target ros_robot_controller_msgs__rosidl_typesupport_introspection_cpp
[39.174s] running egg_info
[39.189s] writing ros_robot_controller_msgs.egg-info/PKG-INFO
[39.190s] writing dependency_links to ros_robot_controller_msgs.egg-info/dependency_links.txt
[39.190s] writing top-level names to ros_robot_controller_msgs.egg-info/top_level.txt
[39.966s] reading manifest file 'ros_robot_controller_msgs.egg-info/SOURCES.txt'
[39.970s] writing manifest file 'ros_robot_controller_msgs.egg-info/SOURCES.txt'
[40.199s] [ 24%] Built target ament_cmake_python_build_ros_robot_controller_msgs_egg
[40.291s] [ 36%] Built target ros_robot_controller_msgs__rosidl_typesupport_cpp
[42.135s] [ 48%] Built target ros_robot_controller_msgs__rosidl_generator_c
[42.228s] [ 60%] Built target ros_robot_controller_msgs__rosidl_typesupport_fastrtps_c
[42.309s] [ 72%] Built target ros_robot_controller_msgs__rosidl_typesupport_c
[42.403s] [ 84%] Built target ros_robot_controller_msgs__rosidl_typesupport_introspection_c
[42.434s] [ 84%] Built target ros_robot_controller_msgs
[42.492s] [ 85%] Built target ros_robot_controller_msgs__py
[42.599s] [ 96%] Built target ros_robot_controller_msgs__rosidl_generator_py
[42.643s] [ 97%] Built target ros_robot_controller_msgs__rosidl_typesupport_fastrtps_c__pyext
[42.693s] [ 98%] Built target ros_robot_controller_msgs__rosidl_typesupport_c__pyext
[42.757s] [100%] Built target ros_robot_controller_msgs__rosidl_typesupport_introspection_c__pyext
[42.796s] Invoked command in '/home/ubuntu/ros2_wsorincp/build/ros_robot_controller_msgs' returned '0': /usr/bin/cmake --build /home/ubuntu/ros2_wsorincp/build/ros_robot_controller_msgs -- -j4 -l4
[43.646s] Invoking command in '/home/ubuntu/ros2_wsorincp/build/ros_robot_controller_msgs': /usr/bin/cmake --install /home/ubuntu/ros2_wsorincp/build/ros_robot_controller_msgs
[43.676s] -- Install configuration: ""
[43.676s] -- Up-to-date: /home/ubuntu/ros2_wsorincp/install/ros_robot_controller_msgs/share/ament_index/resource_index/rosidl_interfaces/ros_robot_controller_msgs
[43.677s] -- Up-to-date: /home/ubuntu/ros2_wsorincp/install/ros_robot_controller_msgs/include/ros_robot_controller_msgs/ros_robot_controller_msgs
[43.678s] -- Up-to-date: /home/ubuntu/ros2_wsorincp/install/ros_robot_controller_msgs/include/ros_robot_controller_msgs/ros_robot_controller_msgs/msg
[43.679s] -- Up-to-date: /home/ubuntu/ros2_wsorincp/install/ros_robot_controller_msgs/include/ros_robot_controller_msgs/ros_robot_controller_msgs/msg/buzzer_state.h
[43.679s] -- Up-to-date: /home/ubuntu/ros2_wsorincp/install/ros_robot_controller_msgs/include/ros_robot_controller_msgs/ros_robot_controller_msgs/msg/get_pwm_servo_cmd.h
[43.679s] -- Up-to-date: /home/ubuntu/ros2_wsorincp/install/ros_robot_controller_msgs/include/ros_robot_controller_msgs/ros_robot_controller_msgs/msg/servos_position.h
[43.680s] -- Up-to-date: /home/ubuntu/ros2_wsorincp/install/ros_robot_controller_msgs/include/ros_robot_controller_msgs/ros_robot_controller_msgs/msg/get_bus_servo_cmd.h
[43.680s] -- Up-to-date: /home/ubuntu/ros2_wsorincp/install/ros_robot_controller_msgs/include/ros_robot_controller_msgs/ros_robot_controller_msgs/msg/set_bus_servo_state.h
[43.680s] -- Up-to-date: /home/ubuntu/ros2_wsorincp/install/ros_robot_controller_msgs/include/ros_robot_controller_msgs/ros_robot_controller_msgs/msg/set_pwm_servo_state.h
[43.680s] -- Up-to-date: /home/ubuntu/ros2_wsorincp/install/ros_robot_controller_msgs/include/ros_robot_controller_msgs/ros_robot_controller_msgs/msg/motors_state.h
[43.680s] -- Up-to-date: /home/ubuntu/ros2_wsorincp/install/ros_robot_controller_msgs/include/ros_robot_controller_msgs/ros_robot_controller_msgs/msg/rosidl_generator_c__visibility_control.h
[43.680s] -- Up-to-date: /home/ubuntu/ros2_wsorincp/install/ros_robot_controller_msgs/include/ros_robot_controller_msgs/ros_robot_controller_msgs/msg/bus_servo_state.h
[43.680s] -- Up-to-date: /home/ubuntu/ros2_wsorincp/install/ros_robot_controller_msgs/include/ros_robot_controller_msgs/ros_robot_controller_msgs/msg/pwm_servo_state.h
[43.680s] -- Up-to-date: /home/ubuntu/ros2_wsorincp/install/ros_robot_controller_msgs/include/ros_robot_controller_msgs/ros_robot_controller_msgs/msg/motor_state.h
[43.683s] -- Up-to-date: /home/ubuntu/ros2_wsorincp/install/ros_robot_controller_msgs/include/ros_robot_controller_msgs/ros_robot_controller_msgs/msg/oled_state.h
[43.683s] -- Up-to-date: /home/ubuntu/ros2_wsorincp/install/ros_robot_controller_msgs/include/ros_robot_controller_msgs/ros_robot_controller_msgs/msg/led_state.h
[43.683s] -- Up-to-date: /home/ubuntu/ros2_wsorincp/install/ros_robot_controller_msgs/include/ros_robot_controller_msgs/ros_robot_controller_msgs/msg/button_state.h
[43.683s] -- Up-to-date: /home/ubuntu/ros2_wsorincp/install/ros_robot_controller_msgs/include/ros_robot_controller_msgs/ros_robot_controller_msgs/msg/sbus.h
[43.683s] -- Up-to-date: /home/ubuntu/ros2_wsorincp/install/ros_robot_controller_msgs/include/ros_robot_controller_msgs/ros_robot_controller_msgs/msg/detail
[43.684s] -- Up-to-date: /home/ubuntu/ros2_wsorincp/install/ros_robot_controller_msgs/include/ros_robot_controller_msgs/ros_robot_controller_msgs/msg/detail/get_bus_servo_cmd__functions.c
[43.684s] -- Up-to-date: /home/ubuntu/ros2_wsorincp/install/ros_robot_controller_msgs/include/ros_robot_controller_msgs/ros_robot_controller_msgs/msg/detail/set_bus_servo_state__functions.h
[43.684s] -- Up-to-date: /home/ubuntu/ros2_wsorincp/install/ros_robot_controller_msgs/include/ros_robot_controller_msgs/ros_robot_controller_msgs/msg/detail/set_pwm_servo_state__type_support.h
[43.684s] -- Up-to-date: /home/ubuntu/ros2_wsorincp/install/ros_robot_controller_msgs/include/ros_robot_controller_msgs/ros_robot_controller_msgs/msg/detail/set_bus_servo_state__type_support.h
[43.684s] -- Up-to-date: /home/ubuntu/ros2_wsorincp/install/ros_robot_controller_msgs/include/ros_robot_controller_msgs/ros_robot_controller_msgs/msg/detail/led_state__functions.h
[43.686s] -- Up-to-date: /home/ubuntu/ros2_wsorincp/install/ros_robot_controller_msgs/include/ros_robot_controller_msgs/ros_robot_controller_msgs/msg/detail/oled_state__functions.c
[43.688s] -- Up-to-date: /home/ubuntu/ros2_wsorincp/install/ros_robot_controller_msgs/include/ros_robot_controller_msgs/ros_robot_controller_msgs/msg/detail/buzzer_state__type_support.h
[43.690s] -- Up-to-date: /home/ubuntu/ros2_wsorincp/install/ros_robot_controller_msgs/include/ros_robot_controller_msgs/ros_robot_controller_msgs/msg/detail/get_pwm_servo_cmd__functions.h
[43.691s] -- Up-to-date: /home/ubuntu/ros2_wsorincp/install/ros_robot_controller_msgs/include/ros_robot_controller_msgs/ros_robot_controller_msgs/msg/detail/servo_position__type_support.h
[43.692s] -- Up-to-date: /home/ubuntu/ros2_wsorincp/install/ros_robot_controller_msgs/include/ros_robot_controller_msgs/ros_robot_controller_msgs/msg/detail/get_pwm_servo_cmd__struct.h
[43.692s] -- Up-to-date: /home/ubuntu/ros2_wsorincp/install/ros_robot_controller_msgs/include/ros_robot_controller_msgs/ros_robot_controller_msgs/msg/detail/buzzer_state__functions.h
[43.692s] -- Up-to-date: /home/ubuntu/ros2_wsorincp/install/ros_robot_controller_msgs/include/ros_robot_controller_msgs/ros_robot_controller_msgs/msg/detail/servo_position__struct.h
[43.692s] -- Up-to-date: /home/ubuntu/ros2_wsorincp/install/ros_robot_controller_msgs/include/ros_robot_controller_msgs/ros_robot_controller_msgs/msg/detail/oled_state__functions.h
[43.692s] -- Up-to-date: /home/ubuntu/ros2_wsorincp/install/ros_robot_controller_msgs/include/ros_robot_controller_msgs/ros_robot_controller_msgs/msg/detail/sbus__type_support.h
[43.692s] -- Up-to-date: /home/ubuntu/ros2_wsorincp/install/ros_robot_controller_msgs/include/ros_robot_controller_msgs/ros_robot_controller_msgs/msg/detail/button_state__functions.h
[43.692s] -- Up-to-date: /home/ubuntu/ros2_wsorincp/install/ros_robot_controller_msgs/include/ros_robot_controller_msgs/ros_robot_controller_msgs/msg/detail/servo_position__functions.h
[43.692s] -- Up-to-date: /home/ubuntu/ros2_wsorincp/install/ros_robot_controller_msgs/include/ros_robot_controller_msgs/ros_robot_controller_msgs/msg/detail/pwm_servo_state__functions.h
[43.692s] -- Up-to-date: /home/ubuntu/ros2_wsorincp/install/ros_robot_controller_msgs/include/ros_robot_controller_msgs/ros_robot_controller_msgs/msg/detail/buzzer_state__struct.h
[43.693s] -- Up-to-date: /home/ubuntu/ros2_wsorincp/install/ros_robot_controller_msgs/include/ros_robot_controller_msgs/ros_robot_controller_msgs/msg/detail/pwm_servo_state__type_support.h
[43.693s] -- Up-to-date: /home/ubuntu/ros2_wsorincp/install/ros_robot_controller_msgs/include/ros_robot_controller_msgs/ros_robot_controller_msgs/msg/detail/pwm_servo_state__functions.c
[43.694s] -- Up-to-date: /home/ubuntu/ros2_wsorincp/install/ros_robot_controller_msgs/include/ros_robot_controller_msgs/ros_robot_controller_msgs/msg/detail/set_pwm_servo_state__functions.h
[43.694s] -- Up-to-date: /home/ubuntu/ros2_wsorincp/install/ros_robot_controller_msgs/include/ros_robot_controller_msgs/ros_robot_controller_msgs/msg/detail/set_bus_servo_state__functions.c
[43.694s] -- Up-to-date: /home/ubuntu/ros2_wsorincp/install/ros_robot_controller_msgs/include/ros_robot_controller_msgs/ros_robot_controller_msgs/msg/detail/get_bus_servo_cmd__functions.h
[43.694s] -- Up-to-date: /home/ubuntu/ros2_wsorincp/install/ros_robot_controller_msgs/include/ros_robot_controller_msgs/ros_robot_controller_msgs/msg/detail/sbus__functions.c
[43.694s] -- Up-to-date: /home/ubuntu/ros2_wsorincp/install/ros_robot_controller_msgs/include/ros_robot_controller_msgs/ros_robot_controller_msgs/msg/detail/button_state__struct.h
[43.699s] -- Up-to-date: /home/ubuntu/ros2_wsorincp/install/ros_robot_controller_msgs/include/ros_robot_controller_msgs/ros_robot_controller_msgs/msg/detail/set_pwm_servo_state__struct.h
[43.699s] -- Up-to-date: /home/ubuntu/ros2_wsorincp/install/ros_robot_controller_msgs/include/ros_robot_controller_msgs/ros_robot_controller_msgs/msg/detail/bus_servo_state__functions.h
[43.699s] -- Up-to-date: /home/ubuntu/ros2_wsorincp/install/ros_robot_controller_msgs/include/ros_robot_controller_msgs/ros_robot_controller_msgs/msg/detail/buzzer_state__functions.c
[43.700s] -- Up-to-date: /home/ubuntu/ros2_wsorincp/install/ros_robot_controller_msgs/include/ros_robot_controller_msgs/ros_robot_controller_msgs/msg/detail/button_state__type_support.h
[43.700s] -- Up-to-date: /home/ubuntu/ros2_wsorincp/install/ros_robot_controller_msgs/include/ros_robot_controller_msgs/ros_robot_controller_msgs/msg/detail/get_bus_servo_cmd__struct.h
[43.700s] -- Up-to-date: /home/ubuntu/ros2_wsorincp/install/ros_robot_controller_msgs/include/ros_robot_controller_msgs/ros_robot_controller_msgs/msg/detail/motors_state__functions.h
[43.700s] -- Up-to-date: /home/ubuntu/ros2_wsorincp/install/ros_robot_controller_msgs/include/ros_robot_controller_msgs/ros_robot_controller_msgs/msg/detail/led_state__type_support.h
[43.700s] -- Up-to-date: /home/ubuntu/ros2_wsorincp/install/ros_robot_controller_msgs/include/ros_robot_controller_msgs/ros_robot_controller_msgs/msg/detail/motor_state__functions.c
[43.700s] -- Up-to-date: /home/ubuntu/ros2_wsorincp/install/ros_robot_controller_msgs/include/ros_robot_controller_msgs/ros_robot_controller_msgs/msg/detail/get_pwm_servo_cmd__functions.c
[43.701s] -- Up-to-date: /home/ubuntu/ros2_wsorincp/install/ros_robot_controller_msgs/include/ros_robot_controller_msgs/ros_robot_controller_msgs/msg/detail/sbus__struct.h
[43.701s] -- Up-to-date: /home/ubuntu/ros2_wsorincp/install/ros_robot_controller_msgs/include/ros_robot_controller_msgs/ros_robot_controller_msgs/msg/detail/motors_state__type_support.h
[43.701s] -- Up-to-date: /home/ubuntu/ros2_wsorincp/install/ros_robot_controller_msgs/include/ros_robot_controller_msgs/ros_robot_controller_msgs/msg/detail/led_state__struct.h
[43.701s] -- Up-to-date: /home/ubuntu/ros2_wsorincp/install/ros_robot_controller_msgs/include/ros_robot_controller_msgs/ros_robot_controller_msgs/msg/detail/set_bus_servo_state__struct.h
[43.702s] -- Up-to-date: /home/ubuntu/ros2_wsorincp/install/ros_robot_controller_msgs/include/ros_robot_controller_msgs/ros_robot_controller_msgs/msg/detail/led_state__functions.c
[43.702s] -- Up-to-date: /home/ubuntu/ros2_wsorincp/install/ros_robot_controller_msgs/include/ros_robot_controller_msgs/ros_robot_controller_msgs/msg/detail/bus_servo_state__struct.h
[43.702s] -- Up-to-date: /home/ubuntu/ros2_wsorincp/install/ros_robot_controller_msgs/include/ros_robot_controller_msgs/ros_robot_controller_msgs/msg/detail/motor_state__functions.h
[43.702s] -- Up-to-date: /home/ubuntu/ros2_wsorincp/install/ros_robot_controller_msgs/include/ros_robot_controller_msgs/ros_robot_controller_msgs/msg/detail/pwm_servo_state__struct.h
[43.702s] -- Up-to-date: /home/ubuntu/ros2_wsorincp/install/ros_robot_controller_msgs/include/ros_robot_controller_msgs/ros_robot_controller_msgs/msg/detail/motor_state__type_support.h
[43.702s] -- Up-to-date: /home/ubuntu/ros2_wsorincp/install/ros_robot_controller_msgs/include/ros_robot_controller_msgs/ros_robot_controller_msgs/msg/detail/bus_servo_state__type_support.h
[43.703s] -- Up-to-date: /home/ubuntu/ros2_wsorincp/install/ros_robot_controller_msgs/include/ros_robot_controller_msgs/ros_robot_controller_msgs/msg/detail/get_bus_servo_cmd__type_support.h
[43.703s] -- Up-to-date: /home/ubuntu/ros2_wsorincp/install/ros_robot_controller_msgs/include/ros_robot_controller_msgs/ros_robot_controller_msgs/msg/detail/oled_state__type_support.h
[43.703s] -- Up-to-date: /home/ubuntu/ros2_wsorincp/install/ros_robot_controller_msgs/include/ros_robot_controller_msgs/ros_robot_controller_msgs/msg/detail/set_pwm_servo_state__functions.c
[43.703s] -- Up-to-date: /home/ubuntu/ros2_wsorincp/install/ros_robot_controller_msgs/include/ros_robot_controller_msgs/ros_robot_controller_msgs/msg/detail/oled_state__struct.h
[43.703s] -- Up-to-date: /home/ubuntu/ros2_wsorincp/install/ros_robot_controller_msgs/include/ros_robot_controller_msgs/ros_robot_controller_msgs/msg/detail/servo_position__functions.c
[43.703s] -- Up-to-date: /home/ubuntu/ros2_wsorincp/install/ros_robot_controller_msgs/include/ros_robot_controller_msgs/ros_robot_controller_msgs/msg/detail/bus_servo_state__functions.c
[43.704s] -- Up-to-date: /home/ubuntu/ros2_wsorincp/install/ros_robot_controller_msgs/include/ros_robot_controller_msgs/ros_robot_controller_msgs/msg/detail/motors_state__functions.c
[43.704s] -- Up-to-date: /home/ubuntu/ros2_wsorincp/install/ros_robot_controller_msgs/include/ros_robot_controller_msgs/ros_robot_controller_msgs/msg/detail/button_state__functions.c
[43.704s] -- Up-to-date: /home/ubuntu/ros2_wsorincp/install/ros_robot_controller_msgs/include/ros_robot_controller_msgs/ros_robot_controller_msgs/msg/detail/servos_position__functions.c
[43.704s] -- Up-to-date: /home/ubuntu/ros2_wsorincp/install/ros_robot_controller_msgs/include/ros_robot_controller_msgs/ros_robot_controller_msgs/msg/detail/servos_position__functions.h
[43.705s] -- Up-to-date: /home/ubuntu/ros2_wsorincp/install/ros_robot_controller_msgs/include/ros_robot_controller_msgs/ros_robot_controller_msgs/msg/detail/motor_state__struct.h
[43.705s] -- Up-to-date: /home/ubuntu/ros2_wsorincp/install/ros_robot_controller_msgs/include/ros_robot_controller_msgs/ros_robot_controller_msgs/msg/detail/motors_state__struct.h
[43.705s] -- Up-to-date: /home/ubuntu/ros2_wsorincp/install/ros_robot_controller_msgs/include/ros_robot_controller_msgs/ros_robot_controller_msgs/msg/detail/servos_position__type_support.h
[43.705s] -- Up-to-date: /home/ubuntu/ros2_wsorincp/install/ros_robot_controller_msgs/include/ros_robot_controller_msgs/ros_robot_controller_msgs/msg/detail/servos_position__struct.h
[43.705s] -- Up-to-date: /home/ubuntu/ros2_wsorincp/install/ros_robot_controller_msgs/include/ros_robot_controller_msgs/ros_robot_controller_msgs/msg/detail/get_pwm_servo_cmd__type_support.h
[43.706s] -- Up-to-date: /home/ubuntu/ros2_wsorincp/install/ros_robot_controller_msgs/include/ros_robot_controller_msgs/ros_robot_controller_msgs/msg/detail/sbus__functions.h
[43.706s] -- Up-to-date: /home/ubuntu/ros2_wsorincp/install/ros_robot_controller_msgs/include/ros_robot_controller_msgs/ros_robot_controller_msgs/msg/servo_position.h
[43.706s] -- Up-to-date: /home/ubuntu/ros2_wsorincp/install/ros_robot_controller_msgs/include/ros_robot_controller_msgs/ros_robot_controller_msgs/srv
[43.707s] -- Up-to-date: /home/ubuntu/ros2_wsorincp/install/ros_robot_controller_msgs/include/ros_robot_controller_msgs/ros_robot_controller_msgs/srv/get_bus_servo_state.h
[43.707s] -- Up-to-date: /home/ubuntu/ros2_wsorincp/install/ros_robot_controller_msgs/include/ros_robot_controller_msgs/ros_robot_controller_msgs/srv/detail
[43.707s] -- Up-to-date: /home/ubuntu/ros2_wsorincp/install/ros_robot_controller_msgs/include/ros_robot_controller_msgs/ros_robot_controller_msgs/srv/detail/get_bus_servo_state__functions.h
[43.707s] -- Up-to-date: /home/ubuntu/ros2_wsorincp/install/ros_robot_controller_msgs/include/ros_robot_controller_msgs/ros_robot_controller_msgs/srv/detail/get_pwm_servo_state__functions.h
[43.707s] -- Up-to-date: /home/ubuntu/ros2_wsorincp/install/ros_robot_controller_msgs/include/ros_robot_controller_msgs/ros_robot_controller_msgs/srv/detail/get_pwm_servo_state__type_support.h
[43.708s] -- Up-to-date: /home/ubuntu/ros2_wsorincp/install/ros_robot_controller_msgs/include/ros_robot_controller_msgs/ros_robot_controller_msgs/srv/detail/get_bus_servo_state__functions.c
[43.708s] -- Up-to-date: /home/ubuntu/ros2_wsorincp/install/ros_robot_controller_msgs/include/ros_robot_controller_msgs/ros_robot_controller_msgs/srv/detail/get_bus_servo_state__struct.h
[43.708s] -- Up-to-date: /home/ubuntu/ros2_wsorincp/install/ros_robot_controller_msgs/include/ros_robot_controller_msgs/ros_robot_controller_msgs/srv/detail/get_pwm_servo_state__functions.c
[43.708s] -- Up-to-date: /home/ubuntu/ros2_wsorincp/install/ros_robot_controller_msgs/include/ros_robot_controller_msgs/ros_robot_controller_msgs/srv/detail/get_bus_servo_state__type_support.h
[43.708s] -- Up-to-date: /home/ubuntu/ros2_wsorincp/install/ros_robot_controller_msgs/include/ros_robot_controller_msgs/ros_robot_controller_msgs/srv/detail/get_pwm_servo_state__struct.h
[43.709s] -- Up-to-date: /home/ubuntu/ros2_wsorincp/install/ros_robot_controller_msgs/include/ros_robot_controller_msgs/ros_robot_controller_msgs/srv/get_pwm_servo_state.h
[43.709s] -- Up-to-date: /home/ubuntu/ros2_wsorincp/install/ros_robot_controller_msgs/share/ros_robot_controller_msgs/environment/library_path.sh
[43.709s] -- Up-to-date: /home/ubuntu/ros2_wsorincp/install/ros_robot_controller_msgs/share/ros_robot_controller_msgs/environment/library_path.dsv
[43.709s] -- Up-to-date: /home/ubuntu/ros2_wsorincp/install/ros_robot_controller_msgs/lib/libros_robot_controller_msgs__rosidl_generator_c.so
[43.709s] -- Up-to-date: /home/ubuntu/ros2_wsorincp/install/ros_robot_controller_msgs/include/ros_robot_controller_msgs/ros_robot_controller_msgs
[43.709s] -- Up-to-date: /home/ubuntu/ros2_wsorincp/install/ros_robot_controller_msgs/include/ros_robot_controller_msgs/ros_robot_controller_msgs/msg
[43.710s] -- Up-to-date: /home/ubuntu/ros2_wsorincp/install/ros_robot_controller_msgs/include/ros_robot_controller_msgs/ros_robot_controller_msgs/msg/rosidl_typesupport_fastrtps_c__visibility_control.h
[43.710s] -- Up-to-date: /home/ubuntu/ros2_wsorincp/install/ros_robot_controller_msgs/include/ros_robot_controller_msgs/ros_robot_controller_msgs/msg/detail
[43.710s] -- Up-to-date: /home/ubuntu/ros2_wsorincp/install/ros_robot_controller_msgs/include/ros_robot_controller_msgs/ros_robot_controller_msgs/msg/detail/bus_servo_state__rosidl_typesupport_fastrtps_c.h
[43.710s] -- Up-to-date: /home/ubuntu/ros2_wsorincp/install/ros_robot_controller_msgs/include/ros_robot_controller_msgs/ros_robot_controller_msgs/msg/detail/buzzer_state__rosidl_typesupport_fastrtps_c.h
[43.710s] -- Up-to-date: /home/ubuntu/ros2_wsorincp/install/ros_robot_controller_msgs/include/ros_robot_controller_msgs/ros_robot_controller_msgs/msg/detail/motor_state__rosidl_typesupport_fastrtps_c.h
[43.711s] -- Up-to-date: /home/ubuntu/ros2_wsorincp/install/ros_robot_controller_msgs/include/ros_robot_controller_msgs/ros_robot_controller_msgs/msg/detail/led_state__rosidl_typesupport_fastrtps_c.h
[43.711s] -- Up-to-date: /home/ubuntu/ros2_wsorincp/install/ros_robot_controller_msgs/include/ros_robot_controller_msgs/ros_robot_controller_msgs/msg/detail/get_pwm_servo_cmd__rosidl_typesupport_fastrtps_c.h
[43.711s] -- Up-to-date: /home/ubuntu/ros2_wsorincp/install/ros_robot_controller_msgs/include/ros_robot_controller_msgs/ros_robot_controller_msgs/msg/detail/set_pwm_servo_state__rosidl_typesupport_fastrtps_c.h
[43.712s] -- Up-to-date: /home/ubuntu/ros2_wsorincp/install/ros_robot_controller_msgs/include/ros_robot_controller_msgs/ros_robot_controller_msgs/msg/detail/button_state__rosidl_typesupport_fastrtps_c.h
[43.712s] -- Up-to-date: /home/ubuntu/ros2_wsorincp/install/ros_robot_controller_msgs/include/ros_robot_controller_msgs/ros_robot_controller_msgs/msg/detail/servo_position__rosidl_typesupport_fastrtps_c.h
[43.712s] -- Up-to-date: /home/ubuntu/ros2_wsorincp/install/ros_robot_controller_msgs/include/ros_robot_controller_msgs/ros_robot_controller_msgs/msg/detail/set_bus_servo_state__rosidl_typesupport_fastrtps_c.h
[43.712s] -- Up-to-date: /home/ubuntu/ros2_wsorincp/install/ros_robot_controller_msgs/include/ros_robot_controller_msgs/ros_robot_controller_msgs/msg/detail/motors_state__rosidl_typesupport_fastrtps_c.h
[43.712s] -- Up-to-date: /home/ubuntu/ros2_wsorincp/install/ros_robot_controller_msgs/include/ros_robot_controller_msgs/ros_robot_controller_msgs/msg/detail/sbus__rosidl_typesupport_fastrtps_c.h
[43.713s] -- Up-to-date: /home/ubuntu/ros2_wsorincp/install/ros_robot_controller_msgs/include/ros_robot_controller_msgs/ros_robot_controller_msgs/msg/detail/oled_state__rosidl_typesupport_fastrtps_c.h
[43.713s] -- Up-to-date: /home/ubuntu/ros2_wsorincp/install/ros_robot_controller_msgs/include/ros_robot_controller_msgs/ros_robot_controller_msgs/msg/detail/pwm_servo_state__rosidl_typesupport_fastrtps_c.h
[43.713s] -- Up-to-date: /home/ubuntu/ros2_wsorincp/install/ros_robot_controller_msgs/include/ros_robot_controller_msgs/ros_robot_controller_msgs/msg/detail/servos_position__rosidl_typesupport_fastrtps_c.h
[43.714s] -- Up-to-date: /home/ubuntu/ros2_wsorincp/install/ros_robot_controller_msgs/include/ros_robot_controller_msgs/ros_robot_controller_msgs/msg/detail/get_bus_servo_cmd__rosidl_typesupport_fastrtps_c.h
[43.714s] -- Up-to-date: /home/ubuntu/ros2_wsorincp/install/ros_robot_controller_msgs/include/ros_robot_controller_msgs/ros_robot_controller_msgs/srv
[43.714s] -- Up-to-date: /home/ubuntu/ros2_wsorincp/install/ros_robot_controller_msgs/include/ros_robot_controller_msgs/ros_robot_controller_msgs/srv/detail
[43.714s] -- Up-to-date: /home/ubuntu/ros2_wsorincp/install/ros_robot_controller_msgs/include/ros_robot_controller_msgs/ros_robot_controller_msgs/srv/detail/get_pwm_servo_state__rosidl_typesupport_fastrtps_c.h
[43.714s] -- Up-to-date: /home/ubuntu/ros2_wsorincp/install/ros_robot_controller_msgs/include/ros_robot_controller_msgs/ros_robot_controller_msgs/srv/detail/get_bus_servo_state__rosidl_typesupport_fastrtps_c.h
[43.715s] -- Up-to-date: /home/ubuntu/ros2_wsorincp/install/ros_robot_controller_msgs/lib/libros_robot_controller_msgs__rosidl_typesupport_fastrtps_c.so
[43.715s] -- Up-to-date: /home/ubuntu/ros2_wsorincp/install/ros_robot_controller_msgs/include/ros_robot_controller_msgs/ros_robot_controller_msgs
[43.723s] -- Up-to-date: /home/ubuntu/ros2_wsorincp/install/ros_robot_controller_msgs/include/ros_robot_controller_msgs/ros_robot_controller_msgs/msg
[43.723s] -- Up-to-date: /home/ubuntu/ros2_wsorincp/install/ros_robot_controller_msgs/include/ros_robot_controller_msgs/ros_robot_controller_msgs/msg/pwm_servo_state.hpp
[43.723s] -- Up-to-date: /home/ubuntu/ros2_wsorincp/install/ros_robot_controller_msgs/include/ros_robot_controller_msgs/ros_robot_controller_msgs/msg/motor_state.hpp
[43.723s] -- Up-to-date: /home/ubuntu/ros2_wsorincp/install/ros_robot_controller_msgs/include/ros_robot_controller_msgs/ros_robot_controller_msgs/msg/servo_position.hpp
[43.723s] -- Up-to-date: /home/ubuntu/ros2_wsorincp/install/ros_robot_controller_msgs/include/ros_robot_controller_msgs/ros_robot_controller_msgs/msg/get_pwm_servo_cmd.hpp
[43.724s] -- Up-to-date: /home/ubuntu/ros2_wsorincp/install/ros_robot_controller_msgs/include/ros_robot_controller_msgs/ros_robot_controller_msgs/msg/sbus.hpp
[43.724s] -- Up-to-date: /home/ubuntu/ros2_wsorincp/install/ros_robot_controller_msgs/include/ros_robot_controller_msgs/ros_robot_controller_msgs/msg/motors_state.hpp
[43.724s] -- Up-to-date: /home/ubuntu/ros2_wsorincp/install/ros_robot_controller_msgs/include/ros_robot_controller_msgs/ros_robot_controller_msgs/msg/set_bus_servo_state.hpp
[43.724s] -- Up-to-date: /home/ubuntu/ros2_wsorincp/install/ros_robot_controller_msgs/include/ros_robot_controller_msgs/ros_robot_controller_msgs/msg/set_pwm_servo_state.hpp
[43.724s] -- Up-to-date: /home/ubuntu/ros2_wsorincp/install/ros_robot_controller_msgs/include/ros_robot_controller_msgs/ros_robot_controller_msgs/msg/led_state.hpp
[43.724s] -- Up-to-date: /home/ubuntu/ros2_wsorincp/install/ros_robot_controller_msgs/include/ros_robot_controller_msgs/ros_robot_controller_msgs/msg/oled_state.hpp
[43.725s] -- Up-to-date: /home/ubuntu/ros2_wsorincp/install/ros_robot_controller_msgs/include/ros_robot_controller_msgs/ros_robot_controller_msgs/msg/buzzer_state.hpp
[43.725s] -- Up-to-date: /home/ubuntu/ros2_wsorincp/install/ros_robot_controller_msgs/include/ros_robot_controller_msgs/ros_robot_controller_msgs/msg/bus_servo_state.hpp
[43.725s] -- Up-to-date: /home/ubuntu/ros2_wsorincp/install/ros_robot_controller_msgs/include/ros_robot_controller_msgs/ros_robot_controller_msgs/msg/button_state.hpp
[43.725s] -- Up-to-date: /home/ubuntu/ros2_wsorincp/install/ros_robot_controller_msgs/include/ros_robot_controller_msgs/ros_robot_controller_msgs/msg/detail
[43.725s] -- Up-to-date: /home/ubuntu/ros2_wsorincp/install/ros_robot_controller_msgs/include/ros_robot_controller_msgs/ros_robot_controller_msgs/msg/detail/servos_position__traits.hpp
[43.725s] -- Up-to-date: /home/ubuntu/ros2_wsorincp/install/ros_robot_controller_msgs/include/ros_robot_controller_msgs/ros_robot_controller_msgs/msg/detail/motor_state__builder.hpp
[43.726s] -- Up-to-date: /home/ubuntu/ros2_wsorincp/install/ros_robot_controller_msgs/include/ros_robot_controller_msgs/ros_robot_controller_msgs/msg/detail/buzzer_state__builder.hpp
[43.726s] -- Up-to-date: /home/ubuntu/ros2_wsorincp/install/ros_robot_controller_msgs/include/ros_robot_controller_msgs/ros_robot_controller_msgs/msg/detail/set_pwm_servo_state__traits.hpp
[43.726s] -- Up-to-date: /home/ubuntu/ros2_wsorincp/install/ros_robot_controller_msgs/include/ros_robot_controller_msgs/ros_robot_controller_msgs/msg/detail/set_bus_servo_state__struct.hpp
[43.726s] -- Up-to-date: /home/ubuntu/ros2_wsorincp/install/ros_robot_controller_msgs/include/ros_robot_controller_msgs/ros_robot_controller_msgs/msg/detail/buzzer_state__struct.hpp
[43.726s] -- Up-to-date: /home/ubuntu/ros2_wsorincp/install/ros_robot_controller_msgs/include/ros_robot_controller_msgs/ros_robot_controller_msgs/msg/detail/servo_position__traits.hpp
[43.731s] -- Up-to-date: /home/ubuntu/ros2_wsorincp/install/ros_robot_controller_msgs/include/ros_robot_controller_msgs/ros_robot_controller_msgs/msg/detail/servos_position__struct.hpp
[43.731s] -- Up-to-date: /home/ubuntu/ros2_wsorincp/install/ros_robot_controller_msgs/include/ros_robot_controller_msgs/ros_robot_controller_msgs/msg/detail/oled_state__traits.hpp
[43.731s] -- Up-to-date: /home/ubuntu/ros2_wsorincp/install/ros_robot_controller_msgs/include/ros_robot_controller_msgs/ros_robot_controller_msgs/msg/detail/servo_position__builder.hpp
[43.731s] -- Up-to-date: /home/ubuntu/ros2_wsorincp/install/ros_robot_controller_msgs/include/ros_robot_controller_msgs/ros_robot_controller_msgs/msg/detail/motors_state__traits.hpp
[43.731s] -- Up-to-date: /home/ubuntu/ros2_wsorincp/install/ros_robot_controller_msgs/include/ros_robot_controller_msgs/ros_robot_controller_msgs/msg/detail/oled_state__builder.hpp
[43.732s] -- Up-to-date: /home/ubuntu/ros2_wsorincp/install/ros_robot_controller_msgs/include/ros_robot_controller_msgs/ros_robot_controller_msgs/msg/detail/button_state__builder.hpp
[43.732s] -- Up-to-date: /home/ubuntu/ros2_wsorincp/install/ros_robot_controller_msgs/include/ros_robot_controller_msgs/ros_robot_controller_msgs/msg/detail/get_bus_servo_cmd__struct.hpp
[43.732s] -- Up-to-date: /home/ubuntu/ros2_wsorincp/install/ros_robot_controller_msgs/include/ros_robot_controller_msgs/ros_robot_controller_msgs/msg/detail/buzzer_state__traits.hpp
[43.732s] -- Up-to-date: /home/ubuntu/ros2_wsorincp/install/ros_robot_controller_msgs/include/ros_robot_controller_msgs/ros_robot_controller_msgs/msg/detail/button_state__struct.hpp
[43.732s] -- Up-to-date: /home/ubuntu/ros2_wsorincp/install/ros_robot_controller_msgs/include/ros_robot_controller_msgs/ros_robot_controller_msgs/msg/detail/bus_servo_state__builder.hpp
[43.732s] -- Up-to-date: /home/ubuntu/ros2_wsorincp/install/ros_robot_controller_msgs/include/ros_robot_controller_msgs/ros_robot_controller_msgs/msg/detail/set_bus_servo_state__traits.hpp
[43.733s] -- Up-to-date: /home/ubuntu/ros2_wsorincp/install/ros_robot_controller_msgs/include/ros_robot_controller_msgs/ros_robot_controller_msgs/msg/detail/get_bus_servo_cmd__traits.hpp
[43.733s] -- Up-to-date: /home/ubuntu/ros2_wsorincp/install/ros_robot_controller_msgs/include/ros_robot_controller_msgs/ros_robot_controller_msgs/msg/detail/get_pwm_servo_cmd__struct.hpp
[43.733s] -- Up-to-date: /home/ubuntu/ros2_wsorincp/install/ros_robot_controller_msgs/include/ros_robot_controller_msgs/ros_robot_controller_msgs/msg/detail/led_state__struct.hpp
[43.733s] -- Up-to-date: /home/ubuntu/ros2_wsorincp/install/ros_robot_controller_msgs/include/ros_robot_controller_msgs/ros_robot_controller_msgs/msg/detail/bus_servo_state__struct.hpp
[43.733s] -- Up-to-date: /home/ubuntu/ros2_wsorincp/install/ros_robot_controller_msgs/include/ros_robot_controller_msgs/ros_robot_controller_msgs/msg/detail/sbus__builder.hpp
[43.733s] -- Up-to-date: /home/ubuntu/ros2_wsorincp/install/ros_robot_controller_msgs/include/ros_robot_controller_msgs/ros_robot_controller_msgs/msg/detail/sbus__traits.hpp
[43.734s] -- Up-to-date: /home/ubuntu/ros2_wsorincp/install/ros_robot_controller_msgs/include/ros_robot_controller_msgs/ros_robot_controller_msgs/msg/detail/motor_state__traits.hpp
[43.734s] -- Up-to-date: /home/ubuntu/ros2_wsorincp/install/ros_robot_controller_msgs/include/ros_robot_controller_msgs/ros_robot_controller_msgs/msg/detail/set_pwm_servo_state__struct.hpp
[43.734s] -- Up-to-date: /home/ubuntu/ros2_wsorincp/install/ros_robot_controller_msgs/include/ros_robot_controller_msgs/ros_robot_controller_msgs/msg/detail/pwm_servo_state__traits.hpp
[43.734s] -- Up-to-date: /home/ubuntu/ros2_wsorincp/install/ros_robot_controller_msgs/include/ros_robot_controller_msgs/ros_robot_controller_msgs/msg/detail/get_pwm_servo_cmd__traits.hpp
[43.734s] -- Up-to-date: /home/ubuntu/ros2_wsorincp/install/ros_robot_controller_msgs/include/ros_robot_controller_msgs/ros_robot_controller_msgs/msg/detail/motors_state__struct.hpp
[43.745s] -- Up-to-date: /home/ubuntu/ros2_wsorincp/install/ros_robot_controller_msgs/include/ros_robot_controller_msgs/ros_robot_controller_msgs/msg/detail/motor_state__struct.hpp
[43.746s] -- Up-to-date: /home/ubuntu/ros2_wsorincp/install/ros_robot_controller_msgs/include/ros_robot_controller_msgs/ros_robot_controller_msgs/msg/detail/pwm_servo_state__builder.hpp
[43.746s] -- Up-to-date: /home/ubuntu/ros2_wsorincp/install/ros_robot_controller_msgs/include/ros_robot_controller_msgs/ros_robot_controller_msgs/msg/detail/get_pwm_servo_cmd__builder.hpp
[43.746s] -- Up-to-date: /home/ubuntu/ros2_wsorincp/install/ros_robot_controller_msgs/include/ros_robot_controller_msgs/ros_robot_controller_msgs/msg/detail/servos_position__builder.hpp
[43.746s] -- Up-to-date: /home/ubuntu/ros2_wsorincp/install/ros_robot_controller_msgs/include/ros_robot_controller_msgs/ros_robot_controller_msgs/msg/detail/get_bus_servo_cmd__builder.hpp
[43.747s] -- Up-to-date: /home/ubuntu/ros2_wsorincp/install/ros_robot_controller_msgs/include/ros_robot_controller_msgs/ros_robot_controller_msgs/msg/detail/servo_position__struct.hpp
[43.747s] -- Up-to-date: /home/ubuntu/ros2_wsorincp/install/ros_robot_controller_msgs/include/ros_robot_controller_msgs/ros_robot_controller_msgs/msg/detail/sbus__struct.hpp
[43.747s] -- Up-to-date: /home/ubuntu/ros2_wsorincp/install/ros_robot_controller_msgs/include/ros_robot_controller_msgs/ros_robot_controller_msgs/msg/detail/oled_state__struct.hpp
[43.747s] -- Up-to-date: /home/ubuntu/ros2_wsorincp/install/ros_robot_controller_msgs/include/ros_robot_controller_msgs/ros_robot_controller_msgs/msg/detail/button_state__traits.hpp
[43.747s] -- Up-to-date: /home/ubuntu/ros2_wsorincp/install/ros_robot_controller_msgs/include/ros_robot_controller_msgs/ros_robot_controller_msgs/msg/detail/bus_servo_state__traits.hpp
[43.748s] -- Up-to-date: /home/ubuntu/ros2_wsorincp/install/ros_robot_controller_msgs/include/ros_robot_controller_msgs/ros_robot_controller_msgs/msg/detail/pwm_servo_state__struct.hpp
[43.748s] -- Up-to-date: /home/ubuntu/ros2_wsorincp/install/ros_robot_controller_msgs/include/ros_robot_controller_msgs/ros_robot_controller_msgs/msg/detail/set_pwm_servo_state__builder.hpp
[43.748s] -- Up-to-date: /home/ubuntu/ros2_wsorincp/install/ros_robot_controller_msgs/include/ros_robot_controller_msgs/ros_robot_controller_msgs/msg/detail/led_state__builder.hpp
[43.749s] -- Up-to-date: /home/ubuntu/ros2_wsorincp/install/ros_robot_controller_msgs/include/ros_robot_controller_msgs/ros_robot_controller_msgs/msg/detail/set_bus_servo_state__builder.hpp
[43.749s] -- Up-to-date: /home/ubuntu/ros2_wsorincp/install/ros_robot_controller_msgs/include/ros_robot_controller_msgs/ros_robot_controller_msgs/msg/detail/motors_state__builder.hpp
[43.749s] -- Up-to-date: /home/ubuntu/ros2_wsorincp/install/ros_robot_controller_msgs/include/ros_robot_controller_msgs/ros_robot_controller_msgs/msg/detail/led_state__traits.hpp
[43.749s] -- Up-to-date: /home/ubuntu/ros2_wsorincp/install/ros_robot_controller_msgs/include/ros_robot_controller_msgs/ros_robot_controller_msgs/msg/get_bus_servo_cmd.hpp
[43.749s] -- Up-to-date: /home/ubuntu/ros2_wsorincp/install/ros_robot_controller_msgs/include/ros_robot_controller_msgs/ros_robot_controller_msgs/msg/servos_position.hpp
[43.749s] -- Up-to-date: /home/ubuntu/ros2_wsorincp/install/ros_robot_controller_msgs/include/ros_robot_controller_msgs/ros_robot_controller_msgs/srv
[43.750s] -- Up-to-date: /home/ubuntu/ros2_wsorincp/install/ros_robot_controller_msgs/include/ros_robot_controller_msgs/ros_robot_controller_msgs/srv/get_pwm_servo_state.hpp
[43.750s] -- Up-to-date: /home/ubuntu/ros2_wsorincp/install/ros_robot_controller_msgs/include/ros_robot_controller_msgs/ros_robot_controller_msgs/srv/get_bus_servo_state.hpp
[43.750s] -- Up-to-date: /home/ubuntu/ros2_wsorincp/install/ros_robot_controller_msgs/include/ros_robot_controller_msgs/ros_robot_controller_msgs/srv/detail
[43.750s] -- Up-to-date: /home/ubuntu/ros2_wsorincp/install/ros_robot_controller_msgs/include/ros_robot_controller_msgs/ros_robot_controller_msgs/srv/detail/get_pwm_servo_state__struct.hpp
[43.750s] -- Up-to-date: /home/ubuntu/ros2_wsorincp/install/ros_robot_controller_msgs/include/ros_robot_controller_msgs/ros_robot_controller_msgs/srv/detail/get_bus_servo_state__builder.hpp
[43.759s] -- Up-to-date: /home/ubuntu/ros2_wsorincp/install/ros_robot_controller_msgs/include/ros_robot_controller_msgs/ros_robot_controller_msgs/srv/detail/get_pwm_servo_state__traits.hpp
[43.759s] -- Up-to-date: /home/ubuntu/ros2_wsorincp/install/ros_robot_controller_msgs/include/ros_robot_controller_msgs/ros_robot_controller_msgs/srv/detail/get_bus_servo_state__struct.hpp
[43.759s] -- Up-to-date: /home/ubuntu/ros2_wsorincp/install/ros_robot_controller_msgs/include/ros_robot_controller_msgs/ros_robot_controller_msgs/srv/detail/get_bus_servo_state__traits.hpp
[43.759s] -- Up-to-date: /home/ubuntu/ros2_wsorincp/install/ros_robot_controller_msgs/include/ros_robot_controller_msgs/ros_robot_controller_msgs/srv/detail/get_pwm_servo_state__builder.hpp
[43.759s] -- Up-to-date: /home/ubuntu/ros2_wsorincp/install/ros_robot_controller_msgs/include/ros_robot_controller_msgs/ros_robot_controller_msgs
[43.760s] -- Up-to-date: /home/ubuntu/ros2_wsorincp/install/ros_robot_controller_msgs/include/ros_robot_controller_msgs/ros_robot_controller_msgs/msg
[43.760s] -- Up-to-date: /home/ubuntu/ros2_wsorincp/install/ros_robot_controller_msgs/include/ros_robot_controller_msgs/ros_robot_controller_msgs/msg/rosidl_typesupport_fastrtps_cpp__visibility_control.h
[43.760s] -- Up-to-date: /home/ubuntu/ros2_wsorincp/install/ros_robot_controller_msgs/include/ros_robot_controller_msgs/ros_robot_controller_msgs/msg/detail
[43.760s] -- Up-to-date: /home/ubuntu/ros2_wsorincp/install/ros_robot_controller_msgs/include/ros_robot_controller_msgs/ros_robot_controller_msgs/msg/detail/oled_state__rosidl_typesupport_fastrtps_cpp.hpp
[43.760s] -- Up-to-date: /home/ubuntu/ros2_wsorincp/install/ros_robot_controller_msgs/include/ros_robot_controller_msgs/ros_robot_controller_msgs/msg/detail/set_bus_servo_state__rosidl_typesupport_fastrtps_cpp.hpp
[43.760s] -- Up-to-date: /home/ubuntu/ros2_wsorincp/install/ros_robot_controller_msgs/include/ros_robot_controller_msgs/ros_robot_controller_msgs/msg/detail/buzzer_state__rosidl_typesupport_fastrtps_cpp.hpp
[43.760s] -- Up-to-date: /home/ubuntu/ros2_wsorincp/install/ros_robot_controller_msgs/include/ros_robot_controller_msgs/ros_robot_controller_msgs/msg/detail/servos_position__rosidl_typesupport_fastrtps_cpp.hpp
[43.761s] -- Up-to-date: /home/ubuntu/ros2_wsorincp/install/ros_robot_controller_msgs/include/ros_robot_controller_msgs/ros_robot_controller_msgs/msg/detail/sbus__rosidl_typesupport_fastrtps_cpp.hpp
[43.761s] -- Up-to-date: /home/ubuntu/ros2_wsorincp/install/ros_robot_controller_msgs/include/ros_robot_controller_msgs/ros_robot_controller_msgs/msg/detail/dds_fastrtps
[43.761s] -- Up-to-date: /home/ubuntu/ros2_wsorincp/install/ros_robot_controller_msgs/include/ros_robot_controller_msgs/ros_robot_controller_msgs/msg/detail/pwm_servo_state__rosidl_typesupport_fastrtps_cpp.hpp
[43.761s] -- Up-to-date: /home/ubuntu/ros2_wsorincp/install/ros_robot_controller_msgs/include/ros_robot_controller_msgs/ros_robot_controller_msgs/msg/detail/servo_position__rosidl_typesupport_fastrtps_cpp.hpp
[43.761s] -- Up-to-date: /home/ubuntu/ros2_wsorincp/install/ros_robot_controller_msgs/include/ros_robot_controller_msgs/ros_robot_controller_msgs/msg/detail/get_bus_servo_cmd__rosidl_typesupport_fastrtps_cpp.hpp
[43.761s] -- Up-to-date: /home/ubuntu/ros2_wsorincp/install/ros_robot_controller_msgs/include/ros_robot_controller_msgs/ros_robot_controller_msgs/msg/detail/set_pwm_servo_state__rosidl_typesupport_fastrtps_cpp.hpp
[43.762s] -- Up-to-date: /home/ubuntu/ros2_wsorincp/install/ros_robot_controller_msgs/include/ros_robot_controller_msgs/ros_robot_controller_msgs/msg/detail/led_state__rosidl_typesupport_fastrtps_cpp.hpp
[43.762s] -- Up-to-date: /home/ubuntu/ros2_wsorincp/install/ros_robot_controller_msgs/include/ros_robot_controller_msgs/ros_robot_controller_msgs/msg/detail/get_pwm_servo_cmd__rosidl_typesupport_fastrtps_cpp.hpp
[43.762s] -- Up-to-date: /home/ubuntu/ros2_wsorincp/install/ros_robot_controller_msgs/include/ros_robot_controller_msgs/ros_robot_controller_msgs/msg/detail/motor_state__rosidl_typesupport_fastrtps_cpp.hpp
[43.762s] -- Up-to-date: /home/ubuntu/ros2_wsorincp/install/ros_robot_controller_msgs/include/ros_robot_controller_msgs/ros_robot_controller_msgs/msg/detail/button_state__rosidl_typesupport_fastrtps_cpp.hpp
[43.762s] -- Up-to-date: /home/ubuntu/ros2_wsorincp/install/ros_robot_controller_msgs/include/ros_robot_controller_msgs/ros_robot_controller_msgs/msg/detail/bus_servo_state__rosidl_typesupport_fastrtps_cpp.hpp
[43.771s] -- Up-to-date: /home/ubuntu/ros2_wsorincp/install/ros_robot_controller_msgs/include/ros_robot_controller_msgs/ros_robot_controller_msgs/msg/detail/motors_state__rosidl_typesupport_fastrtps_cpp.hpp
[43.771s] -- Up-to-date: /home/ubuntu/ros2_wsorincp/install/ros_robot_controller_msgs/include/ros_robot_controller_msgs/ros_robot_controller_msgs/srv
[43.771s] -- Up-to-date: /home/ubuntu/ros2_wsorincp/install/ros_robot_controller_msgs/include/ros_robot_controller_msgs/ros_robot_controller_msgs/srv/detail
[43.771s] -- Up-to-date: /home/ubuntu/ros2_wsorincp/install/ros_robot_controller_msgs/include/ros_robot_controller_msgs/ros_robot_controller_msgs/srv/detail/get_bus_servo_state__rosidl_typesupport_fastrtps_cpp.hpp
[43.772s] -- Up-to-date: /home/ubuntu/ros2_wsorincp/install/ros_robot_controller_msgs/include/ros_robot_controller_msgs/ros_robot_controller_msgs/srv/detail/get_pwm_servo_state__rosidl_typesupport_fastrtps_cpp.hpp
[43.772s] -- Up-to-date: /home/ubuntu/ros2_wsorincp/install/ros_robot_controller_msgs/include/ros_robot_controller_msgs/ros_robot_controller_msgs/srv/detail/dds_fastrtps
[43.772s] -- Up-to-date: /home/ubuntu/ros2_wsorincp/install/ros_robot_controller_msgs/lib/libros_robot_controller_msgs__rosidl_typesupport_fastrtps_cpp.so
[43.772s] -- Up-to-date: /home/ubuntu/ros2_wsorincp/install/ros_robot_controller_msgs/include/ros_robot_controller_msgs/ros_robot_controller_msgs
[43.772s] -- Up-to-date: /home/ubuntu/ros2_wsorincp/install/ros_robot_controller_msgs/include/ros_robot_controller_msgs/ros_robot_controller_msgs/msg
[43.773s] -- Up-to-date: /home/ubuntu/ros2_wsorincp/install/ros_robot_controller_msgs/include/ros_robot_controller_msgs/ros_robot_controller_msgs/msg/rosidl_typesupport_introspection_c__visibility_control.h
[43.773s] -- Up-to-date: /home/ubuntu/ros2_wsorincp/install/ros_robot_controller_msgs/include/ros_robot_controller_msgs/ros_robot_controller_msgs/msg/detail
[43.773s] -- Up-to-date: /home/ubuntu/ros2_wsorincp/install/ros_robot_controller_msgs/include/ros_robot_controller_msgs/ros_robot_controller_msgs/msg/detail/button_state__rosidl_typesupport_introspection_c.h
[43.773s] -- Up-to-date: /home/ubuntu/ros2_wsorincp/install/ros_robot_controller_msgs/include/ros_robot_controller_msgs/ros_robot_controller_msgs/msg/detail/servos_position__type_support.c
[43.773s] -- Up-to-date: /home/ubuntu/ros2_wsorincp/install/ros_robot_controller_msgs/include/ros_robot_controller_msgs/ros_robot_controller_msgs/msg/detail/get_bus_servo_cmd__rosidl_typesupport_introspection_c.h
[43.773s] -- Up-to-date: /home/ubuntu/ros2_wsorincp/install/ros_robot_controller_msgs/include/ros_robot_controller_msgs/ros_robot_controller_msgs/msg/detail/sbus__type_support.c
[43.774s] -- Up-to-date: /home/ubuntu/ros2_wsorincp/install/ros_robot_controller_msgs/include/ros_robot_controller_msgs/ros_robot_controller_msgs/msg/detail/buzzer_state__type_support.c
[43.774s] -- Up-to-date: /home/ubuntu/ros2_wsorincp/install/ros_robot_controller_msgs/include/ros_robot_controller_msgs/ros_robot_controller_msgs/msg/detail/sbus__rosidl_typesupport_introspection_c.h
[43.774s] -- Up-to-date: /home/ubuntu/ros2_wsorincp/install/ros_robot_controller_msgs/include/ros_robot_controller_msgs/ros_robot_controller_msgs/msg/detail/motor_state__type_support.c
[43.774s] -- Up-to-date: /home/ubuntu/ros2_wsorincp/install/ros_robot_controller_msgs/include/ros_robot_controller_msgs/ros_robot_controller_msgs/msg/detail/pwm_servo_state__rosidl_typesupport_introspection_c.h
[43.774s] -- Up-to-date: /home/ubuntu/ros2_wsorincp/install/ros_robot_controller_msgs/include/ros_robot_controller_msgs/ros_robot_controller_msgs/msg/detail/servos_position__rosidl_typesupport_introspection_c.h
[43.779s] -- Up-to-date: /home/ubuntu/ros2_wsorincp/install/ros_robot_controller_msgs/include/ros_robot_controller_msgs/ros_robot_controller_msgs/msg/detail/set_pwm_servo_state__rosidl_typesupport_introspection_c.h
[43.779s] -- Up-to-date: /home/ubuntu/ros2_wsorincp/install/ros_robot_controller_msgs/include/ros_robot_controller_msgs/ros_robot_controller_msgs/msg/detail/led_state__type_support.c
[43.779s] -- Up-to-date: /home/ubuntu/ros2_wsorincp/install/ros_robot_controller_msgs/include/ros_robot_controller_msgs/ros_robot_controller_msgs/msg/detail/led_state__rosidl_typesupport_introspection_c.h
[43.779s] -- Up-to-date: /home/ubuntu/ros2_wsorincp/install/ros_robot_controller_msgs/include/ros_robot_controller_msgs/ros_robot_controller_msgs/msg/detail/servo_position__type_support.c
[43.780s] -- Up-to-date: /home/ubuntu/ros2_wsorincp/install/ros_robot_controller_msgs/include/ros_robot_controller_msgs/ros_robot_controller_msgs/msg/detail/get_bus_servo_cmd__type_support.c
[43.780s] -- Up-to-date: /home/ubuntu/ros2_wsorincp/install/ros_robot_controller_msgs/include/ros_robot_controller_msgs/ros_robot_controller_msgs/msg/detail/oled_state__rosidl_typesupport_introspection_c.h
[43.780s] -- Up-to-date: /home/ubuntu/ros2_wsorincp/install/ros_robot_controller_msgs/include/ros_robot_controller_msgs/ros_robot_controller_msgs/msg/detail/get_pwm_servo_cmd__type_support.c
[43.780s] -- Up-to-date: /home/ubuntu/ros2_wsorincp/install/ros_robot_controller_msgs/include/ros_robot_controller_msgs/ros_robot_controller_msgs/msg/detail/motors_state__type_support.c
[43.780s] -- Up-to-date: /home/ubuntu/ros2_wsorincp/install/ros_robot_controller_msgs/include/ros_robot_controller_msgs/ros_robot_controller_msgs/msg/detail/oled_state__type_support.c
[43.780s] -- Up-to-date: /home/ubuntu/ros2_wsorincp/install/ros_robot_controller_msgs/include/ros_robot_controller_msgs/ros_robot_controller_msgs/msg/detail/bus_servo_state__rosidl_typesupport_introspection_c.h
[43.780s] -- Up-to-date: /home/ubuntu/ros2_wsorincp/install/ros_robot_controller_msgs/include/ros_robot_controller_msgs/ros_robot_controller_msgs/msg/detail/bus_servo_state__type_support.c
[43.781s] -- Up-to-date: /home/ubuntu/ros2_wsorincp/install/ros_robot_controller_msgs/include/ros_robot_controller_msgs/ros_robot_controller_msgs/msg/detail/set_pwm_servo_state__type_support.c
[43.781s] -- Up-to-date: /home/ubuntu/ros2_wsorincp/install/ros_robot_controller_msgs/include/ros_robot_controller_msgs/ros_robot_controller_msgs/msg/detail/button_state__type_support.c
[43.781s] -- Up-to-date: /home/ubuntu/ros2_wsorincp/install/ros_robot_controller_msgs/include/ros_robot_controller_msgs/ros_robot_controller_msgs/msg/detail/buzzer_state__rosidl_typesupport_introspection_c.h
[43.781s] -- Up-to-date: /home/ubuntu/ros2_wsorincp/install/ros_robot_controller_msgs/include/ros_robot_controller_msgs/ros_robot_controller_msgs/msg/detail/pwm_servo_state__type_support.c
[43.781s] -- Up-to-date: /home/ubuntu/ros2_wsorincp/install/ros_robot_controller_msgs/include/ros_robot_controller_msgs/ros_robot_controller_msgs/msg/detail/get_pwm_servo_cmd__rosidl_typesupport_introspection_c.h
[43.781s] -- Up-to-date: /home/ubuntu/ros2_wsorincp/install/ros_robot_controller_msgs/include/ros_robot_controller_msgs/ros_robot_controller_msgs/msg/detail/servo_position__rosidl_typesupport_introspection_c.h
[43.782s] -- Up-to-date: /home/ubuntu/ros2_wsorincp/install/ros_robot_controller_msgs/include/ros_robot_controller_msgs/ros_robot_controller_msgs/msg/detail/set_bus_servo_state__rosidl_typesupport_introspection_c.h
[43.782s] -- Up-to-date: /home/ubuntu/ros2_wsorincp/install/ros_robot_controller_msgs/include/ros_robot_controller_msgs/ros_robot_controller_msgs/msg/detail/set_bus_servo_state__type_support.c
[43.782s] -- Up-to-date: /home/ubuntu/ros2_wsorincp/install/ros_robot_controller_msgs/include/ros_robot_controller_msgs/ros_robot_controller_msgs/msg/detail/motors_state__rosidl_typesupport_introspection_c.h
[43.782s] -- Up-to-date: /home/ubuntu/ros2_wsorincp/install/ros_robot_controller_msgs/include/ros_robot_controller_msgs/ros_robot_controller_msgs/msg/detail/motor_state__rosidl_typesupport_introspection_c.h
[43.793s] -- Up-to-date: /home/ubuntu/ros2_wsorincp/install/ros_robot_controller_msgs/include/ros_robot_controller_msgs/ros_robot_controller_msgs/srv
[43.794s] -- Up-to-date: /home/ubuntu/ros2_wsorincp/install/ros_robot_controller_msgs/include/ros_robot_controller_msgs/ros_robot_controller_msgs/srv/detail
[43.794s] -- Up-to-date: /home/ubuntu/ros2_wsorincp/install/ros_robot_controller_msgs/include/ros_robot_controller_msgs/ros_robot_controller_msgs/srv/detail/get_pwm_servo_state__type_support.c
[43.794s] -- Up-to-date: /home/ubuntu/ros2_wsorincp/install/ros_robot_controller_msgs/include/ros_robot_controller_msgs/ros_robot_controller_msgs/srv/detail/get_bus_servo_state__type_support.c
[43.794s] -- Up-to-date: /home/ubuntu/ros2_wsorincp/install/ros_robot_controller_msgs/include/ros_robot_controller_msgs/ros_robot_controller_msgs/srv/detail/get_bus_servo_state__rosidl_typesupport_introspection_c.h
[43.795s] -- Up-to-date: /home/ubuntu/ros2_wsorincp/install/ros_robot_controller_msgs/include/ros_robot_controller_msgs/ros_robot_controller_msgs/srv/detail/get_pwm_servo_state__rosidl_typesupport_introspection_c.h
[43.795s] -- Up-to-date: /home/ubuntu/ros2_wsorincp/install/ros_robot_controller_msgs/lib/libros_robot_controller_msgs__rosidl_typesupport_introspection_c.so
[43.795s] -- Up-to-date: /home/ubuntu/ros2_wsorincp/install/ros_robot_controller_msgs/lib/libros_robot_controller_msgs__rosidl_typesupport_c.so
[43.795s] -- Up-to-date: /home/ubuntu/ros2_wsorincp/install/ros_robot_controller_msgs/include/ros_robot_controller_msgs/ros_robot_controller_msgs
[43.795s] -- Up-to-date: /home/ubuntu/ros2_wsorincp/install/ros_robot_controller_msgs/include/ros_robot_controller_msgs/ros_robot_controller_msgs/msg
[43.795s] -- Up-to-date: /home/ubuntu/ros2_wsorincp/install/ros_robot_controller_msgs/include/ros_robot_controller_msgs/ros_robot_controller_msgs/msg/detail
[43.803s] -- Up-to-date: /home/ubuntu/ros2_wsorincp/install/ros_robot_controller_msgs/include/ros_robot_controller_msgs/ros_robot_controller_msgs/msg/detail/motors_state__rosidl_typesupport_introspection_cpp.hpp
[43.803s] -- Up-to-date: /home/ubuntu/ros2_wsorincp/install/ros_robot_controller_msgs/include/ros_robot_controller_msgs/ros_robot_controller_msgs/msg/detail/set_pwm_servo_state__rosidl_typesupport_introspection_cpp.hpp
[43.803s] -- Up-to-date: /home/ubuntu/ros2_wsorincp/install/ros_robot_controller_msgs/include/ros_robot_controller_msgs/ros_robot_controller_msgs/msg/detail/pwm_servo_state__rosidl_typesupport_introspection_cpp.hpp
[43.803s] -- Up-to-date: /home/ubuntu/ros2_wsorincp/install/ros_robot_controller_msgs/include/ros_robot_controller_msgs/ros_robot_controller_msgs/msg/detail/get_pwm_servo_cmd__rosidl_typesupport_introspection_cpp.hpp
[43.804s] -- Up-to-date: /home/ubuntu/ros2_wsorincp/install/ros_robot_controller_msgs/include/ros_robot_controller_msgs/ros_robot_controller_msgs/msg/detail/sbus__type_support.cpp
[43.804s] -- Up-to-date: /home/ubuntu/ros2_wsorincp/install/ros_robot_controller_msgs/include/ros_robot_controller_msgs/ros_robot_controller_msgs/msg/detail/sbus__rosidl_typesupport_introspection_cpp.hpp
[43.804s] -- Up-to-date: /home/ubuntu/ros2_wsorincp/install/ros_robot_controller_msgs/include/ros_robot_controller_msgs/ros_robot_controller_msgs/msg/detail/servos_position__type_support.cpp
[43.804s] -- Up-to-date: /home/ubuntu/ros2_wsorincp/install/ros_robot_controller_msgs/include/ros_robot_controller_msgs/ros_robot_controller_msgs/msg/detail/get_pwm_servo_cmd__type_support.cpp
[43.804s] -- Up-to-date: /home/ubuntu/ros2_wsorincp/install/ros_robot_controller_msgs/include/ros_robot_controller_msgs/ros_robot_controller_msgs/msg/detail/oled_state__rosidl_typesupport_introspection_cpp.hpp
[43.805s] -- Up-to-date: /home/ubuntu/ros2_wsorincp/install/ros_robot_controller_msgs/include/ros_robot_controller_msgs/ros_robot_controller_msgs/msg/detail/led_state__rosidl_typesupport_introspection_cpp.hpp
[43.805s] -- Up-to-date: /home/ubuntu/ros2_wsorincp/install/ros_robot_controller_msgs/include/ros_robot_controller_msgs/ros_robot_controller_msgs/msg/detail/servos_position__rosidl_typesupport_introspection_cpp.hpp
[43.805s] -- Up-to-date: /home/ubuntu/ros2_wsorincp/install/ros_robot_controller_msgs/include/ros_robot_controller_msgs/ros_robot_controller_msgs/msg/detail/set_pwm_servo_state__type_support.cpp
[43.805s] -- Up-to-date: /home/ubuntu/ros2_wsorincp/install/ros_robot_controller_msgs/include/ros_robot_controller_msgs/ros_robot_controller_msgs/msg/detail/led_state__type_support.cpp
[43.805s] -- Up-to-date: /home/ubuntu/ros2_wsorincp/install/ros_robot_controller_msgs/include/ros_robot_controller_msgs/ros_robot_controller_msgs/msg/detail/get_bus_servo_cmd__type_support.cpp
[43.805s] -- Up-to-date: /home/ubuntu/ros2_wsorincp/install/ros_robot_controller_msgs/include/ros_robot_controller_msgs/ros_robot_controller_msgs/msg/detail/bus_servo_state__rosidl_typesupport_introspection_cpp.hpp
[43.806s] -- Up-to-date: /home/ubuntu/ros2_wsorincp/install/ros_robot_controller_msgs/include/ros_robot_controller_msgs/ros_robot_controller_msgs/msg/detail/set_bus_servo_state__type_support.cpp
[43.806s] -- Up-to-date: /home/ubuntu/ros2_wsorincp/install/ros_robot_controller_msgs/include/ros_robot_controller_msgs/ros_robot_controller_msgs/msg/detail/pwm_servo_state__type_support.cpp
[43.810s] -- Up-to-date: /home/ubuntu/ros2_wsorincp/install/ros_robot_controller_msgs/include/ros_robot_controller_msgs/ros_robot_controller_msgs/msg/detail/oled_state__type_support.cpp
[43.811s] -- Up-to-date: /home/ubuntu/ros2_wsorincp/install/ros_robot_controller_msgs/include/ros_robot_controller_msgs/ros_robot_controller_msgs/msg/detail/set_bus_servo_state__rosidl_typesupport_introspection_cpp.hpp
[43.811s] -- Up-to-date: /home/ubuntu/ros2_wsorincp/install/ros_robot_controller_msgs/include/ros_robot_controller_msgs/ros_robot_controller_msgs/msg/detail/servo_position__rosidl_typesupport_introspection_cpp.hpp
[43.811s] -- Up-to-date: /home/ubuntu/ros2_wsorincp/install/ros_robot_controller_msgs/include/ros_robot_controller_msgs/ros_robot_controller_msgs/msg/detail/motors_state__type_support.cpp
[43.811s] -- Up-to-date: /home/ubuntu/ros2_wsorincp/install/ros_robot_controller_msgs/include/ros_robot_controller_msgs/ros_robot_controller_msgs/msg/detail/get_bus_servo_cmd__rosidl_typesupport_introspection_cpp.hpp
[43.811s] -- Up-to-date: /home/ubuntu/ros2_wsorincp/install/ros_robot_controller_msgs/include/ros_robot_controller_msgs/ros_robot_controller_msgs/msg/detail/button_state__type_support.cpp
[43.811s] -- Up-to-date: /home/ubuntu/ros2_wsorincp/install/ros_robot_controller_msgs/include/ros_robot_controller_msgs/ros_robot_controller_msgs/msg/detail/button_state__rosidl_typesupport_introspection_cpp.hpp
[43.811s] -- Up-to-date: /home/ubuntu/ros2_wsorincp/install/ros_robot_controller_msgs/include/ros_robot_controller_msgs/ros_robot_controller_msgs/msg/detail/buzzer_state__type_support.cpp
[43.811s] -- Up-to-date: /home/ubuntu/ros2_wsorincp/install/ros_robot_controller_msgs/include/ros_robot_controller_msgs/ros_robot_controller_msgs/msg/detail/bus_servo_state__type_support.cpp
[43.812s] -- Up-to-date: /home/ubuntu/ros2_wsorincp/install/ros_robot_controller_msgs/include/ros_robot_controller_msgs/ros_robot_controller_msgs/msg/detail/motor_state__type_support.cpp
[43.812s] -- Up-to-date: /home/ubuntu/ros2_wsorincp/install/ros_robot_controller_msgs/include/ros_robot_controller_msgs/ros_robot_controller_msgs/msg/detail/motor_state__rosidl_typesupport_introspection_cpp.hpp
[43.812s] -- Up-to-date: /home/ubuntu/ros2_wsorincp/install/ros_robot_controller_msgs/include/ros_robot_controller_msgs/ros_robot_controller_msgs/msg/detail/buzzer_state__rosidl_typesupport_introspection_cpp.hpp
[43.812s] -- Up-to-date: /home/ubuntu/ros2_wsorincp/install/ros_robot_controller_msgs/include/ros_robot_controller_msgs/ros_robot_controller_msgs/msg/detail/servo_position__type_support.cpp
[43.812s] -- Up-to-date: /home/ubuntu/ros2_wsorincp/install/ros_robot_controller_msgs/include/ros_robot_controller_msgs/ros_robot_controller_msgs/srv
[43.812s] -- Up-to-date: /home/ubuntu/ros2_wsorincp/install/ros_robot_controller_msgs/include/ros_robot_controller_msgs/ros_robot_controller_msgs/srv/detail
[43.812s] -- Up-to-date: /home/ubuntu/ros2_wsorincp/install/ros_robot_controller_msgs/include/ros_robot_controller_msgs/ros_robot_controller_msgs/srv/detail/get_bus_servo_state__rosidl_typesupport_introspection_cpp.hpp
[43.812s] -- Up-to-date: /home/ubuntu/ros2_wsorincp/install/ros_robot_controller_msgs/include/ros_robot_controller_msgs/ros_robot_controller_msgs/srv/detail/get_pwm_servo_state__type_support.cpp
[43.812s] -- Up-to-date: /home/ubuntu/ros2_wsorincp/install/ros_robot_controller_msgs/include/ros_robot_controller_msgs/ros_robot_controller_msgs/srv/detail/get_pwm_servo_state__rosidl_typesupport_introspection_cpp.hpp
[43.813s] -- Up-to-date: /home/ubuntu/ros2_wsorincp/install/ros_robot_controller_msgs/include/ros_robot_controller_msgs/ros_robot_controller_msgs/srv/detail/get_bus_servo_state__type_support.cpp
[43.813s] -- Up-to-date: /home/ubuntu/ros2_wsorincp/install/ros_robot_controller_msgs/lib/libros_robot_controller_msgs__rosidl_typesupport_introspection_cpp.so
[43.813s] -- Up-to-date: /home/ubuntu/ros2_wsorincp/install/ros_robot_controller_msgs/lib/libros_robot_controller_msgs__rosidl_typesupport_cpp.so
[43.813s] -- Up-to-date: /home/ubuntu/ros2_wsorincp/install/ros_robot_controller_msgs/share/ros_robot_controller_msgs/environment/pythonpath.sh
[43.813s] -- Up-to-date: /home/ubuntu/ros2_wsorincp/install/ros_robot_controller_msgs/share/ros_robot_controller_msgs/environment/pythonpath.dsv
[43.813s] -- Up-to-date: /home/ubuntu/ros2_wsorincp/install/ros_robot_controller_msgs/local/lib/python3.10/dist-packages/ros_robot_controller_msgs-0.0.0-py3.10.egg-info
[43.813s] -- Installing: /home/ubuntu/ros2_wsorincp/install/ros_robot_controller_msgs/local/lib/python3.10/dist-packages/ros_robot_controller_msgs-0.0.0-py3.10.egg-info/SOURCES.txt
[43.813s] -- Installing: /home/ubuntu/ros2_wsorincp/install/ros_robot_controller_msgs/local/lib/python3.10/dist-packages/ros_robot_controller_msgs-0.0.0-py3.10.egg-info/dependency_links.txt
[43.813s] -- Installing: /home/ubuntu/ros2_wsorincp/install/ros_robot_controller_msgs/local/lib/python3.10/dist-packages/ros_robot_controller_msgs-0.0.0-py3.10.egg-info/top_level.txt
[43.813s] -- Installing: /home/ubuntu/ros2_wsorincp/install/ros_robot_controller_msgs/local/lib/python3.10/dist-packages/ros_robot_controller_msgs-0.0.0-py3.10.egg-info/PKG-INFO
[43.813s] -- Up-to-date: /home/ubuntu/ros2_wsorincp/install/ros_robot_controller_msgs/local/lib/python3.10/dist-packages/ros_robot_controller_msgs
[43.813s] -- Up-to-date: /home/ubuntu/ros2_wsorincp/install/ros_robot_controller_msgs/local/lib/python3.10/dist-packages/ros_robot_controller_msgs/_ros_robot_controller_msgs_s.ep.rosidl_typesupport_introspection_c.c
[43.813s] -- Up-to-date: /home/ubuntu/ros2_wsorincp/install/ros_robot_controller_msgs/local/lib/python3.10/dist-packages/ros_robot_controller_msgs/ros_robot_controller_msgs_s__rosidl_typesupport_introspection_c.cpython-310-aarch64-linux-gnu.so
[43.814s] -- Up-to-date: /home/ubuntu/ros2_wsorincp/install/ros_robot_controller_msgs/local/lib/python3.10/dist-packages/ros_robot_controller_msgs/libros_robot_controller_msgs__rosidl_generator_py.so
[43.814s] -- Up-to-date: /home/ubuntu/ros2_wsorincp/install/ros_robot_controller_msgs/local/lib/python3.10/dist-packages/ros_robot_controller_msgs/msg
[43.814s] -- Up-to-date: /home/ubuntu/ros2_wsorincp/install/ros_robot_controller_msgs/local/lib/python3.10/dist-packages/ros_robot_controller_msgs/msg/_motor_state.py
[43.814s] -- Up-to-date: /home/ubuntu/ros2_wsorincp/install/ros_robot_controller_msgs/local/lib/python3.10/dist-packages/ros_robot_controller_msgs/msg/_set_pwm_servo_state_s.c
[43.814s] -- Up-to-date: /home/ubuntu/ros2_wsorincp/install/ros_robot_controller_msgs/local/lib/python3.10/dist-packages/ros_robot_controller_msgs/msg/_get_bus_servo_cmd_s.c
[43.814s] -- Up-to-date: /home/ubuntu/ros2_wsorincp/install/ros_robot_controller_msgs/local/lib/python3.10/dist-packages/ros_robot_controller_msgs/msg/_oled_state_s.c
[43.814s] -- Up-to-date: /home/ubuntu/ros2_wsorincp/install/ros_robot_controller_msgs/local/lib/python3.10/dist-packages/ros_robot_controller_msgs/msg/_button_state.py
[43.814s] -- Up-to-date: /home/ubuntu/ros2_wsorincp/install/ros_robot_controller_msgs/local/lib/python3.10/dist-packages/ros_robot_controller_msgs/msg/_servo_position_s.c
[43.814s] -- Up-to-date: /home/ubuntu/ros2_wsorincp/install/ros_robot_controller_msgs/local/lib/python3.10/dist-packages/ros_robot_controller_msgs/msg/_button_state_s.c
[43.814s] -- Up-to-date: /home/ubuntu/ros2_wsorincp/install/ros_robot_controller_msgs/local/lib/python3.10/dist-packages/ros_robot_controller_msgs/msg/_led_state.py
[43.814s] -- Up-to-date: /home/ubuntu/ros2_wsorincp/install/ros_robot_controller_msgs/local/lib/python3.10/dist-packages/ros_robot_controller_msgs/msg/_led_state_s.c
[43.821s] -- Up-to-date: /home/ubuntu/ros2_wsorincp/install/ros_robot_controller_msgs/local/lib/python3.10/dist-packages/ros_robot_controller_msgs/msg/_servos_position.py
[43.821s] -- Up-to-date: /home/ubuntu/ros2_wsorincp/install/ros_robot_controller_msgs/local/lib/python3.10/dist-packages/ros_robot_controller_msgs/msg/_set_bus_servo_state_s.c
[43.821s] -- Up-to-date: /home/ubuntu/ros2_wsorincp/install/ros_robot_controller_msgs/local/lib/python3.10/dist-packages/ros_robot_controller_msgs/msg/_buzzer_state_s.c
[43.821s] -- Up-to-date: /home/ubuntu/ros2_wsorincp/install/ros_robot_controller_msgs/local/lib/python3.10/dist-packages/ros_robot_controller_msgs/msg/_get_bus_servo_cmd.py
[43.822s] -- Up-to-date: /home/ubuntu/ros2_wsorincp/install/ros_robot_controller_msgs/local/lib/python3.10/dist-packages/ros_robot_controller_msgs/msg/_get_pwm_servo_cmd_s.c
[43.822s] -- Up-to-date: /home/ubuntu/ros2_wsorincp/install/ros_robot_controller_msgs/local/lib/python3.10/dist-packages/ros_robot_controller_msgs/msg/_motors_state_s.c
[43.822s] -- Up-to-date: /home/ubuntu/ros2_wsorincp/install/ros_robot_controller_msgs/local/lib/python3.10/dist-packages/ros_robot_controller_msgs/msg/_pwm_servo_state_s.c
[43.822s] -- Up-to-date: /home/ubuntu/ros2_wsorincp/install/ros_robot_controller_msgs/local/lib/python3.10/dist-packages/ros_robot_controller_msgs/msg/_motors_state.py
[43.822s] -- Up-to-date: /home/ubuntu/ros2_wsorincp/install/ros_robot_controller_msgs/local/lib/python3.10/dist-packages/ros_robot_controller_msgs/msg/_motor_state_s.c
[43.822s] -- Up-to-date: /home/ubuntu/ros2_wsorincp/install/ros_robot_controller_msgs/local/lib/python3.10/dist-packages/ros_robot_controller_msgs/msg/_pwm_servo_state.py
[43.822s] -- Up-to-date: /home/ubuntu/ros2_wsorincp/install/ros_robot_controller_msgs/local/lib/python3.10/dist-packages/ros_robot_controller_msgs/msg/_servos_position_s.c
[43.822s] -- Up-to-date: /home/ubuntu/ros2_wsorincp/install/ros_robot_controller_msgs/local/lib/python3.10/dist-packages/ros_robot_controller_msgs/msg/_bus_servo_state_s.c
[43.822s] -- Up-to-date: /home/ubuntu/ros2_wsorincp/install/ros_robot_controller_msgs/local/lib/python3.10/dist-packages/ros_robot_controller_msgs/msg/_servo_position.py
[43.822s] -- Up-to-date: /home/ubuntu/ros2_wsorincp/install/ros_robot_controller_msgs/local/lib/python3.10/dist-packages/ros_robot_controller_msgs/msg/_get_pwm_servo_cmd.py
[43.822s] -- Up-to-date: /home/ubuntu/ros2_wsorincp/install/ros_robot_controller_msgs/local/lib/python3.10/dist-packages/ros_robot_controller_msgs/msg/_sbus.py
[43.822s] -- Up-to-date: /home/ubuntu/ros2_wsorincp/install/ros_robot_controller_msgs/local/lib/python3.10/dist-packages/ros_robot_controller_msgs/msg/_set_bus_servo_state.py
[43.823s] -- Up-to-date: /home/ubuntu/ros2_wsorincp/install/ros_robot_controller_msgs/local/lib/python3.10/dist-packages/ros_robot_controller_msgs/msg/_bus_servo_state.py
[43.823s] -- Up-to-date: /home/ubuntu/ros2_wsorincp/install/ros_robot_controller_msgs/local/lib/python3.10/dist-packages/ros_robot_controller_msgs/msg/_sbus_s.c
[43.823s] -- Up-to-date: /home/ubuntu/ros2_wsorincp/install/ros_robot_controller_msgs/local/lib/python3.10/dist-packages/ros_robot_controller_msgs/msg/_set_pwm_servo_state.py
[43.823s] -- Up-to-date: /home/ubuntu/ros2_wsorincp/install/ros_robot_controller_msgs/local/lib/python3.10/dist-packages/ros_robot_controller_msgs/msg/_oled_state.py
[43.823s] -- Up-to-date: /home/ubuntu/ros2_wsorincp/install/ros_robot_controller_msgs/local/lib/python3.10/dist-packages/ros_robot_controller_msgs/msg/_buzzer_state.py
[43.823s] -- Up-to-date: /home/ubuntu/ros2_wsorincp/install/ros_robot_controller_msgs/local/lib/python3.10/dist-packages/ros_robot_controller_msgs/msg/__init__.py
[43.823s] -- Up-to-date: /home/ubuntu/ros2_wsorincp/install/ros_robot_controller_msgs/local/lib/python3.10/dist-packages/ros_robot_controller_msgs/srv
[43.823s] -- Up-to-date: /home/ubuntu/ros2_wsorincp/install/ros_robot_controller_msgs/local/lib/python3.10/dist-packages/ros_robot_controller_msgs/srv/_get_pwm_servo_state.py
[43.823s] -- Up-to-date: /home/ubuntu/ros2_wsorincp/install/ros_robot_controller_msgs/local/lib/python3.10/dist-packages/ros_robot_controller_msgs/srv/_get_bus_servo_state_s.c
[43.823s] -- Up-to-date: /home/ubuntu/ros2_wsorincp/install/ros_robot_controller_msgs/local/lib/python3.10/dist-packages/ros_robot_controller_msgs/srv/_get_bus_servo_state.py
[43.823s] -- Up-to-date: /home/ubuntu/ros2_wsorincp/install/ros_robot_controller_msgs/local/lib/python3.10/dist-packages/ros_robot_controller_msgs/srv/_get_pwm_servo_state_s.c
[43.824s] -- Up-to-date: /home/ubuntu/ros2_wsorincp/install/ros_robot_controller_msgs/local/lib/python3.10/dist-packages/ros_robot_controller_msgs/srv/__init__.py
[43.824s] -- Up-to-date: /home/ubuntu/ros2_wsorincp/install/ros_robot_controller_msgs/local/lib/python3.10/dist-packages/ros_robot_controller_msgs/_ros_robot_controller_msgs_s.ep.rosidl_typesupport_c.c
[43.824s] -- Up-to-date: /home/ubuntu/ros2_wsorincp/install/ros_robot_controller_msgs/local/lib/python3.10/dist-packages/ros_robot_controller_msgs/ros_robot_controller_msgs_s__rosidl_typesupport_fastrtps_c.cpython-310-aarch64-linux-gnu.so
[43.824s] -- Up-to-date: /home/ubuntu/ros2_wsorincp/install/ros_robot_controller_msgs/local/lib/python3.10/dist-packages/ros_robot_controller_msgs/_ros_robot_controller_msgs_s.ep.rosidl_typesupport_fastrtps_c.c
[43.824s] -- Up-to-date: /home/ubuntu/ros2_wsorincp/install/ros_robot_controller_msgs/local/lib/python3.10/dist-packages/ros_robot_controller_msgs/ros_robot_controller_msgs_s__rosidl_typesupport_c.cpython-310-aarch64-linux-gnu.so
[43.824s] -- Up-to-date: /home/ubuntu/ros2_wsorincp/install/ros_robot_controller_msgs/local/lib/python3.10/dist-packages/ros_robot_controller_msgs/__init__.py
[43.908s] Listing '/home/ubuntu/ros2_wsorincp/install/ros_robot_controller_msgs/local/lib/python3.10/dist-packages/ros_robot_controller_msgs'...
[43.908s] Listing '/home/ubuntu/ros2_wsorincp/install/ros_robot_controller_msgs/local/lib/python3.10/dist-packages/ros_robot_controller_msgs/msg'...
[43.908s] Listing '/home/ubuntu/ros2_wsorincp/install/ros_robot_controller_msgs/local/lib/python3.10/dist-packages/ros_robot_controller_msgs/srv'...
[43.927s] -- Up-to-date: /home/ubuntu/ros2_wsorincp/install/ros_robot_controller_msgs/local/lib/python3.10/dist-packages/ros_robot_controller_msgs/ros_robot_controller_msgs_s__rosidl_typesupport_fastrtps_c.cpython-310-aarch64-linux-gnu.so
[43.928s] -- Up-to-date: /home/ubuntu/ros2_wsorincp/install/ros_robot_controller_msgs/local/lib/python3.10/dist-packages/ros_robot_controller_msgs/ros_robot_controller_msgs_s__rosidl_typesupport_introspection_c.cpython-310-aarch64-linux-gnu.so
[43.929s] -- Up-to-date: /home/ubuntu/ros2_wsorincp/install/ros_robot_controller_msgs/local/lib/python3.10/dist-packages/ros_robot_controller_msgs/ros_robot_controller_msgs_s__rosidl_typesupport_c.cpython-310-aarch64-linux-gnu.so
[43.933s] -- Up-to-date: /home/ubuntu/ros2_wsorincp/install/ros_robot_controller_msgs/lib/libros_robot_controller_msgs__rosidl_generator_py.so
[43.935s] -- Up-to-date: /home/ubuntu/ros2_wsorincp/install/ros_robot_controller_msgs/share/ros_robot_controller_msgs/msg/BusServoState.idl
[43.935s] -- Up-to-date: /home/ubuntu/ros2_wsorincp/install/ros_robot_controller_msgs/share/ros_robot_controller_msgs/msg/ButtonState.idl
[43.935s] -- Up-to-date: /home/ubuntu/ros2_wsorincp/install/ros_robot_controller_msgs/share/ros_robot_controller_msgs/msg/BuzzerState.idl
[43.937s] -- Up-to-date: /home/ubuntu/ros2_wsorincp/install/ros_robot_controller_msgs/share/ros_robot_controller_msgs/msg/LedState.idl
[43.937s] -- Up-to-date: /home/ubuntu/ros2_wsorincp/install/ros_robot_controller_msgs/share/ros_robot_controller_msgs/msg/MotorState.idl
[43.939s] -- Up-to-date: /home/ubuntu/ros2_wsorincp/install/ros_robot_controller_msgs/share/ros_robot_controller_msgs/msg/MotorsState.idl
[43.940s] -- Up-to-date: /home/ubuntu/ros2_wsorincp/install/ros_robot_controller_msgs/share/ros_robot_controller_msgs/msg/PWMServoState.idl
[43.940s] -- Up-to-date: /home/ubuntu/ros2_wsorincp/install/ros_robot_controller_msgs/share/ros_robot_controller_msgs/msg/Sbus.idl
[43.940s] -- Up-to-date: /home/ubuntu/ros2_wsorincp/install/ros_robot_controller_msgs/share/ros_robot_controller_msgs/msg/OLEDState.idl
[43.940s] -- Up-to-date: /home/ubuntu/ros2_wsorincp/install/ros_robot_controller_msgs/share/ros_robot_controller_msgs/msg/SetBusServoState.idl
[43.940s] -- Up-to-date: /home/ubuntu/ros2_wsorincp/install/ros_robot_controller_msgs/share/ros_robot_controller_msgs/msg/ServoPosition.idl
[43.941s] -- Up-to-date: /home/ubuntu/ros2_wsorincp/install/ros_robot_controller_msgs/share/ros_robot_controller_msgs/msg/ServosPosition.idl
[43.941s] -- Up-to-date: /home/ubuntu/ros2_wsorincp/install/ros_robot_controller_msgs/share/ros_robot_controller_msgs/msg/SetPWMServoState.idl
[43.941s] -- Up-to-date: /home/ubuntu/ros2_wsorincp/install/ros_robot_controller_msgs/share/ros_robot_controller_msgs/msg/GetBusServoCmd.idl
[43.941s] -- Up-to-date: /home/ubuntu/ros2_wsorincp/install/ros_robot_controller_msgs/share/ros_robot_controller_msgs/msg/GetPWMServoCmd.idl
[43.941s] -- Up-to-date: /home/ubuntu/ros2_wsorincp/install/ros_robot_controller_msgs/share/ros_robot_controller_msgs/srv/GetBusServoState.idl
[43.941s] -- Up-to-date: /home/ubuntu/ros2_wsorincp/install/ros_robot_controller_msgs/share/ros_robot_controller_msgs/srv/GetPWMServoState.idl
[43.942s] -- Up-to-date: /home/ubuntu/ros2_wsorincp/install/ros_robot_controller_msgs/share/ros_robot_controller_msgs/msg/BusServoState.msg
[43.942s] -- Up-to-date: /home/ubuntu/ros2_wsorincp/install/ros_robot_controller_msgs/share/ros_robot_controller_msgs/msg/ButtonState.msg
[43.942s] -- Up-to-date: /home/ubuntu/ros2_wsorincp/install/ros_robot_controller_msgs/share/ros_robot_controller_msgs/msg/BuzzerState.msg
[43.943s] -- Up-to-date: /home/ubuntu/ros2_wsorincp/install/ros_robot_controller_msgs/share/ros_robot_controller_msgs/msg/LedState.msg
[43.944s] -- Up-to-date: /home/ubuntu/ros2_wsorincp/install/ros_robot_controller_msgs/share/ros_robot_controller_msgs/msg/MotorState.msg
[43.948s] -- Up-to-date: /home/ubuntu/ros2_wsorincp/install/ros_robot_controller_msgs/share/ros_robot_controller_msgs/msg/MotorsState.msg
[43.948s] -- Up-to-date: /home/ubuntu/ros2_wsorincp/install/ros_robot_controller_msgs/share/ros_robot_controller_msgs/msg/PWMServoState.msg
[43.949s] -- Up-to-date: /home/ubuntu/ros2_wsorincp/install/ros_robot_controller_msgs/share/ros_robot_controller_msgs/msg/Sbus.msg
[43.949s] -- Up-to-date: /home/ubuntu/ros2_wsorincp/install/ros_robot_controller_msgs/share/ros_robot_controller_msgs/msg/OLEDState.msg
[43.949s] -- Up-to-date: /home/ubuntu/ros2_wsorincp/install/ros_robot_controller_msgs/share/ros_robot_controller_msgs/msg/SetBusServoState.msg
[43.949s] -- Up-to-date: /home/ubuntu/ros2_wsorincp/install/ros_robot_controller_msgs/share/ros_robot_controller_msgs/msg/ServoPosition.msg
[43.958s] -- Up-to-date: /home/ubuntu/ros2_wsorincp/install/ros_robot_controller_msgs/share/ros_robot_controller_msgs/msg/ServosPosition.msg
[43.960s] -- Up-to-date: /home/ubuntu/ros2_wsorincp/install/ros_robot_controller_msgs/share/ros_robot_controller_msgs/msg/SetPWMServoState.msg
[43.960s] -- Up-to-date: /home/ubuntu/ros2_wsorincp/install/ros_robot_controller_msgs/share/ros_robot_controller_msgs/msg/GetBusServoCmd.msg
[43.960s] -- Up-to-date: /home/ubuntu/ros2_wsorincp/install/ros_robot_controller_msgs/share/ros_robot_controller_msgs/msg/GetPWMServoCmd.msg
[43.960s] -- Up-to-date: /home/ubuntu/ros2_wsorincp/install/ros_robot_controller_msgs/share/ros_robot_controller_msgs/srv/GetBusServoState.srv
[43.960s] -- Up-to-date: /home/ubuntu/ros2_wsorincp/install/ros_robot_controller_msgs/share/ros_robot_controller_msgs/srv/GetBusServoState_Request.msg
[43.961s] -- Up-to-date: /home/ubuntu/ros2_wsorincp/install/ros_robot_controller_msgs/share/ros_robot_controller_msgs/srv/GetBusServoState_Response.msg
[43.961s] -- Up-to-date: /home/ubuntu/ros2_wsorincp/install/ros_robot_controller_msgs/share/ros_robot_controller_msgs/srv/GetPWMServoState.srv
[43.969s] -- Up-to-date: /home/ubuntu/ros2_wsorincp/install/ros_robot_controller_msgs/share/ros_robot_controller_msgs/srv/GetPWMServoState_Request.msg
[43.969s] -- Up-to-date: /home/ubuntu/ros2_wsorincp/install/ros_robot_controller_msgs/share/ros_robot_controller_msgs/srv/GetPWMServoState_Response.msg
[43.969s] -- Up-to-date: /home/ubuntu/ros2_wsorincp/install/ros_robot_controller_msgs/share/ament_index/resource_index/package_run_dependencies/ros_robot_controller_msgs
[43.970s] -- Up-to-date: /home/ubuntu/ros2_wsorincp/install/ros_robot_controller_msgs/share/ament_index/resource_index/parent_prefix_path/ros_robot_controller_msgs
[43.970s] -- Up-to-date: /home/ubuntu/ros2_wsorincp/install/ros_robot_controller_msgs/share/ros_robot_controller_msgs/environment/ament_prefix_path.sh
[43.970s] -- Up-to-date: /home/ubuntu/ros2_wsorincp/install/ros_robot_controller_msgs/share/ros_robot_controller_msgs/environment/ament_prefix_path.dsv
[43.970s] -- Up-to-date: /home/ubuntu/ros2_wsorincp/install/ros_robot_controller_msgs/share/ros_robot_controller_msgs/environment/path.sh
[43.970s] -- Up-to-date: /home/ubuntu/ros2_wsorincp/install/ros_robot_controller_msgs/share/ros_robot_controller_msgs/environment/path.dsv
[43.971s] -- Up-to-date: /home/ubuntu/ros2_wsorincp/install/ros_robot_controller_msgs/share/ros_robot_controller_msgs/local_setup.bash
[43.975s] -- Up-to-date: /home/ubuntu/ros2_wsorincp/install/ros_robot_controller_msgs/share/ros_robot_controller_msgs/local_setup.sh
[43.976s] -- Up-to-date: /home/ubuntu/ros2_wsorincp/install/ros_robot_controller_msgs/share/ros_robot_controller_msgs/local_setup.zsh
[43.976s] -- Up-to-date: /home/ubuntu/ros2_wsorincp/install/ros_robot_controller_msgs/share/ros_robot_controller_msgs/local_setup.dsv
[43.976s] -- Installing: /home/ubuntu/ros2_wsorincp/install/ros_robot_controller_msgs/share/ros_robot_controller_msgs/package.dsv
[43.979s] -- Up-to-date: /home/ubuntu/ros2_wsorincp/install/ros_robot_controller_msgs/share/ament_index/resource_index/packages/ros_robot_controller_msgs
[43.979s] -- Up-to-date: /home/ubuntu/ros2_wsorincp/install/ros_robot_controller_msgs/share/ros_robot_controller_msgs/cmake/export_ros_robot_controller_msgs__rosidl_generator_cExport.cmake
[43.979s] -- Up-to-date: /home/ubuntu/ros2_wsorincp/install/ros_robot_controller_msgs/share/ros_robot_controller_msgs/cmake/export_ros_robot_controller_msgs__rosidl_generator_cExport-noconfig.cmake
[43.980s] -- Up-to-date: /home/ubuntu/ros2_wsorincp/install/ros_robot_controller_msgs/share/ros_robot_controller_msgs/cmake/export_ros_robot_controller_msgs__rosidl_typesupport_fastrtps_cExport.cmake
[43.987s] -- Up-to-date: /home/ubuntu/ros2_wsorincp/install/ros_robot_controller_msgs/share/ros_robot_controller_msgs/cmake/export_ros_robot_controller_msgs__rosidl_typesupport_fastrtps_cExport-noconfig.cmake
[43.987s] -- Up-to-date: /home/ubuntu/ros2_wsorincp/install/ros_robot_controller_msgs/share/ros_robot_controller_msgs/cmake/export_ros_robot_controller_msgs__rosidl_generator_cppExport.cmake
[43.987s] -- Up-to-date: /home/ubuntu/ros2_wsorincp/install/ros_robot_controller_msgs/share/ros_robot_controller_msgs/cmake/export_ros_robot_controller_msgs__rosidl_typesupport_fastrtps_cppExport.cmake
[43.987s] -- Up-to-date: /home/ubuntu/ros2_wsorincp/install/ros_robot_controller_msgs/share/ros_robot_controller_msgs/cmake/export_ros_robot_controller_msgs__rosidl_typesupport_fastrtps_cppExport-noconfig.cmake
[43.988s] -- Up-to-date: /home/ubuntu/ros2_wsorincp/install/ros_robot_controller_msgs/share/ros_robot_controller_msgs/cmake/ros_robot_controller_msgs__rosidl_typesupport_introspection_cExport.cmake
[43.988s] -- Up-to-date: /home/ubuntu/ros2_wsorincp/install/ros_robot_controller_msgs/share/ros_robot_controller_msgs/cmake/ros_robot_controller_msgs__rosidl_typesupport_introspection_cExport-noconfig.cmake
[43.988s] -- Up-to-date: /home/ubuntu/ros2_wsorincp/install/ros_robot_controller_msgs/share/ros_robot_controller_msgs/cmake/ros_robot_controller_msgs__rosidl_typesupport_cExport.cmake
[43.988s] -- Up-to-date: /home/ubuntu/ros2_wsorincp/install/ros_robot_controller_msgs/share/ros_robot_controller_msgs/cmake/ros_robot_controller_msgs__rosidl_typesupport_cExport-noconfig.cmake
[43.989s] -- Up-to-date: /home/ubuntu/ros2_wsorincp/install/ros_robot_controller_msgs/share/ros_robot_controller_msgs/cmake/ros_robot_controller_msgs__rosidl_typesupport_introspection_cppExport.cmake
[43.991s] -- Up-to-date: /home/ubuntu/ros2_wsorincp/install/ros_robot_controller_msgs/share/ros_robot_controller_msgs/cmake/ros_robot_controller_msgs__rosidl_typesupport_introspection_cppExport-noconfig.cmake
[43.991s] -- Up-to-date: /home/ubuntu/ros2_wsorincp/install/ros_robot_controller_msgs/share/ros_robot_controller_msgs/cmake/ros_robot_controller_msgs__rosidl_typesupport_cppExport.cmake
[43.991s] -- Up-to-date: /home/ubuntu/ros2_wsorincp/install/ros_robot_controller_msgs/share/ros_robot_controller_msgs/cmake/ros_robot_controller_msgs__rosidl_typesupport_cppExport-noconfig.cmake
[43.991s] -- Up-to-date: /home/ubuntu/ros2_wsorincp/install/ros_robot_controller_msgs/share/ros_robot_controller_msgs/cmake/export_ros_robot_controller_msgs__rosidl_generator_pyExport.cmake
[43.992s] -- Up-to-date: /home/ubuntu/ros2_wsorincp/install/ros_robot_controller_msgs/share/ros_robot_controller_msgs/cmake/export_ros_robot_controller_msgs__rosidl_generator_pyExport-noconfig.cmake
[43.994s] -- Up-to-date: /home/ubuntu/ros2_wsorincp/install/ros_robot_controller_msgs/share/ros_robot_controller_msgs/cmake/rosidl_cmake-extras.cmake
[43.997s] -- Up-to-date: /home/ubuntu/ros2_wsorincp/install/ros_robot_controller_msgs/share/ros_robot_controller_msgs/cmake/ament_cmake_export_dependencies-extras.cmake
[43.998s] -- Up-to-date: /home/ubuntu/ros2_wsorincp/install/ros_robot_controller_msgs/share/ros_robot_controller_msgs/cmake/ament_cmake_export_include_directories-extras.cmake
[43.998s] -- Up-to-date: /home/ubuntu/ros2_wsorincp/install/ros_robot_controller_msgs/share/ros_robot_controller_msgs/cmake/ament_cmake_export_libraries-extras.cmake
[43.998s] -- Up-to-date: /home/ubuntu/ros2_wsorincp/install/ros_robot_controller_msgs/share/ros_robot_controller_msgs/cmake/ament_cmake_export_targets-extras.cmake
[43.999s] -- Up-to-date: /home/ubuntu/ros2_wsorincp/install/ros_robot_controller_msgs/share/ros_robot_controller_msgs/cmake/rosidl_cmake_export_typesupport_targets-extras.cmake
[43.999s] -- Up-to-date: /home/ubuntu/ros2_wsorincp/install/ros_robot_controller_msgs/share/ros_robot_controller_msgs/cmake/rosidl_cmake_export_typesupport_libraries-extras.cmake
[43.999s] -- Up-to-date: /home/ubuntu/ros2_wsorincp/install/ros_robot_controller_msgs/share/ros_robot_controller_msgs/cmake/ros_robot_controller_msgsConfig.cmake
[43.999s] -- Up-to-date: /home/ubuntu/ros2_wsorincp/install/ros_robot_controller_msgs/share/ros_robot_controller_msgs/cmake/ros_robot_controller_msgsConfig-version.cmake
[43.999s] -- Up-to-date: /home/ubuntu/ros2_wsorincp/install/ros_robot_controller_msgs/share/ros_robot_controller_msgs/package.xml
[44.008s] Invoked command in '/home/ubuntu/ros2_wsorincp/build/ros_robot_controller_msgs' returned '0': /usr/bin/cmake --install /home/ubuntu/ros2_wsorincp/build/ros_robot_controller_msgs
