[0.650s] Invoking command in '/home/ubuntu/ros2_wsorincp/build/ros_robot_controller_msgs': CMAKE_PREFIX_PATH=/home/ubuntu/ros2_wsorincp/install/speed_control_msgs:/home/ubuntu/ros2_wsorincp/install/ros_robot_controller_msgs:/home/ubuntu/third_party_ros2/orbbec_ws/install/orbbec_description:/home/ubuntu/third_party_ros2/orbbec_ws/install/orbbec_camera:/home/ubuntu/third_party_ros2/orbbec_ws/install/orbbec_camera_msgs:/home/ubuntu/third_party_ros2/third_party_ws/install/ydlidar_ros2_driver:/home/ubuntu/third_party_ros2/third_party_ws/install/web_video_server:/home/ubuntu/third_party_ros2/third_party_ws/install/teb_local_planner:/home/ubuntu/third_party_ros2/third_party_ws/install/teb_msgs:/home/ubuntu/third_party_ros2/third_party_ws/install/sllidar_ros2:/home/ubuntu/third_party_ros2/third_party_ws/install/rf2o_laser_odometry:/home/ubuntu/third_party_ros2/third_party_ws/install/ldlidar_stl_ros2:/home/ubuntu/third_party_ros2/third_party_ws/install/laser_filters:/home/ubuntu/third_party_ros2/third_party_ws/install/imu_calib:/home/ubuntu/third_party_ros2/third_party_ws/install/costmap_converter:/home/ubuntu/third_party_ros2/third_party_ws/install/costmap_converter_msgs:/home/ubuntu/ros2_wsorincp/install/ros_robot_controller:/home/ubuntu/ros2_ws/install/yolov5_ros2:/home/ubuntu/ros2_ws/install/slam:/home/ubuntu/ros2_ws/install/servo_controller:/home/ubuntu/ros2_ws/install/sdk:/home/ubuntu/ros2_ws/install/ros_robot_controller:/home/ubuntu/ros2_ws/install/peripherals:/home/ubuntu/ros2_ws/install/navigation:/home/ubuntu/ros2_ws/install/kinematics:/home/ubuntu/ros2_ws/install/jetrover_description:/home/ubuntu/ros2_ws/install/example:/home/ubuntu/ros2_ws/install/controller:/home/ubuntu/ros2_ws/install/calibration:/home/ubuntu/ros2_ws/install/bringup:/home/ubuntu/ros2_ws/install/app:/opt/ros/humble:/home/ubuntu/third_party_ros2/third_party_ws/install/async_web_server_cpp:/home/ubuntu/third_party_ros2/third_party_ws/install/ascamera_listener:/home/ubuntu/third_party_ros2/third_party_ws/install/apriltag_ros:/home/ubuntu/third_party_ros2/third_party_ws/install/apriltag_msgs:/home/ubuntu/ros2_ws/install/xf_mic_asr_offline:/home/ubuntu/ros2_ws/install/xf_mic_asr_offline_msgs:/home/ubuntu/ros2_ws/install/servo_controller_msgs:/home/ubuntu/ros2_ws/install/ros_robot_controller_msgs:/home/ubuntu/ros2_ws/install/kinematics_msgs:/home/ubuntu/ros2_ws/install/interfaces /usr/bin/cmake --build /home/ubuntu/ros2_wsorincp/build/ros_robot_controller_msgs -- -j4 -l4
[0.932s] [  0%] Built target ros_robot_controller_msgs__cpp
[0.973s] [ 12%] Built target ros_robot_controller_msgs__rosidl_generator_c
[1.004s] [ 12%] Built target ament_cmake_python_copy_ros_robot_controller_msgs
[1.132s] [ 24%] Built target ros_robot_controller_msgs__rosidl_typesupport_fastrtps_cpp
[1.150s] [ 48%] Built target ros_robot_controller_msgs__rosidl_typesupport_introspection_cpp
[1.158s] [ 48%] Built target ros_robot_controller_msgs__rosidl_typesupport_cpp
[1.194s] [ 60%] Built target ros_robot_controller_msgs__rosidl_typesupport_fastrtps_c
[1.291s] [ 72%] Built target ros_robot_controller_msgs__rosidl_typesupport_c
[1.299s] [ 84%] Built target ros_robot_controller_msgs__rosidl_typesupport_introspection_c
[1.456s] [ 84%] Built target ros_robot_controller_msgs
[1.607s] [ 85%] Built target ros_robot_controller_msgs__py
[1.831s] [ 96%] Built target ros_robot_controller_msgs__rosidl_generator_py
[1.978s] [ 98%] Built target ros_robot_controller_msgs__rosidl_typesupport_introspection_c__pyext
[1.981s] [ 99%] Built target ros_robot_controller_msgs__rosidl_typesupport_fastrtps_c__pyext
[1.985s] [100%] Built target ros_robot_controller_msgs__rosidl_typesupport_c__pyext
[2.373s] running egg_info
[2.394s] writing ros_robot_controller_msgs.egg-info/PKG-INFO
[2.394s] writing dependency_links to ros_robot_controller_msgs.egg-info/dependency_links.txt
[2.395s] writing top-level names to ros_robot_controller_msgs.egg-info/top_level.txt
[2.964s] reading manifest file 'ros_robot_controller_msgs.egg-info/SOURCES.txt'
[2.966s] writing manifest file 'ros_robot_controller_msgs.egg-info/SOURCES.txt'
[3.099s] [100%] Built target ament_cmake_python_build_ros_robot_controller_msgs_egg
[3.176s] Invoked command in '/home/ubuntu/ros2_wsorincp/build/ros_robot_controller_msgs' returned '0': CMAKE_PREFIX_PATH=/home/ubuntu/ros2_wsorincp/install/speed_control_msgs:/home/ubuntu/ros2_wsorincp/install/ros_robot_controller_msgs:/home/ubuntu/third_party_ros2/orbbec_ws/install/orbbec_description:/home/ubuntu/third_party_ros2/orbbec_ws/install/orbbec_camera:/home/ubuntu/third_party_ros2/orbbec_ws/install/orbbec_camera_msgs:/home/ubuntu/third_party_ros2/third_party_ws/install/ydlidar_ros2_driver:/home/ubuntu/third_party_ros2/third_party_ws/install/web_video_server:/home/ubuntu/third_party_ros2/third_party_ws/install/teb_local_planner:/home/ubuntu/third_party_ros2/third_party_ws/install/teb_msgs:/home/ubuntu/third_party_ros2/third_party_ws/install/sllidar_ros2:/home/ubuntu/third_party_ros2/third_party_ws/install/rf2o_laser_odometry:/home/ubuntu/third_party_ros2/third_party_ws/install/ldlidar_stl_ros2:/home/ubuntu/third_party_ros2/third_party_ws/install/laser_filters:/home/ubuntu/third_party_ros2/third_party_ws/install/imu_calib:/home/ubuntu/third_party_ros2/third_party_ws/install/costmap_converter:/home/ubuntu/third_party_ros2/third_party_ws/install/costmap_converter_msgs:/home/ubuntu/ros2_wsorincp/install/ros_robot_controller:/home/ubuntu/ros2_ws/install/yolov5_ros2:/home/ubuntu/ros2_ws/install/slam:/home/ubuntu/ros2_ws/install/servo_controller:/home/ubuntu/ros2_ws/install/sdk:/home/ubuntu/ros2_ws/install/ros_robot_controller:/home/ubuntu/ros2_ws/install/peripherals:/home/ubuntu/ros2_ws/install/navigation:/home/ubuntu/ros2_ws/install/kinematics:/home/ubuntu/ros2_ws/install/jetrover_description:/home/ubuntu/ros2_ws/install/example:/home/ubuntu/ros2_ws/install/controller:/home/ubuntu/ros2_ws/install/calibration:/home/ubuntu/ros2_ws/install/bringup:/home/ubuntu/ros2_ws/install/app:/opt/ros/humble:/home/ubuntu/third_party_ros2/third_party_ws/install/async_web_server_cpp:/home/ubuntu/third_party_ros2/third_party_ws/install/ascamera_listener:/home/ubuntu/third_party_ros2/third_party_ws/install/apriltag_ros:/home/ubuntu/third_party_ros2/third_party_ws/install/apriltag_msgs:/home/ubuntu/ros2_ws/install/xf_mic_asr_offline:/home/ubuntu/ros2_ws/install/xf_mic_asr_offline_msgs:/home/ubuntu/ros2_ws/install/servo_controller_msgs:/home/ubuntu/ros2_ws/install/ros_robot_controller_msgs:/home/ubuntu/ros2_ws/install/kinematics_msgs:/home/ubuntu/ros2_ws/install/interfaces /usr/bin/cmake --build /home/ubuntu/ros2_wsorincp/build/ros_robot_controller_msgs -- -j4 -l4
[4.379s] Invoking command in '/home/ubuntu/ros2_wsorincp/build/ros_robot_controller_msgs': CMAKE_PREFIX_PATH=/home/ubuntu/ros2_wsorincp/install/speed_control_msgs:/home/ubuntu/ros2_wsorincp/install/ros_robot_controller_msgs:/home/ubuntu/third_party_ros2/orbbec_ws/install/orbbec_description:/home/ubuntu/third_party_ros2/orbbec_ws/install/orbbec_camera:/home/ubuntu/third_party_ros2/orbbec_ws/install/orbbec_camera_msgs:/home/ubuntu/third_party_ros2/third_party_ws/install/ydlidar_ros2_driver:/home/ubuntu/third_party_ros2/third_party_ws/install/web_video_server:/home/ubuntu/third_party_ros2/third_party_ws/install/teb_local_planner:/home/ubuntu/third_party_ros2/third_party_ws/install/teb_msgs:/home/ubuntu/third_party_ros2/third_party_ws/install/sllidar_ros2:/home/ubuntu/third_party_ros2/third_party_ws/install/rf2o_laser_odometry:/home/ubuntu/third_party_ros2/third_party_ws/install/ldlidar_stl_ros2:/home/ubuntu/third_party_ros2/third_party_ws/install/laser_filters:/home/ubuntu/third_party_ros2/third_party_ws/install/imu_calib:/home/ubuntu/third_party_ros2/third_party_ws/install/costmap_converter:/home/ubuntu/third_party_ros2/third_party_ws/install/costmap_converter_msgs:/home/ubuntu/ros2_wsorincp/install/ros_robot_controller:/home/ubuntu/ros2_ws/install/yolov5_ros2:/home/ubuntu/ros2_ws/install/slam:/home/ubuntu/ros2_ws/install/servo_controller:/home/ubuntu/ros2_ws/install/sdk:/home/ubuntu/ros2_ws/install/ros_robot_controller:/home/ubuntu/ros2_ws/install/peripherals:/home/ubuntu/ros2_ws/install/navigation:/home/ubuntu/ros2_ws/install/kinematics:/home/ubuntu/ros2_ws/install/jetrover_description:/home/ubuntu/ros2_ws/install/example:/home/ubuntu/ros2_ws/install/controller:/home/ubuntu/ros2_ws/install/calibration:/home/ubuntu/ros2_ws/install/bringup:/home/ubuntu/ros2_ws/install/app:/opt/ros/humble:/home/ubuntu/third_party_ros2/third_party_ws/install/async_web_server_cpp:/home/ubuntu/third_party_ros2/third_party_ws/install/ascamera_listener:/home/ubuntu/third_party_ros2/third_party_ws/install/apriltag_ros:/home/ubuntu/third_party_ros2/third_party_ws/install/apriltag_msgs:/home/ubuntu/ros2_ws/install/xf_mic_asr_offline:/home/ubuntu/ros2_ws/install/xf_mic_asr_offline_msgs:/home/ubuntu/ros2_ws/install/servo_controller_msgs:/home/ubuntu/ros2_ws/install/ros_robot_controller_msgs:/home/ubuntu/ros2_ws/install/kinematics_msgs:/home/ubuntu/ros2_ws/install/interfaces /usr/bin/cmake --install /home/ubuntu/ros2_wsorincp/build/ros_robot_controller_msgs
[4.390s] -- Install configuration: ""
[4.390s] -- Up-to-date: /home/ubuntu/ros2_wsorincp/install/ros_robot_controller_msgs/share/ament_index/resource_index/rosidl_interfaces/ros_robot_controller_msgs
[4.391s] -- Up-to-date: /home/ubuntu/ros2_wsorincp/install/ros_robot_controller_msgs/include/ros_robot_controller_msgs/ros_robot_controller_msgs
[4.391s] -- Up-to-date: /home/ubuntu/ros2_wsorincp/install/ros_robot_controller_msgs/include/ros_robot_controller_msgs/ros_robot_controller_msgs/msg
[4.391s] -- Up-to-date: /home/ubuntu/ros2_wsorincp/install/ros_robot_controller_msgs/include/ros_robot_controller_msgs/ros_robot_controller_msgs/msg/buzzer_state.h
[4.391s] -- Up-to-date: /home/ubuntu/ros2_wsorincp/install/ros_robot_controller_msgs/include/ros_robot_controller_msgs/ros_robot_controller_msgs/msg/get_pwm_servo_cmd.h
[4.391s] -- Up-to-date: /home/ubuntu/ros2_wsorincp/install/ros_robot_controller_msgs/include/ros_robot_controller_msgs/ros_robot_controller_msgs/msg/servos_position.h
[4.391s] -- Up-to-date: /home/ubuntu/ros2_wsorincp/install/ros_robot_controller_msgs/include/ros_robot_controller_msgs/ros_robot_controller_msgs/msg/get_bus_servo_cmd.h
[4.391s] -- Up-to-date: /home/ubuntu/ros2_wsorincp/install/ros_robot_controller_msgs/include/ros_robot_controller_msgs/ros_robot_controller_msgs/msg/set_bus_servo_state.h
[4.391s] -- Up-to-date: /home/ubuntu/ros2_wsorincp/install/ros_robot_controller_msgs/include/ros_robot_controller_msgs/ros_robot_controller_msgs/msg/set_pwm_servo_state.h
[4.392s] -- Up-to-date: /home/ubuntu/ros2_wsorincp/install/ros_robot_controller_msgs/include/ros_robot_controller_msgs/ros_robot_controller_msgs/msg/motors_state.h
[4.392s] -- Up-to-date: /home/ubuntu/ros2_wsorincp/install/ros_robot_controller_msgs/include/ros_robot_controller_msgs/ros_robot_controller_msgs/msg/rosidl_generator_c__visibility_control.h
[4.392s] -- Up-to-date: /home/ubuntu/ros2_wsorincp/install/ros_robot_controller_msgs/include/ros_robot_controller_msgs/ros_robot_controller_msgs/msg/bus_servo_state.h
[4.392s] -- Up-to-date: /home/ubuntu/ros2_wsorincp/install/ros_robot_controller_msgs/include/ros_robot_controller_msgs/ros_robot_controller_msgs/msg/pwm_servo_state.h
[4.392s] -- Up-to-date: /home/ubuntu/ros2_wsorincp/install/ros_robot_controller_msgs/include/ros_robot_controller_msgs/ros_robot_controller_msgs/msg/motor_state.h
[4.392s] -- Up-to-date: /home/ubuntu/ros2_wsorincp/install/ros_robot_controller_msgs/include/ros_robot_controller_msgs/ros_robot_controller_msgs/msg/oled_state.h
[4.392s] -- Up-to-date: /home/ubuntu/ros2_wsorincp/install/ros_robot_controller_msgs/include/ros_robot_controller_msgs/ros_robot_controller_msgs/msg/led_state.h
[4.398s] -- Up-to-date: /home/ubuntu/ros2_wsorincp/install/ros_robot_controller_msgs/include/ros_robot_controller_msgs/ros_robot_controller_msgs/msg/button_state.h
[4.399s] -- Up-to-date: /home/ubuntu/ros2_wsorincp/install/ros_robot_controller_msgs/include/ros_robot_controller_msgs/ros_robot_controller_msgs/msg/sbus.h
[4.399s] -- Up-to-date: /home/ubuntu/ros2_wsorincp/install/ros_robot_controller_msgs/include/ros_robot_controller_msgs/ros_robot_controller_msgs/msg/detail
[4.399s] -- Up-to-date: /home/ubuntu/ros2_wsorincp/install/ros_robot_controller_msgs/include/ros_robot_controller_msgs/ros_robot_controller_msgs/msg/detail/get_bus_servo_cmd__functions.c
[4.399s] -- Up-to-date: /home/ubuntu/ros2_wsorincp/install/ros_robot_controller_msgs/include/ros_robot_controller_msgs/ros_robot_controller_msgs/msg/detail/set_bus_servo_state__functions.h
[4.399s] -- Up-to-date: /home/ubuntu/ros2_wsorincp/install/ros_robot_controller_msgs/include/ros_robot_controller_msgs/ros_robot_controller_msgs/msg/detail/set_pwm_servo_state__type_support.h
[4.399s] -- Up-to-date: /home/ubuntu/ros2_wsorincp/install/ros_robot_controller_msgs/include/ros_robot_controller_msgs/ros_robot_controller_msgs/msg/detail/set_bus_servo_state__type_support.h
[4.399s] -- Up-to-date: /home/ubuntu/ros2_wsorincp/install/ros_robot_controller_msgs/include/ros_robot_controller_msgs/ros_robot_controller_msgs/msg/detail/led_state__functions.h
[4.399s] -- Up-to-date: /home/ubuntu/ros2_wsorincp/install/ros_robot_controller_msgs/include/ros_robot_controller_msgs/ros_robot_controller_msgs/msg/detail/oled_state__functions.c
[4.399s] -- Up-to-date: /home/ubuntu/ros2_wsorincp/install/ros_robot_controller_msgs/include/ros_robot_controller_msgs/ros_robot_controller_msgs/msg/detail/buzzer_state__type_support.h
[4.399s] -- Up-to-date: /home/ubuntu/ros2_wsorincp/install/ros_robot_controller_msgs/include/ros_robot_controller_msgs/ros_robot_controller_msgs/msg/detail/get_pwm_servo_cmd__functions.h
[4.400s] -- Up-to-date: /home/ubuntu/ros2_wsorincp/install/ros_robot_controller_msgs/include/ros_robot_controller_msgs/ros_robot_controller_msgs/msg/detail/servo_position__type_support.h
[4.400s] -- Up-to-date: /home/ubuntu/ros2_wsorincp/install/ros_robot_controller_msgs/include/ros_robot_controller_msgs/ros_robot_controller_msgs/msg/detail/get_pwm_servo_cmd__struct.h
[4.400s] -- Up-to-date: /home/ubuntu/ros2_wsorincp/install/ros_robot_controller_msgs/include/ros_robot_controller_msgs/ros_robot_controller_msgs/msg/detail/buzzer_state__functions.h
[4.400s] -- Up-to-date: /home/ubuntu/ros2_wsorincp/install/ros_robot_controller_msgs/include/ros_robot_controller_msgs/ros_robot_controller_msgs/msg/detail/servo_position__struct.h
[4.400s] -- Up-to-date: /home/ubuntu/ros2_wsorincp/install/ros_robot_controller_msgs/include/ros_robot_controller_msgs/ros_robot_controller_msgs/msg/detail/oled_state__functions.h
[4.400s] -- Up-to-date: /home/ubuntu/ros2_wsorincp/install/ros_robot_controller_msgs/include/ros_robot_controller_msgs/ros_robot_controller_msgs/msg/detail/sbus__type_support.h
[4.400s] -- Up-to-date: /home/ubuntu/ros2_wsorincp/install/ros_robot_controller_msgs/include/ros_robot_controller_msgs/ros_robot_controller_msgs/msg/detail/button_state__functions.h
[4.401s] -- Up-to-date: /home/ubuntu/ros2_wsorincp/install/ros_robot_controller_msgs/include/ros_robot_controller_msgs/ros_robot_controller_msgs/msg/detail/servo_position__functions.h
[4.401s] -- Up-to-date: /home/ubuntu/ros2_wsorincp/install/ros_robot_controller_msgs/include/ros_robot_controller_msgs/ros_robot_controller_msgs/msg/detail/pwm_servo_state__functions.h
[4.402s] -- Up-to-date: /home/ubuntu/ros2_wsorincp/install/ros_robot_controller_msgs/include/ros_robot_controller_msgs/ros_robot_controller_msgs/msg/detail/buzzer_state__struct.h
[4.402s] -- Up-to-date: /home/ubuntu/ros2_wsorincp/install/ros_robot_controller_msgs/include/ros_robot_controller_msgs/ros_robot_controller_msgs/msg/detail/pwm_servo_state__type_support.h
[4.402s] -- Up-to-date: /home/ubuntu/ros2_wsorincp/install/ros_robot_controller_msgs/include/ros_robot_controller_msgs/ros_robot_controller_msgs/msg/detail/pwm_servo_state__functions.c
[4.402s] -- Up-to-date: /home/ubuntu/ros2_wsorincp/install/ros_robot_controller_msgs/include/ros_robot_controller_msgs/ros_robot_controller_msgs/msg/detail/set_pwm_servo_state__functions.h
[4.402s] -- Up-to-date: /home/ubuntu/ros2_wsorincp/install/ros_robot_controller_msgs/include/ros_robot_controller_msgs/ros_robot_controller_msgs/msg/detail/set_bus_servo_state__functions.c
[4.402s] -- Up-to-date: /home/ubuntu/ros2_wsorincp/install/ros_robot_controller_msgs/include/ros_robot_controller_msgs/ros_robot_controller_msgs/msg/detail/get_bus_servo_cmd__functions.h
[4.402s] -- Up-to-date: /home/ubuntu/ros2_wsorincp/install/ros_robot_controller_msgs/include/ros_robot_controller_msgs/ros_robot_controller_msgs/msg/detail/sbus__functions.c
[4.402s] -- Up-to-date: /home/ubuntu/ros2_wsorincp/install/ros_robot_controller_msgs/include/ros_robot_controller_msgs/ros_robot_controller_msgs/msg/detail/button_state__struct.h
[4.402s] -- Up-to-date: /home/ubuntu/ros2_wsorincp/install/ros_robot_controller_msgs/include/ros_robot_controller_msgs/ros_robot_controller_msgs/msg/detail/set_pwm_servo_state__struct.h
[4.402s] -- Up-to-date: /home/ubuntu/ros2_wsorincp/install/ros_robot_controller_msgs/include/ros_robot_controller_msgs/ros_robot_controller_msgs/msg/detail/bus_servo_state__functions.h
[4.402s] -- Up-to-date: /home/ubuntu/ros2_wsorincp/install/ros_robot_controller_msgs/include/ros_robot_controller_msgs/ros_robot_controller_msgs/msg/detail/buzzer_state__functions.c
[4.402s] -- Up-to-date: /home/ubuntu/ros2_wsorincp/install/ros_robot_controller_msgs/include/ros_robot_controller_msgs/ros_robot_controller_msgs/msg/detail/button_state__type_support.h
[4.402s] -- Up-to-date: /home/ubuntu/ros2_wsorincp/install/ros_robot_controller_msgs/include/ros_robot_controller_msgs/ros_robot_controller_msgs/msg/detail/get_bus_servo_cmd__struct.h
[4.402s] -- Up-to-date: /home/ubuntu/ros2_wsorincp/install/ros_robot_controller_msgs/include/ros_robot_controller_msgs/ros_robot_controller_msgs/msg/detail/motors_state__functions.h
[4.403s] -- Up-to-date: /home/ubuntu/ros2_wsorincp/install/ros_robot_controller_msgs/include/ros_robot_controller_msgs/ros_robot_controller_msgs/msg/detail/led_state__type_support.h
[4.403s] -- Up-to-date: /home/ubuntu/ros2_wsorincp/install/ros_robot_controller_msgs/include/ros_robot_controller_msgs/ros_robot_controller_msgs/msg/detail/motor_state__functions.c
[4.403s] -- Up-to-date: /home/ubuntu/ros2_wsorincp/install/ros_robot_controller_msgs/include/ros_robot_controller_msgs/ros_robot_controller_msgs/msg/detail/get_pwm_servo_cmd__functions.c
[4.403s] -- Up-to-date: /home/ubuntu/ros2_wsorincp/install/ros_robot_controller_msgs/include/ros_robot_controller_msgs/ros_robot_controller_msgs/msg/detail/sbus__struct.h
[4.403s] -- Up-to-date: /home/ubuntu/ros2_wsorincp/install/ros_robot_controller_msgs/include/ros_robot_controller_msgs/ros_robot_controller_msgs/msg/detail/motors_state__type_support.h
[4.403s] -- Up-to-date: /home/ubuntu/ros2_wsorincp/install/ros_robot_controller_msgs/include/ros_robot_controller_msgs/ros_robot_controller_msgs/msg/detail/led_state__struct.h
[4.403s] -- Up-to-date: /home/ubuntu/ros2_wsorincp/install/ros_robot_controller_msgs/include/ros_robot_controller_msgs/ros_robot_controller_msgs/msg/detail/set_bus_servo_state__struct.h
[4.403s] -- Up-to-date: /home/ubuntu/ros2_wsorincp/install/ros_robot_controller_msgs/include/ros_robot_controller_msgs/ros_robot_controller_msgs/msg/detail/led_state__functions.c
[4.403s] -- Up-to-date: /home/ubuntu/ros2_wsorincp/install/ros_robot_controller_msgs/include/ros_robot_controller_msgs/ros_robot_controller_msgs/msg/detail/bus_servo_state__struct.h
[4.403s] -- Up-to-date: /home/ubuntu/ros2_wsorincp/install/ros_robot_controller_msgs/include/ros_robot_controller_msgs/ros_robot_controller_msgs/msg/detail/motor_state__functions.h
[4.403s] -- Up-to-date: /home/ubuntu/ros2_wsorincp/install/ros_robot_controller_msgs/include/ros_robot_controller_msgs/ros_robot_controller_msgs/msg/detail/pwm_servo_state__struct.h
[4.403s] -- Up-to-date: /home/ubuntu/ros2_wsorincp/install/ros_robot_controller_msgs/include/ros_robot_controller_msgs/ros_robot_controller_msgs/msg/detail/motor_state__type_support.h
[4.403s] -- Up-to-date: /home/ubuntu/ros2_wsorincp/install/ros_robot_controller_msgs/include/ros_robot_controller_msgs/ros_robot_controller_msgs/msg/detail/bus_servo_state__type_support.h
[4.403s] -- Up-to-date: /home/ubuntu/ros2_wsorincp/install/ros_robot_controller_msgs/include/ros_robot_controller_msgs/ros_robot_controller_msgs/msg/detail/get_bus_servo_cmd__type_support.h
[4.403s] -- Up-to-date: /home/ubuntu/ros2_wsorincp/install/ros_robot_controller_msgs/include/ros_robot_controller_msgs/ros_robot_controller_msgs/msg/detail/oled_state__type_support.h
[4.403s] -- Up-to-date: /home/ubuntu/ros2_wsorincp/install/ros_robot_controller_msgs/include/ros_robot_controller_msgs/ros_robot_controller_msgs/msg/detail/set_pwm_servo_state__functions.c
[4.403s] -- Up-to-date: /home/ubuntu/ros2_wsorincp/install/ros_robot_controller_msgs/include/ros_robot_controller_msgs/ros_robot_controller_msgs/msg/detail/oled_state__struct.h
[4.404s] -- Up-to-date: /home/ubuntu/ros2_wsorincp/install/ros_robot_controller_msgs/include/ros_robot_controller_msgs/ros_robot_controller_msgs/msg/detail/servo_position__functions.c
[4.404s] -- Up-to-date: /home/ubuntu/ros2_wsorincp/install/ros_robot_controller_msgs/include/ros_robot_controller_msgs/ros_robot_controller_msgs/msg/detail/bus_servo_state__functions.c
[4.404s] -- Up-to-date: /home/ubuntu/ros2_wsorincp/install/ros_robot_controller_msgs/include/ros_robot_controller_msgs/ros_robot_controller_msgs/msg/detail/motors_state__functions.c
[4.404s] -- Up-to-date: /home/ubuntu/ros2_wsorincp/install/ros_robot_controller_msgs/include/ros_robot_controller_msgs/ros_robot_controller_msgs/msg/detail/button_state__functions.c
[4.404s] -- Up-to-date: /home/ubuntu/ros2_wsorincp/install/ros_robot_controller_msgs/include/ros_robot_controller_msgs/ros_robot_controller_msgs/msg/detail/servos_position__functions.c
[4.404s] -- Up-to-date: /home/ubuntu/ros2_wsorincp/install/ros_robot_controller_msgs/include/ros_robot_controller_msgs/ros_robot_controller_msgs/msg/detail/servos_position__functions.h
[4.404s] -- Up-to-date: /home/ubuntu/ros2_wsorincp/install/ros_robot_controller_msgs/include/ros_robot_controller_msgs/ros_robot_controller_msgs/msg/detail/motor_state__struct.h
[4.404s] -- Up-to-date: /home/ubuntu/ros2_wsorincp/install/ros_robot_controller_msgs/include/ros_robot_controller_msgs/ros_robot_controller_msgs/msg/detail/motors_state__struct.h
[4.404s] -- Up-to-date: /home/ubuntu/ros2_wsorincp/install/ros_robot_controller_msgs/include/ros_robot_controller_msgs/ros_robot_controller_msgs/msg/detail/servos_position__type_support.h
[4.404s] -- Up-to-date: /home/ubuntu/ros2_wsorincp/install/ros_robot_controller_msgs/include/ros_robot_controller_msgs/ros_robot_controller_msgs/msg/detail/servos_position__struct.h
[4.404s] -- Up-to-date: /home/ubuntu/ros2_wsorincp/install/ros_robot_controller_msgs/include/ros_robot_controller_msgs/ros_robot_controller_msgs/msg/detail/get_pwm_servo_cmd__type_support.h
[4.404s] -- Up-to-date: /home/ubuntu/ros2_wsorincp/install/ros_robot_controller_msgs/include/ros_robot_controller_msgs/ros_robot_controller_msgs/msg/detail/sbus__functions.h
[4.404s] -- Up-to-date: /home/ubuntu/ros2_wsorincp/install/ros_robot_controller_msgs/include/ros_robot_controller_msgs/ros_robot_controller_msgs/msg/servo_position.h
[4.404s] -- Up-to-date: /home/ubuntu/ros2_wsorincp/install/ros_robot_controller_msgs/include/ros_robot_controller_msgs/ros_robot_controller_msgs/srv
[4.404s] -- Up-to-date: /home/ubuntu/ros2_wsorincp/install/ros_robot_controller_msgs/include/ros_robot_controller_msgs/ros_robot_controller_msgs/srv/get_bus_servo_state.h
[4.404s] -- Up-to-date: /home/ubuntu/ros2_wsorincp/install/ros_robot_controller_msgs/include/ros_robot_controller_msgs/ros_robot_controller_msgs/srv/detail
[4.405s] -- Up-to-date: /home/ubuntu/ros2_wsorincp/install/ros_robot_controller_msgs/include/ros_robot_controller_msgs/ros_robot_controller_msgs/srv/detail/get_bus_servo_state__functions.h
[4.405s] -- Up-to-date: /home/ubuntu/ros2_wsorincp/install/ros_robot_controller_msgs/include/ros_robot_controller_msgs/ros_robot_controller_msgs/srv/detail/get_pwm_servo_state__functions.h
[4.405s] -- Up-to-date: /home/ubuntu/ros2_wsorincp/install/ros_robot_controller_msgs/include/ros_robot_controller_msgs/ros_robot_controller_msgs/srv/detail/get_pwm_servo_state__type_support.h
[4.405s] -- Up-to-date: /home/ubuntu/ros2_wsorincp/install/ros_robot_controller_msgs/include/ros_robot_controller_msgs/ros_robot_controller_msgs/srv/detail/get_bus_servo_state__functions.c
[4.405s] -- Up-to-date: /home/ubuntu/ros2_wsorincp/install/ros_robot_controller_msgs/include/ros_robot_controller_msgs/ros_robot_controller_msgs/srv/detail/get_bus_servo_state__struct.h
[4.405s] -- Up-to-date: /home/ubuntu/ros2_wsorincp/install/ros_robot_controller_msgs/include/ros_robot_controller_msgs/ros_robot_controller_msgs/srv/detail/get_pwm_servo_state__functions.c
[4.405s] -- Up-to-date: /home/ubuntu/ros2_wsorincp/install/ros_robot_controller_msgs/include/ros_robot_controller_msgs/ros_robot_controller_msgs/srv/detail/get_bus_servo_state__type_support.h
[4.405s] -- Up-to-date: /home/ubuntu/ros2_wsorincp/install/ros_robot_controller_msgs/include/ros_robot_controller_msgs/ros_robot_controller_msgs/srv/detail/get_pwm_servo_state__struct.h
[4.405s] -- Up-to-date: /home/ubuntu/ros2_wsorincp/install/ros_robot_controller_msgs/include/ros_robot_controller_msgs/ros_robot_controller_msgs/srv/get_pwm_servo_state.h
[4.405s] -- Up-to-date: /home/ubuntu/ros2_wsorincp/install/ros_robot_controller_msgs/share/ros_robot_controller_msgs/environment/library_path.sh
[4.405s] -- Up-to-date: /home/ubuntu/ros2_wsorincp/install/ros_robot_controller_msgs/share/ros_robot_controller_msgs/environment/library_path.dsv
[4.405s] -- Up-to-date: /home/ubuntu/ros2_wsorincp/install/ros_robot_controller_msgs/lib/libros_robot_controller_msgs__rosidl_generator_c.so
[4.405s] -- Up-to-date: /home/ubuntu/ros2_wsorincp/install/ros_robot_controller_msgs/include/ros_robot_controller_msgs/ros_robot_controller_msgs
[4.412s] -- Up-to-date: /home/ubuntu/ros2_wsorincp/install/ros_robot_controller_msgs/include/ros_robot_controller_msgs/ros_robot_controller_msgs/msg
[4.412s] -- Up-to-date: /home/ubuntu/ros2_wsorincp/install/ros_robot_controller_msgs/include/ros_robot_controller_msgs/ros_robot_controller_msgs/msg/rosidl_typesupport_fastrtps_c__visibility_control.h
[4.413s] -- Up-to-date: /home/ubuntu/ros2_wsorincp/install/ros_robot_controller_msgs/include/ros_robot_controller_msgs/ros_robot_controller_msgs/msg/detail
[4.413s] -- Up-to-date: /home/ubuntu/ros2_wsorincp/install/ros_robot_controller_msgs/include/ros_robot_controller_msgs/ros_robot_controller_msgs/msg/detail/bus_servo_state__rosidl_typesupport_fastrtps_c.h
[4.414s] -- Up-to-date: /home/ubuntu/ros2_wsorincp/install/ros_robot_controller_msgs/include/ros_robot_controller_msgs/ros_robot_controller_msgs/msg/detail/buzzer_state__rosidl_typesupport_fastrtps_c.h
[4.415s] -- Up-to-date: /home/ubuntu/ros2_wsorincp/install/ros_robot_controller_msgs/include/ros_robot_controller_msgs/ros_robot_controller_msgs/msg/detail/motor_state__rosidl_typesupport_fastrtps_c.h
[4.415s] -- Up-to-date: /home/ubuntu/ros2_wsorincp/install/ros_robot_controller_msgs/include/ros_robot_controller_msgs/ros_robot_controller_msgs/msg/detail/led_state__rosidl_typesupport_fastrtps_c.h
[4.415s] -- Up-to-date: /home/ubuntu/ros2_wsorincp/install/ros_robot_controller_msgs/include/ros_robot_controller_msgs/ros_robot_controller_msgs/msg/detail/get_pwm_servo_cmd__rosidl_typesupport_fastrtps_c.h
[4.415s] -- Up-to-date: /home/ubuntu/ros2_wsorincp/install/ros_robot_controller_msgs/include/ros_robot_controller_msgs/ros_robot_controller_msgs/msg/detail/set_pwm_servo_state__rosidl_typesupport_fastrtps_c.h
[4.416s] -- Up-to-date: /home/ubuntu/ros2_wsorincp/install/ros_robot_controller_msgs/include/ros_robot_controller_msgs/ros_robot_controller_msgs/msg/detail/button_state__rosidl_typesupport_fastrtps_c.h
[4.417s] -- Up-to-date: /home/ubuntu/ros2_wsorincp/install/ros_robot_controller_msgs/include/ros_robot_controller_msgs/ros_robot_controller_msgs/msg/detail/servo_position__rosidl_typesupport_fastrtps_c.h
[4.417s] -- Up-to-date: /home/ubuntu/ros2_wsorincp/install/ros_robot_controller_msgs/include/ros_robot_controller_msgs/ros_robot_controller_msgs/msg/detail/set_bus_servo_state__rosidl_typesupport_fastrtps_c.h
[4.417s] -- Up-to-date: /home/ubuntu/ros2_wsorincp/install/ros_robot_controller_msgs/include/ros_robot_controller_msgs/ros_robot_controller_msgs/msg/detail/motors_state__rosidl_typesupport_fastrtps_c.h
[4.417s] -- Up-to-date: /home/ubuntu/ros2_wsorincp/install/ros_robot_controller_msgs/include/ros_robot_controller_msgs/ros_robot_controller_msgs/msg/detail/sbus__rosidl_typesupport_fastrtps_c.h
[4.417s] -- Up-to-date: /home/ubuntu/ros2_wsorincp/install/ros_robot_controller_msgs/include/ros_robot_controller_msgs/ros_robot_controller_msgs/msg/detail/oled_state__rosidl_typesupport_fastrtps_c.h
[4.417s] -- Up-to-date: /home/ubuntu/ros2_wsorincp/install/ros_robot_controller_msgs/include/ros_robot_controller_msgs/ros_robot_controller_msgs/msg/detail/pwm_servo_state__rosidl_typesupport_fastrtps_c.h
[4.417s] -- Up-to-date: /home/ubuntu/ros2_wsorincp/install/ros_robot_controller_msgs/include/ros_robot_controller_msgs/ros_robot_controller_msgs/msg/detail/servos_position__rosidl_typesupport_fastrtps_c.h
[4.417s] -- Up-to-date: /home/ubuntu/ros2_wsorincp/install/ros_robot_controller_msgs/include/ros_robot_controller_msgs/ros_robot_controller_msgs/msg/detail/get_bus_servo_cmd__rosidl_typesupport_fastrtps_c.h
[4.417s] -- Up-to-date: /home/ubuntu/ros2_wsorincp/install/ros_robot_controller_msgs/include/ros_robot_controller_msgs/ros_robot_controller_msgs/srv
[4.417s] -- Up-to-date: /home/ubuntu/ros2_wsorincp/install/ros_robot_controller_msgs/include/ros_robot_controller_msgs/ros_robot_controller_msgs/srv/detail
[4.418s] -- Up-to-date: /home/ubuntu/ros2_wsorincp/install/ros_robot_controller_msgs/include/ros_robot_controller_msgs/ros_robot_controller_msgs/srv/detail/get_pwm_servo_state__rosidl_typesupport_fastrtps_c.h
[4.418s] -- Up-to-date: /home/ubuntu/ros2_wsorincp/install/ros_robot_controller_msgs/include/ros_robot_controller_msgs/ros_robot_controller_msgs/srv/detail/get_bus_servo_state__rosidl_typesupport_fastrtps_c.h
[4.419s] -- Up-to-date: /home/ubuntu/ros2_wsorincp/install/ros_robot_controller_msgs/lib/libros_robot_controller_msgs__rosidl_typesupport_fastrtps_c.so
[4.419s] -- Up-to-date: /home/ubuntu/ros2_wsorincp/install/ros_robot_controller_msgs/include/ros_robot_controller_msgs/ros_robot_controller_msgs
[4.419s] -- Up-to-date: /home/ubuntu/ros2_wsorincp/install/ros_robot_controller_msgs/include/ros_robot_controller_msgs/ros_robot_controller_msgs/msg
[4.419s] -- Up-to-date: /home/ubuntu/ros2_wsorincp/install/ros_robot_controller_msgs/include/ros_robot_controller_msgs/ros_robot_controller_msgs/msg/pwm_servo_state.hpp
[4.419s] -- Up-to-date: /home/ubuntu/ros2_wsorincp/install/ros_robot_controller_msgs/include/ros_robot_controller_msgs/ros_robot_controller_msgs/msg/motor_state.hpp
[4.419s] -- Up-to-date: /home/ubuntu/ros2_wsorincp/install/ros_robot_controller_msgs/include/ros_robot_controller_msgs/ros_robot_controller_msgs/msg/servo_position.hpp
[4.419s] -- Up-to-date: /home/ubuntu/ros2_wsorincp/install/ros_robot_controller_msgs/include/ros_robot_controller_msgs/ros_robot_controller_msgs/msg/get_pwm_servo_cmd.hpp
[4.419s] -- Up-to-date: /home/ubuntu/ros2_wsorincp/install/ros_robot_controller_msgs/include/ros_robot_controller_msgs/ros_robot_controller_msgs/msg/sbus.hpp
[4.419s] -- Up-to-date: /home/ubuntu/ros2_wsorincp/install/ros_robot_controller_msgs/include/ros_robot_controller_msgs/ros_robot_controller_msgs/msg/motors_state.hpp
[4.419s] -- Up-to-date: /home/ubuntu/ros2_wsorincp/install/ros_robot_controller_msgs/include/ros_robot_controller_msgs/ros_robot_controller_msgs/msg/set_bus_servo_state.hpp
[4.419s] -- Up-to-date: /home/ubuntu/ros2_wsorincp/install/ros_robot_controller_msgs/include/ros_robot_controller_msgs/ros_robot_controller_msgs/msg/set_pwm_servo_state.hpp
[4.419s] -- Up-to-date: /home/ubuntu/ros2_wsorincp/install/ros_robot_controller_msgs/include/ros_robot_controller_msgs/ros_robot_controller_msgs/msg/led_state.hpp
[4.419s] -- Up-to-date: /home/ubuntu/ros2_wsorincp/install/ros_robot_controller_msgs/include/ros_robot_controller_msgs/ros_robot_controller_msgs/msg/oled_state.hpp
[4.419s] -- Up-to-date: /home/ubuntu/ros2_wsorincp/install/ros_robot_controller_msgs/include/ros_robot_controller_msgs/ros_robot_controller_msgs/msg/buzzer_state.hpp
[4.420s] -- Up-to-date: /home/ubuntu/ros2_wsorincp/install/ros_robot_controller_msgs/include/ros_robot_controller_msgs/ros_robot_controller_msgs/msg/bus_servo_state.hpp
[4.420s] -- Up-to-date: /home/ubuntu/ros2_wsorincp/install/ros_robot_controller_msgs/include/ros_robot_controller_msgs/ros_robot_controller_msgs/msg/button_state.hpp
[4.420s] -- Up-to-date: /home/ubuntu/ros2_wsorincp/install/ros_robot_controller_msgs/include/ros_robot_controller_msgs/ros_robot_controller_msgs/msg/detail
[4.420s] -- Up-to-date: /home/ubuntu/ros2_wsorincp/install/ros_robot_controller_msgs/include/ros_robot_controller_msgs/ros_robot_controller_msgs/msg/detail/servos_position__traits.hpp
[4.420s] -- Up-to-date: /home/ubuntu/ros2_wsorincp/install/ros_robot_controller_msgs/include/ros_robot_controller_msgs/ros_robot_controller_msgs/msg/detail/motor_state__builder.hpp
[4.420s] -- Up-to-date: /home/ubuntu/ros2_wsorincp/install/ros_robot_controller_msgs/include/ros_robot_controller_msgs/ros_robot_controller_msgs/msg/detail/buzzer_state__builder.hpp
[4.420s] -- Up-to-date: /home/ubuntu/ros2_wsorincp/install/ros_robot_controller_msgs/include/ros_robot_controller_msgs/ros_robot_controller_msgs/msg/detail/set_pwm_servo_state__traits.hpp
[4.422s] -- Up-to-date: /home/ubuntu/ros2_wsorincp/install/ros_robot_controller_msgs/include/ros_robot_controller_msgs/ros_robot_controller_msgs/msg/detail/set_bus_servo_state__struct.hpp
[4.422s] -- Up-to-date: /home/ubuntu/ros2_wsorincp/install/ros_robot_controller_msgs/include/ros_robot_controller_msgs/ros_robot_controller_msgs/msg/detail/buzzer_state__struct.hpp
[4.422s] -- Up-to-date: /home/ubuntu/ros2_wsorincp/install/ros_robot_controller_msgs/include/ros_robot_controller_msgs/ros_robot_controller_msgs/msg/detail/servo_position__traits.hpp
[4.422s] -- Up-to-date: /home/ubuntu/ros2_wsorincp/install/ros_robot_controller_msgs/include/ros_robot_controller_msgs/ros_robot_controller_msgs/msg/detail/servos_position__struct.hpp
[4.422s] -- Up-to-date: /home/ubuntu/ros2_wsorincp/install/ros_robot_controller_msgs/include/ros_robot_controller_msgs/ros_robot_controller_msgs/msg/detail/oled_state__traits.hpp
[4.422s] -- Up-to-date: /home/ubuntu/ros2_wsorincp/install/ros_robot_controller_msgs/include/ros_robot_controller_msgs/ros_robot_controller_msgs/msg/detail/servo_position__builder.hpp
[4.422s] -- Up-to-date: /home/ubuntu/ros2_wsorincp/install/ros_robot_controller_msgs/include/ros_robot_controller_msgs/ros_robot_controller_msgs/msg/detail/motors_state__traits.hpp
[4.422s] -- Up-to-date: /home/ubuntu/ros2_wsorincp/install/ros_robot_controller_msgs/include/ros_robot_controller_msgs/ros_robot_controller_msgs/msg/detail/oled_state__builder.hpp
[4.423s] -- Up-to-date: /home/ubuntu/ros2_wsorincp/install/ros_robot_controller_msgs/include/ros_robot_controller_msgs/ros_robot_controller_msgs/msg/detail/button_state__builder.hpp
[4.423s] -- Up-to-date: /home/ubuntu/ros2_wsorincp/install/ros_robot_controller_msgs/include/ros_robot_controller_msgs/ros_robot_controller_msgs/msg/detail/get_bus_servo_cmd__struct.hpp
[4.423s] -- Up-to-date: /home/ubuntu/ros2_wsorincp/install/ros_robot_controller_msgs/include/ros_robot_controller_msgs/ros_robot_controller_msgs/msg/detail/buzzer_state__traits.hpp
[4.423s] -- Up-to-date: /home/ubuntu/ros2_wsorincp/install/ros_robot_controller_msgs/include/ros_robot_controller_msgs/ros_robot_controller_msgs/msg/detail/button_state__struct.hpp
[4.423s] -- Up-to-date: /home/ubuntu/ros2_wsorincp/install/ros_robot_controller_msgs/include/ros_robot_controller_msgs/ros_robot_controller_msgs/msg/detail/bus_servo_state__builder.hpp
[4.423s] -- Up-to-date: /home/ubuntu/ros2_wsorincp/install/ros_robot_controller_msgs/include/ros_robot_controller_msgs/ros_robot_controller_msgs/msg/detail/set_bus_servo_state__traits.hpp
[4.423s] -- Up-to-date: /home/ubuntu/ros2_wsorincp/install/ros_robot_controller_msgs/include/ros_robot_controller_msgs/ros_robot_controller_msgs/msg/detail/get_bus_servo_cmd__traits.hpp
[4.423s] -- Up-to-date: /home/ubuntu/ros2_wsorincp/install/ros_robot_controller_msgs/include/ros_robot_controller_msgs/ros_robot_controller_msgs/msg/detail/get_pwm_servo_cmd__struct.hpp
[4.423s] -- Up-to-date: /home/ubuntu/ros2_wsorincp/install/ros_robot_controller_msgs/include/ros_robot_controller_msgs/ros_robot_controller_msgs/msg/detail/led_state__struct.hpp
[4.423s] -- Up-to-date: /home/ubuntu/ros2_wsorincp/install/ros_robot_controller_msgs/include/ros_robot_controller_msgs/ros_robot_controller_msgs/msg/detail/bus_servo_state__struct.hpp
[4.423s] -- Up-to-date: /home/ubuntu/ros2_wsorincp/install/ros_robot_controller_msgs/include/ros_robot_controller_msgs/ros_robot_controller_msgs/msg/detail/sbus__builder.hpp
[4.423s] -- Up-to-date: /home/ubuntu/ros2_wsorincp/install/ros_robot_controller_msgs/include/ros_robot_controller_msgs/ros_robot_controller_msgs/msg/detail/sbus__traits.hpp
[4.423s] -- Up-to-date: /home/ubuntu/ros2_wsorincp/install/ros_robot_controller_msgs/include/ros_robot_controller_msgs/ros_robot_controller_msgs/msg/detail/motor_state__traits.hpp
[4.423s] -- Up-to-date: /home/ubuntu/ros2_wsorincp/install/ros_robot_controller_msgs/include/ros_robot_controller_msgs/ros_robot_controller_msgs/msg/detail/set_pwm_servo_state__struct.hpp
[4.423s] -- Up-to-date: /home/ubuntu/ros2_wsorincp/install/ros_robot_controller_msgs/include/ros_robot_controller_msgs/ros_robot_controller_msgs/msg/detail/pwm_servo_state__traits.hpp
[4.424s] -- Up-to-date: /home/ubuntu/ros2_wsorincp/install/ros_robot_controller_msgs/include/ros_robot_controller_msgs/ros_robot_controller_msgs/msg/detail/get_pwm_servo_cmd__traits.hpp
[4.424s] -- Up-to-date: /home/ubuntu/ros2_wsorincp/install/ros_robot_controller_msgs/include/ros_robot_controller_msgs/ros_robot_controller_msgs/msg/detail/motors_state__struct.hpp
[4.424s] -- Up-to-date: /home/ubuntu/ros2_wsorincp/install/ros_robot_controller_msgs/include/ros_robot_controller_msgs/ros_robot_controller_msgs/msg/detail/motor_state__struct.hpp
[4.424s] -- Up-to-date: /home/ubuntu/ros2_wsorincp/install/ros_robot_controller_msgs/include/ros_robot_controller_msgs/ros_robot_controller_msgs/msg/detail/pwm_servo_state__builder.hpp
[4.424s] -- Up-to-date: /home/ubuntu/ros2_wsorincp/install/ros_robot_controller_msgs/include/ros_robot_controller_msgs/ros_robot_controller_msgs/msg/detail/get_pwm_servo_cmd__builder.hpp
[4.424s] -- Up-to-date: /home/ubuntu/ros2_wsorincp/install/ros_robot_controller_msgs/include/ros_robot_controller_msgs/ros_robot_controller_msgs/msg/detail/servos_position__builder.hpp
[4.424s] -- Up-to-date: /home/ubuntu/ros2_wsorincp/install/ros_robot_controller_msgs/include/ros_robot_controller_msgs/ros_robot_controller_msgs/msg/detail/get_bus_servo_cmd__builder.hpp
[4.424s] -- Up-to-date: /home/ubuntu/ros2_wsorincp/install/ros_robot_controller_msgs/include/ros_robot_controller_msgs/ros_robot_controller_msgs/msg/detail/servo_position__struct.hpp
[4.424s] -- Up-to-date: /home/ubuntu/ros2_wsorincp/install/ros_robot_controller_msgs/include/ros_robot_controller_msgs/ros_robot_controller_msgs/msg/detail/sbus__struct.hpp
[4.424s] -- Up-to-date: /home/ubuntu/ros2_wsorincp/install/ros_robot_controller_msgs/include/ros_robot_controller_msgs/ros_robot_controller_msgs/msg/detail/oled_state__struct.hpp
[4.424s] -- Up-to-date: /home/ubuntu/ros2_wsorincp/install/ros_robot_controller_msgs/include/ros_robot_controller_msgs/ros_robot_controller_msgs/msg/detail/button_state__traits.hpp
[4.424s] -- Up-to-date: /home/ubuntu/ros2_wsorincp/install/ros_robot_controller_msgs/include/ros_robot_controller_msgs/ros_robot_controller_msgs/msg/detail/bus_servo_state__traits.hpp
[4.424s] -- Up-to-date: /home/ubuntu/ros2_wsorincp/install/ros_robot_controller_msgs/include/ros_robot_controller_msgs/ros_robot_controller_msgs/msg/detail/pwm_servo_state__struct.hpp
[4.424s] -- Up-to-date: /home/ubuntu/ros2_wsorincp/install/ros_robot_controller_msgs/include/ros_robot_controller_msgs/ros_robot_controller_msgs/msg/detail/set_pwm_servo_state__builder.hpp
[4.424s] -- Up-to-date: /home/ubuntu/ros2_wsorincp/install/ros_robot_controller_msgs/include/ros_robot_controller_msgs/ros_robot_controller_msgs/msg/detail/led_state__builder.hpp
[4.424s] -- Up-to-date: /home/ubuntu/ros2_wsorincp/install/ros_robot_controller_msgs/include/ros_robot_controller_msgs/ros_robot_controller_msgs/msg/detail/set_bus_servo_state__builder.hpp
[4.425s] -- Up-to-date: /home/ubuntu/ros2_wsorincp/install/ros_robot_controller_msgs/include/ros_robot_controller_msgs/ros_robot_controller_msgs/msg/detail/motors_state__builder.hpp
[4.425s] -- Up-to-date: /home/ubuntu/ros2_wsorincp/install/ros_robot_controller_msgs/include/ros_robot_controller_msgs/ros_robot_controller_msgs/msg/detail/led_state__traits.hpp
[4.425s] -- Up-to-date: /home/ubuntu/ros2_wsorincp/install/ros_robot_controller_msgs/include/ros_robot_controller_msgs/ros_robot_controller_msgs/msg/get_bus_servo_cmd.hpp
[4.425s] -- Up-to-date: /home/ubuntu/ros2_wsorincp/install/ros_robot_controller_msgs/include/ros_robot_controller_msgs/ros_robot_controller_msgs/msg/servos_position.hpp
[4.425s] -- Up-to-date: /home/ubuntu/ros2_wsorincp/install/ros_robot_controller_msgs/include/ros_robot_controller_msgs/ros_robot_controller_msgs/srv
[4.425s] -- Up-to-date: /home/ubuntu/ros2_wsorincp/install/ros_robot_controller_msgs/include/ros_robot_controller_msgs/ros_robot_controller_msgs/srv/get_pwm_servo_state.hpp
[4.425s] -- Up-to-date: /home/ubuntu/ros2_wsorincp/install/ros_robot_controller_msgs/include/ros_robot_controller_msgs/ros_robot_controller_msgs/srv/get_bus_servo_state.hpp
[4.425s] -- Up-to-date: /home/ubuntu/ros2_wsorincp/install/ros_robot_controller_msgs/include/ros_robot_controller_msgs/ros_robot_controller_msgs/srv/detail
[4.425s] -- Up-to-date: /home/ubuntu/ros2_wsorincp/install/ros_robot_controller_msgs/include/ros_robot_controller_msgs/ros_robot_controller_msgs/srv/detail/get_pwm_servo_state__struct.hpp
[4.425s] -- Up-to-date: /home/ubuntu/ros2_wsorincp/install/ros_robot_controller_msgs/include/ros_robot_controller_msgs/ros_robot_controller_msgs/srv/detail/get_bus_servo_state__builder.hpp
[4.425s] -- Up-to-date: /home/ubuntu/ros2_wsorincp/install/ros_robot_controller_msgs/include/ros_robot_controller_msgs/ros_robot_controller_msgs/srv/detail/get_pwm_servo_state__traits.hpp
[4.427s] -- Up-to-date: /home/ubuntu/ros2_wsorincp/install/ros_robot_controller_msgs/include/ros_robot_controller_msgs/ros_robot_controller_msgs/srv/detail/get_bus_servo_state__struct.hpp
[4.427s] -- Up-to-date: /home/ubuntu/ros2_wsorincp/install/ros_robot_controller_msgs/include/ros_robot_controller_msgs/ros_robot_controller_msgs/srv/detail/get_bus_servo_state__traits.hpp
[4.427s] -- Up-to-date: /home/ubuntu/ros2_wsorincp/install/ros_robot_controller_msgs/include/ros_robot_controller_msgs/ros_robot_controller_msgs/srv/detail/get_pwm_servo_state__builder.hpp
[4.427s] -- Up-to-date: /home/ubuntu/ros2_wsorincp/install/ros_robot_controller_msgs/include/ros_robot_controller_msgs/ros_robot_controller_msgs
[4.427s] -- Up-to-date: /home/ubuntu/ros2_wsorincp/install/ros_robot_controller_msgs/include/ros_robot_controller_msgs/ros_robot_controller_msgs/msg
[4.427s] -- Up-to-date: /home/ubuntu/ros2_wsorincp/install/ros_robot_controller_msgs/include/ros_robot_controller_msgs/ros_robot_controller_msgs/msg/rosidl_typesupport_fastrtps_cpp__visibility_control.h
[4.427s] -- Up-to-date: /home/ubuntu/ros2_wsorincp/install/ros_robot_controller_msgs/include/ros_robot_controller_msgs/ros_robot_controller_msgs/msg/detail
[4.427s] -- Up-to-date: /home/ubuntu/ros2_wsorincp/install/ros_robot_controller_msgs/include/ros_robot_controller_msgs/ros_robot_controller_msgs/msg/detail/oled_state__rosidl_typesupport_fastrtps_cpp.hpp
[4.427s] -- Up-to-date: /home/ubuntu/ros2_wsorincp/install/ros_robot_controller_msgs/include/ros_robot_controller_msgs/ros_robot_controller_msgs/msg/detail/set_bus_servo_state__rosidl_typesupport_fastrtps_cpp.hpp
[4.427s] -- Up-to-date: /home/ubuntu/ros2_wsorincp/install/ros_robot_controller_msgs/include/ros_robot_controller_msgs/ros_robot_controller_msgs/msg/detail/buzzer_state__rosidl_typesupport_fastrtps_cpp.hpp
[4.427s] -- Up-to-date: /home/ubuntu/ros2_wsorincp/install/ros_robot_controller_msgs/include/ros_robot_controller_msgs/ros_robot_controller_msgs/msg/detail/servos_position__rosidl_typesupport_fastrtps_cpp.hpp
[4.427s] -- Up-to-date: /home/ubuntu/ros2_wsorincp/install/ros_robot_controller_msgs/include/ros_robot_controller_msgs/ros_robot_controller_msgs/msg/detail/sbus__rosidl_typesupport_fastrtps_cpp.hpp
[4.428s] -- Up-to-date: /home/ubuntu/ros2_wsorincp/install/ros_robot_controller_msgs/include/ros_robot_controller_msgs/ros_robot_controller_msgs/msg/detail/dds_fastrtps
[4.428s] -- Up-to-date: /home/ubuntu/ros2_wsorincp/install/ros_robot_controller_msgs/include/ros_robot_controller_msgs/ros_robot_controller_msgs/msg/detail/pwm_servo_state__rosidl_typesupport_fastrtps_cpp.hpp
[4.428s] -- Up-to-date: /home/ubuntu/ros2_wsorincp/install/ros_robot_controller_msgs/include/ros_robot_controller_msgs/ros_robot_controller_msgs/msg/detail/servo_position__rosidl_typesupport_fastrtps_cpp.hpp
[4.428s] -- Up-to-date: /home/ubuntu/ros2_wsorincp/install/ros_robot_controller_msgs/include/ros_robot_controller_msgs/ros_robot_controller_msgs/msg/detail/get_bus_servo_cmd__rosidl_typesupport_fastrtps_cpp.hpp
[4.428s] -- Up-to-date: /home/ubuntu/ros2_wsorincp/install/ros_robot_controller_msgs/include/ros_robot_controller_msgs/ros_robot_controller_msgs/msg/detail/set_pwm_servo_state__rosidl_typesupport_fastrtps_cpp.hpp
[4.428s] -- Up-to-date: /home/ubuntu/ros2_wsorincp/install/ros_robot_controller_msgs/include/ros_robot_controller_msgs/ros_robot_controller_msgs/msg/detail/led_state__rosidl_typesupport_fastrtps_cpp.hpp
[4.428s] -- Up-to-date: /home/ubuntu/ros2_wsorincp/install/ros_robot_controller_msgs/include/ros_robot_controller_msgs/ros_robot_controller_msgs/msg/detail/get_pwm_servo_cmd__rosidl_typesupport_fastrtps_cpp.hpp
[4.428s] -- Up-to-date: /home/ubuntu/ros2_wsorincp/install/ros_robot_controller_msgs/include/ros_robot_controller_msgs/ros_robot_controller_msgs/msg/detail/motor_state__rosidl_typesupport_fastrtps_cpp.hpp
[4.428s] -- Up-to-date: /home/ubuntu/ros2_wsorincp/install/ros_robot_controller_msgs/include/ros_robot_controller_msgs/ros_robot_controller_msgs/msg/detail/button_state__rosidl_typesupport_fastrtps_cpp.hpp
[4.428s] -- Up-to-date: /home/ubuntu/ros2_wsorincp/install/ros_robot_controller_msgs/include/ros_robot_controller_msgs/ros_robot_controller_msgs/msg/detail/bus_servo_state__rosidl_typesupport_fastrtps_cpp.hpp
[4.428s] -- Up-to-date: /home/ubuntu/ros2_wsorincp/install/ros_robot_controller_msgs/include/ros_robot_controller_msgs/ros_robot_controller_msgs/msg/detail/motors_state__rosidl_typesupport_fastrtps_cpp.hpp
[4.428s] -- Up-to-date: /home/ubuntu/ros2_wsorincp/install/ros_robot_controller_msgs/include/ros_robot_controller_msgs/ros_robot_controller_msgs/srv
[4.429s] -- Up-to-date: /home/ubuntu/ros2_wsorincp/install/ros_robot_controller_msgs/include/ros_robot_controller_msgs/ros_robot_controller_msgs/srv/detail
[4.429s] -- Up-to-date: /home/ubuntu/ros2_wsorincp/install/ros_robot_controller_msgs/include/ros_robot_controller_msgs/ros_robot_controller_msgs/srv/detail/get_bus_servo_state__rosidl_typesupport_fastrtps_cpp.hpp
[4.429s] -- Up-to-date: /home/ubuntu/ros2_wsorincp/install/ros_robot_controller_msgs/include/ros_robot_controller_msgs/ros_robot_controller_msgs/srv/detail/get_pwm_servo_state__rosidl_typesupport_fastrtps_cpp.hpp
[4.429s] -- Up-to-date: /home/ubuntu/ros2_wsorincp/install/ros_robot_controller_msgs/include/ros_robot_controller_msgs/ros_robot_controller_msgs/srv/detail/dds_fastrtps
[4.429s] -- Up-to-date: /home/ubuntu/ros2_wsorincp/install/ros_robot_controller_msgs/lib/libros_robot_controller_msgs__rosidl_typesupport_fastrtps_cpp.so
[4.429s] -- Up-to-date: /home/ubuntu/ros2_wsorincp/install/ros_robot_controller_msgs/include/ros_robot_controller_msgs/ros_robot_controller_msgs
[4.429s] -- Up-to-date: /home/ubuntu/ros2_wsorincp/install/ros_robot_controller_msgs/include/ros_robot_controller_msgs/ros_robot_controller_msgs/msg
[4.429s] -- Up-to-date: /home/ubuntu/ros2_wsorincp/install/ros_robot_controller_msgs/include/ros_robot_controller_msgs/ros_robot_controller_msgs/msg/rosidl_typesupport_introspection_c__visibility_control.h
[4.429s] -- Up-to-date: /home/ubuntu/ros2_wsorincp/install/ros_robot_controller_msgs/include/ros_robot_controller_msgs/ros_robot_controller_msgs/msg/detail
[4.429s] -- Up-to-date: /home/ubuntu/ros2_wsorincp/install/ros_robot_controller_msgs/include/ros_robot_controller_msgs/ros_robot_controller_msgs/msg/detail/button_state__rosidl_typesupport_introspection_c.h
[4.429s] -- Up-to-date: /home/ubuntu/ros2_wsorincp/install/ros_robot_controller_msgs/include/ros_robot_controller_msgs/ros_robot_controller_msgs/msg/detail/servos_position__type_support.c
[4.429s] -- Up-to-date: /home/ubuntu/ros2_wsorincp/install/ros_robot_controller_msgs/include/ros_robot_controller_msgs/ros_robot_controller_msgs/msg/detail/get_bus_servo_cmd__rosidl_typesupport_introspection_c.h
[4.430s] -- Up-to-date: /home/ubuntu/ros2_wsorincp/install/ros_robot_controller_msgs/include/ros_robot_controller_msgs/ros_robot_controller_msgs/msg/detail/sbus__type_support.c
[4.430s] -- Up-to-date: /home/ubuntu/ros2_wsorincp/install/ros_robot_controller_msgs/include/ros_robot_controller_msgs/ros_robot_controller_msgs/msg/detail/buzzer_state__type_support.c
[4.430s] -- Up-to-date: /home/ubuntu/ros2_wsorincp/install/ros_robot_controller_msgs/include/ros_robot_controller_msgs/ros_robot_controller_msgs/msg/detail/sbus__rosidl_typesupport_introspection_c.h
[4.430s] -- Up-to-date: /home/ubuntu/ros2_wsorincp/install/ros_robot_controller_msgs/include/ros_robot_controller_msgs/ros_robot_controller_msgs/msg/detail/motor_state__type_support.c
[4.431s] -- Up-to-date: /home/ubuntu/ros2_wsorincp/install/ros_robot_controller_msgs/include/ros_robot_controller_msgs/ros_robot_controller_msgs/msg/detail/pwm_servo_state__rosidl_typesupport_introspection_c.h
[4.431s] -- Up-to-date: /home/ubuntu/ros2_wsorincp/install/ros_robot_controller_msgs/include/ros_robot_controller_msgs/ros_robot_controller_msgs/msg/detail/servos_position__rosidl_typesupport_introspection_c.h
[4.431s] -- Up-to-date: /home/ubuntu/ros2_wsorincp/install/ros_robot_controller_msgs/include/ros_robot_controller_msgs/ros_robot_controller_msgs/msg/detail/set_pwm_servo_state__rosidl_typesupport_introspection_c.h
[4.431s] -- Up-to-date: /home/ubuntu/ros2_wsorincp/install/ros_robot_controller_msgs/include/ros_robot_controller_msgs/ros_robot_controller_msgs/msg/detail/led_state__type_support.c
[4.432s] -- Up-to-date: /home/ubuntu/ros2_wsorincp/install/ros_robot_controller_msgs/include/ros_robot_controller_msgs/ros_robot_controller_msgs/msg/detail/led_state__rosidl_typesupport_introspection_c.h
[4.432s] -- Up-to-date: /home/ubuntu/ros2_wsorincp/install/ros_robot_controller_msgs/include/ros_robot_controller_msgs/ros_robot_controller_msgs/msg/detail/servo_position__type_support.c
[4.432s] -- Up-to-date: /home/ubuntu/ros2_wsorincp/install/ros_robot_controller_msgs/include/ros_robot_controller_msgs/ros_robot_controller_msgs/msg/detail/get_bus_servo_cmd__type_support.c
[4.432s] -- Up-to-date: /home/ubuntu/ros2_wsorincp/install/ros_robot_controller_msgs/include/ros_robot_controller_msgs/ros_robot_controller_msgs/msg/detail/oled_state__rosidl_typesupport_introspection_c.h
[4.432s] -- Up-to-date: /home/ubuntu/ros2_wsorincp/install/ros_robot_controller_msgs/include/ros_robot_controller_msgs/ros_robot_controller_msgs/msg/detail/get_pwm_servo_cmd__type_support.c
[4.432s] -- Up-to-date: /home/ubuntu/ros2_wsorincp/install/ros_robot_controller_msgs/include/ros_robot_controller_msgs/ros_robot_controller_msgs/msg/detail/motors_state__type_support.c
[4.432s] -- Up-to-date: /home/ubuntu/ros2_wsorincp/install/ros_robot_controller_msgs/include/ros_robot_controller_msgs/ros_robot_controller_msgs/msg/detail/oled_state__type_support.c
[4.432s] -- Up-to-date: /home/ubuntu/ros2_wsorincp/install/ros_robot_controller_msgs/include/ros_robot_controller_msgs/ros_robot_controller_msgs/msg/detail/bus_servo_state__rosidl_typesupport_introspection_c.h
[4.434s] -- Up-to-date: /home/ubuntu/ros2_wsorincp/install/ros_robot_controller_msgs/include/ros_robot_controller_msgs/ros_robot_controller_msgs/msg/detail/bus_servo_state__type_support.c
[4.434s] -- Up-to-date: /home/ubuntu/ros2_wsorincp/install/ros_robot_controller_msgs/include/ros_robot_controller_msgs/ros_robot_controller_msgs/msg/detail/set_pwm_servo_state__type_support.c
[4.435s] -- Up-to-date: /home/ubuntu/ros2_wsorincp/install/ros_robot_controller_msgs/include/ros_robot_controller_msgs/ros_robot_controller_msgs/msg/detail/button_state__type_support.c
[4.435s] -- Up-to-date: /home/ubuntu/ros2_wsorincp/install/ros_robot_controller_msgs/include/ros_robot_controller_msgs/ros_robot_controller_msgs/msg/detail/buzzer_state__rosidl_typesupport_introspection_c.h
[4.435s] -- Up-to-date: /home/ubuntu/ros2_wsorincp/install/ros_robot_controller_msgs/include/ros_robot_controller_msgs/ros_robot_controller_msgs/msg/detail/pwm_servo_state__type_support.c
[4.435s] -- Up-to-date: /home/ubuntu/ros2_wsorincp/install/ros_robot_controller_msgs/include/ros_robot_controller_msgs/ros_robot_controller_msgs/msg/detail/get_pwm_servo_cmd__rosidl_typesupport_introspection_c.h
[4.435s] -- Up-to-date: /home/ubuntu/ros2_wsorincp/install/ros_robot_controller_msgs/include/ros_robot_controller_msgs/ros_robot_controller_msgs/msg/detail/servo_position__rosidl_typesupport_introspection_c.h
[4.435s] -- Up-to-date: /home/ubuntu/ros2_wsorincp/install/ros_robot_controller_msgs/include/ros_robot_controller_msgs/ros_robot_controller_msgs/msg/detail/set_bus_servo_state__rosidl_typesupport_introspection_c.h
[4.435s] -- Up-to-date: /home/ubuntu/ros2_wsorincp/install/ros_robot_controller_msgs/include/ros_robot_controller_msgs/ros_robot_controller_msgs/msg/detail/set_bus_servo_state__type_support.c
[4.435s] -- Up-to-date: /home/ubuntu/ros2_wsorincp/install/ros_robot_controller_msgs/include/ros_robot_controller_msgs/ros_robot_controller_msgs/msg/detail/motors_state__rosidl_typesupport_introspection_c.h
[4.435s] -- Up-to-date: /home/ubuntu/ros2_wsorincp/install/ros_robot_controller_msgs/include/ros_robot_controller_msgs/ros_robot_controller_msgs/msg/detail/motor_state__rosidl_typesupport_introspection_c.h
[4.435s] -- Up-to-date: /home/ubuntu/ros2_wsorincp/install/ros_robot_controller_msgs/include/ros_robot_controller_msgs/ros_robot_controller_msgs/srv
[4.436s] -- Up-to-date: /home/ubuntu/ros2_wsorincp/install/ros_robot_controller_msgs/include/ros_robot_controller_msgs/ros_robot_controller_msgs/srv/detail
[4.436s] -- Up-to-date: /home/ubuntu/ros2_wsorincp/install/ros_robot_controller_msgs/include/ros_robot_controller_msgs/ros_robot_controller_msgs/srv/detail/get_pwm_servo_state__type_support.c
[4.436s] -- Up-to-date: /home/ubuntu/ros2_wsorincp/install/ros_robot_controller_msgs/include/ros_robot_controller_msgs/ros_robot_controller_msgs/srv/detail/get_bus_servo_state__type_support.c
[4.436s] -- Up-to-date: /home/ubuntu/ros2_wsorincp/install/ros_robot_controller_msgs/include/ros_robot_controller_msgs/ros_robot_controller_msgs/srv/detail/get_bus_servo_state__rosidl_typesupport_introspection_c.h
[4.436s] -- Up-to-date: /home/ubuntu/ros2_wsorincp/install/ros_robot_controller_msgs/include/ros_robot_controller_msgs/ros_robot_controller_msgs/srv/detail/get_pwm_servo_state__rosidl_typesupport_introspection_c.h
[4.436s] -- Up-to-date: /home/ubuntu/ros2_wsorincp/install/ros_robot_controller_msgs/lib/libros_robot_controller_msgs__rosidl_typesupport_introspection_c.so
[4.436s] -- Up-to-date: /home/ubuntu/ros2_wsorincp/install/ros_robot_controller_msgs/lib/libros_robot_controller_msgs__rosidl_typesupport_c.so
[4.436s] -- Up-to-date: /home/ubuntu/ros2_wsorincp/install/ros_robot_controller_msgs/include/ros_robot_controller_msgs/ros_robot_controller_msgs
[4.437s] -- Up-to-date: /home/ubuntu/ros2_wsorincp/install/ros_robot_controller_msgs/include/ros_robot_controller_msgs/ros_robot_controller_msgs/msg
[4.437s] -- Up-to-date: /home/ubuntu/ros2_wsorincp/install/ros_robot_controller_msgs/include/ros_robot_controller_msgs/ros_robot_controller_msgs/msg/detail
[4.437s] -- Up-to-date: /home/ubuntu/ros2_wsorincp/install/ros_robot_controller_msgs/include/ros_robot_controller_msgs/ros_robot_controller_msgs/msg/detail/motors_state__rosidl_typesupport_introspection_cpp.hpp
[4.437s] -- Up-to-date: /home/ubuntu/ros2_wsorincp/install/ros_robot_controller_msgs/include/ros_robot_controller_msgs/ros_robot_controller_msgs/msg/detail/set_pwm_servo_state__rosidl_typesupport_introspection_cpp.hpp
[4.437s] -- Up-to-date: /home/ubuntu/ros2_wsorincp/install/ros_robot_controller_msgs/include/ros_robot_controller_msgs/ros_robot_controller_msgs/msg/detail/pwm_servo_state__rosidl_typesupport_introspection_cpp.hpp
[4.437s] -- Up-to-date: /home/ubuntu/ros2_wsorincp/install/ros_robot_controller_msgs/include/ros_robot_controller_msgs/ros_robot_controller_msgs/msg/detail/get_pwm_servo_cmd__rosidl_typesupport_introspection_cpp.hpp
[4.437s] -- Up-to-date: /home/ubuntu/ros2_wsorincp/install/ros_robot_controller_msgs/include/ros_robot_controller_msgs/ros_robot_controller_msgs/msg/detail/sbus__type_support.cpp
[4.437s] -- Up-to-date: /home/ubuntu/ros2_wsorincp/install/ros_robot_controller_msgs/include/ros_robot_controller_msgs/ros_robot_controller_msgs/msg/detail/sbus__rosidl_typesupport_introspection_cpp.hpp
[4.437s] -- Up-to-date: /home/ubuntu/ros2_wsorincp/install/ros_robot_controller_msgs/include/ros_robot_controller_msgs/ros_robot_controller_msgs/msg/detail/servos_position__type_support.cpp
[4.437s] -- Up-to-date: /home/ubuntu/ros2_wsorincp/install/ros_robot_controller_msgs/include/ros_robot_controller_msgs/ros_robot_controller_msgs/msg/detail/get_pwm_servo_cmd__type_support.cpp
[4.437s] -- Up-to-date: /home/ubuntu/ros2_wsorincp/install/ros_robot_controller_msgs/include/ros_robot_controller_msgs/ros_robot_controller_msgs/msg/detail/oled_state__rosidl_typesupport_introspection_cpp.hpp
[4.437s] -- Up-to-date: /home/ubuntu/ros2_wsorincp/install/ros_robot_controller_msgs/include/ros_robot_controller_msgs/ros_robot_controller_msgs/msg/detail/led_state__rosidl_typesupport_introspection_cpp.hpp
[4.437s] -- Up-to-date: /home/ubuntu/ros2_wsorincp/install/ros_robot_controller_msgs/include/ros_robot_controller_msgs/ros_robot_controller_msgs/msg/detail/servos_position__rosidl_typesupport_introspection_cpp.hpp
[4.438s] -- Up-to-date: /home/ubuntu/ros2_wsorincp/install/ros_robot_controller_msgs/include/ros_robot_controller_msgs/ros_robot_controller_msgs/msg/detail/set_pwm_servo_state__type_support.cpp
[4.438s] -- Up-to-date: /home/ubuntu/ros2_wsorincp/install/ros_robot_controller_msgs/include/ros_robot_controller_msgs/ros_robot_controller_msgs/msg/detail/led_state__type_support.cpp
[4.438s] -- Up-to-date: /home/ubuntu/ros2_wsorincp/install/ros_robot_controller_msgs/include/ros_robot_controller_msgs/ros_robot_controller_msgs/msg/detail/get_bus_servo_cmd__type_support.cpp
[4.438s] -- Up-to-date: /home/ubuntu/ros2_wsorincp/install/ros_robot_controller_msgs/include/ros_robot_controller_msgs/ros_robot_controller_msgs/msg/detail/bus_servo_state__rosidl_typesupport_introspection_cpp.hpp
[4.438s] -- Up-to-date: /home/ubuntu/ros2_wsorincp/install/ros_robot_controller_msgs/include/ros_robot_controller_msgs/ros_robot_controller_msgs/msg/detail/set_bus_servo_state__type_support.cpp
[4.438s] -- Up-to-date: /home/ubuntu/ros2_wsorincp/install/ros_robot_controller_msgs/include/ros_robot_controller_msgs/ros_robot_controller_msgs/msg/detail/pwm_servo_state__type_support.cpp
[4.438s] -- Up-to-date: /home/ubuntu/ros2_wsorincp/install/ros_robot_controller_msgs/include/ros_robot_controller_msgs/ros_robot_controller_msgs/msg/detail/oled_state__type_support.cpp
[4.438s] -- Up-to-date: /home/ubuntu/ros2_wsorincp/install/ros_robot_controller_msgs/include/ros_robot_controller_msgs/ros_robot_controller_msgs/msg/detail/set_bus_servo_state__rosidl_typesupport_introspection_cpp.hpp
[4.438s] -- Up-to-date: /home/ubuntu/ros2_wsorincp/install/ros_robot_controller_msgs/include/ros_robot_controller_msgs/ros_robot_controller_msgs/msg/detail/servo_position__rosidl_typesupport_introspection_cpp.hpp
[4.438s] -- Up-to-date: /home/ubuntu/ros2_wsorincp/install/ros_robot_controller_msgs/include/ros_robot_controller_msgs/ros_robot_controller_msgs/msg/detail/motors_state__type_support.cpp
[4.438s] -- Up-to-date: /home/ubuntu/ros2_wsorincp/install/ros_robot_controller_msgs/include/ros_robot_controller_msgs/ros_robot_controller_msgs/msg/detail/get_bus_servo_cmd__rosidl_typesupport_introspection_cpp.hpp
[4.439s] -- Up-to-date: /home/ubuntu/ros2_wsorincp/install/ros_robot_controller_msgs/include/ros_robot_controller_msgs/ros_robot_controller_msgs/msg/detail/button_state__type_support.cpp
[4.439s] -- Up-to-date: /home/ubuntu/ros2_wsorincp/install/ros_robot_controller_msgs/include/ros_robot_controller_msgs/ros_robot_controller_msgs/msg/detail/button_state__rosidl_typesupport_introspection_cpp.hpp
[4.439s] -- Up-to-date: /home/ubuntu/ros2_wsorincp/install/ros_robot_controller_msgs/include/ros_robot_controller_msgs/ros_robot_controller_msgs/msg/detail/buzzer_state__type_support.cpp
[4.439s] -- Up-to-date: /home/ubuntu/ros2_wsorincp/install/ros_robot_controller_msgs/include/ros_robot_controller_msgs/ros_robot_controller_msgs/msg/detail/bus_servo_state__type_support.cpp
[4.439s] -- Up-to-date: /home/ubuntu/ros2_wsorincp/install/ros_robot_controller_msgs/include/ros_robot_controller_msgs/ros_robot_controller_msgs/msg/detail/motor_state__type_support.cpp
[4.439s] -- Up-to-date: /home/ubuntu/ros2_wsorincp/install/ros_robot_controller_msgs/include/ros_robot_controller_msgs/ros_robot_controller_msgs/msg/detail/motor_state__rosidl_typesupport_introspection_cpp.hpp
[4.439s] -- Up-to-date: /home/ubuntu/ros2_wsorincp/install/ros_robot_controller_msgs/include/ros_robot_controller_msgs/ros_robot_controller_msgs/msg/detail/buzzer_state__rosidl_typesupport_introspection_cpp.hpp
[4.439s] -- Up-to-date: /home/ubuntu/ros2_wsorincp/install/ros_robot_controller_msgs/include/ros_robot_controller_msgs/ros_robot_controller_msgs/msg/detail/servo_position__type_support.cpp
[4.439s] -- Up-to-date: /home/ubuntu/ros2_wsorincp/install/ros_robot_controller_msgs/include/ros_robot_controller_msgs/ros_robot_controller_msgs/srv
[4.439s] -- Up-to-date: /home/ubuntu/ros2_wsorincp/install/ros_robot_controller_msgs/include/ros_robot_controller_msgs/ros_robot_controller_msgs/srv/detail
[4.439s] -- Up-to-date: /home/ubuntu/ros2_wsorincp/install/ros_robot_controller_msgs/include/ros_robot_controller_msgs/ros_robot_controller_msgs/srv/detail/get_bus_servo_state__rosidl_typesupport_introspection_cpp.hpp
[4.439s] -- Up-to-date: /home/ubuntu/ros2_wsorincp/install/ros_robot_controller_msgs/include/ros_robot_controller_msgs/ros_robot_controller_msgs/srv/detail/get_pwm_servo_state__type_support.cpp
[4.440s] -- Up-to-date: /home/ubuntu/ros2_wsorincp/install/ros_robot_controller_msgs/include/ros_robot_controller_msgs/ros_robot_controller_msgs/srv/detail/get_pwm_servo_state__rosidl_typesupport_introspection_cpp.hpp
[4.440s] -- Up-to-date: /home/ubuntu/ros2_wsorincp/install/ros_robot_controller_msgs/include/ros_robot_controller_msgs/ros_robot_controller_msgs/srv/detail/get_bus_servo_state__type_support.cpp
[4.440s] -- Up-to-date: /home/ubuntu/ros2_wsorincp/install/ros_robot_controller_msgs/lib/libros_robot_controller_msgs__rosidl_typesupport_introspection_cpp.so
[4.440s] -- Up-to-date: /home/ubuntu/ros2_wsorincp/install/ros_robot_controller_msgs/lib/libros_robot_controller_msgs__rosidl_typesupport_cpp.so
[4.440s] -- Up-to-date: /home/ubuntu/ros2_wsorincp/install/ros_robot_controller_msgs/share/ros_robot_controller_msgs/environment/pythonpath.sh
[4.440s] -- Up-to-date: /home/ubuntu/ros2_wsorincp/install/ros_robot_controller_msgs/share/ros_robot_controller_msgs/environment/pythonpath.dsv
[4.440s] -- Up-to-date: /home/ubuntu/ros2_wsorincp/install/ros_robot_controller_msgs/local/lib/python3.10/dist-packages/ros_robot_controller_msgs-0.0.0-py3.10.egg-info
[4.440s] -- Installing: /home/ubuntu/ros2_wsorincp/install/ros_robot_controller_msgs/local/lib/python3.10/dist-packages/ros_robot_controller_msgs-0.0.0-py3.10.egg-info/SOURCES.txt
[4.440s] -- Installing: /home/ubuntu/ros2_wsorincp/install/ros_robot_controller_msgs/local/lib/python3.10/dist-packages/ros_robot_controller_msgs-0.0.0-py3.10.egg-info/dependency_links.txt
[4.440s] -- Installing: /home/ubuntu/ros2_wsorincp/install/ros_robot_controller_msgs/local/lib/python3.10/dist-packages/ros_robot_controller_msgs-0.0.0-py3.10.egg-info/top_level.txt
[4.440s] -- Installing: /home/ubuntu/ros2_wsorincp/install/ros_robot_controller_msgs/local/lib/python3.10/dist-packages/ros_robot_controller_msgs-0.0.0-py3.10.egg-info/PKG-INFO
[4.440s] -- Up-to-date: /home/ubuntu/ros2_wsorincp/install/ros_robot_controller_msgs/local/lib/python3.10/dist-packages/ros_robot_controller_msgs
[4.440s] -- Up-to-date: /home/ubuntu/ros2_wsorincp/install/ros_robot_controller_msgs/local/lib/python3.10/dist-packages/ros_robot_controller_msgs/_ros_robot_controller_msgs_s.ep.rosidl_typesupport_introspection_c.c
[4.440s] -- Up-to-date: /home/ubuntu/ros2_wsorincp/install/ros_robot_controller_msgs/local/lib/python3.10/dist-packages/ros_robot_controller_msgs/ros_robot_controller_msgs_s__rosidl_typesupport_introspection_c.cpython-310-aarch64-linux-gnu.so
[4.441s] -- Up-to-date: /home/ubuntu/ros2_wsorincp/install/ros_robot_controller_msgs/local/lib/python3.10/dist-packages/ros_robot_controller_msgs/libros_robot_controller_msgs__rosidl_generator_py.so
[4.441s] -- Up-to-date: /home/ubuntu/ros2_wsorincp/install/ros_robot_controller_msgs/local/lib/python3.10/dist-packages/ros_robot_controller_msgs/msg
[4.441s] -- Up-to-date: /home/ubuntu/ros2_wsorincp/install/ros_robot_controller_msgs/local/lib/python3.10/dist-packages/ros_robot_controller_msgs/msg/_motor_state.py
[4.441s] -- Up-to-date: /home/ubuntu/ros2_wsorincp/install/ros_robot_controller_msgs/local/lib/python3.10/dist-packages/ros_robot_controller_msgs/msg/_set_pwm_servo_state_s.c
[4.441s] -- Up-to-date: /home/ubuntu/ros2_wsorincp/install/ros_robot_controller_msgs/local/lib/python3.10/dist-packages/ros_robot_controller_msgs/msg/_get_bus_servo_cmd_s.c
[4.441s] -- Up-to-date: /home/ubuntu/ros2_wsorincp/install/ros_robot_controller_msgs/local/lib/python3.10/dist-packages/ros_robot_controller_msgs/msg/_oled_state_s.c
[4.441s] -- Up-to-date: /home/ubuntu/ros2_wsorincp/install/ros_robot_controller_msgs/local/lib/python3.10/dist-packages/ros_robot_controller_msgs/msg/_button_state.py
[4.441s] -- Up-to-date: /home/ubuntu/ros2_wsorincp/install/ros_robot_controller_msgs/local/lib/python3.10/dist-packages/ros_robot_controller_msgs/msg/_servo_position_s.c
[4.441s] -- Up-to-date: /home/ubuntu/ros2_wsorincp/install/ros_robot_controller_msgs/local/lib/python3.10/dist-packages/ros_robot_controller_msgs/msg/_button_state_s.c
[4.441s] -- Up-to-date: /home/ubuntu/ros2_wsorincp/install/ros_robot_controller_msgs/local/lib/python3.10/dist-packages/ros_robot_controller_msgs/msg/_led_state.py
[4.441s] -- Up-to-date: /home/ubuntu/ros2_wsorincp/install/ros_robot_controller_msgs/local/lib/python3.10/dist-packages/ros_robot_controller_msgs/msg/_led_state_s.c
[4.441s] -- Up-to-date: /home/ubuntu/ros2_wsorincp/install/ros_robot_controller_msgs/local/lib/python3.10/dist-packages/ros_robot_controller_msgs/msg/_servos_position.py
[4.441s] -- Up-to-date: /home/ubuntu/ros2_wsorincp/install/ros_robot_controller_msgs/local/lib/python3.10/dist-packages/ros_robot_controller_msgs/msg/_set_bus_servo_state_s.c
[4.441s] -- Up-to-date: /home/ubuntu/ros2_wsorincp/install/ros_robot_controller_msgs/local/lib/python3.10/dist-packages/ros_robot_controller_msgs/msg/_buzzer_state_s.c
[4.442s] -- Up-to-date: /home/ubuntu/ros2_wsorincp/install/ros_robot_controller_msgs/local/lib/python3.10/dist-packages/ros_robot_controller_msgs/msg/_get_bus_servo_cmd.py
[4.442s] -- Up-to-date: /home/ubuntu/ros2_wsorincp/install/ros_robot_controller_msgs/local/lib/python3.10/dist-packages/ros_robot_controller_msgs/msg/_get_pwm_servo_cmd_s.c
[4.442s] -- Up-to-date: /home/ubuntu/ros2_wsorincp/install/ros_robot_controller_msgs/local/lib/python3.10/dist-packages/ros_robot_controller_msgs/msg/_motors_state_s.c
[4.442s] -- Up-to-date: /home/ubuntu/ros2_wsorincp/install/ros_robot_controller_msgs/local/lib/python3.10/dist-packages/ros_robot_controller_msgs/msg/_pwm_servo_state_s.c
[4.442s] -- Up-to-date: /home/ubuntu/ros2_wsorincp/install/ros_robot_controller_msgs/local/lib/python3.10/dist-packages/ros_robot_controller_msgs/msg/_motors_state.py
[4.442s] -- Up-to-date: /home/ubuntu/ros2_wsorincp/install/ros_robot_controller_msgs/local/lib/python3.10/dist-packages/ros_robot_controller_msgs/msg/_motor_state_s.c
[4.442s] -- Up-to-date: /home/ubuntu/ros2_wsorincp/install/ros_robot_controller_msgs/local/lib/python3.10/dist-packages/ros_robot_controller_msgs/msg/_pwm_servo_state.py
[4.442s] -- Up-to-date: /home/ubuntu/ros2_wsorincp/install/ros_robot_controller_msgs/local/lib/python3.10/dist-packages/ros_robot_controller_msgs/msg/_servos_position_s.c
[4.442s] -- Up-to-date: /home/ubuntu/ros2_wsorincp/install/ros_robot_controller_msgs/local/lib/python3.10/dist-packages/ros_robot_controller_msgs/msg/_bus_servo_state_s.c
[4.442s] -- Up-to-date: /home/ubuntu/ros2_wsorincp/install/ros_robot_controller_msgs/local/lib/python3.10/dist-packages/ros_robot_controller_msgs/msg/_servo_position.py
[4.442s] -- Up-to-date: /home/ubuntu/ros2_wsorincp/install/ros_robot_controller_msgs/local/lib/python3.10/dist-packages/ros_robot_controller_msgs/msg/_get_pwm_servo_cmd.py
[4.443s] -- Up-to-date: /home/ubuntu/ros2_wsorincp/install/ros_robot_controller_msgs/local/lib/python3.10/dist-packages/ros_robot_controller_msgs/msg/_sbus.py
[4.443s] -- Up-to-date: /home/ubuntu/ros2_wsorincp/install/ros_robot_controller_msgs/local/lib/python3.10/dist-packages/ros_robot_controller_msgs/msg/_set_bus_servo_state.py
[4.443s] -- Up-to-date: /home/ubuntu/ros2_wsorincp/install/ros_robot_controller_msgs/local/lib/python3.10/dist-packages/ros_robot_controller_msgs/msg/_bus_servo_state.py
[4.443s] -- Up-to-date: /home/ubuntu/ros2_wsorincp/install/ros_robot_controller_msgs/local/lib/python3.10/dist-packages/ros_robot_controller_msgs/msg/_sbus_s.c
[4.443s] -- Up-to-date: /home/ubuntu/ros2_wsorincp/install/ros_robot_controller_msgs/local/lib/python3.10/dist-packages/ros_robot_controller_msgs/msg/_set_pwm_servo_state.py
[4.443s] -- Up-to-date: /home/ubuntu/ros2_wsorincp/install/ros_robot_controller_msgs/local/lib/python3.10/dist-packages/ros_robot_controller_msgs/msg/_oled_state.py
[4.443s] -- Up-to-date: /home/ubuntu/ros2_wsorincp/install/ros_robot_controller_msgs/local/lib/python3.10/dist-packages/ros_robot_controller_msgs/msg/_buzzer_state.py
[4.443s] -- Up-to-date: /home/ubuntu/ros2_wsorincp/install/ros_robot_controller_msgs/local/lib/python3.10/dist-packages/ros_robot_controller_msgs/msg/__init__.py
[4.443s] -- Up-to-date: /home/ubuntu/ros2_wsorincp/install/ros_robot_controller_msgs/local/lib/python3.10/dist-packages/ros_robot_controller_msgs/srv
[4.444s] -- Up-to-date: /home/ubuntu/ros2_wsorincp/install/ros_robot_controller_msgs/local/lib/python3.10/dist-packages/ros_robot_controller_msgs/srv/_get_pwm_servo_state.py
[4.444s] -- Up-to-date: /home/ubuntu/ros2_wsorincp/install/ros_robot_controller_msgs/local/lib/python3.10/dist-packages/ros_robot_controller_msgs/srv/_get_bus_servo_state_s.c
[4.444s] -- Up-to-date: /home/ubuntu/ros2_wsorincp/install/ros_robot_controller_msgs/local/lib/python3.10/dist-packages/ros_robot_controller_msgs/srv/_get_bus_servo_state.py
[4.444s] -- Up-to-date: /home/ubuntu/ros2_wsorincp/install/ros_robot_controller_msgs/local/lib/python3.10/dist-packages/ros_robot_controller_msgs/srv/_get_pwm_servo_state_s.c
[4.444s] -- Up-to-date: /home/ubuntu/ros2_wsorincp/install/ros_robot_controller_msgs/local/lib/python3.10/dist-packages/ros_robot_controller_msgs/srv/__init__.py
[4.444s] -- Up-to-date: /home/ubuntu/ros2_wsorincp/install/ros_robot_controller_msgs/local/lib/python3.10/dist-packages/ros_robot_controller_msgs/_ros_robot_controller_msgs_s.ep.rosidl_typesupport_c.c
[4.444s] -- Up-to-date: /home/ubuntu/ros2_wsorincp/install/ros_robot_controller_msgs/local/lib/python3.10/dist-packages/ros_robot_controller_msgs/ros_robot_controller_msgs_s__rosidl_typesupport_fastrtps_c.cpython-310-aarch64-linux-gnu.so
[4.444s] -- Up-to-date: /home/ubuntu/ros2_wsorincp/install/ros_robot_controller_msgs/local/lib/python3.10/dist-packages/ros_robot_controller_msgs/_ros_robot_controller_msgs_s.ep.rosidl_typesupport_fastrtps_c.c
[4.444s] -- Up-to-date: /home/ubuntu/ros2_wsorincp/install/ros_robot_controller_msgs/local/lib/python3.10/dist-packages/ros_robot_controller_msgs/ros_robot_controller_msgs_s__rosidl_typesupport_c.cpython-310-aarch64-linux-gnu.so
[4.444s] -- Up-to-date: /home/ubuntu/ros2_wsorincp/install/ros_robot_controller_msgs/local/lib/python3.10/dist-packages/ros_robot_controller_msgs/__init__.py
[4.640s] Listing '/home/ubuntu/ros2_wsorincp/install/ros_robot_controller_msgs/local/lib/python3.10/dist-packages/ros_robot_controller_msgs'...
[4.641s] Listing '/home/ubuntu/ros2_wsorincp/install/ros_robot_controller_msgs/local/lib/python3.10/dist-packages/ros_robot_controller_msgs/msg'...
[4.641s] Listing '/home/ubuntu/ros2_wsorincp/install/ros_robot_controller_msgs/local/lib/python3.10/dist-packages/ros_robot_controller_msgs/srv'...
[4.682s] -- Up-to-date: /home/ubuntu/ros2_wsorincp/install/ros_robot_controller_msgs/local/lib/python3.10/dist-packages/ros_robot_controller_msgs/ros_robot_controller_msgs_s__rosidl_typesupport_fastrtps_c.cpython-310-aarch64-linux-gnu.so
[4.682s] -- Up-to-date: /home/ubuntu/ros2_wsorincp/install/ros_robot_controller_msgs/local/lib/python3.10/dist-packages/ros_robot_controller_msgs/ros_robot_controller_msgs_s__rosidl_typesupport_introspection_c.cpython-310-aarch64-linux-gnu.so
[4.682s] -- Up-to-date: /home/ubuntu/ros2_wsorincp/install/ros_robot_controller_msgs/local/lib/python3.10/dist-packages/ros_robot_controller_msgs/ros_robot_controller_msgs_s__rosidl_typesupport_c.cpython-310-aarch64-linux-gnu.so
[4.683s] -- Up-to-date: /home/ubuntu/ros2_wsorincp/install/ros_robot_controller_msgs/lib/libros_robot_controller_msgs__rosidl_generator_py.so
[4.683s] -- Up-to-date: /home/ubuntu/ros2_wsorincp/install/ros_robot_controller_msgs/share/ros_robot_controller_msgs/msg/BusServoState.idl
[4.684s] -- Up-to-date: /home/ubuntu/ros2_wsorincp/install/ros_robot_controller_msgs/share/ros_robot_controller_msgs/msg/ButtonState.idl
[4.685s] -- Up-to-date: /home/ubuntu/ros2_wsorincp/install/ros_robot_controller_msgs/share/ros_robot_controller_msgs/msg/BuzzerState.idl
[4.685s] -- Up-to-date: /home/ubuntu/ros2_wsorincp/install/ros_robot_controller_msgs/share/ros_robot_controller_msgs/msg/LedState.idl
[4.685s] -- Up-to-date: /home/ubuntu/ros2_wsorincp/install/ros_robot_controller_msgs/share/ros_robot_controller_msgs/msg/MotorState.idl
[4.685s] -- Up-to-date: /home/ubuntu/ros2_wsorincp/install/ros_robot_controller_msgs/share/ros_robot_controller_msgs/msg/MotorsState.idl
[4.685s] -- Up-to-date: /home/ubuntu/ros2_wsorincp/install/ros_robot_controller_msgs/share/ros_robot_controller_msgs/msg/PWMServoState.idl
[4.685s] -- Up-to-date: /home/ubuntu/ros2_wsorincp/install/ros_robot_controller_msgs/share/ros_robot_controller_msgs/msg/Sbus.idl
[4.685s] -- Up-to-date: /home/ubuntu/ros2_wsorincp/install/ros_robot_controller_msgs/share/ros_robot_controller_msgs/msg/OLEDState.idl
[4.685s] -- Up-to-date: /home/ubuntu/ros2_wsorincp/install/ros_robot_controller_msgs/share/ros_robot_controller_msgs/msg/SetBusServoState.idl
[4.685s] -- Up-to-date: /home/ubuntu/ros2_wsorincp/install/ros_robot_controller_msgs/share/ros_robot_controller_msgs/msg/ServoPosition.idl
[4.685s] -- Up-to-date: /home/ubuntu/ros2_wsorincp/install/ros_robot_controller_msgs/share/ros_robot_controller_msgs/msg/ServosPosition.idl
[4.685s] -- Up-to-date: /home/ubuntu/ros2_wsorincp/install/ros_robot_controller_msgs/share/ros_robot_controller_msgs/msg/SetPWMServoState.idl
[4.685s] -- Up-to-date: /home/ubuntu/ros2_wsorincp/install/ros_robot_controller_msgs/share/ros_robot_controller_msgs/msg/GetBusServoCmd.idl
[4.686s] -- Up-to-date: /home/ubuntu/ros2_wsorincp/install/ros_robot_controller_msgs/share/ros_robot_controller_msgs/msg/GetPWMServoCmd.idl
[4.686s] -- Up-to-date: /home/ubuntu/ros2_wsorincp/install/ros_robot_controller_msgs/share/ros_robot_controller_msgs/srv/GetBusServoState.idl
[4.687s] -- Up-to-date: /home/ubuntu/ros2_wsorincp/install/ros_robot_controller_msgs/share/ros_robot_controller_msgs/srv/GetPWMServoState.idl
[4.687s] -- Up-to-date: /home/ubuntu/ros2_wsorincp/install/ros_robot_controller_msgs/share/ros_robot_controller_msgs/msg/BusServoState.msg
[4.687s] -- Up-to-date: /home/ubuntu/ros2_wsorincp/install/ros_robot_controller_msgs/share/ros_robot_controller_msgs/msg/ButtonState.msg
[4.687s] -- Up-to-date: /home/ubuntu/ros2_wsorincp/install/ros_robot_controller_msgs/share/ros_robot_controller_msgs/msg/BuzzerState.msg
[4.687s] -- Up-to-date: /home/ubuntu/ros2_wsorincp/install/ros_robot_controller_msgs/share/ros_robot_controller_msgs/msg/LedState.msg
[4.688s] -- Up-to-date: /home/ubuntu/ros2_wsorincp/install/ros_robot_controller_msgs/share/ros_robot_controller_msgs/msg/MotorState.msg
[4.690s] -- Up-to-date: /home/ubuntu/ros2_wsorincp/install/ros_robot_controller_msgs/share/ros_robot_controller_msgs/msg/MotorsState.msg
[4.691s] -- Up-to-date: /home/ubuntu/ros2_wsorincp/install/ros_robot_controller_msgs/share/ros_robot_controller_msgs/msg/PWMServoState.msg
[4.692s] -- Up-to-date: /home/ubuntu/ros2_wsorincp/install/ros_robot_controller_msgs/share/ros_robot_controller_msgs/msg/Sbus.msg
[4.692s] -- Up-to-date: /home/ubuntu/ros2_wsorincp/install/ros_robot_controller_msgs/share/ros_robot_controller_msgs/msg/OLEDState.msg
[4.692s] -- Up-to-date: /home/ubuntu/ros2_wsorincp/install/ros_robot_controller_msgs/share/ros_robot_controller_msgs/msg/SetBusServoState.msg
[4.692s] -- Up-to-date: /home/ubuntu/ros2_wsorincp/install/ros_robot_controller_msgs/share/ros_robot_controller_msgs/msg/ServoPosition.msg
[4.692s] -- Up-to-date: /home/ubuntu/ros2_wsorincp/install/ros_robot_controller_msgs/share/ros_robot_controller_msgs/msg/ServosPosition.msg
[4.692s] -- Up-to-date: /home/ubuntu/ros2_wsorincp/install/ros_robot_controller_msgs/share/ros_robot_controller_msgs/msg/SetPWMServoState.msg
[4.692s] -- Up-to-date: /home/ubuntu/ros2_wsorincp/install/ros_robot_controller_msgs/share/ros_robot_controller_msgs/msg/GetBusServoCmd.msg
[4.692s] -- Up-to-date: /home/ubuntu/ros2_wsorincp/install/ros_robot_controller_msgs/share/ros_robot_controller_msgs/msg/GetPWMServoCmd.msg
[4.692s] -- Up-to-date: /home/ubuntu/ros2_wsorincp/install/ros_robot_controller_msgs/share/ros_robot_controller_msgs/srv/GetBusServoState.srv
[4.692s] -- Up-to-date: /home/ubuntu/ros2_wsorincp/install/ros_robot_controller_msgs/share/ros_robot_controller_msgs/srv/GetBusServoState_Request.msg
[4.692s] -- Up-to-date: /home/ubuntu/ros2_wsorincp/install/ros_robot_controller_msgs/share/ros_robot_controller_msgs/srv/GetBusServoState_Response.msg
[4.692s] -- Up-to-date: /home/ubuntu/ros2_wsorincp/install/ros_robot_controller_msgs/share/ros_robot_controller_msgs/srv/GetPWMServoState.srv
[4.692s] -- Up-to-date: /home/ubuntu/ros2_wsorincp/install/ros_robot_controller_msgs/share/ros_robot_controller_msgs/srv/GetPWMServoState_Request.msg
[4.692s] -- Up-to-date: /home/ubuntu/ros2_wsorincp/install/ros_robot_controller_msgs/share/ros_robot_controller_msgs/srv/GetPWMServoState_Response.msg
[4.692s] -- Up-to-date: /home/ubuntu/ros2_wsorincp/install/ros_robot_controller_msgs/share/ament_index/resource_index/package_run_dependencies/ros_robot_controller_msgs
[4.693s] -- Up-to-date: /home/ubuntu/ros2_wsorincp/install/ros_robot_controller_msgs/share/ament_index/resource_index/parent_prefix_path/ros_robot_controller_msgs
[4.693s] -- Up-to-date: /home/ubuntu/ros2_wsorincp/install/ros_robot_controller_msgs/share/ros_robot_controller_msgs/environment/ament_prefix_path.sh
[4.693s] -- Up-to-date: /home/ubuntu/ros2_wsorincp/install/ros_robot_controller_msgs/share/ros_robot_controller_msgs/environment/ament_prefix_path.dsv
[4.693s] -- Up-to-date: /home/ubuntu/ros2_wsorincp/install/ros_robot_controller_msgs/share/ros_robot_controller_msgs/environment/path.sh
[4.693s] -- Up-to-date: /home/ubuntu/ros2_wsorincp/install/ros_robot_controller_msgs/share/ros_robot_controller_msgs/environment/path.dsv
[4.693s] -- Up-to-date: /home/ubuntu/ros2_wsorincp/install/ros_robot_controller_msgs/share/ros_robot_controller_msgs/local_setup.bash
[4.693s] -- Up-to-date: /home/ubuntu/ros2_wsorincp/install/ros_robot_controller_msgs/share/ros_robot_controller_msgs/local_setup.sh
[4.693s] -- Up-to-date: /home/ubuntu/ros2_wsorincp/install/ros_robot_controller_msgs/share/ros_robot_controller_msgs/local_setup.zsh
[4.693s] -- Up-to-date: /home/ubuntu/ros2_wsorincp/install/ros_robot_controller_msgs/share/ros_robot_controller_msgs/local_setup.dsv
[4.693s] -- Installing: /home/ubuntu/ros2_wsorincp/install/ros_robot_controller_msgs/share/ros_robot_controller_msgs/package.dsv
[4.693s] -- Up-to-date: /home/ubuntu/ros2_wsorincp/install/ros_robot_controller_msgs/share/ament_index/resource_index/packages/ros_robot_controller_msgs
[4.696s] -- Up-to-date: /home/ubuntu/ros2_wsorincp/install/ros_robot_controller_msgs/share/ros_robot_controller_msgs/cmake/export_ros_robot_controller_msgs__rosidl_generator_cExport.cmake
[4.696s] -- Up-to-date: /home/ubuntu/ros2_wsorincp/install/ros_robot_controller_msgs/share/ros_robot_controller_msgs/cmake/export_ros_robot_controller_msgs__rosidl_generator_cExport-noconfig.cmake
[4.696s] -- Up-to-date: /home/ubuntu/ros2_wsorincp/install/ros_robot_controller_msgs/share/ros_robot_controller_msgs/cmake/export_ros_robot_controller_msgs__rosidl_typesupport_fastrtps_cExport.cmake
[4.696s] -- Up-to-date: /home/ubuntu/ros2_wsorincp/install/ros_robot_controller_msgs/share/ros_robot_controller_msgs/cmake/export_ros_robot_controller_msgs__rosidl_typesupport_fastrtps_cExport-noconfig.cmake
[4.696s] -- Up-to-date: /home/ubuntu/ros2_wsorincp/install/ros_robot_controller_msgs/share/ros_robot_controller_msgs/cmake/export_ros_robot_controller_msgs__rosidl_generator_cppExport.cmake
[4.696s] -- Up-to-date: /home/ubuntu/ros2_wsorincp/install/ros_robot_controller_msgs/share/ros_robot_controller_msgs/cmake/export_ros_robot_controller_msgs__rosidl_typesupport_fastrtps_cppExport.cmake
[4.697s] -- Up-to-date: /home/ubuntu/ros2_wsorincp/install/ros_robot_controller_msgs/share/ros_robot_controller_msgs/cmake/export_ros_robot_controller_msgs__rosidl_typesupport_fastrtps_cppExport-noconfig.cmake
[4.697s] -- Up-to-date: /home/ubuntu/ros2_wsorincp/install/ros_robot_controller_msgs/share/ros_robot_controller_msgs/cmake/ros_robot_controller_msgs__rosidl_typesupport_introspection_cExport.cmake
[4.697s] -- Up-to-date: /home/ubuntu/ros2_wsorincp/install/ros_robot_controller_msgs/share/ros_robot_controller_msgs/cmake/ros_robot_controller_msgs__rosidl_typesupport_introspection_cExport-noconfig.cmake
[4.697s] -- Up-to-date: /home/ubuntu/ros2_wsorincp/install/ros_robot_controller_msgs/share/ros_robot_controller_msgs/cmake/ros_robot_controller_msgs__rosidl_typesupport_cExport.cmake
[4.697s] -- Up-to-date: /home/ubuntu/ros2_wsorincp/install/ros_robot_controller_msgs/share/ros_robot_controller_msgs/cmake/ros_robot_controller_msgs__rosidl_typesupport_cExport-noconfig.cmake
[4.698s] -- Up-to-date: /home/ubuntu/ros2_wsorincp/install/ros_robot_controller_msgs/share/ros_robot_controller_msgs/cmake/ros_robot_controller_msgs__rosidl_typesupport_introspection_cppExport.cmake
[4.699s] -- Up-to-date: /home/ubuntu/ros2_wsorincp/install/ros_robot_controller_msgs/share/ros_robot_controller_msgs/cmake/ros_robot_controller_msgs__rosidl_typesupport_introspection_cppExport-noconfig.cmake
[4.699s] -- Up-to-date: /home/ubuntu/ros2_wsorincp/install/ros_robot_controller_msgs/share/ros_robot_controller_msgs/cmake/ros_robot_controller_msgs__rosidl_typesupport_cppExport.cmake
[4.699s] -- Up-to-date: /home/ubuntu/ros2_wsorincp/install/ros_robot_controller_msgs/share/ros_robot_controller_msgs/cmake/ros_robot_controller_msgs__rosidl_typesupport_cppExport-noconfig.cmake
[4.699s] -- Up-to-date: /home/ubuntu/ros2_wsorincp/install/ros_robot_controller_msgs/share/ros_robot_controller_msgs/cmake/export_ros_robot_controller_msgs__rosidl_generator_pyExport.cmake
[4.699s] -- Up-to-date: /home/ubuntu/ros2_wsorincp/install/ros_robot_controller_msgs/share/ros_robot_controller_msgs/cmake/export_ros_robot_controller_msgs__rosidl_generator_pyExport-noconfig.cmake
[4.699s] -- Up-to-date: /home/ubuntu/ros2_wsorincp/install/ros_robot_controller_msgs/share/ros_robot_controller_msgs/cmake/rosidl_cmake-extras.cmake
[4.699s] -- Up-to-date: /home/ubuntu/ros2_wsorincp/install/ros_robot_controller_msgs/share/ros_robot_controller_msgs/cmake/ament_cmake_export_dependencies-extras.cmake
[4.699s] -- Up-to-date: /home/ubuntu/ros2_wsorincp/install/ros_robot_controller_msgs/share/ros_robot_controller_msgs/cmake/ament_cmake_export_include_directories-extras.cmake
[4.699s] -- Up-to-date: /home/ubuntu/ros2_wsorincp/install/ros_robot_controller_msgs/share/ros_robot_controller_msgs/cmake/ament_cmake_export_libraries-extras.cmake
[4.699s] -- Up-to-date: /home/ubuntu/ros2_wsorincp/install/ros_robot_controller_msgs/share/ros_robot_controller_msgs/cmake/ament_cmake_export_targets-extras.cmake
[4.702s] -- Up-to-date: /home/ubuntu/ros2_wsorincp/install/ros_robot_controller_msgs/share/ros_robot_controller_msgs/cmake/rosidl_cmake_export_typesupport_targets-extras.cmake
[4.702s] -- Up-to-date: /home/ubuntu/ros2_wsorincp/install/ros_robot_controller_msgs/share/ros_robot_controller_msgs/cmake/rosidl_cmake_export_typesupport_libraries-extras.cmake
[4.703s] -- Up-to-date: /home/ubuntu/ros2_wsorincp/install/ros_robot_controller_msgs/share/ros_robot_controller_msgs/cmake/ros_robot_controller_msgsConfig.cmake
[4.703s] -- Up-to-date: /home/ubuntu/ros2_wsorincp/install/ros_robot_controller_msgs/share/ros_robot_controller_msgs/cmake/ros_robot_controller_msgsConfig-version.cmake
[4.703s] -- Up-to-date: /home/ubuntu/ros2_wsorincp/install/ros_robot_controller_msgs/share/ros_robot_controller_msgs/package.xml
[4.704s] Invoked command in '/home/ubuntu/ros2_wsorincp/build/ros_robot_controller_msgs' returned '0': CMAKE_PREFIX_PATH=/home/ubuntu/ros2_wsorincp/install/speed_control_msgs:/home/ubuntu/ros2_wsorincp/install/ros_robot_controller_msgs:/home/ubuntu/third_party_ros2/orbbec_ws/install/orbbec_description:/home/ubuntu/third_party_ros2/orbbec_ws/install/orbbec_camera:/home/ubuntu/third_party_ros2/orbbec_ws/install/orbbec_camera_msgs:/home/ubuntu/third_party_ros2/third_party_ws/install/ydlidar_ros2_driver:/home/ubuntu/third_party_ros2/third_party_ws/install/web_video_server:/home/ubuntu/third_party_ros2/third_party_ws/install/teb_local_planner:/home/ubuntu/third_party_ros2/third_party_ws/install/teb_msgs:/home/ubuntu/third_party_ros2/third_party_ws/install/sllidar_ros2:/home/ubuntu/third_party_ros2/third_party_ws/install/rf2o_laser_odometry:/home/ubuntu/third_party_ros2/third_party_ws/install/ldlidar_stl_ros2:/home/ubuntu/third_party_ros2/third_party_ws/install/laser_filters:/home/ubuntu/third_party_ros2/third_party_ws/install/imu_calib:/home/ubuntu/third_party_ros2/third_party_ws/install/costmap_converter:/home/ubuntu/third_party_ros2/third_party_ws/install/costmap_converter_msgs:/home/ubuntu/ros2_wsorincp/install/ros_robot_controller:/home/ubuntu/ros2_ws/install/yolov5_ros2:/home/ubuntu/ros2_ws/install/slam:/home/ubuntu/ros2_ws/install/servo_controller:/home/ubuntu/ros2_ws/install/sdk:/home/ubuntu/ros2_ws/install/ros_robot_controller:/home/ubuntu/ros2_ws/install/peripherals:/home/ubuntu/ros2_ws/install/navigation:/home/ubuntu/ros2_ws/install/kinematics:/home/ubuntu/ros2_ws/install/jetrover_description:/home/ubuntu/ros2_ws/install/example:/home/ubuntu/ros2_ws/install/controller:/home/ubuntu/ros2_ws/install/calibration:/home/ubuntu/ros2_ws/install/bringup:/home/ubuntu/ros2_ws/install/app:/opt/ros/humble:/home/ubuntu/third_party_ros2/third_party_ws/install/async_web_server_cpp:/home/ubuntu/third_party_ros2/third_party_ws/install/ascamera_listener:/home/ubuntu/third_party_ros2/third_party_ws/install/apriltag_ros:/home/ubuntu/third_party_ros2/third_party_ws/install/apriltag_msgs:/home/ubuntu/ros2_ws/install/xf_mic_asr_offline:/home/ubuntu/ros2_ws/install/xf_mic_asr_offline_msgs:/home/ubuntu/ros2_ws/install/servo_controller_msgs:/home/ubuntu/ros2_ws/install/ros_robot_controller_msgs:/home/ubuntu/ros2_ws/install/kinematics_msgs:/home/ubuntu/ros2_ws/install/interfaces /usr/bin/cmake --install /home/ubuntu/ros2_wsorincp/build/ros_robot_controller_msgs
