[0.013s] Invoking command in '/home/ubuntu/ros2_wsorincp/ros2_core_examples/build/smart_car_core_demo': CMAKE_PREFIX_PATH=${CMAKE_PREFIX_PATH}:/opt/ros/humble /usr/bin/cmake /home/ubuntu/ros2_wsorincp/ros2_core_examples/smart_car_core_demo -DCMAKE_INSTALL_PREFIX=/home/ubuntu/ros2_wsorincp/ros2_core_examples/install/smart_car_core_demo
[0.216s] -- The C compiler identification is GNU 11.4.0
[0.287s] -- The CXX compiler identification is GNU 11.4.0
[0.297s] -- Detecting C compiler ABI info
[0.431s] -- Detecting C compiler ABI info - done
[0.441s] -- Check for working C compiler: /usr/bin/cc - skipped
[0.442s] -- Detecting C compile features
[0.442s] -- Detecting C compile features - done
[0.454s] -- Detecting CXX compiler ABI info
[0.591s] -- Detecting CXX compiler ABI info - done
[0.603s] -- Check for working CXX compiler: /usr/bin/c++ - skipped
[0.604s] -- Detecting CXX compile features
[0.604s] -- Detecting CXX compile features - done
[0.613s] -- Found ament_cmake: 1.3.9 (/opt/ros/humble/share/ament_cmake/cmake)
[1.292s] -- Found Python3: /usr/bin/python3 (found version "3.10.12") found components: Interpreter 
[1.496s] -- Found rclcpp: 16.0.9 (/opt/ros/humble/share/rclcpp/cmake)
[1.625s] -- Found rosidl_generator_c: 3.1.5 (/opt/ros/humble/share/rosidl_generator_c/cmake)
[1.655s] -- Found rosidl_adapter: 3.1.5 (/opt/ros/humble/share/rosidl_adapter/cmake)
[1.682s] -- Found rosidl_generator_cpp: 3.1.5 (/opt/ros/humble/share/rosidl_generator_cpp/cmake)
[1.707s] -- Using all available rosidl_typesupport_c: rosidl_typesupport_fastrtps_c;rosidl_typesupport_introspection_c
[1.745s] -- Using all available rosidl_typesupport_cpp: rosidl_typesupport_fastrtps_cpp;rosidl_typesupport_introspection_cpp
[1.878s] -- Found rmw_implementation_cmake: 6.1.2 (/opt/ros/humble/share/rmw_implementation_cmake/cmake)
[1.893s] -- Found rmw_fastrtps_cpp: 6.2.6 (/opt/ros/humble/share/rmw_fastrtps_cpp/cmake)
[2.076s] -- Found OpenSSL: /usr/lib/aarch64-linux-gnu/libcrypto.so (found version "3.0.2")  
[2.164s] -- Found FastRTPS: /opt/ros/humble/include  
[2.244s] -- Using RMW implementation 'rmw_fastrtps_cpp' as default
[2.269s] -- Looking for pthread.h
[2.406s] -- Looking for pthread.h - found
[2.406s] -- Performing Test CMAKE_HAVE_LIBC_PTHREAD
[2.520s] -- Performing Test CMAKE_HAVE_LIBC_PTHREAD - Success
[2.523s] -- Found Threads: TRUE  
[2.830s] -- Found geometry_msgs: 4.2.4 (/opt/ros/humble/share/geometry_msgs/cmake)
[2.893s] -- Found std_srvs: 4.2.4 (/opt/ros/humble/share/std_srvs/cmake)
[2.921s] -- Found rclcpp_action: 16.0.9 (/opt/ros/humble/share/rclcpp_action/cmake)
[3.129s] -- Found ament_lint_auto: 0.12.11 (/opt/ros/humble/share/ament_lint_auto/cmake)
[3.260s] -- Added test 'cppcheck' to perform static code analysis on C / C++ code
[3.261s] -- Configured cppcheck include dirs: 
[3.261s] -- Configured cppcheck exclude dirs and/or files: 
[3.261s] -- Added test 'flake8' to check Python code syntax and style conventions
[3.262s] -- Added test 'lint_cmake' to check CMake code style
[3.263s] -- Added test 'pep257' to check Python code against some of the docstring style conventions in PEP 257
[3.265s] -- Added test 'uncrustify' to check C / C++ code style
[3.265s] -- Configured uncrustify additional arguments: 
[3.266s] -- Added test 'xmllint' to check XML markup files
[3.268s] -- Configuring done
[3.283s] -- Generating done
[3.287s] -- Build files have been written to: /home/ubuntu/ros2_wsorincp/ros2_core_examples/build/smart_car_core_demo
[3.301s] Invoked command in '/home/ubuntu/ros2_wsorincp/ros2_core_examples/build/smart_car_core_demo' returned '0': CMAKE_PREFIX_PATH=${CMAKE_PREFIX_PATH}:/opt/ros/humble /usr/bin/cmake /home/ubuntu/ros2_wsorincp/ros2_core_examples/smart_car_core_demo -DCMAKE_INSTALL_PREFIX=/home/ubuntu/ros2_wsorincp/ros2_core_examples/install/smart_car_core_demo
[3.301s] Invoking command in '/home/ubuntu/ros2_wsorincp/ros2_core_examples/build/smart_car_core_demo': CMAKE_PREFIX_PATH=${CMAKE_PREFIX_PATH}:/opt/ros/humble /usr/bin/cmake --build /home/ubuntu/ros2_wsorincp/ros2_core_examples/build/smart_car_core_demo -- -j4 -l4
[3.358s] [ 50%] [32mBuilding CXX object CMakeFiles/speed_publisher.dir/src/smart_car_core_demo/speed_publisher.cpp.o[0m
[3.359s] [ 50%] [32mBuilding CXX object CMakeFiles/speed_subscriber.dir/src/smart_car_core_demo/speed_subscriber.cpp.o[0m
[3.746s] [01m[K/home/ubuntu/ros2_wsorincp/ros2_core_examples/smart_car_core_demo/src/smart_car_core_demo/speed_subscriber.cpp:9:10:[m[K [01;31m[Kfatal error: [m[Kros_robot_controller_msgs/msg/motor_state.hpp: No such file or directory
[3.746s]     9 | #include [01;31m[K"ros_robot_controller_msgs/msg/motor_state.hpp"[m[K
[3.747s]       |          [01;31m[K^~~~~~~~~~~~~~~~~~~~~~~~[m[K
[3.747s] compilation terminated.
[3.748s] gmake[2]: *** [CMakeFiles/speed_subscriber.dir/build.make:76: CMakeFiles/speed_subscriber.dir/src/smart_car_core_demo/speed_subscriber.cpp.o] Error 1
[3.748s] gmake[1]: *** [CMakeFiles/Makefile2:165: CMakeFiles/speed_subscriber.dir/all] Error 2
[3.748s] gmake[1]: *** Waiting for unfinished jobs....
[9.269s] [ 75%] [32m[1mLinking CXX executable speed_publisher[0m
[9.627s] [ 75%] Built target speed_publisher
[9.627s] gmake: *** [Makefile:146: all] Error 2
[9.629s] Invoked command in '/home/ubuntu/ros2_wsorincp/ros2_core_examples/build/smart_car_core_demo' returned '2': CMAKE_PREFIX_PATH=${CMAKE_PREFIX_PATH}:/opt/ros/humble /usr/bin/cmake --build /home/ubuntu/ros2_wsorincp/ros2_core_examples/build/smart_car_core_demo -- -j4 -l4
