[0.027s] Invoking command in '/home/ubuntu/ros2_wsorincp/build/ros_robot_controller_msgs': CMAKE_PREFIX_PATH=/home/ubuntu/ros2_wsorincp/install/ros_robot_controller_msgs:/home/ubuntu/third_party_ros2/orbbec_ws/install/orbbec_description:/home/ubuntu/third_party_ros2/orbbec_ws/install/orbbec_camera:/home/ubuntu/third_party_ros2/orbbec_ws/install/orbbec_camera_msgs:/home/ubuntu/third_party_ros2/third_party_ws/install/ydlidar_ros2_driver:/home/ubuntu/third_party_ros2/third_party_ws/install/web_video_server:/home/ubuntu/third_party_ros2/third_party_ws/install/teb_local_planner:/home/ubuntu/third_party_ros2/third_party_ws/install/teb_msgs:/home/ubuntu/third_party_ros2/third_party_ws/install/sllidar_ros2:/home/ubuntu/third_party_ros2/third_party_ws/install/rf2o_laser_odometry:/home/ubuntu/third_party_ros2/third_party_ws/install/ldlidar_stl_ros2:/home/ubuntu/third_party_ros2/third_party_ws/install/laser_filters:/home/ubuntu/third_party_ros2/third_party_ws/install/imu_calib:/home/ubuntu/third_party_ros2/third_party_ws/install/costmap_converter:/home/ubuntu/third_party_ros2/third_party_ws/install/costmap_converter_msgs:/home/ubuntu/ros2_wsorincp/install/ros_robot_controller:/home/ubuntu/ros2_ws/install/yolov5_ros2:/home/ubuntu/ros2_ws/install/slam:/home/ubuntu/ros2_ws/install/servo_controller:/home/ubuntu/ros2_ws/install/sdk:/home/ubuntu/ros2_ws/install/ros_robot_controller:/home/ubuntu/ros2_ws/install/peripherals:/home/ubuntu/ros2_ws/install/navigation:/home/ubuntu/ros2_ws/install/kinematics:/home/ubuntu/ros2_ws/install/jetrover_description:/home/ubuntu/ros2_ws/install/example:/home/ubuntu/ros2_ws/install/controller:/home/ubuntu/ros2_ws/install/calibration:/home/ubuntu/ros2_ws/install/bringup:/home/ubuntu/ros2_ws/install/app:/opt/ros/humble:/home/ubuntu/third_party_ros2/third_party_ws/install/async_web_server_cpp:/home/ubuntu/third_party_ros2/third_party_ws/install/ascamera_listener:/home/ubuntu/third_party_ros2/third_party_ws/install/apriltag_ros:/home/ubuntu/third_party_ros2/third_party_ws/install/apriltag_msgs:/home/ubuntu/ros2_ws/install/xf_mic_asr_offline:/home/ubuntu/ros2_ws/install/xf_mic_asr_offline_msgs:/home/ubuntu/ros2_ws/install/servo_controller_msgs:/home/ubuntu/ros2_ws/install/ros_robot_controller_msgs:/home/ubuntu/ros2_ws/install/kinematics_msgs:/home/ubuntu/ros2_ws/install/interfaces /usr/bin/cmake --build /home/ubuntu/ros2_wsorincp/build/ros_robot_controller_msgs -- -j4 -l4
[0.220s] [  0%] Built target ros_robot_controller_msgs__cpp
[0.249s] [ 12%] Built target ros_robot_controller_msgs__rosidl_generator_c
[0.316s] [ 12%] Built target ament_cmake_python_copy_ros_robot_controller_msgs
[0.402s] [ 24%] Built target ros_robot_controller_msgs__rosidl_typesupport_fastrtps_cpp
[0.409s] [ 36%] Built target ros_robot_controller_msgs__rosidl_typesupport_introspection_cpp
[0.415s] [ 48%] Built target ros_robot_controller_msgs__rosidl_typesupport_cpp
[0.480s] [ 60%] Built target ros_robot_controller_msgs__rosidl_typesupport_fastrtps_c
[0.492s] [ 72%] Built target ros_robot_controller_msgs__rosidl_typesupport_c
[0.494s] [ 84%] Built target ros_robot_controller_msgs__rosidl_typesupport_introspection_c
[0.556s] [ 84%] Built target ros_robot_controller_msgs
[0.628s] [ 85%] Built target ros_robot_controller_msgs__py
[0.721s] [ 96%] Built target ros_robot_controller_msgs__rosidl_generator_py
[0.816s] [ 97%] Built target ros_robot_controller_msgs__rosidl_typesupport_c__pyext
[0.840s] [ 99%] Built target ros_robot_controller_msgs__rosidl_typesupport_introspection_c__pyext
[0.845s] [100%] Built target ros_robot_controller_msgs__rosidl_typesupport_fastrtps_c__pyext
[1.156s] running egg_info
[1.208s] writing ros_robot_controller_msgs.egg-info/PKG-INFO
[1.212s] writing dependency_links to ros_robot_controller_msgs.egg-info/dependency_links.txt
[1.212s] writing top-level names to ros_robot_controller_msgs.egg-info/top_level.txt
[1.523s] reading manifest file 'ros_robot_controller_msgs.egg-info/SOURCES.txt'
[1.526s] writing manifest file 'ros_robot_controller_msgs.egg-info/SOURCES.txt'
[1.654s] [100%] Built target ament_cmake_python_build_ros_robot_controller_msgs_egg
[1.673s] Invoked command in '/home/ubuntu/ros2_wsorincp/build/ros_robot_controller_msgs' returned '0': CMAKE_PREFIX_PATH=/home/ubuntu/ros2_wsorincp/install/ros_robot_controller_msgs:/home/ubuntu/third_party_ros2/orbbec_ws/install/orbbec_description:/home/ubuntu/third_party_ros2/orbbec_ws/install/orbbec_camera:/home/ubuntu/third_party_ros2/orbbec_ws/install/orbbec_camera_msgs:/home/ubuntu/third_party_ros2/third_party_ws/install/ydlidar_ros2_driver:/home/ubuntu/third_party_ros2/third_party_ws/install/web_video_server:/home/ubuntu/third_party_ros2/third_party_ws/install/teb_local_planner:/home/ubuntu/third_party_ros2/third_party_ws/install/teb_msgs:/home/ubuntu/third_party_ros2/third_party_ws/install/sllidar_ros2:/home/ubuntu/third_party_ros2/third_party_ws/install/rf2o_laser_odometry:/home/ubuntu/third_party_ros2/third_party_ws/install/ldlidar_stl_ros2:/home/ubuntu/third_party_ros2/third_party_ws/install/laser_filters:/home/ubuntu/third_party_ros2/third_party_ws/install/imu_calib:/home/ubuntu/third_party_ros2/third_party_ws/install/costmap_converter:/home/ubuntu/third_party_ros2/third_party_ws/install/costmap_converter_msgs:/home/ubuntu/ros2_wsorincp/install/ros_robot_controller:/home/ubuntu/ros2_ws/install/yolov5_ros2:/home/ubuntu/ros2_ws/install/slam:/home/ubuntu/ros2_ws/install/servo_controller:/home/ubuntu/ros2_ws/install/sdk:/home/ubuntu/ros2_ws/install/ros_robot_controller:/home/ubuntu/ros2_ws/install/peripherals:/home/ubuntu/ros2_ws/install/navigation:/home/ubuntu/ros2_ws/install/kinematics:/home/ubuntu/ros2_ws/install/jetrover_description:/home/ubuntu/ros2_ws/install/example:/home/ubuntu/ros2_ws/install/controller:/home/ubuntu/ros2_ws/install/calibration:/home/ubuntu/ros2_ws/install/bringup:/home/ubuntu/ros2_ws/install/app:/opt/ros/humble:/home/ubuntu/third_party_ros2/third_party_ws/install/async_web_server_cpp:/home/ubuntu/third_party_ros2/third_party_ws/install/ascamera_listener:/home/ubuntu/third_party_ros2/third_party_ws/install/apriltag_ros:/home/ubuntu/third_party_ros2/third_party_ws/install/apriltag_msgs:/home/ubuntu/ros2_ws/install/xf_mic_asr_offline:/home/ubuntu/ros2_ws/install/xf_mic_asr_offline_msgs:/home/ubuntu/ros2_ws/install/servo_controller_msgs:/home/ubuntu/ros2_ws/install/ros_robot_controller_msgs:/home/ubuntu/ros2_ws/install/kinematics_msgs:/home/ubuntu/ros2_ws/install/interfaces /usr/bin/cmake --build /home/ubuntu/ros2_wsorincp/build/ros_robot_controller_msgs -- -j4 -l4
[2.450s] Invoking command in '/home/ubuntu/ros2_wsorincp/build/ros_robot_controller_msgs': CMAKE_PREFIX_PATH=/home/ubuntu/ros2_wsorincp/install/ros_robot_controller_msgs:/home/ubuntu/third_party_ros2/orbbec_ws/install/orbbec_description:/home/ubuntu/third_party_ros2/orbbec_ws/install/orbbec_camera:/home/ubuntu/third_party_ros2/orbbec_ws/install/orbbec_camera_msgs:/home/ubuntu/third_party_ros2/third_party_ws/install/ydlidar_ros2_driver:/home/ubuntu/third_party_ros2/third_party_ws/install/web_video_server:/home/ubuntu/third_party_ros2/third_party_ws/install/teb_local_planner:/home/ubuntu/third_party_ros2/third_party_ws/install/teb_msgs:/home/ubuntu/third_party_ros2/third_party_ws/install/sllidar_ros2:/home/ubuntu/third_party_ros2/third_party_ws/install/rf2o_laser_odometry:/home/ubuntu/third_party_ros2/third_party_ws/install/ldlidar_stl_ros2:/home/ubuntu/third_party_ros2/third_party_ws/install/laser_filters:/home/ubuntu/third_party_ros2/third_party_ws/install/imu_calib:/home/ubuntu/third_party_ros2/third_party_ws/install/costmap_converter:/home/ubuntu/third_party_ros2/third_party_ws/install/costmap_converter_msgs:/home/ubuntu/ros2_wsorincp/install/ros_robot_controller:/home/ubuntu/ros2_ws/install/yolov5_ros2:/home/ubuntu/ros2_ws/install/slam:/home/ubuntu/ros2_ws/install/servo_controller:/home/ubuntu/ros2_ws/install/sdk:/home/ubuntu/ros2_ws/install/ros_robot_controller:/home/ubuntu/ros2_ws/install/peripherals:/home/ubuntu/ros2_ws/install/navigation:/home/ubuntu/ros2_ws/install/kinematics:/home/ubuntu/ros2_ws/install/jetrover_description:/home/ubuntu/ros2_ws/install/example:/home/ubuntu/ros2_ws/install/controller:/home/ubuntu/ros2_ws/install/calibration:/home/ubuntu/ros2_ws/install/bringup:/home/ubuntu/ros2_ws/install/app:/opt/ros/humble:/home/ubuntu/third_party_ros2/third_party_ws/install/async_web_server_cpp:/home/ubuntu/third_party_ros2/third_party_ws/install/ascamera_listener:/home/ubuntu/third_party_ros2/third_party_ws/install/apriltag_ros:/home/ubuntu/third_party_ros2/third_party_ws/install/apriltag_msgs:/home/ubuntu/ros2_ws/install/xf_mic_asr_offline:/home/ubuntu/ros2_ws/install/xf_mic_asr_offline_msgs:/home/ubuntu/ros2_ws/install/servo_controller_msgs:/home/ubuntu/ros2_ws/install/ros_robot_controller_msgs:/home/ubuntu/ros2_ws/install/kinematics_msgs:/home/ubuntu/ros2_ws/install/interfaces /usr/bin/cmake --install /home/ubuntu/ros2_wsorincp/build/ros_robot_controller_msgs
[2.465s] -- Install configuration: ""
[2.465s] -- Up-to-date: /home/ubuntu/ros2_wsorincp/install/ros_robot_controller_msgs/share/ament_index/resource_index/rosidl_interfaces/ros_robot_controller_msgs
[2.465s] -- Up-to-date: /home/ubuntu/ros2_wsorincp/install/ros_robot_controller_msgs/include/ros_robot_controller_msgs/ros_robot_controller_msgs
[2.465s] -- Up-to-date: /home/ubuntu/ros2_wsorincp/install/ros_robot_controller_msgs/include/ros_robot_controller_msgs/ros_robot_controller_msgs/msg
[2.465s] -- Up-to-date: /home/ubuntu/ros2_wsorincp/install/ros_robot_controller_msgs/include/ros_robot_controller_msgs/ros_robot_controller_msgs/msg/buzzer_state.h
[2.465s] -- Up-to-date: /home/ubuntu/ros2_wsorincp/install/ros_robot_controller_msgs/include/ros_robot_controller_msgs/ros_robot_controller_msgs/msg/get_pwm_servo_cmd.h
[2.465s] -- Up-to-date: /home/ubuntu/ros2_wsorincp/install/ros_robot_controller_msgs/include/ros_robot_controller_msgs/ros_robot_controller_msgs/msg/servos_position.h
[2.466s] -- Up-to-date: /home/ubuntu/ros2_wsorincp/install/ros_robot_controller_msgs/include/ros_robot_controller_msgs/ros_robot_controller_msgs/msg/get_bus_servo_cmd.h
[2.466s] -- Up-to-date: /home/ubuntu/ros2_wsorincp/install/ros_robot_controller_msgs/include/ros_robot_controller_msgs/ros_robot_controller_msgs/msg/set_bus_servo_state.h
[2.466s] -- Up-to-date: /home/ubuntu/ros2_wsorincp/install/ros_robot_controller_msgs/include/ros_robot_controller_msgs/ros_robot_controller_msgs/msg/set_pwm_servo_state.h
[2.466s] -- Up-to-date: /home/ubuntu/ros2_wsorincp/install/ros_robot_controller_msgs/include/ros_robot_controller_msgs/ros_robot_controller_msgs/msg/motors_state.h
[2.466s] -- Up-to-date: /home/ubuntu/ros2_wsorincp/install/ros_robot_controller_msgs/include/ros_robot_controller_msgs/ros_robot_controller_msgs/msg/rosidl_generator_c__visibility_control.h
[2.466s] -- Up-to-date: /home/ubuntu/ros2_wsorincp/install/ros_robot_controller_msgs/include/ros_robot_controller_msgs/ros_robot_controller_msgs/msg/bus_servo_state.h
[2.466s] -- Up-to-date: /home/ubuntu/ros2_wsorincp/install/ros_robot_controller_msgs/include/ros_robot_controller_msgs/ros_robot_controller_msgs/msg/pwm_servo_state.h
[2.466s] -- Up-to-date: /home/ubuntu/ros2_wsorincp/install/ros_robot_controller_msgs/include/ros_robot_controller_msgs/ros_robot_controller_msgs/msg/motor_state.h
[2.466s] -- Up-to-date: /home/ubuntu/ros2_wsorincp/install/ros_robot_controller_msgs/include/ros_robot_controller_msgs/ros_robot_controller_msgs/msg/oled_state.h
[2.466s] -- Up-to-date: /home/ubuntu/ros2_wsorincp/install/ros_robot_controller_msgs/include/ros_robot_controller_msgs/ros_robot_controller_msgs/msg/led_state.h
[2.466s] -- Up-to-date: /home/ubuntu/ros2_wsorincp/install/ros_robot_controller_msgs/include/ros_robot_controller_msgs/ros_robot_controller_msgs/msg/button_state.h
[2.467s] -- Up-to-date: /home/ubuntu/ros2_wsorincp/install/ros_robot_controller_msgs/include/ros_robot_controller_msgs/ros_robot_controller_msgs/msg/sbus.h
[2.467s] -- Up-to-date: /home/ubuntu/ros2_wsorincp/install/ros_robot_controller_msgs/include/ros_robot_controller_msgs/ros_robot_controller_msgs/msg/detail
[2.467s] -- Up-to-date: /home/ubuntu/ros2_wsorincp/install/ros_robot_controller_msgs/include/ros_robot_controller_msgs/ros_robot_controller_msgs/msg/detail/get_bus_servo_cmd__functions.c
[2.467s] -- Up-to-date: /home/ubuntu/ros2_wsorincp/install/ros_robot_controller_msgs/include/ros_robot_controller_msgs/ros_robot_controller_msgs/msg/detail/set_bus_servo_state__functions.h
[2.467s] -- Up-to-date: /home/ubuntu/ros2_wsorincp/install/ros_robot_controller_msgs/include/ros_robot_controller_msgs/ros_robot_controller_msgs/msg/detail/set_pwm_servo_state__type_support.h
[2.467s] -- Up-to-date: /home/ubuntu/ros2_wsorincp/install/ros_robot_controller_msgs/include/ros_robot_controller_msgs/ros_robot_controller_msgs/msg/detail/set_bus_servo_state__type_support.h
[2.467s] -- Up-to-date: /home/ubuntu/ros2_wsorincp/install/ros_robot_controller_msgs/include/ros_robot_controller_msgs/ros_robot_controller_msgs/msg/detail/led_state__functions.h
[2.467s] -- Up-to-date: /home/ubuntu/ros2_wsorincp/install/ros_robot_controller_msgs/include/ros_robot_controller_msgs/ros_robot_controller_msgs/msg/detail/oled_state__functions.c
[2.467s] -- Up-to-date: /home/ubuntu/ros2_wsorincp/install/ros_robot_controller_msgs/include/ros_robot_controller_msgs/ros_robot_controller_msgs/msg/detail/buzzer_state__type_support.h
[2.467s] -- Up-to-date: /home/ubuntu/ros2_wsorincp/install/ros_robot_controller_msgs/include/ros_robot_controller_msgs/ros_robot_controller_msgs/msg/detail/get_pwm_servo_cmd__functions.h
[2.467s] -- Up-to-date: /home/ubuntu/ros2_wsorincp/install/ros_robot_controller_msgs/include/ros_robot_controller_msgs/ros_robot_controller_msgs/msg/detail/servo_position__type_support.h
[2.468s] -- Up-to-date: /home/ubuntu/ros2_wsorincp/install/ros_robot_controller_msgs/include/ros_robot_controller_msgs/ros_robot_controller_msgs/msg/detail/get_pwm_servo_cmd__struct.h
[2.468s] -- Up-to-date: /home/ubuntu/ros2_wsorincp/install/ros_robot_controller_msgs/include/ros_robot_controller_msgs/ros_robot_controller_msgs/msg/detail/buzzer_state__functions.h
[2.468s] -- Up-to-date: /home/ubuntu/ros2_wsorincp/install/ros_robot_controller_msgs/include/ros_robot_controller_msgs/ros_robot_controller_msgs/msg/detail/servo_position__struct.h
[2.468s] -- Up-to-date: /home/ubuntu/ros2_wsorincp/install/ros_robot_controller_msgs/include/ros_robot_controller_msgs/ros_robot_controller_msgs/msg/detail/oled_state__functions.h
[2.468s] -- Up-to-date: /home/ubuntu/ros2_wsorincp/install/ros_robot_controller_msgs/include/ros_robot_controller_msgs/ros_robot_controller_msgs/msg/detail/sbus__type_support.h
[2.468s] -- Up-to-date: /home/ubuntu/ros2_wsorincp/install/ros_robot_controller_msgs/include/ros_robot_controller_msgs/ros_robot_controller_msgs/msg/detail/button_state__functions.h
[2.468s] -- Up-to-date: /home/ubuntu/ros2_wsorincp/install/ros_robot_controller_msgs/include/ros_robot_controller_msgs/ros_robot_controller_msgs/msg/detail/servo_position__functions.h
[2.468s] -- Up-to-date: /home/ubuntu/ros2_wsorincp/install/ros_robot_controller_msgs/include/ros_robot_controller_msgs/ros_robot_controller_msgs/msg/detail/pwm_servo_state__functions.h
[2.468s] -- Up-to-date: /home/ubuntu/ros2_wsorincp/install/ros_robot_controller_msgs/include/ros_robot_controller_msgs/ros_robot_controller_msgs/msg/detail/buzzer_state__struct.h
[2.468s] -- Up-to-date: /home/ubuntu/ros2_wsorincp/install/ros_robot_controller_msgs/include/ros_robot_controller_msgs/ros_robot_controller_msgs/msg/detail/pwm_servo_state__type_support.h
[2.468s] -- Up-to-date: /home/ubuntu/ros2_wsorincp/install/ros_robot_controller_msgs/include/ros_robot_controller_msgs/ros_robot_controller_msgs/msg/detail/pwm_servo_state__functions.c
[2.468s] -- Up-to-date: /home/ubuntu/ros2_wsorincp/install/ros_robot_controller_msgs/include/ros_robot_controller_msgs/ros_robot_controller_msgs/msg/detail/set_pwm_servo_state__functions.h
[2.468s] -- Up-to-date: /home/ubuntu/ros2_wsorincp/install/ros_robot_controller_msgs/include/ros_robot_controller_msgs/ros_robot_controller_msgs/msg/detail/set_bus_servo_state__functions.c
[2.468s] -- Up-to-date: /home/ubuntu/ros2_wsorincp/install/ros_robot_controller_msgs/include/ros_robot_controller_msgs/ros_robot_controller_msgs/msg/detail/get_bus_servo_cmd__functions.h
[2.469s] -- Up-to-date: /home/ubuntu/ros2_wsorincp/install/ros_robot_controller_msgs/include/ros_robot_controller_msgs/ros_robot_controller_msgs/msg/detail/sbus__functions.c
[2.469s] -- Up-to-date: /home/ubuntu/ros2_wsorincp/install/ros_robot_controller_msgs/include/ros_robot_controller_msgs/ros_robot_controller_msgs/msg/detail/button_state__struct.h
[2.469s] -- Up-to-date: /home/ubuntu/ros2_wsorincp/install/ros_robot_controller_msgs/include/ros_robot_controller_msgs/ros_robot_controller_msgs/msg/detail/set_pwm_servo_state__struct.h
[2.469s] -- Up-to-date: /home/ubuntu/ros2_wsorincp/install/ros_robot_controller_msgs/include/ros_robot_controller_msgs/ros_robot_controller_msgs/msg/detail/bus_servo_state__functions.h
[2.469s] -- Up-to-date: /home/ubuntu/ros2_wsorincp/install/ros_robot_controller_msgs/include/ros_robot_controller_msgs/ros_robot_controller_msgs/msg/detail/buzzer_state__functions.c
[2.469s] -- Up-to-date: /home/ubuntu/ros2_wsorincp/install/ros_robot_controller_msgs/include/ros_robot_controller_msgs/ros_robot_controller_msgs/msg/detail/button_state__type_support.h
[2.469s] -- Up-to-date: /home/ubuntu/ros2_wsorincp/install/ros_robot_controller_msgs/include/ros_robot_controller_msgs/ros_robot_controller_msgs/msg/detail/get_bus_servo_cmd__struct.h
[2.469s] -- Up-to-date: /home/ubuntu/ros2_wsorincp/install/ros_robot_controller_msgs/include/ros_robot_controller_msgs/ros_robot_controller_msgs/msg/detail/motors_state__functions.h
[2.469s] -- Up-to-date: /home/ubuntu/ros2_wsorincp/install/ros_robot_controller_msgs/include/ros_robot_controller_msgs/ros_robot_controller_msgs/msg/detail/led_state__type_support.h
[2.469s] -- Up-to-date: /home/ubuntu/ros2_wsorincp/install/ros_robot_controller_msgs/include/ros_robot_controller_msgs/ros_robot_controller_msgs/msg/detail/motor_state__functions.c
[2.469s] -- Up-to-date: /home/ubuntu/ros2_wsorincp/install/ros_robot_controller_msgs/include/ros_robot_controller_msgs/ros_robot_controller_msgs/msg/detail/get_pwm_servo_cmd__functions.c
[2.469s] -- Up-to-date: /home/ubuntu/ros2_wsorincp/install/ros_robot_controller_msgs/include/ros_robot_controller_msgs/ros_robot_controller_msgs/msg/detail/sbus__struct.h
[2.469s] -- Up-to-date: /home/ubuntu/ros2_wsorincp/install/ros_robot_controller_msgs/include/ros_robot_controller_msgs/ros_robot_controller_msgs/msg/detail/motors_state__type_support.h
[2.470s] -- Up-to-date: /home/ubuntu/ros2_wsorincp/install/ros_robot_controller_msgs/include/ros_robot_controller_msgs/ros_robot_controller_msgs/msg/detail/led_state__struct.h
[2.470s] -- Up-to-date: /home/ubuntu/ros2_wsorincp/install/ros_robot_controller_msgs/include/ros_robot_controller_msgs/ros_robot_controller_msgs/msg/detail/set_bus_servo_state__struct.h
[2.470s] -- Up-to-date: /home/ubuntu/ros2_wsorincp/install/ros_robot_controller_msgs/include/ros_robot_controller_msgs/ros_robot_controller_msgs/msg/detail/led_state__functions.c
[2.470s] -- Up-to-date: /home/ubuntu/ros2_wsorincp/install/ros_robot_controller_msgs/include/ros_robot_controller_msgs/ros_robot_controller_msgs/msg/detail/bus_servo_state__struct.h
[2.470s] -- Up-to-date: /home/ubuntu/ros2_wsorincp/install/ros_robot_controller_msgs/include/ros_robot_controller_msgs/ros_robot_controller_msgs/msg/detail/motor_state__functions.h
[2.470s] -- Up-to-date: /home/ubuntu/ros2_wsorincp/install/ros_robot_controller_msgs/include/ros_robot_controller_msgs/ros_robot_controller_msgs/msg/detail/pwm_servo_state__struct.h
[2.470s] -- Up-to-date: /home/ubuntu/ros2_wsorincp/install/ros_robot_controller_msgs/include/ros_robot_controller_msgs/ros_robot_controller_msgs/msg/detail/motor_state__type_support.h
[2.470s] -- Up-to-date: /home/ubuntu/ros2_wsorincp/install/ros_robot_controller_msgs/include/ros_robot_controller_msgs/ros_robot_controller_msgs/msg/detail/bus_servo_state__type_support.h
[2.470s] -- Up-to-date: /home/ubuntu/ros2_wsorincp/install/ros_robot_controller_msgs/include/ros_robot_controller_msgs/ros_robot_controller_msgs/msg/detail/get_bus_servo_cmd__type_support.h
[2.470s] -- Up-to-date: /home/ubuntu/ros2_wsorincp/install/ros_robot_controller_msgs/include/ros_robot_controller_msgs/ros_robot_controller_msgs/msg/detail/oled_state__type_support.h
[2.470s] -- Up-to-date: /home/ubuntu/ros2_wsorincp/install/ros_robot_controller_msgs/include/ros_robot_controller_msgs/ros_robot_controller_msgs/msg/detail/set_pwm_servo_state__functions.c
[2.470s] -- Up-to-date: /home/ubuntu/ros2_wsorincp/install/ros_robot_controller_msgs/include/ros_robot_controller_msgs/ros_robot_controller_msgs/msg/detail/oled_state__struct.h
[2.471s] -- Up-to-date: /home/ubuntu/ros2_wsorincp/install/ros_robot_controller_msgs/include/ros_robot_controller_msgs/ros_robot_controller_msgs/msg/detail/servo_position__functions.c
[2.471s] -- Up-to-date: /home/ubuntu/ros2_wsorincp/install/ros_robot_controller_msgs/include/ros_robot_controller_msgs/ros_robot_controller_msgs/msg/detail/bus_servo_state__functions.c
[2.471s] -- Up-to-date: /home/ubuntu/ros2_wsorincp/install/ros_robot_controller_msgs/include/ros_robot_controller_msgs/ros_robot_controller_msgs/msg/detail/motors_state__functions.c
[2.471s] -- Up-to-date: /home/ubuntu/ros2_wsorincp/install/ros_robot_controller_msgs/include/ros_robot_controller_msgs/ros_robot_controller_msgs/msg/detail/button_state__functions.c
[2.471s] -- Up-to-date: /home/ubuntu/ros2_wsorincp/install/ros_robot_controller_msgs/include/ros_robot_controller_msgs/ros_robot_controller_msgs/msg/detail/servos_position__functions.c
[2.471s] -- Up-to-date: /home/ubuntu/ros2_wsorincp/install/ros_robot_controller_msgs/include/ros_robot_controller_msgs/ros_robot_controller_msgs/msg/detail/servos_position__functions.h
[2.471s] -- Up-to-date: /home/ubuntu/ros2_wsorincp/install/ros_robot_controller_msgs/include/ros_robot_controller_msgs/ros_robot_controller_msgs/msg/detail/motor_state__struct.h
[2.471s] -- Up-to-date: /home/ubuntu/ros2_wsorincp/install/ros_robot_controller_msgs/include/ros_robot_controller_msgs/ros_robot_controller_msgs/msg/detail/motors_state__struct.h
[2.471s] -- Up-to-date: /home/ubuntu/ros2_wsorincp/install/ros_robot_controller_msgs/include/ros_robot_controller_msgs/ros_robot_controller_msgs/msg/detail/servos_position__type_support.h
[2.471s] -- Up-to-date: /home/ubuntu/ros2_wsorincp/install/ros_robot_controller_msgs/include/ros_robot_controller_msgs/ros_robot_controller_msgs/msg/detail/servos_position__struct.h
[2.471s] -- Up-to-date: /home/ubuntu/ros2_wsorincp/install/ros_robot_controller_msgs/include/ros_robot_controller_msgs/ros_robot_controller_msgs/msg/detail/get_pwm_servo_cmd__type_support.h
[2.471s] -- Up-to-date: /home/ubuntu/ros2_wsorincp/install/ros_robot_controller_msgs/include/ros_robot_controller_msgs/ros_robot_controller_msgs/msg/detail/sbus__functions.h
[2.471s] -- Up-to-date: /home/ubuntu/ros2_wsorincp/install/ros_robot_controller_msgs/include/ros_robot_controller_msgs/ros_robot_controller_msgs/msg/servo_position.h
[2.472s] -- Up-to-date: /home/ubuntu/ros2_wsorincp/install/ros_robot_controller_msgs/include/ros_robot_controller_msgs/ros_robot_controller_msgs/srv
[2.472s] -- Up-to-date: /home/ubuntu/ros2_wsorincp/install/ros_robot_controller_msgs/include/ros_robot_controller_msgs/ros_robot_controller_msgs/srv/get_bus_servo_state.h
[2.472s] -- Up-to-date: /home/ubuntu/ros2_wsorincp/install/ros_robot_controller_msgs/include/ros_robot_controller_msgs/ros_robot_controller_msgs/srv/detail
[2.472s] -- Up-to-date: /home/ubuntu/ros2_wsorincp/install/ros_robot_controller_msgs/include/ros_robot_controller_msgs/ros_robot_controller_msgs/srv/detail/get_bus_servo_state__functions.h
[2.472s] -- Up-to-date: /home/ubuntu/ros2_wsorincp/install/ros_robot_controller_msgs/include/ros_robot_controller_msgs/ros_robot_controller_msgs/srv/detail/get_pwm_servo_state__functions.h
[2.472s] -- Up-to-date: /home/ubuntu/ros2_wsorincp/install/ros_robot_controller_msgs/include/ros_robot_controller_msgs/ros_robot_controller_msgs/srv/detail/get_pwm_servo_state__type_support.h
[2.472s] -- Up-to-date: /home/ubuntu/ros2_wsorincp/install/ros_robot_controller_msgs/include/ros_robot_controller_msgs/ros_robot_controller_msgs/srv/detail/get_bus_servo_state__functions.c
[2.472s] -- Up-to-date: /home/ubuntu/ros2_wsorincp/install/ros_robot_controller_msgs/include/ros_robot_controller_msgs/ros_robot_controller_msgs/srv/detail/get_bus_servo_state__struct.h
[2.473s] -- Up-to-date: /home/ubuntu/ros2_wsorincp/install/ros_robot_controller_msgs/include/ros_robot_controller_msgs/ros_robot_controller_msgs/srv/detail/get_pwm_servo_state__functions.c
[2.473s] -- Up-to-date: /home/ubuntu/ros2_wsorincp/install/ros_robot_controller_msgs/include/ros_robot_controller_msgs/ros_robot_controller_msgs/srv/detail/get_bus_servo_state__type_support.h
[2.473s] -- Up-to-date: /home/ubuntu/ros2_wsorincp/install/ros_robot_controller_msgs/include/ros_robot_controller_msgs/ros_robot_controller_msgs/srv/detail/get_pwm_servo_state__struct.h
[2.473s] -- Up-to-date: /home/ubuntu/ros2_wsorincp/install/ros_robot_controller_msgs/include/ros_robot_controller_msgs/ros_robot_controller_msgs/srv/get_pwm_servo_state.h
[2.473s] -- Up-to-date: /home/ubuntu/ros2_wsorincp/install/ros_robot_controller_msgs/share/ros_robot_controller_msgs/environment/library_path.sh
[2.473s] -- Up-to-date: /home/ubuntu/ros2_wsorincp/install/ros_robot_controller_msgs/share/ros_robot_controller_msgs/environment/library_path.dsv
[2.473s] -- Up-to-date: /home/ubuntu/ros2_wsorincp/install/ros_robot_controller_msgs/lib/libros_robot_controller_msgs__rosidl_generator_c.so
[2.473s] -- Up-to-date: /home/ubuntu/ros2_wsorincp/install/ros_robot_controller_msgs/include/ros_robot_controller_msgs/ros_robot_controller_msgs
[2.473s] -- Up-to-date: /home/ubuntu/ros2_wsorincp/install/ros_robot_controller_msgs/include/ros_robot_controller_msgs/ros_robot_controller_msgs/msg
[2.473s] -- Up-to-date: /home/ubuntu/ros2_wsorincp/install/ros_robot_controller_msgs/include/ros_robot_controller_msgs/ros_robot_controller_msgs/msg/rosidl_typesupport_fastrtps_c__visibility_control.h
[2.473s] -- Up-to-date: /home/ubuntu/ros2_wsorincp/install/ros_robot_controller_msgs/include/ros_robot_controller_msgs/ros_robot_controller_msgs/msg/detail
[2.473s] -- Up-to-date: /home/ubuntu/ros2_wsorincp/install/ros_robot_controller_msgs/include/ros_robot_controller_msgs/ros_robot_controller_msgs/msg/detail/bus_servo_state__rosidl_typesupport_fastrtps_c.h
[2.473s] -- Up-to-date: /home/ubuntu/ros2_wsorincp/install/ros_robot_controller_msgs/include/ros_robot_controller_msgs/ros_robot_controller_msgs/msg/detail/buzzer_state__rosidl_typesupport_fastrtps_c.h
[2.473s] -- Up-to-date: /home/ubuntu/ros2_wsorincp/install/ros_robot_controller_msgs/include/ros_robot_controller_msgs/ros_robot_controller_msgs/msg/detail/motor_state__rosidl_typesupport_fastrtps_c.h
[2.474s] -- Up-to-date: /home/ubuntu/ros2_wsorincp/install/ros_robot_controller_msgs/include/ros_robot_controller_msgs/ros_robot_controller_msgs/msg/detail/led_state__rosidl_typesupport_fastrtps_c.h
[2.474s] -- Up-to-date: /home/ubuntu/ros2_wsorincp/install/ros_robot_controller_msgs/include/ros_robot_controller_msgs/ros_robot_controller_msgs/msg/detail/get_pwm_servo_cmd__rosidl_typesupport_fastrtps_c.h
[2.474s] -- Up-to-date: /home/ubuntu/ros2_wsorincp/install/ros_robot_controller_msgs/include/ros_robot_controller_msgs/ros_robot_controller_msgs/msg/detail/set_pwm_servo_state__rosidl_typesupport_fastrtps_c.h
[2.474s] -- Up-to-date: /home/ubuntu/ros2_wsorincp/install/ros_robot_controller_msgs/include/ros_robot_controller_msgs/ros_robot_controller_msgs/msg/detail/button_state__rosidl_typesupport_fastrtps_c.h
[2.474s] -- Up-to-date: /home/ubuntu/ros2_wsorincp/install/ros_robot_controller_msgs/include/ros_robot_controller_msgs/ros_robot_controller_msgs/msg/detail/servo_position__rosidl_typesupport_fastrtps_c.h
[2.474s] -- Up-to-date: /home/ubuntu/ros2_wsorincp/install/ros_robot_controller_msgs/include/ros_robot_controller_msgs/ros_robot_controller_msgs/msg/detail/set_bus_servo_state__rosidl_typesupport_fastrtps_c.h
[2.474s] -- Up-to-date: /home/ubuntu/ros2_wsorincp/install/ros_robot_controller_msgs/include/ros_robot_controller_msgs/ros_robot_controller_msgs/msg/detail/motors_state__rosidl_typesupport_fastrtps_c.h
[2.474s] -- Up-to-date: /home/ubuntu/ros2_wsorincp/install/ros_robot_controller_msgs/include/ros_robot_controller_msgs/ros_robot_controller_msgs/msg/detail/sbus__rosidl_typesupport_fastrtps_c.h
[2.474s] -- Up-to-date: /home/ubuntu/ros2_wsorincp/install/ros_robot_controller_msgs/include/ros_robot_controller_msgs/ros_robot_controller_msgs/msg/detail/oled_state__rosidl_typesupport_fastrtps_c.h
[2.474s] -- Up-to-date: /home/ubuntu/ros2_wsorincp/install/ros_robot_controller_msgs/include/ros_robot_controller_msgs/ros_robot_controller_msgs/msg/detail/pwm_servo_state__rosidl_typesupport_fastrtps_c.h
[2.474s] -- Up-to-date: /home/ubuntu/ros2_wsorincp/install/ros_robot_controller_msgs/include/ros_robot_controller_msgs/ros_robot_controller_msgs/msg/detail/servos_position__rosidl_typesupport_fastrtps_c.h
[2.475s] -- Up-to-date: /home/ubuntu/ros2_wsorincp/install/ros_robot_controller_msgs/include/ros_robot_controller_msgs/ros_robot_controller_msgs/msg/detail/get_bus_servo_cmd__rosidl_typesupport_fastrtps_c.h
[2.475s] -- Up-to-date: /home/ubuntu/ros2_wsorincp/install/ros_robot_controller_msgs/include/ros_robot_controller_msgs/ros_robot_controller_msgs/srv
[2.475s] -- Up-to-date: /home/ubuntu/ros2_wsorincp/install/ros_robot_controller_msgs/include/ros_robot_controller_msgs/ros_robot_controller_msgs/srv/detail
[2.475s] -- Up-to-date: /home/ubuntu/ros2_wsorincp/install/ros_robot_controller_msgs/include/ros_robot_controller_msgs/ros_robot_controller_msgs/srv/detail/get_pwm_servo_state__rosidl_typesupport_fastrtps_c.h
[2.475s] -- Up-to-date: /home/ubuntu/ros2_wsorincp/install/ros_robot_controller_msgs/include/ros_robot_controller_msgs/ros_robot_controller_msgs/srv/detail/get_bus_servo_state__rosidl_typesupport_fastrtps_c.h
[2.475s] -- Up-to-date: /home/ubuntu/ros2_wsorincp/install/ros_robot_controller_msgs/lib/libros_robot_controller_msgs__rosidl_typesupport_fastrtps_c.so
[2.475s] -- Up-to-date: /home/ubuntu/ros2_wsorincp/install/ros_robot_controller_msgs/include/ros_robot_controller_msgs/ros_robot_controller_msgs
[2.475s] -- Up-to-date: /home/ubuntu/ros2_wsorincp/install/ros_robot_controller_msgs/include/ros_robot_controller_msgs/ros_robot_controller_msgs/msg
[2.475s] -- Up-to-date: /home/ubuntu/ros2_wsorincp/install/ros_robot_controller_msgs/include/ros_robot_controller_msgs/ros_robot_controller_msgs/msg/pwm_servo_state.hpp
[2.475s] -- Up-to-date: /home/ubuntu/ros2_wsorincp/install/ros_robot_controller_msgs/include/ros_robot_controller_msgs/ros_robot_controller_msgs/msg/motor_state.hpp
[2.475s] -- Up-to-date: /home/ubuntu/ros2_wsorincp/install/ros_robot_controller_msgs/include/ros_robot_controller_msgs/ros_robot_controller_msgs/msg/servo_position.hpp
[2.475s] -- Up-to-date: /home/ubuntu/ros2_wsorincp/install/ros_robot_controller_msgs/include/ros_robot_controller_msgs/ros_robot_controller_msgs/msg/get_pwm_servo_cmd.hpp
[2.475s] -- Up-to-date: /home/ubuntu/ros2_wsorincp/install/ros_robot_controller_msgs/include/ros_robot_controller_msgs/ros_robot_controller_msgs/msg/sbus.hpp
[2.475s] -- Up-to-date: /home/ubuntu/ros2_wsorincp/install/ros_robot_controller_msgs/include/ros_robot_controller_msgs/ros_robot_controller_msgs/msg/motors_state.hpp
[2.476s] -- Up-to-date: /home/ubuntu/ros2_wsorincp/install/ros_robot_controller_msgs/include/ros_robot_controller_msgs/ros_robot_controller_msgs/msg/set_bus_servo_state.hpp
[2.476s] -- Up-to-date: /home/ubuntu/ros2_wsorincp/install/ros_robot_controller_msgs/include/ros_robot_controller_msgs/ros_robot_controller_msgs/msg/set_pwm_servo_state.hpp
[2.476s] -- Up-to-date: /home/ubuntu/ros2_wsorincp/install/ros_robot_controller_msgs/include/ros_robot_controller_msgs/ros_robot_controller_msgs/msg/led_state.hpp
[2.476s] -- Up-to-date: /home/ubuntu/ros2_wsorincp/install/ros_robot_controller_msgs/include/ros_robot_controller_msgs/ros_robot_controller_msgs/msg/oled_state.hpp
[2.476s] -- Up-to-date: /home/ubuntu/ros2_wsorincp/install/ros_robot_controller_msgs/include/ros_robot_controller_msgs/ros_robot_controller_msgs/msg/buzzer_state.hpp
[2.476s] -- Up-to-date: /home/ubuntu/ros2_wsorincp/install/ros_robot_controller_msgs/include/ros_robot_controller_msgs/ros_robot_controller_msgs/msg/bus_servo_state.hpp
[2.476s] -- Up-to-date: /home/ubuntu/ros2_wsorincp/install/ros_robot_controller_msgs/include/ros_robot_controller_msgs/ros_robot_controller_msgs/msg/button_state.hpp
[2.476s] -- Up-to-date: /home/ubuntu/ros2_wsorincp/install/ros_robot_controller_msgs/include/ros_robot_controller_msgs/ros_robot_controller_msgs/msg/detail
[2.476s] -- Up-to-date: /home/ubuntu/ros2_wsorincp/install/ros_robot_controller_msgs/include/ros_robot_controller_msgs/ros_robot_controller_msgs/msg/detail/servos_position__traits.hpp
[2.476s] -- Up-to-date: /home/ubuntu/ros2_wsorincp/install/ros_robot_controller_msgs/include/ros_robot_controller_msgs/ros_robot_controller_msgs/msg/detail/motor_state__builder.hpp
[2.476s] -- Up-to-date: /home/ubuntu/ros2_wsorincp/install/ros_robot_controller_msgs/include/ros_robot_controller_msgs/ros_robot_controller_msgs/msg/detail/buzzer_state__builder.hpp
[2.476s] -- Up-to-date: /home/ubuntu/ros2_wsorincp/install/ros_robot_controller_msgs/include/ros_robot_controller_msgs/ros_robot_controller_msgs/msg/detail/set_pwm_servo_state__traits.hpp
[2.476s] -- Up-to-date: /home/ubuntu/ros2_wsorincp/install/ros_robot_controller_msgs/include/ros_robot_controller_msgs/ros_robot_controller_msgs/msg/detail/set_bus_servo_state__struct.hpp
[2.477s] -- Up-to-date: /home/ubuntu/ros2_wsorincp/install/ros_robot_controller_msgs/include/ros_robot_controller_msgs/ros_robot_controller_msgs/msg/detail/buzzer_state__struct.hpp
[2.477s] -- Up-to-date: /home/ubuntu/ros2_wsorincp/install/ros_robot_controller_msgs/include/ros_robot_controller_msgs/ros_robot_controller_msgs/msg/detail/servo_position__traits.hpp
[2.477s] -- Up-to-date: /home/ubuntu/ros2_wsorincp/install/ros_robot_controller_msgs/include/ros_robot_controller_msgs/ros_robot_controller_msgs/msg/detail/servos_position__struct.hpp
[2.477s] -- Up-to-date: /home/ubuntu/ros2_wsorincp/install/ros_robot_controller_msgs/include/ros_robot_controller_msgs/ros_robot_controller_msgs/msg/detail/oled_state__traits.hpp
[2.477s] -- Up-to-date: /home/ubuntu/ros2_wsorincp/install/ros_robot_controller_msgs/include/ros_robot_controller_msgs/ros_robot_controller_msgs/msg/detail/servo_position__builder.hpp
[2.477s] -- Up-to-date: /home/ubuntu/ros2_wsorincp/install/ros_robot_controller_msgs/include/ros_robot_controller_msgs/ros_robot_controller_msgs/msg/detail/motors_state__traits.hpp
[2.477s] -- Up-to-date: /home/ubuntu/ros2_wsorincp/install/ros_robot_controller_msgs/include/ros_robot_controller_msgs/ros_robot_controller_msgs/msg/detail/oled_state__builder.hpp
[2.477s] -- Up-to-date: /home/ubuntu/ros2_wsorincp/install/ros_robot_controller_msgs/include/ros_robot_controller_msgs/ros_robot_controller_msgs/msg/detail/button_state__builder.hpp
[2.477s] -- Up-to-date: /home/ubuntu/ros2_wsorincp/install/ros_robot_controller_msgs/include/ros_robot_controller_msgs/ros_robot_controller_msgs/msg/detail/get_bus_servo_cmd__struct.hpp
[2.477s] -- Up-to-date: /home/ubuntu/ros2_wsorincp/install/ros_robot_controller_msgs/include/ros_robot_controller_msgs/ros_robot_controller_msgs/msg/detail/buzzer_state__traits.hpp
[2.477s] -- Up-to-date: /home/ubuntu/ros2_wsorincp/install/ros_robot_controller_msgs/include/ros_robot_controller_msgs/ros_robot_controller_msgs/msg/detail/button_state__struct.hpp
[2.477s] -- Up-to-date: /home/ubuntu/ros2_wsorincp/install/ros_robot_controller_msgs/include/ros_robot_controller_msgs/ros_robot_controller_msgs/msg/detail/bus_servo_state__builder.hpp
[2.477s] -- Up-to-date: /home/ubuntu/ros2_wsorincp/install/ros_robot_controller_msgs/include/ros_robot_controller_msgs/ros_robot_controller_msgs/msg/detail/set_bus_servo_state__traits.hpp
[2.477s] -- Up-to-date: /home/ubuntu/ros2_wsorincp/install/ros_robot_controller_msgs/include/ros_robot_controller_msgs/ros_robot_controller_msgs/msg/detail/get_bus_servo_cmd__traits.hpp
[2.477s] -- Up-to-date: /home/ubuntu/ros2_wsorincp/install/ros_robot_controller_msgs/include/ros_robot_controller_msgs/ros_robot_controller_msgs/msg/detail/get_pwm_servo_cmd__struct.hpp
[2.477s] -- Up-to-date: /home/ubuntu/ros2_wsorincp/install/ros_robot_controller_msgs/include/ros_robot_controller_msgs/ros_robot_controller_msgs/msg/detail/led_state__struct.hpp
[2.478s] -- Up-to-date: /home/ubuntu/ros2_wsorincp/install/ros_robot_controller_msgs/include/ros_robot_controller_msgs/ros_robot_controller_msgs/msg/detail/bus_servo_state__struct.hpp
[2.478s] -- Up-to-date: /home/ubuntu/ros2_wsorincp/install/ros_robot_controller_msgs/include/ros_robot_controller_msgs/ros_robot_controller_msgs/msg/detail/sbus__builder.hpp
[2.478s] -- Up-to-date: /home/ubuntu/ros2_wsorincp/install/ros_robot_controller_msgs/include/ros_robot_controller_msgs/ros_robot_controller_msgs/msg/detail/sbus__traits.hpp
[2.478s] -- Up-to-date: /home/ubuntu/ros2_wsorincp/install/ros_robot_controller_msgs/include/ros_robot_controller_msgs/ros_robot_controller_msgs/msg/detail/motor_state__traits.hpp
[2.478s] -- Up-to-date: /home/ubuntu/ros2_wsorincp/install/ros_robot_controller_msgs/include/ros_robot_controller_msgs/ros_robot_controller_msgs/msg/detail/set_pwm_servo_state__struct.hpp
[2.478s] -- Up-to-date: /home/ubuntu/ros2_wsorincp/install/ros_robot_controller_msgs/include/ros_robot_controller_msgs/ros_robot_controller_msgs/msg/detail/pwm_servo_state__traits.hpp
[2.478s] -- Up-to-date: /home/ubuntu/ros2_wsorincp/install/ros_robot_controller_msgs/include/ros_robot_controller_msgs/ros_robot_controller_msgs/msg/detail/get_pwm_servo_cmd__traits.hpp
[2.478s] -- Up-to-date: /home/ubuntu/ros2_wsorincp/install/ros_robot_controller_msgs/include/ros_robot_controller_msgs/ros_robot_controller_msgs/msg/detail/motors_state__struct.hpp
[2.478s] -- Up-to-date: /home/ubuntu/ros2_wsorincp/install/ros_robot_controller_msgs/include/ros_robot_controller_msgs/ros_robot_controller_msgs/msg/detail/motor_state__struct.hpp
[2.478s] -- Up-to-date: /home/ubuntu/ros2_wsorincp/install/ros_robot_controller_msgs/include/ros_robot_controller_msgs/ros_robot_controller_msgs/msg/detail/pwm_servo_state__builder.hpp
[2.478s] -- Up-to-date: /home/ubuntu/ros2_wsorincp/install/ros_robot_controller_msgs/include/ros_robot_controller_msgs/ros_robot_controller_msgs/msg/detail/get_pwm_servo_cmd__builder.hpp
[2.478s] -- Up-to-date: /home/ubuntu/ros2_wsorincp/install/ros_robot_controller_msgs/include/ros_robot_controller_msgs/ros_robot_controller_msgs/msg/detail/servos_position__builder.hpp
[2.478s] -- Up-to-date: /home/ubuntu/ros2_wsorincp/install/ros_robot_controller_msgs/include/ros_robot_controller_msgs/ros_robot_controller_msgs/msg/detail/get_bus_servo_cmd__builder.hpp
[2.478s] -- Up-to-date: /home/ubuntu/ros2_wsorincp/install/ros_robot_controller_msgs/include/ros_robot_controller_msgs/ros_robot_controller_msgs/msg/detail/servo_position__struct.hpp
[2.479s] -- Up-to-date: /home/ubuntu/ros2_wsorincp/install/ros_robot_controller_msgs/include/ros_robot_controller_msgs/ros_robot_controller_msgs/msg/detail/sbus__struct.hpp
[2.479s] -- Up-to-date: /home/ubuntu/ros2_wsorincp/install/ros_robot_controller_msgs/include/ros_robot_controller_msgs/ros_robot_controller_msgs/msg/detail/oled_state__struct.hpp
[2.479s] -- Up-to-date: /home/ubuntu/ros2_wsorincp/install/ros_robot_controller_msgs/include/ros_robot_controller_msgs/ros_robot_controller_msgs/msg/detail/button_state__traits.hpp
[2.479s] -- Up-to-date: /home/ubuntu/ros2_wsorincp/install/ros_robot_controller_msgs/include/ros_robot_controller_msgs/ros_robot_controller_msgs/msg/detail/bus_servo_state__traits.hpp
[2.479s] -- Up-to-date: /home/ubuntu/ros2_wsorincp/install/ros_robot_controller_msgs/include/ros_robot_controller_msgs/ros_robot_controller_msgs/msg/detail/pwm_servo_state__struct.hpp
[2.479s] -- Up-to-date: /home/ubuntu/ros2_wsorincp/install/ros_robot_controller_msgs/include/ros_robot_controller_msgs/ros_robot_controller_msgs/msg/detail/set_pwm_servo_state__builder.hpp
[2.479s] -- Up-to-date: /home/ubuntu/ros2_wsorincp/install/ros_robot_controller_msgs/include/ros_robot_controller_msgs/ros_robot_controller_msgs/msg/detail/led_state__builder.hpp
[2.479s] -- Up-to-date: /home/ubuntu/ros2_wsorincp/install/ros_robot_controller_msgs/include/ros_robot_controller_msgs/ros_robot_controller_msgs/msg/detail/set_bus_servo_state__builder.hpp
[2.479s] -- Up-to-date: /home/ubuntu/ros2_wsorincp/install/ros_robot_controller_msgs/include/ros_robot_controller_msgs/ros_robot_controller_msgs/msg/detail/motors_state__builder.hpp
[2.479s] -- Up-to-date: /home/ubuntu/ros2_wsorincp/install/ros_robot_controller_msgs/include/ros_robot_controller_msgs/ros_robot_controller_msgs/msg/detail/led_state__traits.hpp
[2.479s] -- Up-to-date: /home/ubuntu/ros2_wsorincp/install/ros_robot_controller_msgs/include/ros_robot_controller_msgs/ros_robot_controller_msgs/msg/get_bus_servo_cmd.hpp
[2.479s] -- Up-to-date: /home/ubuntu/ros2_wsorincp/install/ros_robot_controller_msgs/include/ros_robot_controller_msgs/ros_robot_controller_msgs/msg/servos_position.hpp
[2.479s] -- Up-to-date: /home/ubuntu/ros2_wsorincp/install/ros_robot_controller_msgs/include/ros_robot_controller_msgs/ros_robot_controller_msgs/srv
[2.480s] -- Up-to-date: /home/ubuntu/ros2_wsorincp/install/ros_robot_controller_msgs/include/ros_robot_controller_msgs/ros_robot_controller_msgs/srv/get_pwm_servo_state.hpp
[2.480s] -- Up-to-date: /home/ubuntu/ros2_wsorincp/install/ros_robot_controller_msgs/include/ros_robot_controller_msgs/ros_robot_controller_msgs/srv/get_bus_servo_state.hpp
[2.480s] -- Up-to-date: /home/ubuntu/ros2_wsorincp/install/ros_robot_controller_msgs/include/ros_robot_controller_msgs/ros_robot_controller_msgs/srv/detail
[2.480s] -- Up-to-date: /home/ubuntu/ros2_wsorincp/install/ros_robot_controller_msgs/include/ros_robot_controller_msgs/ros_robot_controller_msgs/srv/detail/get_pwm_servo_state__struct.hpp
[2.480s] -- Up-to-date: /home/ubuntu/ros2_wsorincp/install/ros_robot_controller_msgs/include/ros_robot_controller_msgs/ros_robot_controller_msgs/srv/detail/get_bus_servo_state__builder.hpp
[2.480s] -- Up-to-date: /home/ubuntu/ros2_wsorincp/install/ros_robot_controller_msgs/include/ros_robot_controller_msgs/ros_robot_controller_msgs/srv/detail/get_pwm_servo_state__traits.hpp
[2.480s] -- Up-to-date: /home/ubuntu/ros2_wsorincp/install/ros_robot_controller_msgs/include/ros_robot_controller_msgs/ros_robot_controller_msgs/srv/detail/get_bus_servo_state__struct.hpp
[2.480s] -- Up-to-date: /home/ubuntu/ros2_wsorincp/install/ros_robot_controller_msgs/include/ros_robot_controller_msgs/ros_robot_controller_msgs/srv/detail/get_bus_servo_state__traits.hpp
[2.480s] -- Up-to-date: /home/ubuntu/ros2_wsorincp/install/ros_robot_controller_msgs/include/ros_robot_controller_msgs/ros_robot_controller_msgs/srv/detail/get_pwm_servo_state__builder.hpp
[2.480s] -- Up-to-date: /home/ubuntu/ros2_wsorincp/install/ros_robot_controller_msgs/include/ros_robot_controller_msgs/ros_robot_controller_msgs
[2.480s] -- Up-to-date: /home/ubuntu/ros2_wsorincp/install/ros_robot_controller_msgs/include/ros_robot_controller_msgs/ros_robot_controller_msgs/msg
[2.480s] -- Up-to-date: /home/ubuntu/ros2_wsorincp/install/ros_robot_controller_msgs/include/ros_robot_controller_msgs/ros_robot_controller_msgs/msg/rosidl_typesupport_fastrtps_cpp__visibility_control.h
[2.480s] -- Up-to-date: /home/ubuntu/ros2_wsorincp/install/ros_robot_controller_msgs/include/ros_robot_controller_msgs/ros_robot_controller_msgs/msg/detail
[2.480s] -- Up-to-date: /home/ubuntu/ros2_wsorincp/install/ros_robot_controller_msgs/include/ros_robot_controller_msgs/ros_robot_controller_msgs/msg/detail/oled_state__rosidl_typesupport_fastrtps_cpp.hpp
[2.480s] -- Up-to-date: /home/ubuntu/ros2_wsorincp/install/ros_robot_controller_msgs/include/ros_robot_controller_msgs/ros_robot_controller_msgs/msg/detail/set_bus_servo_state__rosidl_typesupport_fastrtps_cpp.hpp
[2.480s] -- Up-to-date: /home/ubuntu/ros2_wsorincp/install/ros_robot_controller_msgs/include/ros_robot_controller_msgs/ros_robot_controller_msgs/msg/detail/buzzer_state__rosidl_typesupport_fastrtps_cpp.hpp
[2.481s] -- Up-to-date: /home/ubuntu/ros2_wsorincp/install/ros_robot_controller_msgs/include/ros_robot_controller_msgs/ros_robot_controller_msgs/msg/detail/servos_position__rosidl_typesupport_fastrtps_cpp.hpp
[2.481s] -- Up-to-date: /home/ubuntu/ros2_wsorincp/install/ros_robot_controller_msgs/include/ros_robot_controller_msgs/ros_robot_controller_msgs/msg/detail/sbus__rosidl_typesupport_fastrtps_cpp.hpp
[2.481s] -- Up-to-date: /home/ubuntu/ros2_wsorincp/install/ros_robot_controller_msgs/include/ros_robot_controller_msgs/ros_robot_controller_msgs/msg/detail/dds_fastrtps
[2.481s] -- Up-to-date: /home/ubuntu/ros2_wsorincp/install/ros_robot_controller_msgs/include/ros_robot_controller_msgs/ros_robot_controller_msgs/msg/detail/pwm_servo_state__rosidl_typesupport_fastrtps_cpp.hpp
[2.481s] -- Up-to-date: /home/ubuntu/ros2_wsorincp/install/ros_robot_controller_msgs/include/ros_robot_controller_msgs/ros_robot_controller_msgs/msg/detail/servo_position__rosidl_typesupport_fastrtps_cpp.hpp
[2.481s] -- Up-to-date: /home/ubuntu/ros2_wsorincp/install/ros_robot_controller_msgs/include/ros_robot_controller_msgs/ros_robot_controller_msgs/msg/detail/get_bus_servo_cmd__rosidl_typesupport_fastrtps_cpp.hpp
[2.481s] -- Up-to-date: /home/ubuntu/ros2_wsorincp/install/ros_robot_controller_msgs/include/ros_robot_controller_msgs/ros_robot_controller_msgs/msg/detail/set_pwm_servo_state__rosidl_typesupport_fastrtps_cpp.hpp
[2.482s] -- Up-to-date: /home/ubuntu/ros2_wsorincp/install/ros_robot_controller_msgs/include/ros_robot_controller_msgs/ros_robot_controller_msgs/msg/detail/led_state__rosidl_typesupport_fastrtps_cpp.hpp
[2.482s] -- Up-to-date: /home/ubuntu/ros2_wsorincp/install/ros_robot_controller_msgs/include/ros_robot_controller_msgs/ros_robot_controller_msgs/msg/detail/get_pwm_servo_cmd__rosidl_typesupport_fastrtps_cpp.hpp
[2.482s] -- Up-to-date: /home/ubuntu/ros2_wsorincp/install/ros_robot_controller_msgs/include/ros_robot_controller_msgs/ros_robot_controller_msgs/msg/detail/motor_state__rosidl_typesupport_fastrtps_cpp.hpp
[2.482s] -- Up-to-date: /home/ubuntu/ros2_wsorincp/install/ros_robot_controller_msgs/include/ros_robot_controller_msgs/ros_robot_controller_msgs/msg/detail/button_state__rosidl_typesupport_fastrtps_cpp.hpp
[2.482s] -- Up-to-date: /home/ubuntu/ros2_wsorincp/install/ros_robot_controller_msgs/include/ros_robot_controller_msgs/ros_robot_controller_msgs/msg/detail/bus_servo_state__rosidl_typesupport_fastrtps_cpp.hpp
[2.482s] -- Up-to-date: /home/ubuntu/ros2_wsorincp/install/ros_robot_controller_msgs/include/ros_robot_controller_msgs/ros_robot_controller_msgs/msg/detail/motors_state__rosidl_typesupport_fastrtps_cpp.hpp
[2.482s] -- Up-to-date: /home/ubuntu/ros2_wsorincp/install/ros_robot_controller_msgs/include/ros_robot_controller_msgs/ros_robot_controller_msgs/srv
[2.482s] -- Up-to-date: /home/ubuntu/ros2_wsorincp/install/ros_robot_controller_msgs/include/ros_robot_controller_msgs/ros_robot_controller_msgs/srv/detail
[2.482s] -- Up-to-date: /home/ubuntu/ros2_wsorincp/install/ros_robot_controller_msgs/include/ros_robot_controller_msgs/ros_robot_controller_msgs/srv/detail/get_bus_servo_state__rosidl_typesupport_fastrtps_cpp.hpp
[2.482s] -- Up-to-date: /home/ubuntu/ros2_wsorincp/install/ros_robot_controller_msgs/include/ros_robot_controller_msgs/ros_robot_controller_msgs/srv/detail/get_pwm_servo_state__rosidl_typesupport_fastrtps_cpp.hpp
[2.482s] -- Up-to-date: /home/ubuntu/ros2_wsorincp/install/ros_robot_controller_msgs/include/ros_robot_controller_msgs/ros_robot_controller_msgs/srv/detail/dds_fastrtps
[2.482s] -- Up-to-date: /home/ubuntu/ros2_wsorincp/install/ros_robot_controller_msgs/lib/libros_robot_controller_msgs__rosidl_typesupport_fastrtps_cpp.so
[2.482s] -- Up-to-date: /home/ubuntu/ros2_wsorincp/install/ros_robot_controller_msgs/include/ros_robot_controller_msgs/ros_robot_controller_msgs
[2.482s] -- Up-to-date: /home/ubuntu/ros2_wsorincp/install/ros_robot_controller_msgs/include/ros_robot_controller_msgs/ros_robot_controller_msgs/msg
[2.482s] -- Up-to-date: /home/ubuntu/ros2_wsorincp/install/ros_robot_controller_msgs/include/ros_robot_controller_msgs/ros_robot_controller_msgs/msg/rosidl_typesupport_introspection_c__visibility_control.h
[2.483s] -- Up-to-date: /home/ubuntu/ros2_wsorincp/install/ros_robot_controller_msgs/include/ros_robot_controller_msgs/ros_robot_controller_msgs/msg/detail
[2.483s] -- Up-to-date: /home/ubuntu/ros2_wsorincp/install/ros_robot_controller_msgs/include/ros_robot_controller_msgs/ros_robot_controller_msgs/msg/detail/button_state__rosidl_typesupport_introspection_c.h
[2.483s] -- Up-to-date: /home/ubuntu/ros2_wsorincp/install/ros_robot_controller_msgs/include/ros_robot_controller_msgs/ros_robot_controller_msgs/msg/detail/servos_position__type_support.c
[2.483s] -- Up-to-date: /home/ubuntu/ros2_wsorincp/install/ros_robot_controller_msgs/include/ros_robot_controller_msgs/ros_robot_controller_msgs/msg/detail/get_bus_servo_cmd__rosidl_typesupport_introspection_c.h
[2.483s] -- Up-to-date: /home/ubuntu/ros2_wsorincp/install/ros_robot_controller_msgs/include/ros_robot_controller_msgs/ros_robot_controller_msgs/msg/detail/sbus__type_support.c
[2.483s] -- Up-to-date: /home/ubuntu/ros2_wsorincp/install/ros_robot_controller_msgs/include/ros_robot_controller_msgs/ros_robot_controller_msgs/msg/detail/buzzer_state__type_support.c
[2.483s] -- Up-to-date: /home/ubuntu/ros2_wsorincp/install/ros_robot_controller_msgs/include/ros_robot_controller_msgs/ros_robot_controller_msgs/msg/detail/sbus__rosidl_typesupport_introspection_c.h
[2.483s] -- Up-to-date: /home/ubuntu/ros2_wsorincp/install/ros_robot_controller_msgs/include/ros_robot_controller_msgs/ros_robot_controller_msgs/msg/detail/motor_state__type_support.c
[2.483s] -- Up-to-date: /home/ubuntu/ros2_wsorincp/install/ros_robot_controller_msgs/include/ros_robot_controller_msgs/ros_robot_controller_msgs/msg/detail/pwm_servo_state__rosidl_typesupport_introspection_c.h
[2.483s] -- Up-to-date: /home/ubuntu/ros2_wsorincp/install/ros_robot_controller_msgs/include/ros_robot_controller_msgs/ros_robot_controller_msgs/msg/detail/servos_position__rosidl_typesupport_introspection_c.h
[2.483s] -- Up-to-date: /home/ubuntu/ros2_wsorincp/install/ros_robot_controller_msgs/include/ros_robot_controller_msgs/ros_robot_controller_msgs/msg/detail/set_pwm_servo_state__rosidl_typesupport_introspection_c.h
[2.483s] -- Up-to-date: /home/ubuntu/ros2_wsorincp/install/ros_robot_controller_msgs/include/ros_robot_controller_msgs/ros_robot_controller_msgs/msg/detail/led_state__type_support.c
[2.484s] -- Up-to-date: /home/ubuntu/ros2_wsorincp/install/ros_robot_controller_msgs/include/ros_robot_controller_msgs/ros_robot_controller_msgs/msg/detail/led_state__rosidl_typesupport_introspection_c.h
[2.484s] -- Up-to-date: /home/ubuntu/ros2_wsorincp/install/ros_robot_controller_msgs/include/ros_robot_controller_msgs/ros_robot_controller_msgs/msg/detail/servo_position__type_support.c
[2.484s] -- Up-to-date: /home/ubuntu/ros2_wsorincp/install/ros_robot_controller_msgs/include/ros_robot_controller_msgs/ros_robot_controller_msgs/msg/detail/get_bus_servo_cmd__type_support.c
[2.484s] -- Up-to-date: /home/ubuntu/ros2_wsorincp/install/ros_robot_controller_msgs/include/ros_robot_controller_msgs/ros_robot_controller_msgs/msg/detail/oled_state__rosidl_typesupport_introspection_c.h
[2.484s] -- Up-to-date: /home/ubuntu/ros2_wsorincp/install/ros_robot_controller_msgs/include/ros_robot_controller_msgs/ros_robot_controller_msgs/msg/detail/get_pwm_servo_cmd__type_support.c
[2.484s] -- Up-to-date: /home/ubuntu/ros2_wsorincp/install/ros_robot_controller_msgs/include/ros_robot_controller_msgs/ros_robot_controller_msgs/msg/detail/motors_state__type_support.c
[2.484s] -- Up-to-date: /home/ubuntu/ros2_wsorincp/install/ros_robot_controller_msgs/include/ros_robot_controller_msgs/ros_robot_controller_msgs/msg/detail/oled_state__type_support.c
[2.484s] -- Up-to-date: /home/ubuntu/ros2_wsorincp/install/ros_robot_controller_msgs/include/ros_robot_controller_msgs/ros_robot_controller_msgs/msg/detail/bus_servo_state__rosidl_typesupport_introspection_c.h
[2.484s] -- Up-to-date: /home/ubuntu/ros2_wsorincp/install/ros_robot_controller_msgs/include/ros_robot_controller_msgs/ros_robot_controller_msgs/msg/detail/bus_servo_state__type_support.c
[2.484s] -- Up-to-date: /home/ubuntu/ros2_wsorincp/install/ros_robot_controller_msgs/include/ros_robot_controller_msgs/ros_robot_controller_msgs/msg/detail/set_pwm_servo_state__type_support.c
[2.484s] -- Up-to-date: /home/ubuntu/ros2_wsorincp/install/ros_robot_controller_msgs/include/ros_robot_controller_msgs/ros_robot_controller_msgs/msg/detail/button_state__type_support.c
[2.484s] -- Up-to-date: /home/ubuntu/ros2_wsorincp/install/ros_robot_controller_msgs/include/ros_robot_controller_msgs/ros_robot_controller_msgs/msg/detail/buzzer_state__rosidl_typesupport_introspection_c.h
[2.484s] -- Up-to-date: /home/ubuntu/ros2_wsorincp/install/ros_robot_controller_msgs/include/ros_robot_controller_msgs/ros_robot_controller_msgs/msg/detail/pwm_servo_state__type_support.c
[2.484s] -- Up-to-date: /home/ubuntu/ros2_wsorincp/install/ros_robot_controller_msgs/include/ros_robot_controller_msgs/ros_robot_controller_msgs/msg/detail/get_pwm_servo_cmd__rosidl_typesupport_introspection_c.h
[2.484s] -- Up-to-date: /home/ubuntu/ros2_wsorincp/install/ros_robot_controller_msgs/include/ros_robot_controller_msgs/ros_robot_controller_msgs/msg/detail/servo_position__rosidl_typesupport_introspection_c.h
[2.485s] -- Up-to-date: /home/ubuntu/ros2_wsorincp/install/ros_robot_controller_msgs/include/ros_robot_controller_msgs/ros_robot_controller_msgs/msg/detail/set_bus_servo_state__rosidl_typesupport_introspection_c.h
[2.485s] -- Up-to-date: /home/ubuntu/ros2_wsorincp/install/ros_robot_controller_msgs/include/ros_robot_controller_msgs/ros_robot_controller_msgs/msg/detail/set_bus_servo_state__type_support.c
[2.485s] -- Up-to-date: /home/ubuntu/ros2_wsorincp/install/ros_robot_controller_msgs/include/ros_robot_controller_msgs/ros_robot_controller_msgs/msg/detail/motors_state__rosidl_typesupport_introspection_c.h
[2.485s] -- Up-to-date: /home/ubuntu/ros2_wsorincp/install/ros_robot_controller_msgs/include/ros_robot_controller_msgs/ros_robot_controller_msgs/msg/detail/motor_state__rosidl_typesupport_introspection_c.h
[2.485s] -- Up-to-date: /home/ubuntu/ros2_wsorincp/install/ros_robot_controller_msgs/include/ros_robot_controller_msgs/ros_robot_controller_msgs/srv
[2.485s] -- Up-to-date: /home/ubuntu/ros2_wsorincp/install/ros_robot_controller_msgs/include/ros_robot_controller_msgs/ros_robot_controller_msgs/srv/detail
[2.485s] -- Up-to-date: /home/ubuntu/ros2_wsorincp/install/ros_robot_controller_msgs/include/ros_robot_controller_msgs/ros_robot_controller_msgs/srv/detail/get_pwm_servo_state__type_support.c
[2.485s] -- Up-to-date: /home/ubuntu/ros2_wsorincp/install/ros_robot_controller_msgs/include/ros_robot_controller_msgs/ros_robot_controller_msgs/srv/detail/get_bus_servo_state__type_support.c
[2.485s] -- Up-to-date: /home/ubuntu/ros2_wsorincp/install/ros_robot_controller_msgs/include/ros_robot_controller_msgs/ros_robot_controller_msgs/srv/detail/get_bus_servo_state__rosidl_typesupport_introspection_c.h
[2.485s] -- Up-to-date: /home/ubuntu/ros2_wsorincp/install/ros_robot_controller_msgs/include/ros_robot_controller_msgs/ros_robot_controller_msgs/srv/detail/get_pwm_servo_state__rosidl_typesupport_introspection_c.h
[2.485s] -- Up-to-date: /home/ubuntu/ros2_wsorincp/install/ros_robot_controller_msgs/lib/libros_robot_controller_msgs__rosidl_typesupport_introspection_c.so
[2.485s] -- Up-to-date: /home/ubuntu/ros2_wsorincp/install/ros_robot_controller_msgs/lib/libros_robot_controller_msgs__rosidl_typesupport_c.so
[2.485s] -- Up-to-date: /home/ubuntu/ros2_wsorincp/install/ros_robot_controller_msgs/include/ros_robot_controller_msgs/ros_robot_controller_msgs
[2.485s] -- Up-to-date: /home/ubuntu/ros2_wsorincp/install/ros_robot_controller_msgs/include/ros_robot_controller_msgs/ros_robot_controller_msgs/msg
[2.485s] -- Up-to-date: /home/ubuntu/ros2_wsorincp/install/ros_robot_controller_msgs/include/ros_robot_controller_msgs/ros_robot_controller_msgs/msg/detail
[2.485s] -- Up-to-date: /home/ubuntu/ros2_wsorincp/install/ros_robot_controller_msgs/include/ros_robot_controller_msgs/ros_robot_controller_msgs/msg/detail/motors_state__rosidl_typesupport_introspection_cpp.hpp
[2.486s] -- Up-to-date: /home/ubuntu/ros2_wsorincp/install/ros_robot_controller_msgs/include/ros_robot_controller_msgs/ros_robot_controller_msgs/msg/detail/set_pwm_servo_state__rosidl_typesupport_introspection_cpp.hpp
[2.486s] -- Up-to-date: /home/ubuntu/ros2_wsorincp/install/ros_robot_controller_msgs/include/ros_robot_controller_msgs/ros_robot_controller_msgs/msg/detail/pwm_servo_state__rosidl_typesupport_introspection_cpp.hpp
[2.486s] -- Up-to-date: /home/ubuntu/ros2_wsorincp/install/ros_robot_controller_msgs/include/ros_robot_controller_msgs/ros_robot_controller_msgs/msg/detail/get_pwm_servo_cmd__rosidl_typesupport_introspection_cpp.hpp
[2.486s] -- Up-to-date: /home/ubuntu/ros2_wsorincp/install/ros_robot_controller_msgs/include/ros_robot_controller_msgs/ros_robot_controller_msgs/msg/detail/sbus__type_support.cpp
[2.486s] -- Up-to-date: /home/ubuntu/ros2_wsorincp/install/ros_robot_controller_msgs/include/ros_robot_controller_msgs/ros_robot_controller_msgs/msg/detail/sbus__rosidl_typesupport_introspection_cpp.hpp
[2.486s] -- Up-to-date: /home/ubuntu/ros2_wsorincp/install/ros_robot_controller_msgs/include/ros_robot_controller_msgs/ros_robot_controller_msgs/msg/detail/servos_position__type_support.cpp
[2.486s] -- Up-to-date: /home/ubuntu/ros2_wsorincp/install/ros_robot_controller_msgs/include/ros_robot_controller_msgs/ros_robot_controller_msgs/msg/detail/get_pwm_servo_cmd__type_support.cpp
[2.486s] -- Up-to-date: /home/ubuntu/ros2_wsorincp/install/ros_robot_controller_msgs/include/ros_robot_controller_msgs/ros_robot_controller_msgs/msg/detail/oled_state__rosidl_typesupport_introspection_cpp.hpp
[2.486s] -- Up-to-date: /home/ubuntu/ros2_wsorincp/install/ros_robot_controller_msgs/include/ros_robot_controller_msgs/ros_robot_controller_msgs/msg/detail/led_state__rosidl_typesupport_introspection_cpp.hpp
[2.486s] -- Up-to-date: /home/ubuntu/ros2_wsorincp/install/ros_robot_controller_msgs/include/ros_robot_controller_msgs/ros_robot_controller_msgs/msg/detail/servos_position__rosidl_typesupport_introspection_cpp.hpp
[2.486s] -- Up-to-date: /home/ubuntu/ros2_wsorincp/install/ros_robot_controller_msgs/include/ros_robot_controller_msgs/ros_robot_controller_msgs/msg/detail/set_pwm_servo_state__type_support.cpp
[2.486s] -- Up-to-date: /home/ubuntu/ros2_wsorincp/install/ros_robot_controller_msgs/include/ros_robot_controller_msgs/ros_robot_controller_msgs/msg/detail/led_state__type_support.cpp
[2.486s] -- Up-to-date: /home/ubuntu/ros2_wsorincp/install/ros_robot_controller_msgs/include/ros_robot_controller_msgs/ros_robot_controller_msgs/msg/detail/get_bus_servo_cmd__type_support.cpp
[2.486s] -- Up-to-date: /home/ubuntu/ros2_wsorincp/install/ros_robot_controller_msgs/include/ros_robot_controller_msgs/ros_robot_controller_msgs/msg/detail/bus_servo_state__rosidl_typesupport_introspection_cpp.hpp
[2.486s] -- Up-to-date: /home/ubuntu/ros2_wsorincp/install/ros_robot_controller_msgs/include/ros_robot_controller_msgs/ros_robot_controller_msgs/msg/detail/set_bus_servo_state__type_support.cpp
[2.486s] -- Up-to-date: /home/ubuntu/ros2_wsorincp/install/ros_robot_controller_msgs/include/ros_robot_controller_msgs/ros_robot_controller_msgs/msg/detail/pwm_servo_state__type_support.cpp
[2.486s] -- Up-to-date: /home/ubuntu/ros2_wsorincp/install/ros_robot_controller_msgs/include/ros_robot_controller_msgs/ros_robot_controller_msgs/msg/detail/oled_state__type_support.cpp
[2.487s] -- Up-to-date: /home/ubuntu/ros2_wsorincp/install/ros_robot_controller_msgs/include/ros_robot_controller_msgs/ros_robot_controller_msgs/msg/detail/set_bus_servo_state__rosidl_typesupport_introspection_cpp.hpp
[2.487s] -- Up-to-date: /home/ubuntu/ros2_wsorincp/install/ros_robot_controller_msgs/include/ros_robot_controller_msgs/ros_robot_controller_msgs/msg/detail/servo_position__rosidl_typesupport_introspection_cpp.hpp
[2.487s] -- Up-to-date: /home/ubuntu/ros2_wsorincp/install/ros_robot_controller_msgs/include/ros_robot_controller_msgs/ros_robot_controller_msgs/msg/detail/motors_state__type_support.cpp
[2.487s] -- Up-to-date: /home/ubuntu/ros2_wsorincp/install/ros_robot_controller_msgs/include/ros_robot_controller_msgs/ros_robot_controller_msgs/msg/detail/get_bus_servo_cmd__rosidl_typesupport_introspection_cpp.hpp
[2.487s] -- Up-to-date: /home/ubuntu/ros2_wsorincp/install/ros_robot_controller_msgs/include/ros_robot_controller_msgs/ros_robot_controller_msgs/msg/detail/button_state__type_support.cpp
[2.487s] -- Up-to-date: /home/ubuntu/ros2_wsorincp/install/ros_robot_controller_msgs/include/ros_robot_controller_msgs/ros_robot_controller_msgs/msg/detail/button_state__rosidl_typesupport_introspection_cpp.hpp
[2.487s] -- Up-to-date: /home/ubuntu/ros2_wsorincp/install/ros_robot_controller_msgs/include/ros_robot_controller_msgs/ros_robot_controller_msgs/msg/detail/buzzer_state__type_support.cpp
[2.487s] -- Up-to-date: /home/ubuntu/ros2_wsorincp/install/ros_robot_controller_msgs/include/ros_robot_controller_msgs/ros_robot_controller_msgs/msg/detail/bus_servo_state__type_support.cpp
[2.487s] -- Up-to-date: /home/ubuntu/ros2_wsorincp/install/ros_robot_controller_msgs/include/ros_robot_controller_msgs/ros_robot_controller_msgs/msg/detail/motor_state__type_support.cpp
[2.487s] -- Up-to-date: /home/ubuntu/ros2_wsorincp/install/ros_robot_controller_msgs/include/ros_robot_controller_msgs/ros_robot_controller_msgs/msg/detail/motor_state__rosidl_typesupport_introspection_cpp.hpp
[2.487s] -- Up-to-date: /home/ubuntu/ros2_wsorincp/install/ros_robot_controller_msgs/include/ros_robot_controller_msgs/ros_robot_controller_msgs/msg/detail/buzzer_state__rosidl_typesupport_introspection_cpp.hpp
[2.487s] -- Up-to-date: /home/ubuntu/ros2_wsorincp/install/ros_robot_controller_msgs/include/ros_robot_controller_msgs/ros_robot_controller_msgs/msg/detail/servo_position__type_support.cpp
[2.487s] -- Up-to-date: /home/ubuntu/ros2_wsorincp/install/ros_robot_controller_msgs/include/ros_robot_controller_msgs/ros_robot_controller_msgs/srv
[2.487s] -- Up-to-date: /home/ubuntu/ros2_wsorincp/install/ros_robot_controller_msgs/include/ros_robot_controller_msgs/ros_robot_controller_msgs/srv/detail
[2.487s] -- Up-to-date: /home/ubuntu/ros2_wsorincp/install/ros_robot_controller_msgs/include/ros_robot_controller_msgs/ros_robot_controller_msgs/srv/detail/get_bus_servo_state__rosidl_typesupport_introspection_cpp.hpp
[2.487s] -- Up-to-date: /home/ubuntu/ros2_wsorincp/install/ros_robot_controller_msgs/include/ros_robot_controller_msgs/ros_robot_controller_msgs/srv/detail/get_pwm_servo_state__type_support.cpp
[2.488s] -- Up-to-date: /home/ubuntu/ros2_wsorincp/install/ros_robot_controller_msgs/include/ros_robot_controller_msgs/ros_robot_controller_msgs/srv/detail/get_pwm_servo_state__rosidl_typesupport_introspection_cpp.hpp
[2.488s] -- Up-to-date: /home/ubuntu/ros2_wsorincp/install/ros_robot_controller_msgs/include/ros_robot_controller_msgs/ros_robot_controller_msgs/srv/detail/get_bus_servo_state__type_support.cpp
[2.488s] -- Up-to-date: /home/ubuntu/ros2_wsorincp/install/ros_robot_controller_msgs/lib/libros_robot_controller_msgs__rosidl_typesupport_introspection_cpp.so
[2.488s] -- Up-to-date: /home/ubuntu/ros2_wsorincp/install/ros_robot_controller_msgs/lib/libros_robot_controller_msgs__rosidl_typesupport_cpp.so
[2.488s] -- Up-to-date: /home/ubuntu/ros2_wsorincp/install/ros_robot_controller_msgs/share/ros_robot_controller_msgs/environment/pythonpath.sh
[2.488s] -- Up-to-date: /home/ubuntu/ros2_wsorincp/install/ros_robot_controller_msgs/share/ros_robot_controller_msgs/environment/pythonpath.dsv
[2.488s] -- Up-to-date: /home/ubuntu/ros2_wsorincp/install/ros_robot_controller_msgs/local/lib/python3.10/dist-packages/ros_robot_controller_msgs-0.0.0-py3.10.egg-info
[2.488s] -- Installing: /home/ubuntu/ros2_wsorincp/install/ros_robot_controller_msgs/local/lib/python3.10/dist-packages/ros_robot_controller_msgs-0.0.0-py3.10.egg-info/SOURCES.txt
[2.488s] -- Installing: /home/ubuntu/ros2_wsorincp/install/ros_robot_controller_msgs/local/lib/python3.10/dist-packages/ros_robot_controller_msgs-0.0.0-py3.10.egg-info/dependency_links.txt
[2.488s] -- Installing: /home/ubuntu/ros2_wsorincp/install/ros_robot_controller_msgs/local/lib/python3.10/dist-packages/ros_robot_controller_msgs-0.0.0-py3.10.egg-info/top_level.txt
[2.488s] -- Installing: /home/ubuntu/ros2_wsorincp/install/ros_robot_controller_msgs/local/lib/python3.10/dist-packages/ros_robot_controller_msgs-0.0.0-py3.10.egg-info/PKG-INFO
[2.488s] -- Up-to-date: /home/ubuntu/ros2_wsorincp/install/ros_robot_controller_msgs/local/lib/python3.10/dist-packages/ros_robot_controller_msgs
[2.488s] -- Up-to-date: /home/ubuntu/ros2_wsorincp/install/ros_robot_controller_msgs/local/lib/python3.10/dist-packages/ros_robot_controller_msgs/_ros_robot_controller_msgs_s.ep.rosidl_typesupport_introspection_c.c
[2.488s] -- Up-to-date: /home/ubuntu/ros2_wsorincp/install/ros_robot_controller_msgs/local/lib/python3.10/dist-packages/ros_robot_controller_msgs/ros_robot_controller_msgs_s__rosidl_typesupport_introspection_c.cpython-310-aarch64-linux-gnu.so
[2.488s] -- Up-to-date: /home/ubuntu/ros2_wsorincp/install/ros_robot_controller_msgs/local/lib/python3.10/dist-packages/ros_robot_controller_msgs/libros_robot_controller_msgs__rosidl_generator_py.so
[2.488s] -- Up-to-date: /home/ubuntu/ros2_wsorincp/install/ros_robot_controller_msgs/local/lib/python3.10/dist-packages/ros_robot_controller_msgs/msg
[2.488s] -- Up-to-date: /home/ubuntu/ros2_wsorincp/install/ros_robot_controller_msgs/local/lib/python3.10/dist-packages/ros_robot_controller_msgs/msg/_motor_state.py
[2.489s] -- Up-to-date: /home/ubuntu/ros2_wsorincp/install/ros_robot_controller_msgs/local/lib/python3.10/dist-packages/ros_robot_controller_msgs/msg/_set_pwm_servo_state_s.c
[2.489s] -- Up-to-date: /home/ubuntu/ros2_wsorincp/install/ros_robot_controller_msgs/local/lib/python3.10/dist-packages/ros_robot_controller_msgs/msg/_get_bus_servo_cmd_s.c
[2.489s] -- Up-to-date: /home/ubuntu/ros2_wsorincp/install/ros_robot_controller_msgs/local/lib/python3.10/dist-packages/ros_robot_controller_msgs/msg/_oled_state_s.c
[2.489s] -- Up-to-date: /home/ubuntu/ros2_wsorincp/install/ros_robot_controller_msgs/local/lib/python3.10/dist-packages/ros_robot_controller_msgs/msg/_button_state.py
[2.489s] -- Up-to-date: /home/ubuntu/ros2_wsorincp/install/ros_robot_controller_msgs/local/lib/python3.10/dist-packages/ros_robot_controller_msgs/msg/_servo_position_s.c
[2.489s] -- Up-to-date: /home/ubuntu/ros2_wsorincp/install/ros_robot_controller_msgs/local/lib/python3.10/dist-packages/ros_robot_controller_msgs/msg/_button_state_s.c
[2.489s] -- Up-to-date: /home/ubuntu/ros2_wsorincp/install/ros_robot_controller_msgs/local/lib/python3.10/dist-packages/ros_robot_controller_msgs/msg/_led_state.py
[2.489s] -- Up-to-date: /home/ubuntu/ros2_wsorincp/install/ros_robot_controller_msgs/local/lib/python3.10/dist-packages/ros_robot_controller_msgs/msg/_led_state_s.c
[2.489s] -- Up-to-date: /home/ubuntu/ros2_wsorincp/install/ros_robot_controller_msgs/local/lib/python3.10/dist-packages/ros_robot_controller_msgs/msg/_servos_position.py
[2.489s] -- Up-to-date: /home/ubuntu/ros2_wsorincp/install/ros_robot_controller_msgs/local/lib/python3.10/dist-packages/ros_robot_controller_msgs/msg/_set_bus_servo_state_s.c
[2.489s] -- Up-to-date: /home/ubuntu/ros2_wsorincp/install/ros_robot_controller_msgs/local/lib/python3.10/dist-packages/ros_robot_controller_msgs/msg/_buzzer_state_s.c
[2.489s] -- Up-to-date: /home/ubuntu/ros2_wsorincp/install/ros_robot_controller_msgs/local/lib/python3.10/dist-packages/ros_robot_controller_msgs/msg/_get_bus_servo_cmd.py
[2.489s] -- Up-to-date: /home/ubuntu/ros2_wsorincp/install/ros_robot_controller_msgs/local/lib/python3.10/dist-packages/ros_robot_controller_msgs/msg/_get_pwm_servo_cmd_s.c
[2.489s] -- Up-to-date: /home/ubuntu/ros2_wsorincp/install/ros_robot_controller_msgs/local/lib/python3.10/dist-packages/ros_robot_controller_msgs/msg/_motors_state_s.c
[2.489s] -- Up-to-date: /home/ubuntu/ros2_wsorincp/install/ros_robot_controller_msgs/local/lib/python3.10/dist-packages/ros_robot_controller_msgs/msg/_pwm_servo_state_s.c
[2.489s] -- Up-to-date: /home/ubuntu/ros2_wsorincp/install/ros_robot_controller_msgs/local/lib/python3.10/dist-packages/ros_robot_controller_msgs/msg/_motors_state.py
[2.489s] -- Up-to-date: /home/ubuntu/ros2_wsorincp/install/ros_robot_controller_msgs/local/lib/python3.10/dist-packages/ros_robot_controller_msgs/msg/_motor_state_s.c
[2.490s] -- Up-to-date: /home/ubuntu/ros2_wsorincp/install/ros_robot_controller_msgs/local/lib/python3.10/dist-packages/ros_robot_controller_msgs/msg/_pwm_servo_state.py
[2.490s] -- Up-to-date: /home/ubuntu/ros2_wsorincp/install/ros_robot_controller_msgs/local/lib/python3.10/dist-packages/ros_robot_controller_msgs/msg/_servos_position_s.c
[2.490s] -- Up-to-date: /home/ubuntu/ros2_wsorincp/install/ros_robot_controller_msgs/local/lib/python3.10/dist-packages/ros_robot_controller_msgs/msg/_bus_servo_state_s.c
[2.490s] -- Up-to-date: /home/ubuntu/ros2_wsorincp/install/ros_robot_controller_msgs/local/lib/python3.10/dist-packages/ros_robot_controller_msgs/msg/_servo_position.py
[2.490s] -- Up-to-date: /home/ubuntu/ros2_wsorincp/install/ros_robot_controller_msgs/local/lib/python3.10/dist-packages/ros_robot_controller_msgs/msg/_get_pwm_servo_cmd.py
[2.490s] -- Up-to-date: /home/ubuntu/ros2_wsorincp/install/ros_robot_controller_msgs/local/lib/python3.10/dist-packages/ros_robot_controller_msgs/msg/_sbus.py
[2.490s] -- Up-to-date: /home/ubuntu/ros2_wsorincp/install/ros_robot_controller_msgs/local/lib/python3.10/dist-packages/ros_robot_controller_msgs/msg/_set_bus_servo_state.py
[2.490s] -- Up-to-date: /home/ubuntu/ros2_wsorincp/install/ros_robot_controller_msgs/local/lib/python3.10/dist-packages/ros_robot_controller_msgs/msg/_bus_servo_state.py
[2.490s] -- Up-to-date: /home/ubuntu/ros2_wsorincp/install/ros_robot_controller_msgs/local/lib/python3.10/dist-packages/ros_robot_controller_msgs/msg/_sbus_s.c
[2.490s] -- Up-to-date: /home/ubuntu/ros2_wsorincp/install/ros_robot_controller_msgs/local/lib/python3.10/dist-packages/ros_robot_controller_msgs/msg/_set_pwm_servo_state.py
[2.490s] -- Up-to-date: /home/ubuntu/ros2_wsorincp/install/ros_robot_controller_msgs/local/lib/python3.10/dist-packages/ros_robot_controller_msgs/msg/_oled_state.py
[2.490s] -- Up-to-date: /home/ubuntu/ros2_wsorincp/install/ros_robot_controller_msgs/local/lib/python3.10/dist-packages/ros_robot_controller_msgs/msg/_buzzer_state.py
[2.490s] -- Up-to-date: /home/ubuntu/ros2_wsorincp/install/ros_robot_controller_msgs/local/lib/python3.10/dist-packages/ros_robot_controller_msgs/msg/__init__.py
[2.490s] -- Up-to-date: /home/ubuntu/ros2_wsorincp/install/ros_robot_controller_msgs/local/lib/python3.10/dist-packages/ros_robot_controller_msgs/srv
[2.490s] -- Up-to-date: /home/ubuntu/ros2_wsorincp/install/ros_robot_controller_msgs/local/lib/python3.10/dist-packages/ros_robot_controller_msgs/srv/_get_pwm_servo_state.py
[2.490s] -- Up-to-date: /home/ubuntu/ros2_wsorincp/install/ros_robot_controller_msgs/local/lib/python3.10/dist-packages/ros_robot_controller_msgs/srv/_get_bus_servo_state_s.c
[2.490s] -- Up-to-date: /home/ubuntu/ros2_wsorincp/install/ros_robot_controller_msgs/local/lib/python3.10/dist-packages/ros_robot_controller_msgs/srv/_get_bus_servo_state.py
[2.490s] -- Up-to-date: /home/ubuntu/ros2_wsorincp/install/ros_robot_controller_msgs/local/lib/python3.10/dist-packages/ros_robot_controller_msgs/srv/_get_pwm_servo_state_s.c
[2.491s] -- Up-to-date: /home/ubuntu/ros2_wsorincp/install/ros_robot_controller_msgs/local/lib/python3.10/dist-packages/ros_robot_controller_msgs/srv/__init__.py
[2.491s] -- Up-to-date: /home/ubuntu/ros2_wsorincp/install/ros_robot_controller_msgs/local/lib/python3.10/dist-packages/ros_robot_controller_msgs/_ros_robot_controller_msgs_s.ep.rosidl_typesupport_c.c
[2.491s] -- Up-to-date: /home/ubuntu/ros2_wsorincp/install/ros_robot_controller_msgs/local/lib/python3.10/dist-packages/ros_robot_controller_msgs/ros_robot_controller_msgs_s__rosidl_typesupport_fastrtps_c.cpython-310-aarch64-linux-gnu.so
[2.491s] -- Up-to-date: /home/ubuntu/ros2_wsorincp/install/ros_robot_controller_msgs/local/lib/python3.10/dist-packages/ros_robot_controller_msgs/_ros_robot_controller_msgs_s.ep.rosidl_typesupport_fastrtps_c.c
[2.491s] -- Up-to-date: /home/ubuntu/ros2_wsorincp/install/ros_robot_controller_msgs/local/lib/python3.10/dist-packages/ros_robot_controller_msgs/ros_robot_controller_msgs_s__rosidl_typesupport_c.cpython-310-aarch64-linux-gnu.so
[2.491s] -- Up-to-date: /home/ubuntu/ros2_wsorincp/install/ros_robot_controller_msgs/local/lib/python3.10/dist-packages/ros_robot_controller_msgs/__init__.py
[2.587s] Listing '/home/ubuntu/ros2_wsorincp/install/ros_robot_controller_msgs/local/lib/python3.10/dist-packages/ros_robot_controller_msgs'...
[2.587s] Listing '/home/ubuntu/ros2_wsorincp/install/ros_robot_controller_msgs/local/lib/python3.10/dist-packages/ros_robot_controller_msgs/msg'...
[2.587s] Listing '/home/ubuntu/ros2_wsorincp/install/ros_robot_controller_msgs/local/lib/python3.10/dist-packages/ros_robot_controller_msgs/srv'...
[2.600s] -- Up-to-date: /home/ubuntu/ros2_wsorincp/install/ros_robot_controller_msgs/local/lib/python3.10/dist-packages/ros_robot_controller_msgs/ros_robot_controller_msgs_s__rosidl_typesupport_fastrtps_c.cpython-310-aarch64-linux-gnu.so
[2.601s] -- Up-to-date: /home/ubuntu/ros2_wsorincp/install/ros_robot_controller_msgs/local/lib/python3.10/dist-packages/ros_robot_controller_msgs/ros_robot_controller_msgs_s__rosidl_typesupport_introspection_c.cpython-310-aarch64-linux-gnu.so
[2.602s] -- Up-to-date: /home/ubuntu/ros2_wsorincp/install/ros_robot_controller_msgs/local/lib/python3.10/dist-packages/ros_robot_controller_msgs/ros_robot_controller_msgs_s__rosidl_typesupport_c.cpython-310-aarch64-linux-gnu.so
[2.603s] -- Up-to-date: /home/ubuntu/ros2_wsorincp/install/ros_robot_controller_msgs/lib/libros_robot_controller_msgs__rosidl_generator_py.so
[2.603s] -- Up-to-date: /home/ubuntu/ros2_wsorincp/install/ros_robot_controller_msgs/share/ros_robot_controller_msgs/msg/BusServoState.idl
[2.604s] -- Up-to-date: /home/ubuntu/ros2_wsorincp/install/ros_robot_controller_msgs/share/ros_robot_controller_msgs/msg/ButtonState.idl
[2.604s] -- Up-to-date: /home/ubuntu/ros2_wsorincp/install/ros_robot_controller_msgs/share/ros_robot_controller_msgs/msg/BuzzerState.idl
[2.604s] -- Up-to-date: /home/ubuntu/ros2_wsorincp/install/ros_robot_controller_msgs/share/ros_robot_controller_msgs/msg/LedState.idl
[2.604s] -- Up-to-date: /home/ubuntu/ros2_wsorincp/install/ros_robot_controller_msgs/share/ros_robot_controller_msgs/msg/MotorState.idl
[2.604s] -- Up-to-date: /home/ubuntu/ros2_wsorincp/install/ros_robot_controller_msgs/share/ros_robot_controller_msgs/msg/MotorsState.idl
[2.605s] -- Up-to-date: /home/ubuntu/ros2_wsorincp/install/ros_robot_controller_msgs/share/ros_robot_controller_msgs/msg/PWMServoState.idl
[2.605s] -- Up-to-date: /home/ubuntu/ros2_wsorincp/install/ros_robot_controller_msgs/share/ros_robot_controller_msgs/msg/Sbus.idl
[2.606s] -- Up-to-date: /home/ubuntu/ros2_wsorincp/install/ros_robot_controller_msgs/share/ros_robot_controller_msgs/msg/OLEDState.idl
[2.606s] -- Up-to-date: /home/ubuntu/ros2_wsorincp/install/ros_robot_controller_msgs/share/ros_robot_controller_msgs/msg/SetBusServoState.idl
[2.606s] -- Up-to-date: /home/ubuntu/ros2_wsorincp/install/ros_robot_controller_msgs/share/ros_robot_controller_msgs/msg/ServoPosition.idl
[2.606s] -- Up-to-date: /home/ubuntu/ros2_wsorincp/install/ros_robot_controller_msgs/share/ros_robot_controller_msgs/msg/ServosPosition.idl
[2.606s] -- Up-to-date: /home/ubuntu/ros2_wsorincp/install/ros_robot_controller_msgs/share/ros_robot_controller_msgs/msg/SetPWMServoState.idl
[2.606s] -- Up-to-date: /home/ubuntu/ros2_wsorincp/install/ros_robot_controller_msgs/share/ros_robot_controller_msgs/msg/GetBusServoCmd.idl
[2.607s] -- Up-to-date: /home/ubuntu/ros2_wsorincp/install/ros_robot_controller_msgs/share/ros_robot_controller_msgs/msg/GetPWMServoCmd.idl
[2.607s] -- Up-to-date: /home/ubuntu/ros2_wsorincp/install/ros_robot_controller_msgs/share/ros_robot_controller_msgs/srv/GetBusServoState.idl
[2.607s] -- Up-to-date: /home/ubuntu/ros2_wsorincp/install/ros_robot_controller_msgs/share/ros_robot_controller_msgs/srv/GetPWMServoState.idl
[2.607s] -- Up-to-date: /home/ubuntu/ros2_wsorincp/install/ros_robot_controller_msgs/share/ros_robot_controller_msgs/msg/BusServoState.msg
[2.607s] -- Up-to-date: /home/ubuntu/ros2_wsorincp/install/ros_robot_controller_msgs/share/ros_robot_controller_msgs/msg/ButtonState.msg
[2.608s] -- Up-to-date: /home/ubuntu/ros2_wsorincp/install/ros_robot_controller_msgs/share/ros_robot_controller_msgs/msg/BuzzerState.msg
[2.608s] -- Up-to-date: /home/ubuntu/ros2_wsorincp/install/ros_robot_controller_msgs/share/ros_robot_controller_msgs/msg/LedState.msg
[2.608s] -- Up-to-date: /home/ubuntu/ros2_wsorincp/install/ros_robot_controller_msgs/share/ros_robot_controller_msgs/msg/MotorState.msg
[2.608s] -- Up-to-date: /home/ubuntu/ros2_wsorincp/install/ros_robot_controller_msgs/share/ros_robot_controller_msgs/msg/MotorsState.msg
[2.608s] -- Up-to-date: /home/ubuntu/ros2_wsorincp/install/ros_robot_controller_msgs/share/ros_robot_controller_msgs/msg/PWMServoState.msg
[2.609s] -- Up-to-date: /home/ubuntu/ros2_wsorincp/install/ros_robot_controller_msgs/share/ros_robot_controller_msgs/msg/Sbus.msg
[2.609s] -- Up-to-date: /home/ubuntu/ros2_wsorincp/install/ros_robot_controller_msgs/share/ros_robot_controller_msgs/msg/OLEDState.msg
[2.609s] -- Up-to-date: /home/ubuntu/ros2_wsorincp/install/ros_robot_controller_msgs/share/ros_robot_controller_msgs/msg/SetBusServoState.msg
[2.609s] -- Up-to-date: /home/ubuntu/ros2_wsorincp/install/ros_robot_controller_msgs/share/ros_robot_controller_msgs/msg/ServoPosition.msg
[2.609s] -- Up-to-date: /home/ubuntu/ros2_wsorincp/install/ros_robot_controller_msgs/share/ros_robot_controller_msgs/msg/ServosPosition.msg
[2.610s] -- Up-to-date: /home/ubuntu/ros2_wsorincp/install/ros_robot_controller_msgs/share/ros_robot_controller_msgs/msg/SetPWMServoState.msg
[2.610s] -- Up-to-date: /home/ubuntu/ros2_wsorincp/install/ros_robot_controller_msgs/share/ros_robot_controller_msgs/msg/GetBusServoCmd.msg
[2.610s] -- Up-to-date: /home/ubuntu/ros2_wsorincp/install/ros_robot_controller_msgs/share/ros_robot_controller_msgs/msg/GetPWMServoCmd.msg
[2.610s] -- Up-to-date: /home/ubuntu/ros2_wsorincp/install/ros_robot_controller_msgs/share/ros_robot_controller_msgs/srv/GetBusServoState.srv
[2.610s] -- Up-to-date: /home/ubuntu/ros2_wsorincp/install/ros_robot_controller_msgs/share/ros_robot_controller_msgs/srv/GetBusServoState_Request.msg
[2.611s] -- Up-to-date: /home/ubuntu/ros2_wsorincp/install/ros_robot_controller_msgs/share/ros_robot_controller_msgs/srv/GetBusServoState_Response.msg
[2.611s] -- Up-to-date: /home/ubuntu/ros2_wsorincp/install/ros_robot_controller_msgs/share/ros_robot_controller_msgs/srv/GetPWMServoState.srv
[2.611s] -- Up-to-date: /home/ubuntu/ros2_wsorincp/install/ros_robot_controller_msgs/share/ros_robot_controller_msgs/srv/GetPWMServoState_Request.msg
[2.611s] -- Up-to-date: /home/ubuntu/ros2_wsorincp/install/ros_robot_controller_msgs/share/ros_robot_controller_msgs/srv/GetPWMServoState_Response.msg
[2.611s] -- Up-to-date: /home/ubuntu/ros2_wsorincp/install/ros_robot_controller_msgs/share/ament_index/resource_index/package_run_dependencies/ros_robot_controller_msgs
[2.611s] -- Up-to-date: /home/ubuntu/ros2_wsorincp/install/ros_robot_controller_msgs/share/ament_index/resource_index/parent_prefix_path/ros_robot_controller_msgs
[2.611s] -- Up-to-date: /home/ubuntu/ros2_wsorincp/install/ros_robot_controller_msgs/share/ros_robot_controller_msgs/environment/ament_prefix_path.sh
[2.612s] -- Up-to-date: /home/ubuntu/ros2_wsorincp/install/ros_robot_controller_msgs/share/ros_robot_controller_msgs/environment/ament_prefix_path.dsv
[2.612s] -- Up-to-date: /home/ubuntu/ros2_wsorincp/install/ros_robot_controller_msgs/share/ros_robot_controller_msgs/environment/path.sh
[2.612s] -- Up-to-date: /home/ubuntu/ros2_wsorincp/install/ros_robot_controller_msgs/share/ros_robot_controller_msgs/environment/path.dsv
[2.612s] -- Up-to-date: /home/ubuntu/ros2_wsorincp/install/ros_robot_controller_msgs/share/ros_robot_controller_msgs/local_setup.bash
[2.613s] -- Up-to-date: /home/ubuntu/ros2_wsorincp/install/ros_robot_controller_msgs/share/ros_robot_controller_msgs/local_setup.sh
[2.613s] -- Up-to-date: /home/ubuntu/ros2_wsorincp/install/ros_robot_controller_msgs/share/ros_robot_controller_msgs/local_setup.zsh
[2.613s] -- Up-to-date: /home/ubuntu/ros2_wsorincp/install/ros_robot_controller_msgs/share/ros_robot_controller_msgs/local_setup.dsv
[2.613s] -- Installing: /home/ubuntu/ros2_wsorincp/install/ros_robot_controller_msgs/share/ros_robot_controller_msgs/package.dsv
[2.613s] -- Up-to-date: /home/ubuntu/ros2_wsorincp/install/ros_robot_controller_msgs/share/ament_index/resource_index/packages/ros_robot_controller_msgs
[2.613s] -- Up-to-date: /home/ubuntu/ros2_wsorincp/install/ros_robot_controller_msgs/share/ros_robot_controller_msgs/cmake/export_ros_robot_controller_msgs__rosidl_generator_cExport.cmake
[2.614s] -- Up-to-date: /home/ubuntu/ros2_wsorincp/install/ros_robot_controller_msgs/share/ros_robot_controller_msgs/cmake/export_ros_robot_controller_msgs__rosidl_generator_cExport-noconfig.cmake
[2.614s] -- Up-to-date: /home/ubuntu/ros2_wsorincp/install/ros_robot_controller_msgs/share/ros_robot_controller_msgs/cmake/export_ros_robot_controller_msgs__rosidl_typesupport_fastrtps_cExport.cmake
[2.614s] -- Up-to-date: /home/ubuntu/ros2_wsorincp/install/ros_robot_controller_msgs/share/ros_robot_controller_msgs/cmake/export_ros_robot_controller_msgs__rosidl_typesupport_fastrtps_cExport-noconfig.cmake
[2.614s] -- Up-to-date: /home/ubuntu/ros2_wsorincp/install/ros_robot_controller_msgs/share/ros_robot_controller_msgs/cmake/export_ros_robot_controller_msgs__rosidl_generator_cppExport.cmake
[2.614s] -- Up-to-date: /home/ubuntu/ros2_wsorincp/install/ros_robot_controller_msgs/share/ros_robot_controller_msgs/cmake/export_ros_robot_controller_msgs__rosidl_typesupport_fastrtps_cppExport.cmake
[2.616s] -- Up-to-date: /home/ubuntu/ros2_wsorincp/install/ros_robot_controller_msgs/share/ros_robot_controller_msgs/cmake/export_ros_robot_controller_msgs__rosidl_typesupport_fastrtps_cppExport-noconfig.cmake
[2.616s] -- Up-to-date: /home/ubuntu/ros2_wsorincp/install/ros_robot_controller_msgs/share/ros_robot_controller_msgs/cmake/ros_robot_controller_msgs__rosidl_typesupport_introspection_cExport.cmake
[2.617s] -- Up-to-date: /home/ubuntu/ros2_wsorincp/install/ros_robot_controller_msgs/share/ros_robot_controller_msgs/cmake/ros_robot_controller_msgs__rosidl_typesupport_introspection_cExport-noconfig.cmake
[2.617s] -- Up-to-date: /home/ubuntu/ros2_wsorincp/install/ros_robot_controller_msgs/share/ros_robot_controller_msgs/cmake/ros_robot_controller_msgs__rosidl_typesupport_cExport.cmake
[2.617s] -- Up-to-date: /home/ubuntu/ros2_wsorincp/install/ros_robot_controller_msgs/share/ros_robot_controller_msgs/cmake/ros_robot_controller_msgs__rosidl_typesupport_cExport-noconfig.cmake
[2.617s] -- Up-to-date: /home/ubuntu/ros2_wsorincp/install/ros_robot_controller_msgs/share/ros_robot_controller_msgs/cmake/ros_robot_controller_msgs__rosidl_typesupport_introspection_cppExport.cmake
[2.617s] -- Up-to-date: /home/ubuntu/ros2_wsorincp/install/ros_robot_controller_msgs/share/ros_robot_controller_msgs/cmake/ros_robot_controller_msgs__rosidl_typesupport_introspection_cppExport-noconfig.cmake
[2.617s] -- Up-to-date: /home/ubuntu/ros2_wsorincp/install/ros_robot_controller_msgs/share/ros_robot_controller_msgs/cmake/ros_robot_controller_msgs__rosidl_typesupport_cppExport.cmake
[2.617s] -- Up-to-date: /home/ubuntu/ros2_wsorincp/install/ros_robot_controller_msgs/share/ros_robot_controller_msgs/cmake/ros_robot_controller_msgs__rosidl_typesupport_cppExport-noconfig.cmake
[2.618s] -- Up-to-date: /home/ubuntu/ros2_wsorincp/install/ros_robot_controller_msgs/share/ros_robot_controller_msgs/cmake/export_ros_robot_controller_msgs__rosidl_generator_pyExport.cmake
[2.618s] -- Up-to-date: /home/ubuntu/ros2_wsorincp/install/ros_robot_controller_msgs/share/ros_robot_controller_msgs/cmake/export_ros_robot_controller_msgs__rosidl_generator_pyExport-noconfig.cmake
[2.618s] -- Up-to-date: /home/ubuntu/ros2_wsorincp/install/ros_robot_controller_msgs/share/ros_robot_controller_msgs/cmake/rosidl_cmake-extras.cmake
[2.618s] -- Up-to-date: /home/ubuntu/ros2_wsorincp/install/ros_robot_controller_msgs/share/ros_robot_controller_msgs/cmake/ament_cmake_export_dependencies-extras.cmake
[2.618s] -- Up-to-date: /home/ubuntu/ros2_wsorincp/install/ros_robot_controller_msgs/share/ros_robot_controller_msgs/cmake/ament_cmake_export_include_directories-extras.cmake
[2.618s] -- Up-to-date: /home/ubuntu/ros2_wsorincp/install/ros_robot_controller_msgs/share/ros_robot_controller_msgs/cmake/ament_cmake_export_libraries-extras.cmake
[2.618s] -- Up-to-date: /home/ubuntu/ros2_wsorincp/install/ros_robot_controller_msgs/share/ros_robot_controller_msgs/cmake/ament_cmake_export_targets-extras.cmake
[2.619s] -- Up-to-date: /home/ubuntu/ros2_wsorincp/install/ros_robot_controller_msgs/share/ros_robot_controller_msgs/cmake/rosidl_cmake_export_typesupport_targets-extras.cmake
[2.619s] -- Up-to-date: /home/ubuntu/ros2_wsorincp/install/ros_robot_controller_msgs/share/ros_robot_controller_msgs/cmake/rosidl_cmake_export_typesupport_libraries-extras.cmake
[2.619s] -- Up-to-date: /home/ubuntu/ros2_wsorincp/install/ros_robot_controller_msgs/share/ros_robot_controller_msgs/cmake/ros_robot_controller_msgsConfig.cmake
[2.619s] -- Up-to-date: /home/ubuntu/ros2_wsorincp/install/ros_robot_controller_msgs/share/ros_robot_controller_msgs/cmake/ros_robot_controller_msgsConfig-version.cmake
[2.620s] -- Up-to-date: /home/ubuntu/ros2_wsorincp/install/ros_robot_controller_msgs/share/ros_robot_controller_msgs/package.xml
[2.622s] Invoked command in '/home/ubuntu/ros2_wsorincp/build/ros_robot_controller_msgs' returned '0': CMAKE_PREFIX_PATH=/home/ubuntu/ros2_wsorincp/install/ros_robot_controller_msgs:/home/ubuntu/third_party_ros2/orbbec_ws/install/orbbec_description:/home/ubuntu/third_party_ros2/orbbec_ws/install/orbbec_camera:/home/ubuntu/third_party_ros2/orbbec_ws/install/orbbec_camera_msgs:/home/ubuntu/third_party_ros2/third_party_ws/install/ydlidar_ros2_driver:/home/ubuntu/third_party_ros2/third_party_ws/install/web_video_server:/home/ubuntu/third_party_ros2/third_party_ws/install/teb_local_planner:/home/ubuntu/third_party_ros2/third_party_ws/install/teb_msgs:/home/ubuntu/third_party_ros2/third_party_ws/install/sllidar_ros2:/home/ubuntu/third_party_ros2/third_party_ws/install/rf2o_laser_odometry:/home/ubuntu/third_party_ros2/third_party_ws/install/ldlidar_stl_ros2:/home/ubuntu/third_party_ros2/third_party_ws/install/laser_filters:/home/ubuntu/third_party_ros2/third_party_ws/install/imu_calib:/home/ubuntu/third_party_ros2/third_party_ws/install/costmap_converter:/home/ubuntu/third_party_ros2/third_party_ws/install/costmap_converter_msgs:/home/ubuntu/ros2_wsorincp/install/ros_robot_controller:/home/ubuntu/ros2_ws/install/yolov5_ros2:/home/ubuntu/ros2_ws/install/slam:/home/ubuntu/ros2_ws/install/servo_controller:/home/ubuntu/ros2_ws/install/sdk:/home/ubuntu/ros2_ws/install/ros_robot_controller:/home/ubuntu/ros2_ws/install/peripherals:/home/ubuntu/ros2_ws/install/navigation:/home/ubuntu/ros2_ws/install/kinematics:/home/ubuntu/ros2_ws/install/jetrover_description:/home/ubuntu/ros2_ws/install/example:/home/ubuntu/ros2_ws/install/controller:/home/ubuntu/ros2_ws/install/calibration:/home/ubuntu/ros2_ws/install/bringup:/home/ubuntu/ros2_ws/install/app:/opt/ros/humble:/home/ubuntu/third_party_ros2/third_party_ws/install/async_web_server_cpp:/home/ubuntu/third_party_ros2/third_party_ws/install/ascamera_listener:/home/ubuntu/third_party_ros2/third_party_ws/install/apriltag_ros:/home/ubuntu/third_party_ros2/third_party_ws/install/apriltag_msgs:/home/ubuntu/ros2_ws/install/xf_mic_asr_offline:/home/ubuntu/ros2_ws/install/xf_mic_asr_offline_msgs:/home/ubuntu/ros2_ws/install/servo_controller_msgs:/home/ubuntu/ros2_ws/install/ros_robot_controller_msgs:/home/ubuntu/ros2_ws/install/kinematics_msgs:/home/ubuntu/ros2_ws/install/interfaces /usr/bin/cmake --install /home/ubuntu/ros2_wsorincp/build/ros_robot_controller_msgs
