[3.541s] Invoking command in '/home/ubuntu/ros2_wsorincp/ros2_core_examples/src/ros_robot_controller': PYTHONPATH=/home/ubuntu/ros2_wsorincp/build/ros_robot_controller/prefix_override:/usr/lib/python3/dist-packages/colcon_core/task/python/colcon_distutils_commands:/home/ubuntu/ros2_wsorincp/install/ros_robot_controller/lib/python3.10/site-packages:${PYTHONPATH} /usr/bin/python3 -W ignore:setup.py install is deprecated setup.py egg_info --egg-base ../../../build/ros_robot_controller build --build-base /home/ubuntu/ros2_wsorincp/build/ros_robot_controller/build install --record /home/ubuntu/ros2_wsorincp/build/ros_robot_controller/install.log --single-version-externally-managed install_data
[4.294s] running egg_info
[4.345s] writing ../../../build/ros_robot_controller/ros_robot_controller.egg-info/PKG-INFO
[4.347s] writing dependency_links to ../../../build/ros_robot_controller/ros_robot_controller.egg-info/dependency_links.txt
[4.347s] writing entry points to ../../../build/ros_robot_controller/ros_robot_controller.egg-info/entry_points.txt
[4.348s] writing requirements to ../../../build/ros_robot_controller/ros_robot_controller.egg-info/requires.txt
[4.348s] writing top-level names to ../../../build/ros_robot_controller/ros_robot_controller.egg-info/top_level.txt
[4.746s] reading manifest file '../../../build/ros_robot_controller/ros_robot_controller.egg-info/SOURCES.txt'
[4.750s] writing manifest file '../../../build/ros_robot_controller/ros_robot_controller.egg-info/SOURCES.txt'
[4.753s] running build
[4.753s] running build_py
[4.753s] copying ros_robot_controller/ros_robot_controller_sdk.py -> /home/ubuntu/ros2_wsorincp/build/ros_robot_controller/build/lib/ros_robot_controller
[4.755s] copying ros_robot_controller/ros_robot_controller_node.py -> /home/ubuntu/ros2_wsorincp/build/ros_robot_controller/build/lib/ros_robot_controller
[4.756s] copying ros_robot_controller/__init__.py -> /home/ubuntu/ros2_wsorincp/build/ros_robot_controller/build/lib/ros_robot_controller
[4.756s] running install
[4.770s] running install_lib
[4.807s] running install_data
[4.807s] copying resource/ros_robot_controller -> /home/ubuntu/ros2_wsorincp/install/ros_robot_controller/share/ament_index/resource_index/packages
[4.807s] copying package.xml -> /home/ubuntu/ros2_wsorincp/install/ros_robot_controller/share/ros_robot_controller
[4.808s] copying launch/ros_robot_controller.launch.py -> /home/ubuntu/ros2_wsorincp/install/ros_robot_controller/share/ros_robot_controller/launch
[4.808s] running install_egg_info
[4.840s] removing '/home/ubuntu/ros2_wsorincp/install/ros_robot_controller/lib/python3.10/site-packages/ros_robot_controller-0.0.0-py3.10.egg-info' (and everything under it)
[4.841s] Copying ../../../build/ros_robot_controller/ros_robot_controller.egg-info to /home/ubuntu/ros2_wsorincp/install/ros_robot_controller/lib/python3.10/site-packages/ros_robot_controller-0.0.0-py3.10.egg-info
[4.843s] running install_scripts
[4.969s] Installing ros_robot_controller script to /home/ubuntu/ros2_wsorincp/install/ros_robot_controller/lib/ros_robot_controller
[4.972s] writing list of installed files to '/home/ubuntu/ros2_wsorincp/build/ros_robot_controller/install.log'
[5.070s] Invoked command in '/home/ubuntu/ros2_wsorincp/ros2_core_examples/src/ros_robot_controller' returned '0': PYTHONPATH=/home/ubuntu/ros2_wsorincp/build/ros_robot_controller/prefix_override:/usr/lib/python3/dist-packages/colcon_core/task/python/colcon_distutils_commands:/home/ubuntu/ros2_wsorincp/install/ros_robot_controller/lib/python3.10/site-packages:${PYTHONPATH} /usr/bin/python3 -W ignore:setup.py install is deprecated setup.py egg_info --egg-base ../../../build/ros_robot_controller build --build-base /home/ubuntu/ros2_wsorincp/build/ros_robot_controller/build install --record /home/ubuntu/ros2_wsorincp/build/ros_robot_controller/install.log --single-version-externally-managed install_data
