[0.018s] Invoking command in '/home/ubuntu/ros2_wsorincp/build/smart_car_core_demo': CMAKE_PREFIX_PATH=/opt/ros/humble /usr/bin/cmake --build /home/ubuntu/ros2_wsorincp/build/smart_car_core_demo -- -j4 -l4
[0.125s] Consolidate compiler generated dependencies of target speed_subscriber_simple
[0.153s] [ 50%] Built target speed_publisher
[0.154s] [ 75%] Building CXX object CMakeFiles/speed_subscriber_simple.dir/src/smart_car_core_demo/speed_subscriber_simple.cpp.o
[13.072s] [100%] Linking CXX executable speed_subscriber_simple
[14.125s] [100%] Built target speed_subscriber_simple
[14.147s] Invoked command in '/home/ubuntu/ros2_wsorincp/build/smart_car_core_demo' returned '0': CMAKE_PREFIX_PATH=/opt/ros/humble /usr/bin/cmake --build /home/ubuntu/ros2_wsorincp/build/smart_car_core_demo -- -j4 -l4
[14.209s] Invoking command in '/home/ubuntu/ros2_wsorincp/build/smart_car_core_demo': CMAKE_PREFIX_PATH=/opt/ros/humble /usr/bin/cmake --install /home/ubuntu/ros2_wsorincp/build/smart_car_core_demo
[14.218s] -- Install configuration: ""
[14.220s] -- Up-to-date: /home/ubuntu/ros2_wsorincp/install/smart_car_core_demo/lib/smart_car_core_demo/speed_publisher
[14.220s] -- Installing: /home/ubuntu/ros2_wsorincp/install/smart_car_core_demo/lib/smart_car_core_demo/speed_subscriber_simple
[14.225s] -- Set runtime path of "/home/ubuntu/ros2_wsorincp/install/smart_car_core_demo/lib/smart_car_core_demo/speed_subscriber_simple" to ""
[14.225s] -- Up-to-date: /home/ubuntu/ros2_wsorincp/install/smart_car_core_demo/share/smart_car_core_demo/launch
[14.225s] -- Up-to-date: /home/ubuntu/ros2_wsorincp/install/smart_car_core_demo/share/smart_car_core_demo/launch/topic_demo.launch.py
[14.225s] -- Up-to-date: /home/ubuntu/ros2_wsorincp/install/smart_car_core_demo/share/smart_car_core_demo/config
[14.225s] -- Up-to-date: /home/ubuntu/ros2_wsorincp/install/smart_car_core_demo/share/smart_car_core_demo/config/params.yaml
[14.225s] -- Up-to-date: /home/ubuntu/ros2_wsorincp/install/smart_car_core_demo/share/ament_index/resource_index/package_run_dependencies/smart_car_core_demo
[14.225s] -- Up-to-date: /home/ubuntu/ros2_wsorincp/install/smart_car_core_demo/share/ament_index/resource_index/parent_prefix_path/smart_car_core_demo
[14.225s] -- Up-to-date: /home/ubuntu/ros2_wsorincp/install/smart_car_core_demo/share/smart_car_core_demo/environment/ament_prefix_path.sh
[14.225s] -- Installing: /home/ubuntu/ros2_wsorincp/install/smart_car_core_demo/share/smart_car_core_demo/environment/ament_prefix_path.dsv
[14.226s] -- Up-to-date: /home/ubuntu/ros2_wsorincp/install/smart_car_core_demo/share/smart_car_core_demo/environment/path.sh
[14.226s] -- Installing: /home/ubuntu/ros2_wsorincp/install/smart_car_core_demo/share/smart_car_core_demo/environment/path.dsv
[14.226s] -- Up-to-date: /home/ubuntu/ros2_wsorincp/install/smart_car_core_demo/share/smart_car_core_demo/local_setup.bash
[14.226s] -- Up-to-date: /home/ubuntu/ros2_wsorincp/install/smart_car_core_demo/share/smart_car_core_demo/local_setup.sh
[14.226s] -- Up-to-date: /home/ubuntu/ros2_wsorincp/install/smart_car_core_demo/share/smart_car_core_demo/local_setup.zsh
[14.226s] -- Installing: /home/ubuntu/ros2_wsorincp/install/smart_car_core_demo/share/smart_car_core_demo/local_setup.dsv
[14.226s] -- Installing: /home/ubuntu/ros2_wsorincp/install/smart_car_core_demo/share/smart_car_core_demo/package.dsv
[14.226s] -- Up-to-date: /home/ubuntu/ros2_wsorincp/install/smart_car_core_demo/share/ament_index/resource_index/packages/smart_car_core_demo
[14.226s] -- Up-to-date: /home/ubuntu/ros2_wsorincp/install/smart_car_core_demo/share/smart_car_core_demo/cmake/ament_cmake_export_dependencies-extras.cmake
[14.226s] -- Up-to-date: /home/ubuntu/ros2_wsorincp/install/smart_car_core_demo/share/smart_car_core_demo/cmake/smart_car_core_demoConfig.cmake
[14.226s] -- Up-to-date: /home/ubuntu/ros2_wsorincp/install/smart_car_core_demo/share/smart_car_core_demo/cmake/smart_car_core_demoConfig-version.cmake
[14.226s] -- Up-to-date: /home/ubuntu/ros2_wsorincp/install/smart_car_core_demo/share/smart_car_core_demo/package.xml
[14.228s] Invoked command in '/home/ubuntu/ros2_wsorincp/build/smart_car_core_demo' returned '0': CMAKE_PREFIX_PATH=/opt/ros/humble /usr/bin/cmake --install /home/ubuntu/ros2_wsorincp/build/smart_car_core_demo
