[0.513s] Invoking command in '/home/ubuntu/ros2_wsorincp/build/smart_car_core_demo': CMAKE_PREFIX_PATH=/opt/ros/humble /usr/bin/cmake /home/ubuntu/ros2_wsorincp/ros2_core_examples/smart_car_core_demo -DCMAKE_INSTALL_PREFIX=/home/ubuntu/ros2_wsorincp/install/smart_car_core_demo
[0.885s] -- Found ament_cmake: 1.3.9 (/opt/ros/humble/share/ament_cmake/cmake)
[2.061s] -- Found Python3: /usr/bin/python3 (found version "3.10.12") found components: Interpreter 
[2.585s] -- Found rclcpp: 16.0.9 (/opt/ros/humble/share/rclcpp/cmake)
[2.958s] -- Found rosidl_generator_c: 3.1.5 (/opt/ros/humble/share/rosidl_generator_c/cmake)
[3.013s] -- Found rosidl_adapter: 3.1.5 (/opt/ros/humble/share/rosidl_adapter/cmake)
[3.243s] -- Found rosidl_generator_cpp: 3.1.5 (/opt/ros/humble/share/rosidl_generator_cpp/cmake)
[3.390s] -- Using all available rosidl_typesupport_c: rosidl_typesupport_fastrtps_c;rosidl_typesupport_introspection_c
[3.522s] -- Using all available rosidl_typesupport_cpp: rosidl_typesupport_fastrtps_cpp;rosidl_typesupport_introspection_cpp
[4.003s] -- Found rmw_implementation_cmake: 6.1.2 (/opt/ros/humble/share/rmw_implementation_cmake/cmake)
[4.040s] -- Found rmw_fastrtps_cpp: 6.2.6 (/opt/ros/humble/share/rmw_fastrtps_cpp/cmake)
[5.685s] -- Found OpenSSL: /usr/lib/aarch64-linux-gnu/libcrypto.so (found version "3.0.2")  
[5.770s] -- Found FastRTPS: /opt/ros/humble/include  
[5.884s] -- Using RMW implementation 'rmw_fastrtps_cpp' as default
[5.989s] -- Looking for pthread.h
[6.305s] -- Looking for pthread.h - found
[6.308s] -- Performing Test CMAKE_HAVE_LIBC_PTHREAD
[6.946s] -- Performing Test CMAKE_HAVE_LIBC_PTHREAD - Success
[6.947s] -- Found Threads: TRUE  
[13.777s] -- Found geometry_msgs: 4.2.4 (/opt/ros/humble/share/geometry_msgs/cmake)
[16.438s] -- Found std_srvs: 4.2.4 (/opt/ros/humble/share/std_srvs/cmake)
[18.651s] -- Found rclcpp_action: 16.0.9 (/opt/ros/humble/share/rclcpp_action/cmake)
[24.947s] [31mCMake Error at CMakeLists.txt:15 (find_package):
[24.947s]   By not providing "Findros_robot_controller_msgs.cmake" in CMAKE_MODULE_PATH
[24.947s]   this project has asked CMake to find a package configuration file provided
[24.947s]   by "ros_robot_controller_msgs", but CMake did not find one.
[24.947s] 
[24.948s]   Could not find a package configuration file provided by
[24.948s]   "ros_robot_controller_msgs" with any of the following names:
[24.948s] 
[24.948s]     ros_robot_controller_msgsConfig.cmake
[24.948s]     ros_robot_controller_msgs-config.cmake
[24.948s] 
[24.948s]   Add the installation prefix of "ros_robot_controller_msgs" to
[24.949s]   CMAKE_PREFIX_PATH or set "ros_robot_controller_msgs_DIR" to a directory
[24.949s]   containing one of the above files.  If "ros_robot_controller_msgs" provides
[24.949s]   a separate development package or SDK, be sure it has been installed.
[24.949s] 
[24.949s] [0m
[24.949s] -- Configuring incomplete, errors occurred!
[24.949s] See also "/home/ubuntu/ros2_wsorincp/build/smart_car_core_demo/CMakeFiles/CMakeOutput.log".
[24.992s] Invoked command in '/home/ubuntu/ros2_wsorincp/build/smart_car_core_demo' returned '1': CMAKE_PREFIX_PATH=/opt/ros/humble /usr/bin/cmake /home/ubuntu/ros2_wsorincp/ros2_core_examples/smart_car_core_demo -DCMAKE_INSTALL_PREFIX=/home/ubuntu/ros2_wsorincp/install/smart_car_core_demo
