-- The C compiler identification is GNU 11.4.0
-- The CXX compiler identification is GNU 11.4.0
-- Detecting C compiler ABI info
-- Detecting C compiler ABI info - done
-- Check for working C compiler: /usr/bin/cc - skipped
-- Detecting C compile features
-- Detecting C compile features - done
-- Detecting CXX compiler ABI info
-- Detecting CXX compiler ABI info - done
-- Check for working CXX compiler: /usr/bin/c++ - skipped
-- Detecting CXX compile features
-- Detecting CXX compile features - done
-- Found ament_cmake: 1.3.9 (/opt/ros/humble/share/ament_cmake/cmake)
-- Found Python3: /usr/bin/python3 (found version "3.10.12") found components: Interpreter 
-- Found rosidl_default_generators: 1.2.0 (/opt/ros/humble/share/rosidl_default_generators/cmake)
-- Using all available rosidl_typesupport_c: rosidl_typesupport_fastrtps_c;rosidl_typesupport_introspection_c
-- Found rosidl_adapter: 3.1.5 (/opt/ros/humble/share/rosidl_adapter/cmake)
-- Using all available rosidl_typesupport_cpp: rosidl_typesupport_fastrtps_cpp;rosidl_typesupport_introspection_cpp
-- Found ament_cmake_ros: 0.10.0 (/opt/ros/humble/share/ament_cmake_ros/cmake)
-- Using all available rosidl_typesupport_c: rosidl_typesupport_fastrtps_c;rosidl_typesupport_introspection_c
-- Using all available rosidl_typesupport_cpp: rosidl_typesupport_fastrtps_cpp;rosidl_typesupport_introspection_cpp
-- Found PythonInterp: /usr/bin/python3 (found suitable version "3.10.12", minimum required is "3.6") 
-- Found python_cmake_module: 0.10.0 (/opt/ros/humble/share/python_cmake_module/cmake)
-- Found PythonLibs: /usr/lib/aarch64-linux-gnu/libpython3.10.so (found suitable version "3.10.12", minimum required is "3.5") 
-- Using PYTHON_EXECUTABLE: /usr/bin/python3
-- Using PYTHON_INCLUDE_DIRS: /usr/include/python3.10
-- Using PYTHON_LIBRARIES: /usr/lib/aarch64-linux-gnu/libpython3.10.so
-- Found PythonExtra: .so  
-- Found ament_lint_auto: 0.12.11 (/opt/ros/humble/share/ament_lint_auto/cmake)
-- Added test 'copyright' to check source files copyright and LICENSE
-- Added test 'lint_cmake' to check CMake code style
-- Added test 'xmllint' to check XML markup files
-- Configuring done
-- Generating done
-- Build files have been written to: /home/ubuntu/ros2_wsorincp/build/speed_control_msgs
[  3%] [34m[1mGenerating C code for ROS interfaces[0m
[  6%] [34m[1mGenerating C++ code for ROS interfaces[0m
[  6%] Built target ament_cmake_python_copy_speed_control_msgs
running egg_info
creating speed_control_msgs.egg-info
writing speed_control_msgs.egg-info/PKG-INFO
writing dependency_links to speed_control_msgs.egg-info/dependency_links.txt
writing top-level names to speed_control_msgs.egg-info/top_level.txt
[  9%] [32mBuilding C object CMakeFiles/speed_control_msgs__rosidl_generator_c.dir/rosidl_generator_c/speed_control_msgs/srv/detail/adjust_speed__functions.c.o[0m
[  9%] Built target speed_control_msgs__cpp
[ 12%] [34m[1mGenerating C++ type support dispatch for ROS interfaces[0m
[ 16%] [34m[1mGenerating C++ type support for eProsima Fast-RTPS[0m
writing manifest file 'speed_control_msgs.egg-info/SOURCES.txt'
reading manifest file 'speed_control_msgs.egg-info/SOURCES.txt'
writing manifest file 'speed_control_msgs.egg-info/SOURCES.txt'
[ 19%] [32m[1mLinking C shared library libspeed_control_msgs__rosidl_generator_c.so[0m
[ 19%] Built target speed_control_msgs__rosidl_generator_c
[ 19%] Built target ament_cmake_python_build_speed_control_msgs_egg
[ 22%] [34m[1mGenerating C++ introspection for ROS interfaces[0m
[ 25%] [34m[1mGenerating C type support for eProsima Fast-RTPS[0m
[ 29%] [32mBuilding CXX object CMakeFiles/speed_control_msgs__rosidl_typesupport_cpp.dir/rosidl_typesupport_cpp/speed_control_msgs/srv/adjust_speed__type_support.cpp.o[0m
[ 32%] [32mBuilding CXX object CMakeFiles/speed_control_msgs__rosidl_typesupport_fastrtps_cpp.dir/rosidl_typesupport_fastrtps_cpp/speed_control_msgs/srv/detail/dds_fastrtps/adjust_speed__type_support.cpp.o[0m
[ 35%] [32mBuilding CXX object CMakeFiles/speed_control_msgs__rosidl_typesupport_introspection_cpp.dir/rosidl_typesupport_introspection_cpp/speed_control_msgs/srv/detail/adjust_speed__type_support.cpp.o[0m
[ 38%] [32m[1mLinking CXX shared library libspeed_control_msgs__rosidl_typesupport_cpp.so[0m
[ 41%] [32mBuilding CXX object CMakeFiles/speed_control_msgs__rosidl_typesupport_fastrtps_c.dir/rosidl_typesupport_fastrtps_c/speed_control_msgs/srv/detail/adjust_speed__type_support_c.cpp.o[0m
[ 41%] Built target speed_control_msgs__rosidl_typesupport_cpp
[ 45%] [34m[1mGenerating C introspection for ROS interfaces[0m
[ 48%] [32m[1mLinking CXX shared library libspeed_control_msgs__rosidl_typesupport_fastrtps_cpp.so[0m
[ 48%] Built target speed_control_msgs__rosidl_typesupport_fastrtps_cpp
[ 51%] [32m[1mLinking CXX shared library libspeed_control_msgs__rosidl_typesupport_introspection_cpp.so[0m
[ 54%] [34m[1mGenerating C type support dispatch for ROS interfaces[0m
[ 54%] Built target speed_control_msgs__rosidl_typesupport_introspection_cpp
[ 58%] [32mBuilding C object CMakeFiles/speed_control_msgs__rosidl_typesupport_introspection_c.dir/rosidl_typesupport_introspection_c/speed_control_msgs/srv/detail/adjust_speed__type_support.c.o[0m
[ 61%] [32m[1mLinking CXX shared library libspeed_control_msgs__rosidl_typesupport_fastrtps_c.so[0m
[ 64%] [32m[1mLinking C shared library libspeed_control_msgs__rosidl_typesupport_introspection_c.so[0m
[ 64%] Built target speed_control_msgs__rosidl_typesupport_introspection_c
[ 64%] Built target speed_control_msgs__rosidl_typesupport_fastrtps_c
[ 67%] [32mBuilding CXX object CMakeFiles/speed_control_msgs__rosidl_typesupport_c.dir/rosidl_typesupport_c/speed_control_msgs/srv/adjust_speed__type_support.cpp.o[0m
[ 70%] [32m[1mLinking CXX shared library libspeed_control_msgs__rosidl_typesupport_c.so[0m
[ 70%] Built target speed_control_msgs__rosidl_typesupport_c
[ 70%] Built target speed_control_msgs
[ 74%] [34m[1mGenerating Python code for ROS interfaces[0m
[ 74%] Built target speed_control_msgs__py
[ 77%] [32mBuilding C object CMakeFiles/speed_control_msgs__rosidl_generator_py.dir/rosidl_generator_py/speed_control_msgs/srv/_adjust_speed_s.c.o[0m
[ 80%] [32m[1mLinking C shared library rosidl_generator_py/speed_control_msgs/libspeed_control_msgs__rosidl_generator_py.so[0m
[ 80%] Built target speed_control_msgs__rosidl_generator_py
[ 90%] [32mBuilding C object CMakeFiles/speed_control_msgs__rosidl_typesupport_c__pyext.dir/rosidl_generator_py/speed_control_msgs/_speed_control_msgs_s.ep.rosidl_typesupport_c.c.o[0m
[ 90%] [32mBuilding C object CMakeFiles/speed_control_msgs__rosidl_typesupport_fastrtps_c__pyext.dir/rosidl_generator_py/speed_control_msgs/_speed_control_msgs_s.ep.rosidl_typesupport_fastrtps_c.c.o[0m
[ 90%] [32mBuilding C object CMakeFiles/speed_control_msgs__rosidl_typesupport_introspection_c__pyext.dir/rosidl_generator_py/speed_control_msgs/_speed_control_msgs_s.ep.rosidl_typesupport_introspection_c.c.o[0m
[ 96%] [32m[1mLinking C shared library rosidl_generator_py/speed_control_msgs/speed_control_msgs_s__rosidl_typesupport_introspection_c.cpython-310-aarch64-linux-gnu.so[0m
[ 96%] [32m[1mLinking C shared library rosidl_generator_py/speed_control_msgs/speed_control_msgs_s__rosidl_typesupport_c.cpython-310-aarch64-linux-gnu.so[0m
[100%] [32m[1mLinking C shared library rosidl_generator_py/speed_control_msgs/speed_control_msgs_s__rosidl_typesupport_fastrtps_c.cpython-310-aarch64-linux-gnu.so[0m
[100%] Built target speed_control_msgs__rosidl_typesupport_c__pyext
[100%] Built target speed_control_msgs__rosidl_typesupport_introspection_c__pyext
[100%] Built target speed_control_msgs__rosidl_typesupport_fastrtps_c__pyext
