[0.000000] (-) TimerEvent: {}
[0.000117] (-) JobUnselected: {'identifier': 'demo_cpp_pkg'}
[0.000266] (smart_car_core_demo) JobQueued: {'identifier': 'smart_car_core_demo', 'dependencies': OrderedDict()}
[0.000500] (smart_car_core_demo) JobStarted: {'identifier': 'smart_car_core_demo'}
[0.021144] (smart_car_core_demo) JobProgress: {'identifier': 'smart_car_core_demo', 'progress': 'cmake'}
[0.021491] (smart_car_core_demo) Command: {'cmd': ['/usr/bin/cmake', '/home/ubuntu/ros2_wsorincp/ros2_core_examples/smart_car_core_demo', '-DCMAKE_INSTALL_PREFIX=/home/ubuntu/ros2_wsorincp/install/smart_car_core_demo'], 'cwd': '/home/ubuntu/ros2_wsorincp/build/smart_car_core_demo', 'env': OrderedDict([('VSCODE_CWD', '/home/ubuntu'), ('VSCODE_ESM_ENTRYPOINT', 'vs/workbench/api/node/extensionHostProcess'), ('USER', 'ubuntu'), ('SSH_CLIENT', '192.168.10.1 56035 2222'), ('VSCODE_NLS_CONFIG', '{"userLocale":"zh-cn","osLocale":"zh-cn","resolvedLanguage":"zh-cn","defaultMessagesFile":"/home/ubuntu/.vscode-server/cli/servers/Stable-ce099c1ed25d9eb3076c11e4a280f3eb52b4fbeb/server/out/nls.messages.json","languagePack":{"translationsConfigFile":"/home/ubuntu/.vscode-server/data/clp/80ec1fb09b131ff744fceaf55100c0c9.zh-cn/tcf.json","messagesFile":"/home/ubuntu/.vscode-server/data/clp/80ec1fb09b131ff744fceaf55100c0c9.zh-cn/ce099c1ed25d9eb3076c11e4a280f3eb52b4fbeb/nls.messages.json","corruptMarkerFile":"/home/ubuntu/.vscode-server/data/clp/80ec1fb09b131ff744fceaf55100c0c9.zh-cn/corrupted.info"},"locale":"zh-cn","availableLanguages":{"*":"zh-cn"},"_languagePackId":"80ec1fb09b131ff744fceaf55100c0c9.zh-cn","_languagePackSupport":true,"_translationsConfigFile":"/home/ubuntu/.vscode-server/data/clp/80ec1fb09b131ff744fceaf55100c0c9.zh-cn/tcf.json","_cacheRoot":"/home/ubuntu/.vscode-server/data/clp/80ec1fb09b131ff744fceaf55100c0c9.zh-cn","_resolvedLanguagePackCoreLocation":"/home/ubuntu/.vscode-server/data/clp/80ec1fb09b131ff744fceaf55100c0c9.zh-cn/ce099c1ed25d9eb3076c11e4a280f3eb52b4fbeb","_corruptedFile":"/home/ubuntu/.vscode-server/data/clp/80ec1fb09b131ff744fceaf55100c0c9.zh-cn/corrupted.info"}'), ('SYSTEMD_PAGER', ''), ('VSCODE_HANDLES_UNCAUGHT_ERRORS', 'true'), ('DEBUG', 'release'), ('SHLVL', '0'), ('LD_LIBRARY_PATH', '/opt/ros/humble/opt/rviz_ogre_vendor/lib:/opt/ros/humble/lib/aarch64-linux-gnu:/opt/ros/humble/lib:/home/ubuntu/ros2_ws/src/xf_mic_asr_offline/lib/x64:/home/ubuntu/ros2_ws/src/xf_mic_asr_offline/lib/arm64:'), ('BROWSER', '/home/ubuntu/.vscode-server/cli/servers/Stable-ce099c1ed25d9eb3076c11e4a280f3eb52b4fbeb/server/bin/helpers/browser.sh'), ('MOTD_SHOWN', 'pam'), ('HOME', '/home/ubuntu'), ('OLDPWD', '/home/ubuntu/ros2_wsorincp'), ('VSCODE_RECONNECTION_GRACE_TIME', '10800000'), ('NVM_BIN', '/home/ubuntu/.nvm/versions/node/v20.11.1/bin'), ('VSCODE_IPC_HOOK_CLI', '/tmp/vscode-ipc-8a239daf-759e-43aa-9421-b43eb9758105.sock'), ('NVM_INC', '/home/ubuntu/.nvm/versions/node/v20.11.1/include/node'), ('ROS_PYTHON_VERSION', '3'), ('PAGER', 'cat'), ('LC_CTYPE', 'C.UTF-8'), ('NVM_DIR', '/home/ubuntu/.nvm'), ('COLCON_PREFIX_PATH', '/home/ubuntu/ros2_wsorincp/jianpankongzhiws/install'), ('ROS_DISTRO', 'humble'), ('LOGNAME', 'ubuntu'), ('VSCODE_HANDLES_SIGPIPE', 'true'), ('_', '/usr/bin/colcon'), ('ROS_VERSION', '2'), ('TERM', 'xterm-256color'), ('VSCODE_CLI_REQUIRE_TOKEN', 'c0b5037b-6d54-47f9-9ff8-7d8e2d42d9c4'), ('ROS_LOCALHOST_ONLY', '0'), ('QT_X11_NO_MITSHM', '1'), ('PATH', '/home/ubuntu/.local/bin:/home/ubuntu/.vscode-server/cli/servers/Stable-ce099c1ed25d9eb3076c11e4a280f3eb52b4fbeb/server/bin/remote-cli:/home/ubuntu/.local/bin:/opt/ros/humble/bin:/home/ubuntu/.nvm/versions/node/v20.11.1/bin:/usr/local/sbin:/usr/local/bin:/usr/sbin:/usr/bin:/sbin:/bin:/usr/games:/usr/local/games:/snap/bin'), ('VSCODE_AGENT_FOLDER', '/home/ubuntu/.vscode-server'), ('LS_COLORS', ''), ('MANPAGER', 'cat'), ('AMENT_PREFIX_PATH', '/opt/ros/humble'), ('SHELL', '/bin/bash'), ('ELECTRON_RUN_AS_NODE', '1'), ('GIT_PAGER', 'cat'), ('PWD', '/home/ubuntu/ros2_wsorincp/build/smart_car_core_demo'), ('SSH_CONNECTION', '192.168.10.1 56035 192.168.10.2 2222'), ('NVM_CD_FLAGS', ''), ('PYTHONPATH', '/opt/ros/humble/lib/python3.10/site-packages:/opt/ros/humble/local/lib/python3.10/dist-packages'), ('COLCON', '1'), ('EDITOR', 'cat'), ('CMAKE_PREFIX_PATH', '/opt/ros/humble')]), 'shell': False}
[0.099780] (-) TimerEvent: {}
[0.200029] (-) TimerEvent: {}
[0.300281] (-) TimerEvent: {}
[0.400532] (-) TimerEvent: {}
[0.500782] (-) TimerEvent: {}
[0.544039] (smart_car_core_demo) StdoutLine: {'line': b'-- The C compiler identification is GNU 11.4.0\n'}
[0.601050] (-) TimerEvent: {}
[0.701469] (-) TimerEvent: {}
[0.799093] (smart_car_core_demo) StdoutLine: {'line': b'-- The CXX compiler identification is GNU 11.4.0\n'}
[0.801523] (-) TimerEvent: {}
[0.817321] (smart_car_core_demo) StdoutLine: {'line': b'-- Detecting C compiler ABI info\n'}
[0.901690] (-) TimerEvent: {}
[0.941131] (smart_car_core_demo) StdoutLine: {'line': b'-- Detecting C compiler ABI info - done\n'}
[0.950104] (smart_car_core_demo) StdoutLine: {'line': b'-- Check for working C compiler: /usr/bin/cc - skipped\n'}
[0.950846] (smart_car_core_demo) StdoutLine: {'line': b'-- Detecting C compile features\n'}
[0.952186] (smart_car_core_demo) StdoutLine: {'line': b'-- Detecting C compile features - done\n'}
[0.957552] (smart_car_core_demo) StdoutLine: {'line': b'-- Detecting CXX compiler ABI info\n'}
[1.002267] (-) TimerEvent: {}
[1.066955] (smart_car_core_demo) StdoutLine: {'line': b'-- Detecting CXX compiler ABI info - done\n'}
[1.090386] (smart_car_core_demo) StdoutLine: {'line': b'-- Check for working CXX compiler: /usr/bin/c++ - skipped\n'}
[1.090994] (smart_car_core_demo) StdoutLine: {'line': b'-- Detecting CXX compile features\n'}
[1.092265] (smart_car_core_demo) StdoutLine: {'line': b'-- Detecting CXX compile features - done\n'}
[1.102364] (-) TimerEvent: {}
[1.174202] (smart_car_core_demo) StdoutLine: {'line': b'-- Found ament_cmake: 1.3.9 (/opt/ros/humble/share/ament_cmake/cmake)\n'}
[1.202467] (-) TimerEvent: {}
[1.304760] (-) TimerEvent: {}
[1.405006] (-) TimerEvent: {}
[1.505234] (-) TimerEvent: {}
[1.605490] (-) TimerEvent: {}
[1.705729] (-) TimerEvent: {}
[1.797017] (smart_car_core_demo) StdoutLine: {'line': b'-- Found Python3: /usr/bin/python3 (found version "3.10.12") found components: Interpreter \n'}
[1.805863] (-) TimerEvent: {}
[1.908787] (-) TimerEvent: {}
[2.009049] (-) TimerEvent: {}
[2.048753] (smart_car_core_demo) StdoutLine: {'line': b'-- Found rclcpp: 16.0.9 (/opt/ros/humble/share/rclcpp/cmake)\n'}
[2.109163] (-) TimerEvent: {}
[2.209404] (-) TimerEvent: {}
[2.264290] (smart_car_core_demo) StdoutLine: {'line': b'-- Found rosidl_generator_c: 3.1.5 (/opt/ros/humble/share/rosidl_generator_c/cmake)\n'}
[2.283223] (smart_car_core_demo) StdoutLine: {'line': b'-- Found rosidl_adapter: 3.1.5 (/opt/ros/humble/share/rosidl_adapter/cmake)\n'}
[2.309032] (smart_car_core_demo) StdoutLine: {'line': b'-- Found rosidl_generator_cpp: 3.1.5 (/opt/ros/humble/share/rosidl_generator_cpp/cmake)\n'}
[2.309459] (-) TimerEvent: {}
[2.354305] (smart_car_core_demo) StdoutLine: {'line': b'-- Using all available rosidl_typesupport_c: rosidl_typesupport_fastrtps_c;rosidl_typesupport_introspection_c\n'}
[2.404848] (smart_car_core_demo) StdoutLine: {'line': b'-- Using all available rosidl_typesupport_cpp: rosidl_typesupport_fastrtps_cpp;rosidl_typesupport_introspection_cpp\n'}
[2.409546] (-) TimerEvent: {}
[2.509722] (-) TimerEvent: {}
[2.568964] (smart_car_core_demo) StdoutLine: {'line': b'-- Found rmw_implementation_cmake: 6.1.2 (/opt/ros/humble/share/rmw_implementation_cmake/cmake)\n'}
[2.586634] (smart_car_core_demo) StdoutLine: {'line': b'-- Found rmw_fastrtps_cpp: 6.2.6 (/opt/ros/humble/share/rmw_fastrtps_cpp/cmake)\n'}
[2.609842] (-) TimerEvent: {}
[2.710067] (-) TimerEvent: {}
[2.810282] (-) TimerEvent: {}
[2.829771] (smart_car_core_demo) StdoutLine: {'line': b'-- Found OpenSSL: /usr/lib/aarch64-linux-gnu/libcrypto.so (found version "3.0.2")  \n'}
[2.870760] (smart_car_core_demo) StdoutLine: {'line': b'-- Found FastRTPS: /opt/ros/humble/include  \n'}
[2.910389] (-) TimerEvent: {}
[2.940219] (smart_car_core_demo) StdoutLine: {'line': b"-- Using RMW implementation 'rmw_fastrtps_cpp' as default\n"}
[2.983842] (smart_car_core_demo) StdoutLine: {'line': b'-- Looking for pthread.h\n'}
[3.010530] (-) TimerEvent: {}
[3.108393] (smart_car_core_demo) StdoutLine: {'line': b'-- Looking for pthread.h - found\n'}
[3.109754] (smart_car_core_demo) StdoutLine: {'line': b'-- Performing Test CMAKE_HAVE_LIBC_PTHREAD\n'}
[3.111320] (-) TimerEvent: {}
[3.211527] (-) TimerEvent: {}
[3.234158] (smart_car_core_demo) StdoutLine: {'line': b'-- Performing Test CMAKE_HAVE_LIBC_PTHREAD - Success\n'}
[3.234535] (smart_car_core_demo) StdoutLine: {'line': b'-- Found Threads: TRUE  \n'}
[3.311630] (-) TimerEvent: {}
[3.411893] (-) TimerEvent: {}
[3.512161] (-) TimerEvent: {}
[3.612417] (-) TimerEvent: {}
[3.613382] (smart_car_core_demo) StdoutLine: {'line': b'-- Found geometry_msgs: 4.2.4 (/opt/ros/humble/share/geometry_msgs/cmake)\n'}
[3.712513] (-) TimerEvent: {}
[3.727849] (smart_car_core_demo) StdoutLine: {'line': b'-- Found std_srvs: 4.2.4 (/opt/ros/humble/share/std_srvs/cmake)\n'}
[3.765290] (smart_car_core_demo) StdoutLine: {'line': b'-- Found rclcpp_action: 16.0.9 (/opt/ros/humble/share/rclcpp_action/cmake)\n'}
[3.812649] (-) TimerEvent: {}
[3.912926] (-) TimerEvent: {}
[4.009605] (smart_car_core_demo) StdoutLine: {'line': b'-- Found ament_lint_auto: 0.12.11 (/opt/ros/humble/share/ament_lint_auto/cmake)\n'}
[4.013023] (-) TimerEvent: {}
[4.113219] (-) TimerEvent: {}
[4.212812] (smart_car_core_demo) StdoutLine: {'line': b"-- Added test 'cppcheck' to perform static code analysis on C / C++ code\n"}
[4.213150] (smart_car_core_demo) StdoutLine: {'line': b'-- Configured cppcheck include dirs: \n'}
[4.213307] (-) TimerEvent: {}
[4.213352] (smart_car_core_demo) StdoutLine: {'line': b'-- Configured cppcheck exclude dirs and/or files: \n'}
[4.214108] (smart_car_core_demo) StdoutLine: {'line': b"-- Added test 'flake8' to check Python code syntax and style conventions\n"}
[4.216071] (smart_car_core_demo) StdoutLine: {'line': b"-- Added test 'lint_cmake' to check CMake code style\n"}
[4.217736] (smart_car_core_demo) StdoutLine: {'line': b"-- Added test 'pep257' to check Python code against some of the docstring style conventions in PEP 257\n"}
[4.220855] (smart_car_core_demo) StdoutLine: {'line': b"-- Added test 'uncrustify' to check C / C++ code style\n"}
[4.221318] (smart_car_core_demo) StdoutLine: {'line': b'-- Configured uncrustify additional arguments: \n'}
[4.222569] (smart_car_core_demo) StdoutLine: {'line': b"-- Added test 'xmllint' to check XML markup files\n"}
[4.229573] (smart_car_core_demo) StdoutLine: {'line': b'-- Configuring done\n'}
[4.257727] (smart_car_core_demo) StdoutLine: {'line': b'-- Generating done\n'}
[4.262582] (smart_car_core_demo) StdoutLine: {'line': b'-- Build files have been written to: /home/ubuntu/ros2_wsorincp/build/smart_car_core_demo\n'}
[4.285389] (smart_car_core_demo) CommandEnded: {'returncode': 0}
[4.286857] (smart_car_core_demo) JobProgress: {'identifier': 'smart_car_core_demo', 'progress': 'build'}
[4.286904] (smart_car_core_demo) Command: {'cmd': ['/usr/bin/cmake', '--build', '/home/ubuntu/ros2_wsorincp/build/smart_car_core_demo', '--', '-j4', '-l4'], 'cwd': '/home/ubuntu/ros2_wsorincp/build/smart_car_core_demo', 'env': OrderedDict([('VSCODE_CWD', '/home/ubuntu'), ('VSCODE_ESM_ENTRYPOINT', 'vs/workbench/api/node/extensionHostProcess'), ('USER', 'ubuntu'), ('SSH_CLIENT', '192.168.10.1 56035 2222'), ('VSCODE_NLS_CONFIG', '{"userLocale":"zh-cn","osLocale":"zh-cn","resolvedLanguage":"zh-cn","defaultMessagesFile":"/home/ubuntu/.vscode-server/cli/servers/Stable-ce099c1ed25d9eb3076c11e4a280f3eb52b4fbeb/server/out/nls.messages.json","languagePack":{"translationsConfigFile":"/home/ubuntu/.vscode-server/data/clp/80ec1fb09b131ff744fceaf55100c0c9.zh-cn/tcf.json","messagesFile":"/home/ubuntu/.vscode-server/data/clp/80ec1fb09b131ff744fceaf55100c0c9.zh-cn/ce099c1ed25d9eb3076c11e4a280f3eb52b4fbeb/nls.messages.json","corruptMarkerFile":"/home/ubuntu/.vscode-server/data/clp/80ec1fb09b131ff744fceaf55100c0c9.zh-cn/corrupted.info"},"locale":"zh-cn","availableLanguages":{"*":"zh-cn"},"_languagePackId":"80ec1fb09b131ff744fceaf55100c0c9.zh-cn","_languagePackSupport":true,"_translationsConfigFile":"/home/ubuntu/.vscode-server/data/clp/80ec1fb09b131ff744fceaf55100c0c9.zh-cn/tcf.json","_cacheRoot":"/home/ubuntu/.vscode-server/data/clp/80ec1fb09b131ff744fceaf55100c0c9.zh-cn","_resolvedLanguagePackCoreLocation":"/home/ubuntu/.vscode-server/data/clp/80ec1fb09b131ff744fceaf55100c0c9.zh-cn/ce099c1ed25d9eb3076c11e4a280f3eb52b4fbeb","_corruptedFile":"/home/ubuntu/.vscode-server/data/clp/80ec1fb09b131ff744fceaf55100c0c9.zh-cn/corrupted.info"}'), ('SYSTEMD_PAGER', ''), ('VSCODE_HANDLES_UNCAUGHT_ERRORS', 'true'), ('DEBUG', 'release'), ('SHLVL', '0'), ('LD_LIBRARY_PATH', '/opt/ros/humble/opt/rviz_ogre_vendor/lib:/opt/ros/humble/lib/aarch64-linux-gnu:/opt/ros/humble/lib:/home/ubuntu/ros2_ws/src/xf_mic_asr_offline/lib/x64:/home/ubuntu/ros2_ws/src/xf_mic_asr_offline/lib/arm64:'), ('BROWSER', '/home/ubuntu/.vscode-server/cli/servers/Stable-ce099c1ed25d9eb3076c11e4a280f3eb52b4fbeb/server/bin/helpers/browser.sh'), ('MOTD_SHOWN', 'pam'), ('HOME', '/home/ubuntu'), ('OLDPWD', '/home/ubuntu/ros2_wsorincp'), ('VSCODE_RECONNECTION_GRACE_TIME', '10800000'), ('NVM_BIN', '/home/ubuntu/.nvm/versions/node/v20.11.1/bin'), ('VSCODE_IPC_HOOK_CLI', '/tmp/vscode-ipc-8a239daf-759e-43aa-9421-b43eb9758105.sock'), ('NVM_INC', '/home/ubuntu/.nvm/versions/node/v20.11.1/include/node'), ('ROS_PYTHON_VERSION', '3'), ('PAGER', 'cat'), ('LC_CTYPE', 'C.UTF-8'), ('NVM_DIR', '/home/ubuntu/.nvm'), ('COLCON_PREFIX_PATH', '/home/ubuntu/ros2_wsorincp/jianpankongzhiws/install'), ('ROS_DISTRO', 'humble'), ('LOGNAME', 'ubuntu'), ('VSCODE_HANDLES_SIGPIPE', 'true'), ('_', '/usr/bin/colcon'), ('ROS_VERSION', '2'), ('TERM', 'xterm-256color'), ('VSCODE_CLI_REQUIRE_TOKEN', 'c0b5037b-6d54-47f9-9ff8-7d8e2d42d9c4'), ('ROS_LOCALHOST_ONLY', '0'), ('QT_X11_NO_MITSHM', '1'), ('PATH', '/home/ubuntu/.local/bin:/home/ubuntu/.vscode-server/cli/servers/Stable-ce099c1ed25d9eb3076c11e4a280f3eb52b4fbeb/server/bin/remote-cli:/home/ubuntu/.local/bin:/opt/ros/humble/bin:/home/ubuntu/.nvm/versions/node/v20.11.1/bin:/usr/local/sbin:/usr/local/bin:/usr/sbin:/usr/bin:/sbin:/bin:/usr/games:/usr/local/games:/snap/bin'), ('VSCODE_AGENT_FOLDER', '/home/ubuntu/.vscode-server'), ('LS_COLORS', ''), ('MANPAGER', 'cat'), ('AMENT_PREFIX_PATH', '/opt/ros/humble'), ('SHELL', '/bin/bash'), ('ELECTRON_RUN_AS_NODE', '1'), ('GIT_PAGER', 'cat'), ('PWD', '/home/ubuntu/ros2_wsorincp/build/smart_car_core_demo'), ('SSH_CONNECTION', '192.168.10.1 56035 192.168.10.2 2222'), ('NVM_CD_FLAGS', ''), ('PYTHONPATH', '/opt/ros/humble/lib/python3.10/site-packages:/opt/ros/humble/local/lib/python3.10/dist-packages'), ('COLCON', '1'), ('EDITOR', 'cat'), ('CMAKE_PREFIX_PATH', '/opt/ros/humble')]), 'shell': False}
[4.313436] (-) TimerEvent: {}
[4.339496] (smart_car_core_demo) StdoutLine: {'line': b'[ 50%] Building CXX object CMakeFiles/speed_publisher.dir/src/smart_car_core_demo/speed_publisher.cpp.o\n'}
[4.413653] (-) TimerEvent: {}
[4.513901] (-) TimerEvent: {}
[4.614142] (-) TimerEvent: {}
[4.714338] (-) TimerEvent: {}
[4.814529] (-) TimerEvent: {}
[4.914731] (-) TimerEvent: {}
[5.014977] (-) TimerEvent: {}
[5.115214] (-) TimerEvent: {}
[5.215432] (-) TimerEvent: {}
[5.315644] (-) TimerEvent: {}
[5.415976] (-) TimerEvent: {}
[5.516291] (-) TimerEvent: {}
[5.616552] (-) TimerEvent: {}
[5.716804] (-) TimerEvent: {}
[5.817060] (-) TimerEvent: {}
[5.917356] (-) TimerEvent: {}
[6.017613] (-) TimerEvent: {}
[6.117862] (-) TimerEvent: {}
[6.218110] (-) TimerEvent: {}
[6.318326] (-) TimerEvent: {}
[6.418547] (-) TimerEvent: {}
[6.518793] (-) TimerEvent: {}
[6.619047] (-) TimerEvent: {}
[6.719264] (-) TimerEvent: {}
[6.819483] (-) TimerEvent: {}
[6.919692] (-) TimerEvent: {}
[7.019904] (-) TimerEvent: {}
[7.120132] (-) TimerEvent: {}
[7.220359] (-) TimerEvent: {}
[7.320642] (-) TimerEvent: {}
[7.420934] (-) TimerEvent: {}
[7.521202] (-) TimerEvent: {}
[7.621460] (-) TimerEvent: {}
[7.721704] (-) TimerEvent: {}
[7.821968] (-) TimerEvent: {}
[7.922226] (-) TimerEvent: {}
[8.022451] (-) TimerEvent: {}
[8.122704] (-) TimerEvent: {}
[8.223012] (-) TimerEvent: {}
[8.323278] (-) TimerEvent: {}
[8.423541] (-) TimerEvent: {}
[8.523796] (-) TimerEvent: {}
[8.624061] (-) TimerEvent: {}
[8.724279] (-) TimerEvent: {}
[8.824538] (-) TimerEvent: {}
[8.924804] (-) TimerEvent: {}
[9.025010] (-) TimerEvent: {}
[9.125226] (-) TimerEvent: {}
[9.225431] (-) TimerEvent: {}
[9.325648] (-) TimerEvent: {}
[9.425880] (-) TimerEvent: {}
[9.526106] (-) TimerEvent: {}
[9.626352] (-) TimerEvent: {}
[9.726592] (-) TimerEvent: {}
[9.826796] (-) TimerEvent: {}
[9.926991] (-) TimerEvent: {}
[10.027191] (-) TimerEvent: {}
[10.127422] (-) TimerEvent: {}
[10.227661] (-) TimerEvent: {}
[10.327853] (-) TimerEvent: {}
[10.428054] (-) TimerEvent: {}
[10.528253] (-) TimerEvent: {}
[10.628447] (-) TimerEvent: {}
[10.728637] (-) TimerEvent: {}
[10.828847] (-) TimerEvent: {}
[10.931617] (-) TimerEvent: {}
[11.024538] (smart_car_core_demo) StdoutLine: {'line': b'[100%] Linking CXX executable speed_publisher\n'}
[11.031681] (-) TimerEvent: {}
[11.131931] (-) TimerEvent: {}
[11.232202] (-) TimerEvent: {}
[11.332442] (-) TimerEvent: {}
[11.432720] (-) TimerEvent: {}
[11.507637] (smart_car_core_demo) StdoutLine: {'line': b'[100%] Built target speed_publisher\n'}
[11.517860] (smart_car_core_demo) CommandEnded: {'returncode': 0}
[11.533059] (-) TimerEvent: {}
[11.547591] (smart_car_core_demo) JobProgress: {'identifier': 'smart_car_core_demo', 'progress': 'install'}
[11.566299] (smart_car_core_demo) Command: {'cmd': ['/usr/bin/cmake', '--install', '/home/ubuntu/ros2_wsorincp/build/smart_car_core_demo'], 'cwd': '/home/ubuntu/ros2_wsorincp/build/smart_car_core_demo', 'env': OrderedDict([('VSCODE_CWD', '/home/ubuntu'), ('VSCODE_ESM_ENTRYPOINT', 'vs/workbench/api/node/extensionHostProcess'), ('USER', 'ubuntu'), ('SSH_CLIENT', '192.168.10.1 56035 2222'), ('VSCODE_NLS_CONFIG', '{"userLocale":"zh-cn","osLocale":"zh-cn","resolvedLanguage":"zh-cn","defaultMessagesFile":"/home/ubuntu/.vscode-server/cli/servers/Stable-ce099c1ed25d9eb3076c11e4a280f3eb52b4fbeb/server/out/nls.messages.json","languagePack":{"translationsConfigFile":"/home/ubuntu/.vscode-server/data/clp/80ec1fb09b131ff744fceaf55100c0c9.zh-cn/tcf.json","messagesFile":"/home/ubuntu/.vscode-server/data/clp/80ec1fb09b131ff744fceaf55100c0c9.zh-cn/ce099c1ed25d9eb3076c11e4a280f3eb52b4fbeb/nls.messages.json","corruptMarkerFile":"/home/ubuntu/.vscode-server/data/clp/80ec1fb09b131ff744fceaf55100c0c9.zh-cn/corrupted.info"},"locale":"zh-cn","availableLanguages":{"*":"zh-cn"},"_languagePackId":"80ec1fb09b131ff744fceaf55100c0c9.zh-cn","_languagePackSupport":true,"_translationsConfigFile":"/home/ubuntu/.vscode-server/data/clp/80ec1fb09b131ff744fceaf55100c0c9.zh-cn/tcf.json","_cacheRoot":"/home/ubuntu/.vscode-server/data/clp/80ec1fb09b131ff744fceaf55100c0c9.zh-cn","_resolvedLanguagePackCoreLocation":"/home/ubuntu/.vscode-server/data/clp/80ec1fb09b131ff744fceaf55100c0c9.zh-cn/ce099c1ed25d9eb3076c11e4a280f3eb52b4fbeb","_corruptedFile":"/home/ubuntu/.vscode-server/data/clp/80ec1fb09b131ff744fceaf55100c0c9.zh-cn/corrupted.info"}'), ('SYSTEMD_PAGER', ''), ('VSCODE_HANDLES_UNCAUGHT_ERRORS', 'true'), ('DEBUG', 'release'), ('SHLVL', '0'), ('LD_LIBRARY_PATH', '/opt/ros/humble/opt/rviz_ogre_vendor/lib:/opt/ros/humble/lib/aarch64-linux-gnu:/opt/ros/humble/lib:/home/ubuntu/ros2_ws/src/xf_mic_asr_offline/lib/x64:/home/ubuntu/ros2_ws/src/xf_mic_asr_offline/lib/arm64:'), ('BROWSER', '/home/ubuntu/.vscode-server/cli/servers/Stable-ce099c1ed25d9eb3076c11e4a280f3eb52b4fbeb/server/bin/helpers/browser.sh'), ('MOTD_SHOWN', 'pam'), ('HOME', '/home/ubuntu'), ('OLDPWD', '/home/ubuntu/ros2_wsorincp'), ('VSCODE_RECONNECTION_GRACE_TIME', '10800000'), ('NVM_BIN', '/home/ubuntu/.nvm/versions/node/v20.11.1/bin'), ('VSCODE_IPC_HOOK_CLI', '/tmp/vscode-ipc-8a239daf-759e-43aa-9421-b43eb9758105.sock'), ('NVM_INC', '/home/ubuntu/.nvm/versions/node/v20.11.1/include/node'), ('ROS_PYTHON_VERSION', '3'), ('PAGER', 'cat'), ('LC_CTYPE', 'C.UTF-8'), ('NVM_DIR', '/home/ubuntu/.nvm'), ('COLCON_PREFIX_PATH', '/home/ubuntu/ros2_wsorincp/jianpankongzhiws/install'), ('ROS_DISTRO', 'humble'), ('LOGNAME', 'ubuntu'), ('VSCODE_HANDLES_SIGPIPE', 'true'), ('_', '/usr/bin/colcon'), ('ROS_VERSION', '2'), ('TERM', 'xterm-256color'), ('VSCODE_CLI_REQUIRE_TOKEN', 'c0b5037b-6d54-47f9-9ff8-7d8e2d42d9c4'), ('ROS_LOCALHOST_ONLY', '0'), ('QT_X11_NO_MITSHM', '1'), ('PATH', '/home/ubuntu/.local/bin:/home/ubuntu/.vscode-server/cli/servers/Stable-ce099c1ed25d9eb3076c11e4a280f3eb52b4fbeb/server/bin/remote-cli:/home/ubuntu/.local/bin:/opt/ros/humble/bin:/home/ubuntu/.nvm/versions/node/v20.11.1/bin:/usr/local/sbin:/usr/local/bin:/usr/sbin:/usr/bin:/sbin:/bin:/usr/games:/usr/local/games:/snap/bin'), ('VSCODE_AGENT_FOLDER', '/home/ubuntu/.vscode-server'), ('LS_COLORS', ''), ('MANPAGER', 'cat'), ('AMENT_PREFIX_PATH', '/opt/ros/humble'), ('SHELL', '/bin/bash'), ('ELECTRON_RUN_AS_NODE', '1'), ('GIT_PAGER', 'cat'), ('PWD', '/home/ubuntu/ros2_wsorincp/build/smart_car_core_demo'), ('SSH_CONNECTION', '192.168.10.1 56035 192.168.10.2 2222'), ('NVM_CD_FLAGS', ''), ('PYTHONPATH', '/opt/ros/humble/lib/python3.10/site-packages:/opt/ros/humble/local/lib/python3.10/dist-packages'), ('COLCON', '1'), ('EDITOR', 'cat'), ('CMAKE_PREFIX_PATH', '/opt/ros/humble')]), 'shell': False}
[11.581735] (smart_car_core_demo) StdoutLine: {'line': b'-- Install configuration: ""\n'}
[11.582320] (smart_car_core_demo) StdoutLine: {'line': b'-- Installing: /home/ubuntu/ros2_wsorincp/install/smart_car_core_demo/lib/smart_car_core_demo/speed_publisher\n'}
[11.584732] (smart_car_core_demo) StdoutLine: {'line': b'-- Set runtime path of "/home/ubuntu/ros2_wsorincp/install/smart_car_core_demo/lib/smart_car_core_demo/speed_publisher" to ""\n'}
[11.585223] (smart_car_core_demo) StdoutLine: {'line': b'-- Installing: /home/ubuntu/ros2_wsorincp/install/smart_car_core_demo/share/smart_car_core_demo/launch\n'}
[11.585471] (smart_car_core_demo) StdoutLine: {'line': b'-- Installing: /home/ubuntu/ros2_wsorincp/install/smart_car_core_demo/share/smart_car_core_demo/launch/topic_demo.launch.py\n'}
[11.585616] (smart_car_core_demo) StdoutLine: {'line': b'-- Installing: /home/ubuntu/ros2_wsorincp/install/smart_car_core_demo/share/smart_car_core_demo/config\n'}
[11.585750] (smart_car_core_demo) StdoutLine: {'line': b'-- Installing: /home/ubuntu/ros2_wsorincp/install/smart_car_core_demo/share/smart_car_core_demo/config/params.yaml\n'}
[11.586080] (smart_car_core_demo) StdoutLine: {'line': b'-- Installing: /home/ubuntu/ros2_wsorincp/install/smart_car_core_demo/share/ament_index/resource_index/package_run_dependencies/smart_car_core_demo\n'}
[11.586404] (smart_car_core_demo) StdoutLine: {'line': b'-- Installing: /home/ubuntu/ros2_wsorincp/install/smart_car_core_demo/share/ament_index/resource_index/parent_prefix_path/smart_car_core_demo\n'}
[11.586906] (smart_car_core_demo) StdoutLine: {'line': b'-- Installing: /home/ubuntu/ros2_wsorincp/install/smart_car_core_demo/share/smart_car_core_demo/environment/ament_prefix_path.sh\n'}
[11.587260] (smart_car_core_demo) StdoutLine: {'line': b'-- Installing: /home/ubuntu/ros2_wsorincp/install/smart_car_core_demo/share/smart_car_core_demo/environment/ament_prefix_path.dsv\n'}
[11.587601] (smart_car_core_demo) StdoutLine: {'line': b'-- Installing: /home/ubuntu/ros2_wsorincp/install/smart_car_core_demo/share/smart_car_core_demo/environment/path.sh\n'}
[11.587922] (smart_car_core_demo) StdoutLine: {'line': b'-- Installing: /home/ubuntu/ros2_wsorincp/install/smart_car_core_demo/share/smart_car_core_demo/environment/path.dsv\n'}
[11.588241] (smart_car_core_demo) StdoutLine: {'line': b'-- Installing: /home/ubuntu/ros2_wsorincp/install/smart_car_core_demo/share/smart_car_core_demo/local_setup.bash\n'}
[11.588558] (smart_car_core_demo) StdoutLine: {'line': b'-- Installing: /home/ubuntu/ros2_wsorincp/install/smart_car_core_demo/share/smart_car_core_demo/local_setup.sh\n'}
[11.588916] (smart_car_core_demo) StdoutLine: {'line': b'-- Installing: /home/ubuntu/ros2_wsorincp/install/smart_car_core_demo/share/smart_car_core_demo/local_setup.zsh\n'}
[11.589239] (smart_car_core_demo) StdoutLine: {'line': b'-- Installing: /home/ubuntu/ros2_wsorincp/install/smart_car_core_demo/share/smart_car_core_demo/local_setup.dsv\n'}
[11.589651] (smart_car_core_demo) StdoutLine: {'line': b'-- Installing: /home/ubuntu/ros2_wsorincp/install/smart_car_core_demo/share/smart_car_core_demo/package.dsv\n'}
[11.589998] (smart_car_core_demo) StdoutLine: {'line': b'-- Installing: /home/ubuntu/ros2_wsorincp/install/smart_car_core_demo/share/ament_index/resource_index/packages/smart_car_core_demo\n'}
[11.590397] (smart_car_core_demo) StdoutLine: {'line': b'-- Installing: /home/ubuntu/ros2_wsorincp/install/smart_car_core_demo/share/smart_car_core_demo/cmake/ament_cmake_export_dependencies-extras.cmake\n'}
[11.590738] (smart_car_core_demo) StdoutLine: {'line': b'-- Installing: /home/ubuntu/ros2_wsorincp/install/smart_car_core_demo/share/smart_car_core_demo/cmake/smart_car_core_demoConfig.cmake\n'}
[11.591020] (smart_car_core_demo) StdoutLine: {'line': b'-- Installing: /home/ubuntu/ros2_wsorincp/install/smart_car_core_demo/share/smart_car_core_demo/cmake/smart_car_core_demoConfig-version.cmake\n'}
[11.591322] (smart_car_core_demo) StdoutLine: {'line': b'-- Installing: /home/ubuntu/ros2_wsorincp/install/smart_car_core_demo/share/smart_car_core_demo/package.xml\n'}
[11.594726] (smart_car_core_demo) CommandEnded: {'returncode': 0}
[11.633134] (-) TimerEvent: {}
[11.664650] (smart_car_core_demo) JobEnded: {'identifier': 'smart_car_core_demo', 'rc': 0}
[11.665019] (-) EventReactorShutdown: {}
