[0.676s] colcon DEBUG Command line arguments: ['/usr/bin/colcon', 'build', '--packages-select', 'smart_car_core_demo']
[0.676s] colcon DEBUG Parsed command line arguments: Namespace(log_base=None, log_level=None, verb_name='build', build_base='build', install_base='install', merge_install=False, symlink_install=False, test_result_base=None, continue_on_error=False, executor='parallel', parallel_workers=4, event_handlers=None, ignore_user_meta=False, metas=['./colcon.meta'], base_paths=['.'], packages_ignore=None, packages_ignore_regex=None, paths=None, packages_up_to=None, packages_up_to_regex=None, packages_above=None, packages_above_and_dependencies=None, packages_above_depth=None, packages_select_by_dep=None, packages_skip_by_dep=None, packages_skip_up_to=None, packages_select_build_failed=False, packages_skip_build_finished=False, packages_select_test_failures=False, packages_skip_test_passed=False, packages_select=['smart_car_core_demo'], packages_skip=None, packages_select_regex=None, packages_skip_regex=None, packages_start=None, packages_end=None, cmake_args=None, cmake_target=None, cmake_target_skip_unavailable=False, cmake_clean_cache=False, cmake_clean_first=False, cmake_force_configure=False, ament_cmake_args=None, catkin_cmake_args=None, catkin_skip_building_tests=False, mixin_files=None, mixin=None, verb_parser=<colcon_mixin.mixin.mixin_argument.MixinArgumentDecorator object at 0x7fffb6004430>, verb_extension=<colcon_core.verb.build.BuildVerb object at 0x7fffb5fcbe80>, main=<bound method BuildVerb.main of <colcon_core.verb.build.BuildVerb object at 0x7fffb5fcbe80>>, mixin_verb=('build',))
[0.796s] colcon.colcon_core.package_discovery Level 1 discover_packages(colcon_meta) check parameters
[0.796s] colcon.colcon_core.package_discovery Level 1 discover_packages(recursive) check parameters
[0.796s] colcon.colcon_core.package_discovery Level 1 discover_packages(ignore) check parameters
[0.796s] colcon.colcon_core.package_discovery Level 1 discover_packages(path) check parameters
[0.796s] colcon.colcon_core.package_discovery Level 1 discover_packages(colcon_meta) discover
[0.796s] colcon.colcon_core.package_discovery Level 1 discover_packages(recursive) discover
[0.796s] colcon.colcon_core.package_discovery INFO Crawling recursively for packages in '/home/ubuntu/ros2_wsorincp'
[0.796s] colcon.colcon_core.package_identification Level 1 _identify(.) by extensions ['ignore', 'ignore_ament_install']
[0.797s] colcon.colcon_core.package_identification Level 1 _identify(.) by extension 'ignore'
[0.797s] colcon.colcon_core.package_identification Level 1 _identify(.) by extension 'ignore_ament_install'
[0.797s] colcon.colcon_core.package_identification Level 1 _identify(.) by extensions ['colcon_pkg']
[0.797s] colcon.colcon_core.package_identification Level 1 _identify(.) by extension 'colcon_pkg'
[0.797s] colcon.colcon_core.package_identification Level 1 _identify(.) by extensions ['colcon_meta']
[0.797s] colcon.colcon_core.package_identification Level 1 _identify(.) by extension 'colcon_meta'
[0.797s] colcon.colcon_core.package_identification Level 1 _identify(.) by extensions ['ros']
[0.797s] colcon.colcon_core.package_identification Level 1 _identify(.) by extension 'ros'
[0.836s] colcon.colcon_core.package_identification Level 1 _identify(.) by extensions ['cmake', 'python']
[0.836s] colcon.colcon_core.package_identification Level 1 _identify(.) by extension 'cmake'
[0.836s] colcon.colcon_core.package_identification Level 1 _identify(.) by extension 'python'
[0.836s] colcon.colcon_core.package_identification Level 1 _identify(.) by extensions ['python_setup_py']
[0.836s] colcon.colcon_core.package_identification Level 1 _identify(.) by extension 'python_setup_py'
[0.836s] colcon.colcon_core.package_identification Level 1 _identify(build) by extensions ['ignore', 'ignore_ament_install']
[0.836s] colcon.colcon_core.package_identification Level 1 _identify(build) by extension 'ignore'
[0.836s] colcon.colcon_core.package_identification Level 1 _identify(build) ignored
[0.836s] colcon.colcon_core.package_identification Level 1 _identify(install) by extensions ['ignore', 'ignore_ament_install']
[0.837s] colcon.colcon_core.package_identification Level 1 _identify(install) by extension 'ignore'
[0.837s] colcon.colcon_core.package_identification Level 1 _identify(install) ignored
[0.837s] colcon.colcon_core.package_identification Level 1 _identify(jianpankongzhiws) by extensions ['ignore', 'ignore_ament_install']
[0.837s] colcon.colcon_core.package_identification Level 1 _identify(jianpankongzhiws) by extension 'ignore'
[0.837s] colcon.colcon_core.package_identification Level 1 _identify(jianpankongzhiws) by extension 'ignore_ament_install'
[0.837s] colcon.colcon_core.package_identification Level 1 _identify(jianpankongzhiws) by extensions ['colcon_pkg']
[0.837s] colcon.colcon_core.package_identification Level 1 _identify(jianpankongzhiws) by extension 'colcon_pkg'
[0.837s] colcon.colcon_core.package_identification Level 1 _identify(jianpankongzhiws) by extensions ['colcon_meta']
[0.837s] colcon.colcon_core.package_identification Level 1 _identify(jianpankongzhiws) by extension 'colcon_meta'
[0.837s] colcon.colcon_core.package_identification Level 1 _identify(jianpankongzhiws) by extensions ['ros']
[0.837s] colcon.colcon_core.package_identification Level 1 _identify(jianpankongzhiws) by extension 'ros'
[0.837s] colcon.colcon_core.package_identification Level 1 _identify(jianpankongzhiws) by extensions ['cmake', 'python']
[0.837s] colcon.colcon_core.package_identification Level 1 _identify(jianpankongzhiws) by extension 'cmake'
[0.837s] colcon.colcon_core.package_identification Level 1 _identify(jianpankongzhiws) by extension 'python'
[0.837s] colcon.colcon_core.package_identification Level 1 _identify(jianpankongzhiws) by extensions ['python_setup_py']
[0.837s] colcon.colcon_core.package_identification Level 1 _identify(jianpankongzhiws) by extension 'python_setup_py'
[0.838s] colcon.colcon_core.package_identification Level 1 _identify(jianpankongzhiws/build) by extensions ['ignore', 'ignore_ament_install']
[0.838s] colcon.colcon_core.package_identification Level 1 _identify(jianpankongzhiws/build) by extension 'ignore'
[0.838s] colcon.colcon_core.package_identification Level 1 _identify(jianpankongzhiws/build) ignored
[0.838s] colcon.colcon_core.package_identification Level 1 _identify(jianpankongzhiws/install) by extensions ['ignore', 'ignore_ament_install']
[0.838s] colcon.colcon_core.package_identification Level 1 _identify(jianpankongzhiws/install) by extension 'ignore'
[0.838s] colcon.colcon_core.package_identification Level 1 _identify(jianpankongzhiws/install) ignored
[0.838s] colcon.colcon_core.package_identification Level 1 _identify(jianpankongzhiws/log) by extensions ['ignore', 'ignore_ament_install']
[0.838s] colcon.colcon_core.package_identification Level 1 _identify(jianpankongzhiws/log) by extension 'ignore'
[0.838s] colcon.colcon_core.package_identification Level 1 _identify(jianpankongzhiws/log) ignored
[0.838s] colcon.colcon_core.package_identification Level 1 _identify(jianpankongzhiws/src) by extensions ['ignore', 'ignore_ament_install']
[0.838s] colcon.colcon_core.package_identification Level 1 _identify(jianpankongzhiws/src) by extension 'ignore'
[0.838s] colcon.colcon_core.package_identification Level 1 _identify(jianpankongzhiws/src) by extension 'ignore_ament_install'
[0.839s] colcon.colcon_core.package_identification Level 1 _identify(jianpankongzhiws/src) by extensions ['colcon_pkg']
[0.839s] colcon.colcon_core.package_identification Level 1 _identify(jianpankongzhiws/src) by extension 'colcon_pkg'
[0.839s] colcon.colcon_core.package_identification Level 1 _identify(jianpankongzhiws/src) by extensions ['colcon_meta']
[0.839s] colcon.colcon_core.package_identification Level 1 _identify(jianpankongzhiws/src) by extension 'colcon_meta'
[0.839s] colcon.colcon_core.package_identification Level 1 _identify(jianpankongzhiws/src) by extensions ['ros']
[0.839s] colcon.colcon_core.package_identification Level 1 _identify(jianpankongzhiws/src) by extension 'ros'
[0.839s] colcon.colcon_core.package_identification Level 1 _identify(jianpankongzhiws/src) by extensions ['cmake', 'python']
[0.839s] colcon.colcon_core.package_identification Level 1 _identify(jianpankongzhiws/src) by extension 'cmake'
[0.839s] colcon.colcon_core.package_identification Level 1 _identify(jianpankongzhiws/src) by extension 'python'
[0.839s] colcon.colcon_core.package_identification Level 1 _identify(jianpankongzhiws/src) by extensions ['python_setup_py']
[0.839s] colcon.colcon_core.package_identification Level 1 _identify(jianpankongzhiws/src) by extension 'python_setup_py'
[0.839s] colcon.colcon_core.package_identification Level 1 _identify(jianpankongzhiws/src/demo_cpp_pkg) by extensions ['ignore', 'ignore_ament_install']
[0.839s] colcon.colcon_core.package_identification Level 1 _identify(jianpankongzhiws/src/demo_cpp_pkg) by extension 'ignore'
[0.839s] colcon.colcon_core.package_identification Level 1 _identify(jianpankongzhiws/src/demo_cpp_pkg) by extension 'ignore_ament_install'
[0.839s] colcon.colcon_core.package_identification Level 1 _identify(jianpankongzhiws/src/demo_cpp_pkg) by extensions ['colcon_pkg']
[0.839s] colcon.colcon_core.package_identification Level 1 _identify(jianpankongzhiws/src/demo_cpp_pkg) by extension 'colcon_pkg'
[0.839s] colcon.colcon_core.package_identification Level 1 _identify(jianpankongzhiws/src/demo_cpp_pkg) by extensions ['colcon_meta']
[0.839s] colcon.colcon_core.package_identification Level 1 _identify(jianpankongzhiws/src/demo_cpp_pkg) by extension 'colcon_meta'
[0.840s] colcon.colcon_core.package_identification Level 1 _identify(jianpankongzhiws/src/demo_cpp_pkg) by extensions ['ros']
[0.840s] colcon.colcon_core.package_identification Level 1 _identify(jianpankongzhiws/src/demo_cpp_pkg) by extension 'ros'
[0.852s] colcon.colcon_core.package_identification DEBUG Package 'jianpankongzhiws/src/demo_cpp_pkg' with type 'ros.ament_cmake' and name 'demo_cpp_pkg'
[0.852s] colcon.colcon_core.package_identification Level 1 _identify(log) by extensions ['ignore', 'ignore_ament_install']
[0.853s] colcon.colcon_core.package_identification Level 1 _identify(log) by extension 'ignore'
[0.853s] colcon.colcon_core.package_identification Level 1 _identify(log) ignored
[0.853s] colcon.colcon_core.package_identification Level 1 _identify(ros2_core_examples) by extensions ['ignore', 'ignore_ament_install']
[0.853s] colcon.colcon_core.package_identification Level 1 _identify(ros2_core_examples) by extension 'ignore'
[0.853s] colcon.colcon_core.package_identification Level 1 _identify(ros2_core_examples) by extension 'ignore_ament_install'
[0.853s] colcon.colcon_core.package_identification Level 1 _identify(ros2_core_examples) by extensions ['colcon_pkg']
[0.853s] colcon.colcon_core.package_identification Level 1 _identify(ros2_core_examples) by extension 'colcon_pkg'
[0.853s] colcon.colcon_core.package_identification Level 1 _identify(ros2_core_examples) by extensions ['colcon_meta']
[0.853s] colcon.colcon_core.package_identification Level 1 _identify(ros2_core_examples) by extension 'colcon_meta'
[0.853s] colcon.colcon_core.package_identification Level 1 _identify(ros2_core_examples) by extensions ['ros']
[0.853s] colcon.colcon_core.package_identification Level 1 _identify(ros2_core_examples) by extension 'ros'
[0.853s] colcon.colcon_core.package_identification Level 1 _identify(ros2_core_examples) by extensions ['cmake', 'python']
[0.853s] colcon.colcon_core.package_identification Level 1 _identify(ros2_core_examples) by extension 'cmake'
[0.853s] colcon.colcon_core.package_identification Level 1 _identify(ros2_core_examples) by extension 'python'
[0.853s] colcon.colcon_core.package_identification Level 1 _identify(ros2_core_examples) by extensions ['python_setup_py']
[0.853s] colcon.colcon_core.package_identification Level 1 _identify(ros2_core_examples) by extension 'python_setup_py'
[0.854s] colcon.colcon_core.package_identification Level 1 _identify(ros2_core_examples/docs) by extensions ['ignore', 'ignore_ament_install']
[0.854s] colcon.colcon_core.package_identification Level 1 _identify(ros2_core_examples/docs) by extension 'ignore'
[0.854s] colcon.colcon_core.package_identification Level 1 _identify(ros2_core_examples/docs) by extension 'ignore_ament_install'
[0.854s] colcon.colcon_core.package_identification Level 1 _identify(ros2_core_examples/docs) by extensions ['colcon_pkg']
[0.854s] colcon.colcon_core.package_identification Level 1 _identify(ros2_core_examples/docs) by extension 'colcon_pkg'
[0.854s] colcon.colcon_core.package_identification Level 1 _identify(ros2_core_examples/docs) by extensions ['colcon_meta']
[0.854s] colcon.colcon_core.package_identification Level 1 _identify(ros2_core_examples/docs) by extension 'colcon_meta'
[0.854s] colcon.colcon_core.package_identification Level 1 _identify(ros2_core_examples/docs) by extensions ['ros']
[0.854s] colcon.colcon_core.package_identification Level 1 _identify(ros2_core_examples/docs) by extension 'ros'
[0.854s] colcon.colcon_core.package_identification Level 1 _identify(ros2_core_examples/docs) by extensions ['cmake', 'python']
[0.854s] colcon.colcon_core.package_identification Level 1 _identify(ros2_core_examples/docs) by extension 'cmake'
[0.854s] colcon.colcon_core.package_identification Level 1 _identify(ros2_core_examples/docs) by extension 'python'
[0.854s] colcon.colcon_core.package_identification Level 1 _identify(ros2_core_examples/docs) by extensions ['python_setup_py']
[0.854s] colcon.colcon_core.package_identification Level 1 _identify(ros2_core_examples/docs) by extension 'python_setup_py'
[0.854s] colcon.colcon_core.package_identification Level 1 _identify(ros2_core_examples/smart_car_core_demo) by extensions ['ignore', 'ignore_ament_install']
[0.854s] colcon.colcon_core.package_identification Level 1 _identify(ros2_core_examples/smart_car_core_demo) by extension 'ignore'
[0.855s] colcon.colcon_core.package_identification Level 1 _identify(ros2_core_examples/smart_car_core_demo) by extension 'ignore_ament_install'
[0.855s] colcon.colcon_core.package_identification Level 1 _identify(ros2_core_examples/smart_car_core_demo) by extensions ['colcon_pkg']
[0.855s] colcon.colcon_core.package_identification Level 1 _identify(ros2_core_examples/smart_car_core_demo) by extension 'colcon_pkg'
[0.855s] colcon.colcon_core.package_identification Level 1 _identify(ros2_core_examples/smart_car_core_demo) by extensions ['colcon_meta']
[0.855s] colcon.colcon_core.package_identification Level 1 _identify(ros2_core_examples/smart_car_core_demo) by extension 'colcon_meta'
[0.855s] colcon.colcon_core.package_identification Level 1 _identify(ros2_core_examples/smart_car_core_demo) by extensions ['ros']
[0.855s] colcon.colcon_core.package_identification Level 1 _identify(ros2_core_examples/smart_car_core_demo) by extension 'ros'
[0.856s] colcon.colcon_core.package_identification DEBUG Package 'ros2_core_examples/smart_car_core_demo' with type 'ros.ament_cmake' and name 'smart_car_core_demo'
[0.856s] colcon.colcon_core.package_discovery Level 1 discover_packages(recursive) using defaults
[0.856s] colcon.colcon_core.package_discovery Level 1 discover_packages(ignore) discover
[0.856s] colcon.colcon_core.package_discovery Level 1 discover_packages(ignore) using defaults
[0.856s] colcon.colcon_core.package_discovery Level 1 discover_packages(path) discover
[0.856s] colcon.colcon_core.package_discovery Level 1 discover_packages(path) using defaults
[0.893s] colcon.colcon_core.package_selection INFO Skipping not selected package 'demo_cpp_pkg' in 'jianpankongzhiws/src/demo_cpp_pkg'
[0.894s] colcon.colcon_core.verb Level 5 set package 'smart_car_core_demo' build argument 'cmake_args' from command line to 'None'
[0.894s] colcon.colcon_core.verb Level 5 set package 'smart_car_core_demo' build argument 'cmake_target' from command line to 'None'
[0.894s] colcon.colcon_core.verb Level 5 set package 'smart_car_core_demo' build argument 'cmake_target_skip_unavailable' from command line to 'False'
[0.894s] colcon.colcon_core.verb Level 5 set package 'smart_car_core_demo' build argument 'cmake_clean_cache' from command line to 'False'
[0.894s] colcon.colcon_core.verb Level 5 set package 'smart_car_core_demo' build argument 'cmake_clean_first' from command line to 'False'
[0.894s] colcon.colcon_core.verb Level 5 set package 'smart_car_core_demo' build argument 'cmake_force_configure' from command line to 'False'
[0.894s] colcon.colcon_core.verb Level 5 set package 'smart_car_core_demo' build argument 'ament_cmake_args' from command line to 'None'
[0.894s] colcon.colcon_core.verb Level 5 set package 'smart_car_core_demo' build argument 'catkin_cmake_args' from command line to 'None'
[0.894s] colcon.colcon_core.verb Level 5 set package 'smart_car_core_demo' build argument 'catkin_skip_building_tests' from command line to 'False'
[0.894s] colcon.colcon_core.verb DEBUG Building package 'smart_car_core_demo' with the following arguments: {'ament_cmake_args': None, 'build_base': '/home/ubuntu/ros2_wsorincp/build/smart_car_core_demo', 'catkin_cmake_args': None, 'catkin_skip_building_tests': False, 'cmake_args': None, 'cmake_clean_cache': False, 'cmake_clean_first': False, 'cmake_force_configure': False, 'cmake_target': None, 'cmake_target_skip_unavailable': False, 'install_base': '/home/ubuntu/ros2_wsorincp/install/smart_car_core_demo', 'merge_install': False, 'path': '/home/ubuntu/ros2_wsorincp/ros2_core_examples/smart_car_core_demo', 'symlink_install': False, 'test_result_base': None}
[0.894s] colcon.colcon_core.executor INFO Executing jobs using 'parallel' executor
[0.895s] colcon.colcon_parallel_executor.executor.parallel DEBUG run_until_complete
[0.895s] colcon.colcon_ros.task.ament_cmake.build INFO Building ROS package in '/home/ubuntu/ros2_wsorincp/ros2_core_examples/smart_car_core_demo' with build type 'ament_cmake'
[0.896s] colcon.colcon_cmake.task.cmake.build INFO Building CMake package in '/home/ubuntu/ros2_wsorincp/ros2_core_examples/smart_car_core_demo'
[0.904s] colcon.colcon_core.plugin_system INFO Skipping extension 'colcon_core.shell.bat': Not used on non-Windows systems
[0.904s] colcon.colcon_core.shell INFO Skip shell extension 'powershell' for command environment: Not usable outside of PowerShell
[0.904s] colcon.colcon_core.shell DEBUG Skip shell extension 'dsv' for command environment
[0.920s] colcon.colcon_core.event_handler.log_command DEBUG Invoking command in '/home/ubuntu/ros2_wsorincp/build/smart_car_core_demo': CMAKE_PREFIX_PATH=/opt/ros/humble /usr/bin/cmake /home/ubuntu/ros2_wsorincp/ros2_core_examples/smart_car_core_demo -DCMAKE_INSTALL_PREFIX=/home/ubuntu/ros2_wsorincp/install/smart_car_core_demo
[5.182s] colcon.colcon_core.event_handler.log_command DEBUG Invoked command in '/home/ubuntu/ros2_wsorincp/build/smart_car_core_demo' returned '0': CMAKE_PREFIX_PATH=/opt/ros/humble /usr/bin/cmake /home/ubuntu/ros2_wsorincp/ros2_core_examples/smart_car_core_demo -DCMAKE_INSTALL_PREFIX=/home/ubuntu/ros2_wsorincp/install/smart_car_core_demo
[5.182s] colcon.colcon_core.event_handler.log_command DEBUG Invoking command in '/home/ubuntu/ros2_wsorincp/build/smart_car_core_demo': CMAKE_PREFIX_PATH=/opt/ros/humble /usr/bin/cmake --build /home/ubuntu/ros2_wsorincp/build/smart_car_core_demo -- -j4 -l4
[12.413s] colcon.colcon_core.event_handler.log_command DEBUG Invoked command in '/home/ubuntu/ros2_wsorincp/build/smart_car_core_demo' returned '0': CMAKE_PREFIX_PATH=/opt/ros/humble /usr/bin/cmake --build /home/ubuntu/ros2_wsorincp/build/smart_car_core_demo -- -j4 -l4
[12.462s] colcon.colcon_core.event_handler.log_command DEBUG Invoking command in '/home/ubuntu/ros2_wsorincp/build/smart_car_core_demo': CMAKE_PREFIX_PATH=/opt/ros/humble /usr/bin/cmake --install /home/ubuntu/ros2_wsorincp/build/smart_car_core_demo
[12.489s] colcon.colcon_core.environment Level 1 create_environment_scripts_only(smart_car_core_demo)
[12.490s] colcon.colcon_core.event_handler.log_command DEBUG Invoked command in '/home/ubuntu/ros2_wsorincp/build/smart_car_core_demo' returned '0': CMAKE_PREFIX_PATH=/opt/ros/humble /usr/bin/cmake --install /home/ubuntu/ros2_wsorincp/build/smart_car_core_demo
[12.505s] colcon.colcon_core.environment Level 1 checking '/home/ubuntu/ros2_wsorincp/install/smart_car_core_demo' for CMake module files
[12.506s] colcon.colcon_core.environment Level 1 checking '/home/ubuntu/ros2_wsorincp/install/smart_car_core_demo' for CMake config files
[12.507s] colcon.colcon_core.shell Level 1 create_environment_hook('smart_car_core_demo', 'cmake_prefix_path')
[12.507s] colcon.colcon_core.shell INFO Creating environment hook '/home/ubuntu/ros2_wsorincp/install/smart_car_core_demo/share/smart_car_core_demo/hook/cmake_prefix_path.ps1'
[12.510s] colcon.colcon_core.shell INFO Creating environment descriptor '/home/ubuntu/ros2_wsorincp/install/smart_car_core_demo/share/smart_car_core_demo/hook/cmake_prefix_path.dsv'
[12.511s] colcon.colcon_core.shell INFO Creating environment hook '/home/ubuntu/ros2_wsorincp/install/smart_car_core_demo/share/smart_car_core_demo/hook/cmake_prefix_path.sh'
[12.513s] colcon.colcon_core.environment Level 1 checking '/home/ubuntu/ros2_wsorincp/install/smart_car_core_demo/lib'
[12.514s] colcon.colcon_core.environment Level 1 checking '/home/ubuntu/ros2_wsorincp/install/smart_car_core_demo/bin'
[12.514s] colcon.colcon_core.environment Level 1 checking '/home/ubuntu/ros2_wsorincp/install/smart_car_core_demo/lib/pkgconfig/smart_car_core_demo.pc'
[12.517s] colcon.colcon_core.environment Level 1 checking '/home/ubuntu/ros2_wsorincp/install/smart_car_core_demo/lib/python3.10/site-packages'
[12.517s] colcon.colcon_core.environment Level 1 checking '/home/ubuntu/ros2_wsorincp/install/smart_car_core_demo/bin'
[12.518s] colcon.colcon_core.shell INFO Creating package script '/home/ubuntu/ros2_wsorincp/install/smart_car_core_demo/share/smart_car_core_demo/package.ps1'
[12.520s] colcon.colcon_core.shell INFO Creating package descriptor '/home/ubuntu/ros2_wsorincp/install/smart_car_core_demo/share/smart_car_core_demo/package.dsv'
[12.522s] colcon.colcon_core.shell INFO Creating package script '/home/ubuntu/ros2_wsorincp/install/smart_car_core_demo/share/smart_car_core_demo/package.sh'
[12.525s] colcon.colcon_core.shell INFO Creating package script '/home/ubuntu/ros2_wsorincp/install/smart_car_core_demo/share/smart_car_core_demo/package.bash'
[12.527s] colcon.colcon_core.shell INFO Creating package script '/home/ubuntu/ros2_wsorincp/install/smart_car_core_demo/share/smart_car_core_demo/package.zsh'
[12.529s] colcon.colcon_core.environment Level 1 create_file_with_runtime_dependencies(/home/ubuntu/ros2_wsorincp/install/smart_car_core_demo/share/colcon-core/packages/smart_car_core_demo)
[12.551s] colcon.colcon_core.environment Level 1 create_environment_scripts_only(smart_car_core_demo)
[12.551s] colcon.colcon_core.environment Level 1 checking '/home/ubuntu/ros2_wsorincp/install/smart_car_core_demo' for CMake module files
[12.552s] colcon.colcon_core.environment Level 1 checking '/home/ubuntu/ros2_wsorincp/install/smart_car_core_demo' for CMake config files
[12.552s] colcon.colcon_core.shell Level 1 create_environment_hook('smart_car_core_demo', 'cmake_prefix_path')
[12.552s] colcon.colcon_core.shell INFO Creating environment hook '/home/ubuntu/ros2_wsorincp/install/smart_car_core_demo/share/smart_car_core_demo/hook/cmake_prefix_path.ps1'
[12.553s] colcon.colcon_core.shell INFO Creating environment descriptor '/home/ubuntu/ros2_wsorincp/install/smart_car_core_demo/share/smart_car_core_demo/hook/cmake_prefix_path.dsv'
[12.554s] colcon.colcon_core.shell INFO Creating environment hook '/home/ubuntu/ros2_wsorincp/install/smart_car_core_demo/share/smart_car_core_demo/hook/cmake_prefix_path.sh'
[12.554s] colcon.colcon_core.environment Level 1 checking '/home/ubuntu/ros2_wsorincp/install/smart_car_core_demo/lib'
[12.555s] colcon.colcon_core.environment Level 1 checking '/home/ubuntu/ros2_wsorincp/install/smart_car_core_demo/bin'
[12.555s] colcon.colcon_core.environment Level 1 checking '/home/ubuntu/ros2_wsorincp/install/smart_car_core_demo/lib/pkgconfig/smart_car_core_demo.pc'
[12.555s] colcon.colcon_core.environment Level 1 checking '/home/ubuntu/ros2_wsorincp/install/smart_car_core_demo/lib/python3.10/site-packages'
[12.555s] colcon.colcon_core.environment Level 1 checking '/home/ubuntu/ros2_wsorincp/install/smart_car_core_demo/bin'
[12.555s] colcon.colcon_core.shell INFO Creating package script '/home/ubuntu/ros2_wsorincp/install/smart_car_core_demo/share/smart_car_core_demo/package.ps1'
[12.556s] colcon.colcon_core.shell INFO Creating package descriptor '/home/ubuntu/ros2_wsorincp/install/smart_car_core_demo/share/smart_car_core_demo/package.dsv'
[12.557s] colcon.colcon_core.shell INFO Creating package script '/home/ubuntu/ros2_wsorincp/install/smart_car_core_demo/share/smart_car_core_demo/package.sh'
[12.557s] colcon.colcon_core.shell INFO Creating package script '/home/ubuntu/ros2_wsorincp/install/smart_car_core_demo/share/smart_car_core_demo/package.bash'
[12.558s] colcon.colcon_core.shell INFO Creating package script '/home/ubuntu/ros2_wsorincp/install/smart_car_core_demo/share/smart_car_core_demo/package.zsh'
[12.559s] colcon.colcon_core.environment Level 1 create_file_with_runtime_dependencies(/home/ubuntu/ros2_wsorincp/install/smart_car_core_demo/share/colcon-core/packages/smart_car_core_demo)
[12.559s] colcon.colcon_parallel_executor.executor.parallel DEBUG closing loop
[12.559s] colcon.colcon_parallel_executor.executor.parallel DEBUG loop closed
[12.560s] colcon.colcon_parallel_executor.executor.parallel DEBUG run_until_complete finished with '0'
[12.560s] colcon.colcon_core.event_reactor DEBUG joining thread
[12.584s] colcon.colcon_core.plugin_system INFO Skipping extension 'colcon_notification.desktop_notification.notify_send': Could not find 'notify-send'
[12.584s] colcon.colcon_core.plugin_system INFO Skipping extension 'colcon_notification.desktop_notification.terminal_notifier': Not used on non-Darwin systems
[12.584s] colcon.colcon_core.plugin_system INFO Skipping extension 'colcon_notification.desktop_notification.win32': Not used on non-Windows systems
[12.584s] colcon.colcon_notification.desktop_notification INFO Sending desktop notification using 'notify2'
[12.585s] colcon.colcon_notification.desktop_notification.notify2 DEBUG Failed to initialize notify2: org.freedesktop.DBus.Error.NotSupported: Unable to autolaunch a dbus-daemon without a $DISPLAY for X11
[12.585s] colcon.colcon_core.event_reactor DEBUG joined thread
[12.585s] colcon.colcon_core.shell INFO Creating prefix script '/home/ubuntu/ros2_wsorincp/install/local_setup.ps1'
[12.586s] colcon.colcon_core.shell INFO Creating prefix util module '/home/ubuntu/ros2_wsorincp/install/_local_setup_util_ps1.py'
[12.589s] colcon.colcon_core.shell INFO Creating prefix chain script '/home/ubuntu/ros2_wsorincp/install/setup.ps1'
[12.590s] colcon.colcon_core.shell INFO Creating prefix script '/home/ubuntu/ros2_wsorincp/install/local_setup.sh'
[12.591s] colcon.colcon_core.shell INFO Creating prefix util module '/home/ubuntu/ros2_wsorincp/install/_local_setup_util_sh.py'
[12.592s] colcon.colcon_core.shell INFO Creating prefix chain script '/home/ubuntu/ros2_wsorincp/install/setup.sh'
[12.593s] colcon.colcon_core.shell INFO Creating prefix script '/home/ubuntu/ros2_wsorincp/install/local_setup.bash'
[12.594s] colcon.colcon_core.shell INFO Creating prefix chain script '/home/ubuntu/ros2_wsorincp/install/setup.bash'
[12.595s] colcon.colcon_core.shell INFO Creating prefix script '/home/ubuntu/ros2_wsorincp/install/local_setup.zsh'
[12.596s] colcon.colcon_core.shell INFO Creating prefix chain script '/home/ubuntu/ros2_wsorincp/install/setup.zsh'
