[0.170s] [34mcolcon[0m [1;30mDEBUG[0m [32mCommand line arguments: ['/usr/bin/colcon', 'build', '--packages-select', 'ros_robot_controller_msgs'][0m
[0.170s] [34mcolcon[0m [1;30mDEBUG[0m [32mParsed command line arguments: Namespace(log_base=None, log_level=None, verb_name='build', build_base='build', install_base='install', merge_install=False, symlink_install=False, test_result_base=None, continue_on_error=False, executor='parallel', parallel_workers=4, event_handlers=None, ignore_user_meta=False, metas=['./colcon.meta'], base_paths=['.'], packages_ignore=None, packages_ignore_regex=None, paths=None, packages_up_to=None, packages_up_to_regex=None, packages_above=None, packages_above_and_dependencies=None, packages_above_depth=None, packages_select_by_dep=None, packages_skip_by_dep=None, packages_skip_up_to=None, packages_select_build_failed=False, packages_skip_build_finished=False, packages_select_test_failures=False, packages_skip_test_passed=False, packages_select=['ros_robot_controller_msgs'], packages_skip=None, packages_select_regex=None, packages_skip_regex=None, packages_start=None, packages_end=None, cmake_args=None, cmake_target=None, cmake_target_skip_unavailable=False, cmake_clean_cache=False, cmake_clean_first=False, cmake_force_configure=False, ament_cmake_args=None, catkin_cmake_args=None, catkin_skip_building_tests=False, mixin_files=None, mixin=None, verb_parser=<colcon_mixin.mixin.mixin_argument.MixinArgumentDecorator object at 0x7fffbd96dbd0>, verb_extension=<colcon_core.verb.build.BuildVerb object at 0x7fffbd96d660>, main=<bound method BuildVerb.main of <colcon_core.verb.build.BuildVerb object at 0x7fffbd96d660>>, mixin_verb=('build',))[0m
[0.222s] [34mcolcon.colcon_core.package_discovery[0m [1;30mLevel 1[0m discover_packages(colcon_meta) check parameters
[0.222s] [34mcolcon.colcon_core.package_discovery[0m [1;30mLevel 1[0m discover_packages(recursive) check parameters
[0.222s] [34mcolcon.colcon_core.package_discovery[0m [1;30mLevel 1[0m discover_packages(ignore) check parameters
[0.222s] [34mcolcon.colcon_core.package_discovery[0m [1;30mLevel 1[0m discover_packages(path) check parameters
[0.222s] [34mcolcon.colcon_core.package_discovery[0m [1;30mLevel 1[0m discover_packages(colcon_meta) discover
[0.222s] [34mcolcon.colcon_core.package_discovery[0m [1;30mLevel 1[0m discover_packages(recursive) discover
[0.222s] [34mcolcon.colcon_core.package_discovery[0m [1;30mINFO[0m Crawling recursively for packages in '/home/ubuntu/ros2_wsorincp'
[0.223s] [34mcolcon.colcon_core.package_identification[0m [1;30mLevel 1[0m _identify(.) by extensions ['ignore', 'ignore_ament_install']
[0.223s] [34mcolcon.colcon_core.package_identification[0m [1;30mLevel 1[0m _identify(.) by extension 'ignore'
[0.223s] [34mcolcon.colcon_core.package_identification[0m [1;30mLevel 1[0m _identify(.) by extension 'ignore_ament_install'
[0.223s] [34mcolcon.colcon_core.package_identification[0m [1;30mLevel 1[0m _identify(.) by extensions ['colcon_pkg']
[0.223s] [34mcolcon.colcon_core.package_identification[0m [1;30mLevel 1[0m _identify(.) by extension 'colcon_pkg'
[0.223s] [34mcolcon.colcon_core.package_identification[0m [1;30mLevel 1[0m _identify(.) by extensions ['colcon_meta']
[0.223s] [34mcolcon.colcon_core.package_identification[0m [1;30mLevel 1[0m _identify(.) by extension 'colcon_meta'
[0.223s] [34mcolcon.colcon_core.package_identification[0m [1;30mLevel 1[0m _identify(.) by extensions ['ros']
[0.223s] [34mcolcon.colcon_core.package_identification[0m [1;30mLevel 1[0m _identify(.) by extension 'ros'
[0.258s] [34mcolcon.colcon_core.package_identification[0m [1;30mLevel 1[0m _identify(.) by extensions ['cmake', 'python']
[0.258s] [34mcolcon.colcon_core.package_identification[0m [1;30mLevel 1[0m _identify(.) by extension 'cmake'
[0.258s] [34mcolcon.colcon_core.package_identification[0m [1;30mLevel 1[0m _identify(.) by extension 'python'
[0.258s] [34mcolcon.colcon_core.package_identification[0m [1;30mLevel 1[0m _identify(.) by extensions ['python_setup_py']
[0.258s] [34mcolcon.colcon_core.package_identification[0m [1;30mLevel 1[0m _identify(.) by extension 'python_setup_py'
[0.259s] [34mcolcon.colcon_core.package_identification[0m [1;30mLevel 1[0m _identify(build) by extensions ['ignore', 'ignore_ament_install']
[0.259s] [34mcolcon.colcon_core.package_identification[0m [1;30mLevel 1[0m _identify(build) by extension 'ignore'
[0.259s] [34mcolcon.colcon_core.package_identification[0m [1;30mLevel 1[0m _identify(build) ignored
[0.259s] [34mcolcon.colcon_core.package_identification[0m [1;30mLevel 1[0m _identify(docs) by extensions ['ignore', 'ignore_ament_install']
[0.260s] [34mcolcon.colcon_core.package_identification[0m [1;30mLevel 1[0m _identify(docs) by extension 'ignore'
[0.260s] [34mcolcon.colcon_core.package_identification[0m [1;30mLevel 1[0m _identify(docs) by extension 'ignore_ament_install'
[0.260s] [34mcolcon.colcon_core.package_identification[0m [1;30mLevel 1[0m _identify(docs) by extensions ['colcon_pkg']
[0.260s] [34mcolcon.colcon_core.package_identification[0m [1;30mLevel 1[0m _identify(docs) by extension 'colcon_pkg'
[0.260s] [34mcolcon.colcon_core.package_identification[0m [1;30mLevel 1[0m _identify(docs) by extensions ['colcon_meta']
[0.260s] [34mcolcon.colcon_core.package_identification[0m [1;30mLevel 1[0m _identify(docs) by extension 'colcon_meta'
[0.260s] [34mcolcon.colcon_core.package_identification[0m [1;30mLevel 1[0m _identify(docs) by extensions ['ros']
[0.260s] [34mcolcon.colcon_core.package_identification[0m [1;30mLevel 1[0m _identify(docs) by extension 'ros'
[0.260s] [34mcolcon.colcon_core.package_identification[0m [1;30mLevel 1[0m _identify(docs) by extensions ['cmake', 'python']
[0.260s] [34mcolcon.colcon_core.package_identification[0m [1;30mLevel 1[0m _identify(docs) by extension 'cmake'
[0.261s] [34mcolcon.colcon_core.package_identification[0m [1;30mLevel 1[0m _identify(docs) by extension 'python'
[0.261s] [34mcolcon.colcon_core.package_identification[0m [1;30mLevel 1[0m _identify(docs) by extensions ['python_setup_py']
[0.261s] [34mcolcon.colcon_core.package_identification[0m [1;30mLevel 1[0m _identify(docs) by extension 'python_setup_py'
[0.261s] [34mcolcon.colcon_core.package_identification[0m [1;30mLevel 1[0m _identify(install) by extensions ['ignore', 'ignore_ament_install']
[0.261s] [34mcolcon.colcon_core.package_identification[0m [1;30mLevel 1[0m _identify(install) by extension 'ignore'
[0.261s] [34mcolcon.colcon_core.package_identification[0m [1;30mLevel 1[0m _identify(install) ignored
[0.261s] [34mcolcon.colcon_core.package_identification[0m [1;30mLevel 1[0m _identify(log) by extensions ['ignore', 'ignore_ament_install']
[0.262s] [34mcolcon.colcon_core.package_identification[0m [1;30mLevel 1[0m _identify(log) by extension 'ignore'
[0.262s] [34mcolcon.colcon_core.package_identification[0m [1;30mLevel 1[0m _identify(log) ignored
[0.262s] [34mcolcon.colcon_core.package_identification[0m [1;30mLevel 1[0m _identify(src) by extensions ['ignore', 'ignore_ament_install']
[0.262s] [34mcolcon.colcon_core.package_identification[0m [1;30mLevel 1[0m _identify(src) by extension 'ignore'
[0.262s] [34mcolcon.colcon_core.package_identification[0m [1;30mLevel 1[0m _identify(src) by extension 'ignore_ament_install'
[0.262s] [34mcolcon.colcon_core.package_identification[0m [1;30mLevel 1[0m _identify(src) by extensions ['colcon_pkg']
[0.262s] [34mcolcon.colcon_core.package_identification[0m [1;30mLevel 1[0m _identify(src) by extension 'colcon_pkg'
[0.262s] [34mcolcon.colcon_core.package_identification[0m [1;30mLevel 1[0m _identify(src) by extensions ['colcon_meta']
[0.262s] [34mcolcon.colcon_core.package_identification[0m [1;30mLevel 1[0m _identify(src) by extension 'colcon_meta'
[0.263s] [34mcolcon.colcon_core.package_identification[0m [1;30mLevel 1[0m _identify(src) by extensions ['ros']
[0.263s] [34mcolcon.colcon_core.package_identification[0m [1;30mLevel 1[0m _identify(src) by extension 'ros'
[0.263s] [34mcolcon.colcon_core.package_identification[0m [1;30mLevel 1[0m _identify(src) by extensions ['cmake', 'python']
[0.263s] [34mcolcon.colcon_core.package_identification[0m [1;30mLevel 1[0m _identify(src) by extension 'cmake'
[0.263s] [34mcolcon.colcon_core.package_identification[0m [1;30mLevel 1[0m _identify(src) by extension 'python'
[0.263s] [34mcolcon.colcon_core.package_identification[0m [1;30mLevel 1[0m _identify(src) by extensions ['python_setup_py']
[0.263s] [34mcolcon.colcon_core.package_identification[0m [1;30mLevel 1[0m _identify(src) by extension 'python_setup_py'
[0.263s] [34mcolcon.colcon_core.package_identification[0m [1;30mLevel 1[0m _identify(src/driver) by extensions ['ignore', 'ignore_ament_install']
[0.264s] [34mcolcon.colcon_core.package_identification[0m [1;30mLevel 1[0m _identify(src/driver) by extension 'ignore'
[0.264s] [34mcolcon.colcon_core.package_identification[0m [1;30mLevel 1[0m _identify(src/driver) by extension 'ignore_ament_install'
[0.264s] [34mcolcon.colcon_core.package_identification[0m [1;30mLevel 1[0m _identify(src/driver) by extensions ['colcon_pkg']
[0.264s] [34mcolcon.colcon_core.package_identification[0m [1;30mLevel 1[0m _identify(src/driver) by extension 'colcon_pkg'
[0.264s] [34mcolcon.colcon_core.package_identification[0m [1;30mLevel 1[0m _identify(src/driver) by extensions ['colcon_meta']
[0.264s] [34mcolcon.colcon_core.package_identification[0m [1;30mLevel 1[0m _identify(src/driver) by extension 'colcon_meta'
[0.264s] [34mcolcon.colcon_core.package_identification[0m [1;30mLevel 1[0m _identify(src/driver) by extensions ['ros']
[0.264s] [34mcolcon.colcon_core.package_identification[0m [1;30mLevel 1[0m _identify(src/driver) by extension 'ros'
[0.264s] [34mcolcon.colcon_core.package_identification[0m [1;30mLevel 1[0m _identify(src/driver) by extensions ['cmake', 'python']
[0.264s] [34mcolcon.colcon_core.package_identification[0m [1;30mLevel 1[0m _identify(src/driver) by extension 'cmake'
[0.264s] [34mcolcon.colcon_core.package_identification[0m [1;30mLevel 1[0m _identify(src/driver) by extension 'python'
[0.265s] [34mcolcon.colcon_core.package_identification[0m [1;30mLevel 1[0m _identify(src/driver) by extensions ['python_setup_py']
[0.265s] [34mcolcon.colcon_core.package_identification[0m [1;30mLevel 1[0m _identify(src/driver) by extension 'python_setup_py'
[0.265s] [34mcolcon.colcon_core.package_identification[0m [1;30mLevel 1[0m _identify(src/driver/ros_robot_controller) by extensions ['ignore', 'ignore_ament_install']
[0.265s] [34mcolcon.colcon_core.package_identification[0m [1;30mLevel 1[0m _identify(src/driver/ros_robot_controller) by extension 'ignore'
[0.265s] [34mcolcon.colcon_core.package_identification[0m [1;30mLevel 1[0m _identify(src/driver/ros_robot_controller) by extension 'ignore_ament_install'
[0.265s] [34mcolcon.colcon_core.package_identification[0m [1;30mLevel 1[0m _identify(src/driver/ros_robot_controller) by extensions ['colcon_pkg']
[0.265s] [34mcolcon.colcon_core.package_identification[0m [1;30mLevel 1[0m _identify(src/driver/ros_robot_controller) by extension 'colcon_pkg'
[0.265s] [34mcolcon.colcon_core.package_identification[0m [1;30mLevel 1[0m _identify(src/driver/ros_robot_controller) by extensions ['colcon_meta']
[0.265s] [34mcolcon.colcon_core.package_identification[0m [1;30mLevel 1[0m _identify(src/driver/ros_robot_controller) by extension 'colcon_meta'
[0.266s] [34mcolcon.colcon_core.package_identification[0m [1;30mLevel 1[0m _identify(src/driver/ros_robot_controller) by extensions ['ros']
[0.266s] [34mcolcon.colcon_core.package_identification[0m [1;30mLevel 1[0m _identify(src/driver/ros_robot_controller) by extension 'ros'
[0.271s] [34mcolcon.colcon_core.package_identification[0m [1;30mDEBUG[0m [32mPackage 'src/driver/ros_robot_controller' with type 'ros.ament_python' and name 'ros_robot_controller'[0m
[0.272s] [34mcolcon.colcon_core.package_identification[0m [1;30mLevel 1[0m _identify(src/driver/ros_robot_controller_msgs) by extensions ['ignore', 'ignore_ament_install']
[0.272s] [34mcolcon.colcon_core.package_identification[0m [1;30mLevel 1[0m _identify(src/driver/ros_robot_controller_msgs) by extension 'ignore'
[0.272s] [34mcolcon.colcon_core.package_identification[0m [1;30mLevel 1[0m _identify(src/driver/ros_robot_controller_msgs) by extension 'ignore_ament_install'
[0.272s] [34mcolcon.colcon_core.package_identification[0m [1;30mLevel 1[0m _identify(src/driver/ros_robot_controller_msgs) by extensions ['colcon_pkg']
[0.272s] [34mcolcon.colcon_core.package_identification[0m [1;30mLevel 1[0m _identify(src/driver/ros_robot_controller_msgs) by extension 'colcon_pkg'
[0.272s] [34mcolcon.colcon_core.package_identification[0m [1;30mLevel 1[0m _identify(src/driver/ros_robot_controller_msgs) by extensions ['colcon_meta']
[0.273s] [34mcolcon.colcon_core.package_identification[0m [1;30mLevel 1[0m _identify(src/driver/ros_robot_controller_msgs) by extension 'colcon_meta'
[0.273s] [34mcolcon.colcon_core.package_identification[0m [1;30mLevel 1[0m _identify(src/driver/ros_robot_controller_msgs) by extensions ['ros']
[0.273s] [34mcolcon.colcon_core.package_identification[0m [1;30mLevel 1[0m _identify(src/driver/ros_robot_controller_msgs) by extension 'ros'
[0.275s] [34mcolcon.colcon_core.package_identification[0m [1;30mDEBUG[0m [32mPackage 'src/driver/ros_robot_controller_msgs' with type 'ros.ament_cmake' and name 'ros_robot_controller_msgs'[0m
[0.275s] [34mcolcon.colcon_core.package_identification[0m [1;30mLevel 1[0m _identify(src/driver/speed_control_msgs) by extensions ['ignore', 'ignore_ament_install']
[0.275s] [34mcolcon.colcon_core.package_identification[0m [1;30mLevel 1[0m _identify(src/driver/speed_control_msgs) by extension 'ignore'
[0.275s] [34mcolcon.colcon_core.package_identification[0m [1;30mLevel 1[0m _identify(src/driver/speed_control_msgs) by extension 'ignore_ament_install'
[0.275s] [34mcolcon.colcon_core.package_identification[0m [1;30mLevel 1[0m _identify(src/driver/speed_control_msgs) by extensions ['colcon_pkg']
[0.275s] [34mcolcon.colcon_core.package_identification[0m [1;30mLevel 1[0m _identify(src/driver/speed_control_msgs) by extension 'colcon_pkg'
[0.276s] [34mcolcon.colcon_core.package_identification[0m [1;30mLevel 1[0m _identify(src/driver/speed_control_msgs) by extensions ['colcon_meta']
[0.276s] [34mcolcon.colcon_core.package_identification[0m [1;30mLevel 1[0m _identify(src/driver/speed_control_msgs) by extension 'colcon_meta'
[0.276s] [34mcolcon.colcon_core.package_identification[0m [1;30mLevel 1[0m _identify(src/driver/speed_control_msgs) by extensions ['ros']
[0.276s] [34mcolcon.colcon_core.package_identification[0m [1;30mLevel 1[0m _identify(src/driver/speed_control_msgs) by extension 'ros'
[0.277s] [34mcolcon.colcon_core.package_identification[0m [1;30mDEBUG[0m [32mPackage 'src/driver/speed_control_msgs' with type 'ros.ament_cmake' and name 'speed_control_msgs'[0m
[0.277s] [34mcolcon.colcon_core.package_identification[0m [1;30mLevel 1[0m _identify(src/peripherals) by extensions ['ignore', 'ignore_ament_install']
[0.278s] [34mcolcon.colcon_core.package_identification[0m [1;30mLevel 1[0m _identify(src/peripherals) by extension 'ignore'
[0.278s] [34mcolcon.colcon_core.package_identification[0m [1;30mLevel 1[0m _identify(src/peripherals) by extension 'ignore_ament_install'
[0.278s] [34mcolcon.colcon_core.package_identification[0m [1;30mLevel 1[0m _identify(src/peripherals) by extensions ['colcon_pkg']
[0.278s] [34mcolcon.colcon_core.package_identification[0m [1;30mLevel 1[0m _identify(src/peripherals) by extension 'colcon_pkg'
[0.278s] [34mcolcon.colcon_core.package_identification[0m [1;30mLevel 1[0m _identify(src/peripherals) by extensions ['colcon_meta']
[0.278s] [34mcolcon.colcon_core.package_identification[0m [1;30mLevel 1[0m _identify(src/peripherals) by extension 'colcon_meta'
[0.278s] [34mcolcon.colcon_core.package_identification[0m [1;30mLevel 1[0m _identify(src/peripherals) by extensions ['ros']
[0.278s] [34mcolcon.colcon_core.package_identification[0m [1;30mLevel 1[0m _identify(src/peripherals) by extension 'ros'
[0.280s] [34mcolcon.colcon_core.package_identification[0m [1;30mDEBUG[0m [32mPackage 'src/peripherals' with type 'ros.ament_cmake' and name 'smart_car_core_demo'[0m
[0.281s] [34mcolcon.colcon_core.package_discovery[0m [1;30mLevel 1[0m discover_packages(recursive) using defaults
[0.281s] [34mcolcon.colcon_core.package_discovery[0m [1;30mLevel 1[0m discover_packages(ignore) discover
[0.281s] [34mcolcon.colcon_core.package_discovery[0m [1;30mLevel 1[0m discover_packages(ignore) using defaults
[0.281s] [34mcolcon.colcon_core.package_discovery[0m [1;30mLevel 1[0m discover_packages(path) discover
[0.281s] [34mcolcon.colcon_core.package_discovery[0m [1;30mLevel 1[0m discover_packages(path) using defaults
[0.330s] [34mcolcon.colcon_core.package_selection[0m [1;30mINFO[0m Skipping not selected package 'ros_robot_controller' in 'src/driver/ros_robot_controller'
[0.331s] [34mcolcon.colcon_core.package_selection[0m [1;30mINFO[0m Skipping not selected package 'smart_car_core_demo' in 'src/peripherals'
[0.331s] [34mcolcon.colcon_core.package_selection[0m [1;30mINFO[0m Skipping not selected package 'speed_control_msgs' in 'src/driver/speed_control_msgs'
[0.331s] [34mcolcon.colcon_core.verb[0m [1;30mLevel 5[0m set package 'ros_robot_controller_msgs' build argument 'cmake_args' from command line to 'None'
[0.331s] [34mcolcon.colcon_core.verb[0m [1;30mLevel 5[0m set package 'ros_robot_controller_msgs' build argument 'cmake_target' from command line to 'None'
[0.331s] [34mcolcon.colcon_core.verb[0m [1;30mLevel 5[0m set package 'ros_robot_controller_msgs' build argument 'cmake_target_skip_unavailable' from command line to 'False'
[0.331s] [34mcolcon.colcon_core.verb[0m [1;30mLevel 5[0m set package 'ros_robot_controller_msgs' build argument 'cmake_clean_cache' from command line to 'False'
[0.331s] [34mcolcon.colcon_core.verb[0m [1;30mLevel 5[0m set package 'ros_robot_controller_msgs' build argument 'cmake_clean_first' from command line to 'False'
[0.331s] [34mcolcon.colcon_core.verb[0m [1;30mLevel 5[0m set package 'ros_robot_controller_msgs' build argument 'cmake_force_configure' from command line to 'False'
[0.331s] [34mcolcon.colcon_core.verb[0m [1;30mLevel 5[0m set package 'ros_robot_controller_msgs' build argument 'ament_cmake_args' from command line to 'None'
[0.331s] [34mcolcon.colcon_core.verb[0m [1;30mLevel 5[0m set package 'ros_robot_controller_msgs' build argument 'catkin_cmake_args' from command line to 'None'
[0.331s] [34mcolcon.colcon_core.verb[0m [1;30mLevel 5[0m set package 'ros_robot_controller_msgs' build argument 'catkin_skip_building_tests' from command line to 'False'
[0.331s] [34mcolcon.colcon_core.verb[0m [1;30mDEBUG[0m [32mBuilding package 'ros_robot_controller_msgs' with the following arguments: {'ament_cmake_args': None, 'build_base': '/home/ubuntu/ros2_wsorincp/build/ros_robot_controller_msgs', 'catkin_cmake_args': None, 'catkin_skip_building_tests': False, 'cmake_args': None, 'cmake_clean_cache': False, 'cmake_clean_first': False, 'cmake_force_configure': False, 'cmake_target': None, 'cmake_target_skip_unavailable': False, 'install_base': '/home/ubuntu/ros2_wsorincp/install/ros_robot_controller_msgs', 'merge_install': False, 'path': '/home/ubuntu/ros2_wsorincp/src/driver/ros_robot_controller_msgs', 'symlink_install': False, 'test_result_base': None}[0m
[0.332s] [34mcolcon.colcon_core.executor[0m [1;30mINFO[0m Executing jobs using 'parallel' executor
[0.333s] [34mcolcon.colcon_parallel_executor.executor.parallel[0m [1;30mDEBUG[0m [32mrun_until_complete[0m
[0.333s] [34mcolcon.colcon_ros.task.ament_cmake.build[0m [1;30mINFO[0m Building ROS package in '/home/ubuntu/ros2_wsorincp/src/driver/ros_robot_controller_msgs' with build type 'ament_cmake'
[0.334s] [34mcolcon.colcon_cmake.task.cmake.build[0m [1;30mINFO[0m Building CMake package in '/home/ubuntu/ros2_wsorincp/src/driver/ros_robot_controller_msgs'
[0.337s] [34mcolcon.colcon_core.plugin_system[0m [1;30mINFO[0m Skipping extension 'colcon_core.shell.bat': Not used on non-Windows systems
[0.337s] [34mcolcon.colcon_core.shell[0m [1;30mINFO[0m Skip shell extension 'powershell' for command environment: Not usable outside of PowerShell
[0.337s] [34mcolcon.colcon_core.shell[0m [1;30mDEBUG[0m [32mSkip shell extension 'dsv' for command environment[0m
[0.353s] [34mcolcon.colcon_core.event_handler.log_command[0m [1;30mDEBUG[0m [32mInvoking command in '/home/ubuntu/ros2_wsorincp/build/ros_robot_controller_msgs': CMAKE_PREFIX_PATH=/home/ubuntu/third_party_ros2/orbbec_ws/install/orbbec_description:/home/ubuntu/third_party_ros2/orbbec_ws/install/orbbec_camera:/home/ubuntu/third_party_ros2/orbbec_ws/install/orbbec_camera_msgs:/home/ubuntu/third_party_ros2/third_party_ws/install/ydlidar_ros2_driver:/home/ubuntu/third_party_ros2/third_party_ws/install/web_video_server:/home/ubuntu/third_party_ros2/third_party_ws/install/teb_local_planner:/home/ubuntu/third_party_ros2/third_party_ws/install/teb_msgs:/home/ubuntu/third_party_ros2/third_party_ws/install/sllidar_ros2:/home/ubuntu/third_party_ros2/third_party_ws/install/rf2o_laser_odometry:/home/ubuntu/third_party_ros2/third_party_ws/install/ldlidar_stl_ros2:/home/ubuntu/third_party_ros2/third_party_ws/install/laser_filters:/home/ubuntu/third_party_ros2/third_party_ws/install/imu_calib:/home/ubuntu/third_party_ros2/third_party_ws/install/costmap_converter:/home/ubuntu/third_party_ros2/third_party_ws/install/costmap_converter_msgs:/home/ubuntu/ros2_ws/install/yolov5_ros2:/home/ubuntu/ros2_ws/install/slam:/home/ubuntu/ros2_ws/install/servo_controller:/home/ubuntu/ros2_ws/install/sdk:/home/ubuntu/ros2_ws/install/ros_robot_controller:/home/ubuntu/ros2_ws/install/peripherals:/home/ubuntu/ros2_ws/install/navigation:/home/ubuntu/ros2_ws/install/kinematics:/home/ubuntu/ros2_ws/install/jetrover_description:/home/ubuntu/ros2_ws/install/example:/home/ubuntu/ros2_ws/install/controller:/home/ubuntu/ros2_ws/install/calibration:/home/ubuntu/ros2_ws/install/bringup:/home/ubuntu/ros2_ws/install/app:/opt/ros/humble:/home/ubuntu/third_party_ros2/third_party_ws/install/async_web_server_cpp:/home/ubuntu/third_party_ros2/third_party_ws/install/ascamera_listener:/home/ubuntu/third_party_ros2/third_party_ws/install/apriltag_ros:/home/ubuntu/third_party_ros2/third_party_ws/install/apriltag_msgs:/home/ubuntu/ros2_ws/install/xf_mic_asr_offline:/home/ubuntu/ros2_ws/install/xf_mic_asr_offline_msgs:/home/ubuntu/ros2_ws/install/servo_controller_msgs:/home/ubuntu/ros2_ws/install/ros_robot_controller_msgs:/home/ubuntu/ros2_ws/install/kinematics_msgs:/home/ubuntu/ros2_ws/install/interfaces /usr/bin/cmake /home/ubuntu/ros2_wsorincp/src/driver/ros_robot_controller_msgs -DCMAKE_INSTALL_PREFIX=/home/ubuntu/ros2_wsorincp/install/ros_robot_controller_msgs[0m
[7.031s] [34mcolcon.colcon_core.event_handler.log_command[0m [1;30mDEBUG[0m [32mInvoked command in '/home/ubuntu/ros2_wsorincp/build/ros_robot_controller_msgs' returned '0': CMAKE_PREFIX_PATH=/home/ubuntu/third_party_ros2/orbbec_ws/install/orbbec_description:/home/ubuntu/third_party_ros2/orbbec_ws/install/orbbec_camera:/home/ubuntu/third_party_ros2/orbbec_ws/install/orbbec_camera_msgs:/home/ubuntu/third_party_ros2/third_party_ws/install/ydlidar_ros2_driver:/home/ubuntu/third_party_ros2/third_party_ws/install/web_video_server:/home/ubuntu/third_party_ros2/third_party_ws/install/teb_local_planner:/home/ubuntu/third_party_ros2/third_party_ws/install/teb_msgs:/home/ubuntu/third_party_ros2/third_party_ws/install/sllidar_ros2:/home/ubuntu/third_party_ros2/third_party_ws/install/rf2o_laser_odometry:/home/ubuntu/third_party_ros2/third_party_ws/install/ldlidar_stl_ros2:/home/ubuntu/third_party_ros2/third_party_ws/install/laser_filters:/home/ubuntu/third_party_ros2/third_party_ws/install/imu_calib:/home/ubuntu/third_party_ros2/third_party_ws/install/costmap_converter:/home/ubuntu/third_party_ros2/third_party_ws/install/costmap_converter_msgs:/home/ubuntu/ros2_ws/install/yolov5_ros2:/home/ubuntu/ros2_ws/install/slam:/home/ubuntu/ros2_ws/install/servo_controller:/home/ubuntu/ros2_ws/install/sdk:/home/ubuntu/ros2_ws/install/ros_robot_controller:/home/ubuntu/ros2_ws/install/peripherals:/home/ubuntu/ros2_ws/install/navigation:/home/ubuntu/ros2_ws/install/kinematics:/home/ubuntu/ros2_ws/install/jetrover_description:/home/ubuntu/ros2_ws/install/example:/home/ubuntu/ros2_ws/install/controller:/home/ubuntu/ros2_ws/install/calibration:/home/ubuntu/ros2_ws/install/bringup:/home/ubuntu/ros2_ws/install/app:/opt/ros/humble:/home/ubuntu/third_party_ros2/third_party_ws/install/async_web_server_cpp:/home/ubuntu/third_party_ros2/third_party_ws/install/ascamera_listener:/home/ubuntu/third_party_ros2/third_party_ws/install/apriltag_ros:/home/ubuntu/third_party_ros2/third_party_ws/install/apriltag_msgs:/home/ubuntu/ros2_ws/install/xf_mic_asr_offline:/home/ubuntu/ros2_ws/install/xf_mic_asr_offline_msgs:/home/ubuntu/ros2_ws/install/servo_controller_msgs:/home/ubuntu/ros2_ws/install/ros_robot_controller_msgs:/home/ubuntu/ros2_ws/install/kinematics_msgs:/home/ubuntu/ros2_ws/install/interfaces /usr/bin/cmake /home/ubuntu/ros2_wsorincp/src/driver/ros_robot_controller_msgs -DCMAKE_INSTALL_PREFIX=/home/ubuntu/ros2_wsorincp/install/ros_robot_controller_msgs[0m
[7.033s] [34mcolcon.colcon_core.event_handler.log_command[0m [1;30mDEBUG[0m [32mInvoking command in '/home/ubuntu/ros2_wsorincp/build/ros_robot_controller_msgs': CMAKE_PREFIX_PATH=/home/ubuntu/third_party_ros2/orbbec_ws/install/orbbec_description:/home/ubuntu/third_party_ros2/orbbec_ws/install/orbbec_camera:/home/ubuntu/third_party_ros2/orbbec_ws/install/orbbec_camera_msgs:/home/ubuntu/third_party_ros2/third_party_ws/install/ydlidar_ros2_driver:/home/ubuntu/third_party_ros2/third_party_ws/install/web_video_server:/home/ubuntu/third_party_ros2/third_party_ws/install/teb_local_planner:/home/ubuntu/third_party_ros2/third_party_ws/install/teb_msgs:/home/ubuntu/third_party_ros2/third_party_ws/install/sllidar_ros2:/home/ubuntu/third_party_ros2/third_party_ws/install/rf2o_laser_odometry:/home/ubuntu/third_party_ros2/third_party_ws/install/ldlidar_stl_ros2:/home/ubuntu/third_party_ros2/third_party_ws/install/laser_filters:/home/ubuntu/third_party_ros2/third_party_ws/install/imu_calib:/home/ubuntu/third_party_ros2/third_party_ws/install/costmap_converter:/home/ubuntu/third_party_ros2/third_party_ws/install/costmap_converter_msgs:/home/ubuntu/ros2_ws/install/yolov5_ros2:/home/ubuntu/ros2_ws/install/slam:/home/ubuntu/ros2_ws/install/servo_controller:/home/ubuntu/ros2_ws/install/sdk:/home/ubuntu/ros2_ws/install/ros_robot_controller:/home/ubuntu/ros2_ws/install/peripherals:/home/ubuntu/ros2_ws/install/navigation:/home/ubuntu/ros2_ws/install/kinematics:/home/ubuntu/ros2_ws/install/jetrover_description:/home/ubuntu/ros2_ws/install/example:/home/ubuntu/ros2_ws/install/controller:/home/ubuntu/ros2_ws/install/calibration:/home/ubuntu/ros2_ws/install/bringup:/home/ubuntu/ros2_ws/install/app:/opt/ros/humble:/home/ubuntu/third_party_ros2/third_party_ws/install/async_web_server_cpp:/home/ubuntu/third_party_ros2/third_party_ws/install/ascamera_listener:/home/ubuntu/third_party_ros2/third_party_ws/install/apriltag_ros:/home/ubuntu/third_party_ros2/third_party_ws/install/apriltag_msgs:/home/ubuntu/ros2_ws/install/xf_mic_asr_offline:/home/ubuntu/ros2_ws/install/xf_mic_asr_offline_msgs:/home/ubuntu/ros2_ws/install/servo_controller_msgs:/home/ubuntu/ros2_ws/install/ros_robot_controller_msgs:/home/ubuntu/ros2_ws/install/kinematics_msgs:/home/ubuntu/ros2_ws/install/interfaces /usr/bin/cmake --build /home/ubuntu/ros2_wsorincp/build/ros_robot_controller_msgs -- -j4 -l4[0m
[45.138s] [34mcolcon.colcon_core.event_handler.log_command[0m [1;30mDEBUG[0m [32mInvoked command in '/home/ubuntu/ros2_wsorincp/build/ros_robot_controller_msgs' returned '0': CMAKE_PREFIX_PATH=/home/ubuntu/third_party_ros2/orbbec_ws/install/orbbec_description:/home/ubuntu/third_party_ros2/orbbec_ws/install/orbbec_camera:/home/ubuntu/third_party_ros2/orbbec_ws/install/orbbec_camera_msgs:/home/ubuntu/third_party_ros2/third_party_ws/install/ydlidar_ros2_driver:/home/ubuntu/third_party_ros2/third_party_ws/install/web_video_server:/home/ubuntu/third_party_ros2/third_party_ws/install/teb_local_planner:/home/ubuntu/third_party_ros2/third_party_ws/install/teb_msgs:/home/ubuntu/third_party_ros2/third_party_ws/install/sllidar_ros2:/home/ubuntu/third_party_ros2/third_party_ws/install/rf2o_laser_odometry:/home/ubuntu/third_party_ros2/third_party_ws/install/ldlidar_stl_ros2:/home/ubuntu/third_party_ros2/third_party_ws/install/laser_filters:/home/ubuntu/third_party_ros2/third_party_ws/install/imu_calib:/home/ubuntu/third_party_ros2/third_party_ws/install/costmap_converter:/home/ubuntu/third_party_ros2/third_party_ws/install/costmap_converter_msgs:/home/ubuntu/ros2_ws/install/yolov5_ros2:/home/ubuntu/ros2_ws/install/slam:/home/ubuntu/ros2_ws/install/servo_controller:/home/ubuntu/ros2_ws/install/sdk:/home/ubuntu/ros2_ws/install/ros_robot_controller:/home/ubuntu/ros2_ws/install/peripherals:/home/ubuntu/ros2_ws/install/navigation:/home/ubuntu/ros2_ws/install/kinematics:/home/ubuntu/ros2_ws/install/jetrover_description:/home/ubuntu/ros2_ws/install/example:/home/ubuntu/ros2_ws/install/controller:/home/ubuntu/ros2_ws/install/calibration:/home/ubuntu/ros2_ws/install/bringup:/home/ubuntu/ros2_ws/install/app:/opt/ros/humble:/home/ubuntu/third_party_ros2/third_party_ws/install/async_web_server_cpp:/home/ubuntu/third_party_ros2/third_party_ws/install/ascamera_listener:/home/ubuntu/third_party_ros2/third_party_ws/install/apriltag_ros:/home/ubuntu/third_party_ros2/third_party_ws/install/apriltag_msgs:/home/ubuntu/ros2_ws/install/xf_mic_asr_offline:/home/ubuntu/ros2_ws/install/xf_mic_asr_offline_msgs:/home/ubuntu/ros2_ws/install/servo_controller_msgs:/home/ubuntu/ros2_ws/install/ros_robot_controller_msgs:/home/ubuntu/ros2_ws/install/kinematics_msgs:/home/ubuntu/ros2_ws/install/interfaces /usr/bin/cmake --build /home/ubuntu/ros2_wsorincp/build/ros_robot_controller_msgs -- -j4 -l4[0m
[45.846s] [34mcolcon.colcon_core.event_handler.log_command[0m [1;30mDEBUG[0m [32mInvoking command in '/home/ubuntu/ros2_wsorincp/build/ros_robot_controller_msgs': CMAKE_PREFIX_PATH=/home/ubuntu/third_party_ros2/orbbec_ws/install/orbbec_description:/home/ubuntu/third_party_ros2/orbbec_ws/install/orbbec_camera:/home/ubuntu/third_party_ros2/orbbec_ws/install/orbbec_camera_msgs:/home/ubuntu/third_party_ros2/third_party_ws/install/ydlidar_ros2_driver:/home/ubuntu/third_party_ros2/third_party_ws/install/web_video_server:/home/ubuntu/third_party_ros2/third_party_ws/install/teb_local_planner:/home/ubuntu/third_party_ros2/third_party_ws/install/teb_msgs:/home/ubuntu/third_party_ros2/third_party_ws/install/sllidar_ros2:/home/ubuntu/third_party_ros2/third_party_ws/install/rf2o_laser_odometry:/home/ubuntu/third_party_ros2/third_party_ws/install/ldlidar_stl_ros2:/home/ubuntu/third_party_ros2/third_party_ws/install/laser_filters:/home/ubuntu/third_party_ros2/third_party_ws/install/imu_calib:/home/ubuntu/third_party_ros2/third_party_ws/install/costmap_converter:/home/ubuntu/third_party_ros2/third_party_ws/install/costmap_converter_msgs:/home/ubuntu/ros2_ws/install/yolov5_ros2:/home/ubuntu/ros2_ws/install/slam:/home/ubuntu/ros2_ws/install/servo_controller:/home/ubuntu/ros2_ws/install/sdk:/home/ubuntu/ros2_ws/install/ros_robot_controller:/home/ubuntu/ros2_ws/install/peripherals:/home/ubuntu/ros2_ws/install/navigation:/home/ubuntu/ros2_ws/install/kinematics:/home/ubuntu/ros2_ws/install/jetrover_description:/home/ubuntu/ros2_ws/install/example:/home/ubuntu/ros2_ws/install/controller:/home/ubuntu/ros2_ws/install/calibration:/home/ubuntu/ros2_ws/install/bringup:/home/ubuntu/ros2_ws/install/app:/opt/ros/humble:/home/ubuntu/third_party_ros2/third_party_ws/install/async_web_server_cpp:/home/ubuntu/third_party_ros2/third_party_ws/install/ascamera_listener:/home/ubuntu/third_party_ros2/third_party_ws/install/apriltag_ros:/home/ubuntu/third_party_ros2/third_party_ws/install/apriltag_msgs:/home/ubuntu/ros2_ws/install/xf_mic_asr_offline:/home/ubuntu/ros2_ws/install/xf_mic_asr_offline_msgs:/home/ubuntu/ros2_ws/install/servo_controller_msgs:/home/ubuntu/ros2_ws/install/ros_robot_controller_msgs:/home/ubuntu/ros2_ws/install/kinematics_msgs:/home/ubuntu/ros2_ws/install/interfaces /usr/bin/cmake --install /home/ubuntu/ros2_wsorincp/build/ros_robot_controller_msgs[0m
[46.094s] [34mcolcon.colcon_core.environment[0m [1;30mLevel 1[0m create_environment_scripts_only(ros_robot_controller_msgs)
[46.095s] [34mcolcon.colcon_core.event_handler.log_command[0m [1;30mDEBUG[0m [32mInvoked command in '/home/ubuntu/ros2_wsorincp/build/ros_robot_controller_msgs' returned '0': CMAKE_PREFIX_PATH=/home/ubuntu/third_party_ros2/orbbec_ws/install/orbbec_description:/home/ubuntu/third_party_ros2/orbbec_ws/install/orbbec_camera:/home/ubuntu/third_party_ros2/orbbec_ws/install/orbbec_camera_msgs:/home/ubuntu/third_party_ros2/third_party_ws/install/ydlidar_ros2_driver:/home/ubuntu/third_party_ros2/third_party_ws/install/web_video_server:/home/ubuntu/third_party_ros2/third_party_ws/install/teb_local_planner:/home/ubuntu/third_party_ros2/third_party_ws/install/teb_msgs:/home/ubuntu/third_party_ros2/third_party_ws/install/sllidar_ros2:/home/ubuntu/third_party_ros2/third_party_ws/install/rf2o_laser_odometry:/home/ubuntu/third_party_ros2/third_party_ws/install/ldlidar_stl_ros2:/home/ubuntu/third_party_ros2/third_party_ws/install/laser_filters:/home/ubuntu/third_party_ros2/third_party_ws/install/imu_calib:/home/ubuntu/third_party_ros2/third_party_ws/install/costmap_converter:/home/ubuntu/third_party_ros2/third_party_ws/install/costmap_converter_msgs:/home/ubuntu/ros2_ws/install/yolov5_ros2:/home/ubuntu/ros2_ws/install/slam:/home/ubuntu/ros2_ws/install/servo_controller:/home/ubuntu/ros2_ws/install/sdk:/home/ubuntu/ros2_ws/install/ros_robot_controller:/home/ubuntu/ros2_ws/install/peripherals:/home/ubuntu/ros2_ws/install/navigation:/home/ubuntu/ros2_ws/install/kinematics:/home/ubuntu/ros2_ws/install/jetrover_description:/home/ubuntu/ros2_ws/install/example:/home/ubuntu/ros2_ws/install/controller:/home/ubuntu/ros2_ws/install/calibration:/home/ubuntu/ros2_ws/install/bringup:/home/ubuntu/ros2_ws/install/app:/opt/ros/humble:/home/ubuntu/third_party_ros2/third_party_ws/install/async_web_server_cpp:/home/ubuntu/third_party_ros2/third_party_ws/install/ascamera_listener:/home/ubuntu/third_party_ros2/third_party_ws/install/apriltag_ros:/home/ubuntu/third_party_ros2/third_party_ws/install/apriltag_msgs:/home/ubuntu/ros2_ws/install/xf_mic_asr_offline:/home/ubuntu/ros2_ws/install/xf_mic_asr_offline_msgs:/home/ubuntu/ros2_ws/install/servo_controller_msgs:/home/ubuntu/ros2_ws/install/ros_robot_controller_msgs:/home/ubuntu/ros2_ws/install/kinematics_msgs:/home/ubuntu/ros2_ws/install/interfaces /usr/bin/cmake --install /home/ubuntu/ros2_wsorincp/build/ros_robot_controller_msgs[0m
[46.108s] [34mcolcon.colcon_core.environment[0m [1;30mLevel 1[0m checking '/home/ubuntu/ros2_wsorincp/install/ros_robot_controller_msgs' for CMake module files
[46.110s] [34mcolcon.colcon_core.environment[0m [1;30mLevel 1[0m checking '/home/ubuntu/ros2_wsorincp/install/ros_robot_controller_msgs' for CMake config files
[46.112s] [34mcolcon.colcon_core.shell[0m [1;30mLevel 1[0m create_environment_hook('ros_robot_controller_msgs', 'cmake_prefix_path')
[46.112s] [34mcolcon.colcon_core.shell[0m [1;30mINFO[0m Creating environment hook '/home/ubuntu/ros2_wsorincp/install/ros_robot_controller_msgs/share/ros_robot_controller_msgs/hook/cmake_prefix_path.ps1'
[46.114s] [34mcolcon.colcon_core.shell[0m [1;30mINFO[0m Creating environment descriptor '/home/ubuntu/ros2_wsorincp/install/ros_robot_controller_msgs/share/ros_robot_controller_msgs/hook/cmake_prefix_path.dsv'
[46.116s] [34mcolcon.colcon_core.shell[0m [1;30mINFO[0m Creating environment hook '/home/ubuntu/ros2_wsorincp/install/ros_robot_controller_msgs/share/ros_robot_controller_msgs/hook/cmake_prefix_path.sh'
[46.118s] [34mcolcon.colcon_core.environment[0m [1;30mLevel 1[0m checking '/home/ubuntu/ros2_wsorincp/install/ros_robot_controller_msgs/lib'
[46.118s] [34mcolcon.colcon_core.shell[0m [1;30mLevel 1[0m create_environment_hook('ros_robot_controller_msgs', 'ld_library_path_lib')
[46.119s] [34mcolcon.colcon_core.shell[0m [1;30mINFO[0m Creating environment hook '/home/ubuntu/ros2_wsorincp/install/ros_robot_controller_msgs/share/ros_robot_controller_msgs/hook/ld_library_path_lib.ps1'
[46.120s] [34mcolcon.colcon_core.shell[0m [1;30mINFO[0m Creating environment descriptor '/home/ubuntu/ros2_wsorincp/install/ros_robot_controller_msgs/share/ros_robot_controller_msgs/hook/ld_library_path_lib.dsv'
[46.120s] [34mcolcon.colcon_core.shell[0m [1;30mINFO[0m Creating environment hook '/home/ubuntu/ros2_wsorincp/install/ros_robot_controller_msgs/share/ros_robot_controller_msgs/hook/ld_library_path_lib.sh'
[46.121s] [34mcolcon.colcon_core.environment[0m [1;30mLevel 1[0m checking '/home/ubuntu/ros2_wsorincp/install/ros_robot_controller_msgs/bin'
[46.121s] [34mcolcon.colcon_core.environment[0m [1;30mLevel 1[0m checking '/home/ubuntu/ros2_wsorincp/install/ros_robot_controller_msgs/lib/pkgconfig/ros_robot_controller_msgs.pc'
[46.125s] [34mcolcon.colcon_core.environment[0m [1;30mLevel 1[0m checking '/home/ubuntu/ros2_wsorincp/install/ros_robot_controller_msgs/lib/python3.10/site-packages'
[46.125s] [34mcolcon.colcon_core.environment[0m [1;30mLevel 1[0m checking '/home/ubuntu/ros2_wsorincp/install/ros_robot_controller_msgs/bin'
[46.126s] [34mcolcon.colcon_core.shell[0m [1;30mINFO[0m Creating package script '/home/ubuntu/ros2_wsorincp/install/ros_robot_controller_msgs/share/ros_robot_controller_msgs/package.ps1'
[46.129s] [34mcolcon.colcon_core.shell[0m [1;30mINFO[0m Creating package descriptor '/home/ubuntu/ros2_wsorincp/install/ros_robot_controller_msgs/share/ros_robot_controller_msgs/package.dsv'
[46.131s] [34mcolcon.colcon_core.shell[0m [1;30mINFO[0m Creating package script '/home/ubuntu/ros2_wsorincp/install/ros_robot_controller_msgs/share/ros_robot_controller_msgs/package.sh'
[46.133s] [34mcolcon.colcon_core.shell[0m [1;30mINFO[0m Creating package script '/home/ubuntu/ros2_wsorincp/install/ros_robot_controller_msgs/share/ros_robot_controller_msgs/package.bash'
[46.136s] [34mcolcon.colcon_core.shell[0m [1;30mINFO[0m Creating package script '/home/ubuntu/ros2_wsorincp/install/ros_robot_controller_msgs/share/ros_robot_controller_msgs/package.zsh'
[46.137s] [34mcolcon.colcon_core.environment[0m [1;30mLevel 1[0m create_file_with_runtime_dependencies(/home/ubuntu/ros2_wsorincp/install/ros_robot_controller_msgs/share/colcon-core/packages/ros_robot_controller_msgs)
[46.811s] [34mcolcon.colcon_core.environment[0m [1;30mLevel 1[0m create_environment_scripts_only(ros_robot_controller_msgs)
[46.812s] [34mcolcon.colcon_core.environment[0m [1;30mLevel 1[0m checking '/home/ubuntu/ros2_wsorincp/install/ros_robot_controller_msgs' for CMake module files
[46.814s] [34mcolcon.colcon_core.environment[0m [1;30mLevel 1[0m checking '/home/ubuntu/ros2_wsorincp/install/ros_robot_controller_msgs' for CMake config files
[46.815s] [34mcolcon.colcon_core.shell[0m [1;30mLevel 1[0m create_environment_hook('ros_robot_controller_msgs', 'cmake_prefix_path')
[46.816s] [34mcolcon.colcon_core.shell[0m [1;30mINFO[0m Creating environment hook '/home/ubuntu/ros2_wsorincp/install/ros_robot_controller_msgs/share/ros_robot_controller_msgs/hook/cmake_prefix_path.ps1'
[46.817s] [34mcolcon.colcon_core.shell[0m [1;30mINFO[0m Creating environment descriptor '/home/ubuntu/ros2_wsorincp/install/ros_robot_controller_msgs/share/ros_robot_controller_msgs/hook/cmake_prefix_path.dsv'
[46.819s] [34mcolcon.colcon_core.shell[0m [1;30mINFO[0m Creating environment hook '/home/ubuntu/ros2_wsorincp/install/ros_robot_controller_msgs/share/ros_robot_controller_msgs/hook/cmake_prefix_path.sh'
[46.821s] [34mcolcon.colcon_core.environment[0m [1;30mLevel 1[0m checking '/home/ubuntu/ros2_wsorincp/install/ros_robot_controller_msgs/lib'
[46.821s] [34mcolcon.colcon_core.shell[0m [1;30mLevel 1[0m create_environment_hook('ros_robot_controller_msgs', 'ld_library_path_lib')
[46.822s] [34mcolcon.colcon_core.shell[0m [1;30mINFO[0m Creating environment hook '/home/ubuntu/ros2_wsorincp/install/ros_robot_controller_msgs/share/ros_robot_controller_msgs/hook/ld_library_path_lib.ps1'
[46.823s] [34mcolcon.colcon_core.shell[0m [1;30mINFO[0m Creating environment descriptor '/home/ubuntu/ros2_wsorincp/install/ros_robot_controller_msgs/share/ros_robot_controller_msgs/hook/ld_library_path_lib.dsv'
[46.823s] [34mcolcon.colcon_core.shell[0m [1;30mINFO[0m Creating environment hook '/home/ubuntu/ros2_wsorincp/install/ros_robot_controller_msgs/share/ros_robot_controller_msgs/hook/ld_library_path_lib.sh'
[46.824s] [34mcolcon.colcon_core.environment[0m [1;30mLevel 1[0m checking '/home/ubuntu/ros2_wsorincp/install/ros_robot_controller_msgs/bin'
[46.824s] [34mcolcon.colcon_core.environment[0m [1;30mLevel 1[0m checking '/home/ubuntu/ros2_wsorincp/install/ros_robot_controller_msgs/lib/pkgconfig/ros_robot_controller_msgs.pc'
[46.825s] [34mcolcon.colcon_core.environment[0m [1;30mLevel 1[0m checking '/home/ubuntu/ros2_wsorincp/install/ros_robot_controller_msgs/lib/python3.10/site-packages'
[46.826s] [34mcolcon.colcon_core.environment[0m [1;30mLevel 1[0m checking '/home/ubuntu/ros2_wsorincp/install/ros_robot_controller_msgs/bin'
[46.827s] [34mcolcon.colcon_core.shell[0m [1;30mINFO[0m Creating package script '/home/ubuntu/ros2_wsorincp/install/ros_robot_controller_msgs/share/ros_robot_controller_msgs/package.ps1'
[46.828s] [34mcolcon.colcon_core.shell[0m [1;30mINFO[0m Creating package descriptor '/home/ubuntu/ros2_wsorincp/install/ros_robot_controller_msgs/share/ros_robot_controller_msgs/package.dsv'
[46.829s] [34mcolcon.colcon_core.shell[0m [1;30mINFO[0m Creating package script '/home/ubuntu/ros2_wsorincp/install/ros_robot_controller_msgs/share/ros_robot_controller_msgs/package.sh'
[46.830s] [34mcolcon.colcon_core.shell[0m [1;30mINFO[0m Creating package script '/home/ubuntu/ros2_wsorincp/install/ros_robot_controller_msgs/share/ros_robot_controller_msgs/package.bash'
[46.831s] [34mcolcon.colcon_core.shell[0m [1;30mINFO[0m Creating package script '/home/ubuntu/ros2_wsorincp/install/ros_robot_controller_msgs/share/ros_robot_controller_msgs/package.zsh'
[46.831s] [34mcolcon.colcon_core.environment[0m [1;30mLevel 1[0m create_file_with_runtime_dependencies(/home/ubuntu/ros2_wsorincp/install/ros_robot_controller_msgs/share/colcon-core/packages/ros_robot_controller_msgs)
[46.832s] [34mcolcon.colcon_parallel_executor.executor.parallel[0m [1;30mDEBUG[0m [32mclosing loop[0m
[46.833s] [34mcolcon.colcon_parallel_executor.executor.parallel[0m [1;30mDEBUG[0m [32mloop closed[0m
[46.834s] [34mcolcon.colcon_parallel_executor.executor.parallel[0m [1;30mDEBUG[0m [32mrun_until_complete finished with '0'[0m
[46.834s] [34mcolcon.colcon_core.event_reactor[0m [1;30mDEBUG[0m [32mjoining thread[0m
[46.851s] [34mcolcon.colcon_core.plugin_system[0m [1;30mINFO[0m Skipping extension 'colcon_notification.desktop_notification.notify_send': Could not find 'notify-send'
[46.851s] [34mcolcon.colcon_core.plugin_system[0m [1;30mINFO[0m Skipping extension 'colcon_notification.desktop_notification.terminal_notifier': Not used on non-Darwin systems
[46.851s] [34mcolcon.colcon_core.plugin_system[0m [1;30mINFO[0m Skipping extension 'colcon_notification.desktop_notification.win32': Not used on non-Windows systems
[46.851s] [34mcolcon.colcon_notification.desktop_notification[0m [1;30mINFO[0m Sending desktop notification using 'notify2'
[46.859s] [34mcolcon.colcon_notification.desktop_notification.notify2[0m [1;30mDEBUG[0m [32mFailed to initialize notify2: org.freedesktop.DBus.Error.Spawn.ExecFailed: /usr/bin/dbus-launch terminated abnormally with the following error: Authorization required, but no authorization protocol specified
Autolaunch error: X11 initialization failed.
[0m
[46.860s] [34mcolcon.colcon_core.event_reactor[0m [1;30mDEBUG[0m [32mjoined thread[0m
[46.861s] [34mcolcon.colcon_core.shell[0m [1;30mINFO[0m Creating prefix script '/home/ubuntu/ros2_wsorincp/install/local_setup.ps1'
[46.864s] [34mcolcon.colcon_core.shell[0m [1;30mINFO[0m Creating prefix util module '/home/ubuntu/ros2_wsorincp/install/_local_setup_util_ps1.py'
[46.868s] [34mcolcon.colcon_core.shell[0m [1;30mINFO[0m Creating prefix chain script '/home/ubuntu/ros2_wsorincp/install/setup.ps1'
[46.877s] [34mcolcon.colcon_core.shell[0m [1;30mINFO[0m Creating prefix script '/home/ubuntu/ros2_wsorincp/install/local_setup.sh'
[46.878s] [34mcolcon.colcon_core.shell[0m [1;30mINFO[0m Creating prefix util module '/home/ubuntu/ros2_wsorincp/install/_local_setup_util_sh.py'
[46.880s] [34mcolcon.colcon_core.shell[0m [1;30mINFO[0m Creating prefix chain script '/home/ubuntu/ros2_wsorincp/install/setup.sh'
[46.886s] [34mcolcon.colcon_core.shell[0m [1;30mINFO[0m Creating prefix script '/home/ubuntu/ros2_wsorincp/install/local_setup.bash'
[46.888s] [34mcolcon.colcon_core.shell[0m [1;30mINFO[0m Creating prefix chain script '/home/ubuntu/ros2_wsorincp/install/setup.bash'
[46.894s] [34mcolcon.colcon_core.shell[0m [1;30mINFO[0m Creating prefix script '/home/ubuntu/ros2_wsorincp/install/local_setup.zsh'
[46.897s] [34mcolcon.colcon_core.shell[0m [1;30mINFO[0m Creating prefix chain script '/home/ubuntu/ros2_wsorincp/install/setup.zsh'
