[0.037s] Invoking command in '/home/ros2user/raspbros2+my_ws/src/Myself_WS/Keyboard control for the Mellen car/build/speed_control_msgs': CMAKE_PREFIX_PATH=/opt/ros/humble /usr/bin/cmake /home/ros2user/raspbros2+my_ws/src/Myself_WS/Keyboard control for the Mellen car/src/driver/speed_control_msgs -DCMAKE_INSTALL_PREFIX=/home/ros2user/raspbros2+my_ws/src/Myself_WS/Keyboard control for the Mellen car/install/speed_control_msgs
[0.596s] -- The C compiler identification is GNU 11.4.0
[2.492s] -- The CXX compiler identification is GNU 11.4.0
[3.379s] -- Detecting C compiler ABI info
[3.905s] -- Detecting C compiler ABI info - done
[3.924s] -- Check for working C compiler: /usr/bin/cc - skipped
[3.925s] -- Detecting C compile features
[3.925s] -- Detecting C compile features - done
[3.931s] -- Detecting CXX compiler ABI info
[4.524s] -- Detecting CXX compiler ABI info - done
[4.537s] -- Check for working CXX compiler: /usr/bin/c++ - skipped
[4.538s] -- Detecting CXX compile features
[4.539s] -- Detecting CXX compile features - done
[4.545s] -- Found ament_cmake: 1.3.14 (/opt/ros/humble/share/ament_cmake/cmake)
[4.899s] -- Found Python3: /usr/bin/python3 (found version "3.10.12") found components: Interpreter 
[5.127s] -- Found rosidl_default_generators: 1.2.1 (/opt/ros/humble/share/rosidl_default_generators/cmake)
[5.137s] -- Using all available rosidl_typesupport_c: rosidl_typesupport_fastrtps_c;rosidl_typesupport_introspection_c
[5.150s] -- Found rosidl_adapter: 3.1.8 (/opt/ros/humble/share/rosidl_adapter/cmake)
[5.967s] -- Using all available rosidl_typesupport_cpp: rosidl_typesupport_fastrtps_cpp;rosidl_typesupport_introspection_cpp
[6.739s] -- Found ament_cmake_ros: 0.10.0 (/opt/ros/humble/share/ament_cmake_ros/cmake)
[7.194s] -- Using all available rosidl_typesupport_c: rosidl_typesupport_fastrtps_c;rosidl_typesupport_introspection_c
[7.805s] -- Using all available rosidl_typesupport_cpp: rosidl_typesupport_fastrtps_cpp;rosidl_typesupport_introspection_cpp
[8.591s] -- Found PythonInterp: /usr/bin/python3 (found suitable version "3.10.12", minimum required is "3.6") 
[8.603s] -- Found python_cmake_module: 0.10.0 (/opt/ros/humble/share/python_cmake_module/cmake)
[10.496s] -- Found PythonLibs: /usr/lib/x86_64-linux-gnu/libpython3.10.so (found suitable version "3.10.12", minimum required is "3.5") 
[10.496s] -- Using PYTHON_EXECUTABLE: /usr/bin/python3
[10.496s] -- Using PYTHON_INCLUDE_DIRS: /usr/include/python3.10
[10.496s] -- Using PYTHON_LIBRARIES: /usr/lib/x86_64-linux-gnu/libpython3.10.so
[10.547s] -- Found PythonExtra: .so  
[10.899s] -- Found ament_lint_auto: 0.12.15 (/opt/ros/humble/share/ament_lint_auto/cmake)
[11.024s] -- Added test 'copyright' to check source files copyright and LICENSE
[11.032s] -- Added test 'lint_cmake' to check CMake code style
[11.037s] -- Added test 'xmllint' to check XML markup files
[11.049s] -- Configuring done
[11.147s] -- Generating done
[11.174s] -- Build files have been written to: /home/ros2user/raspbros2+my_ws/src/Myself_WS/Keyboard control for the Mellen car/build/speed_control_msgs
[11.195s] Invoked command in '/home/ros2user/raspbros2+my_ws/src/Myself_WS/Keyboard control for the Mellen car/build/speed_control_msgs' returned '0': CMAKE_PREFIX_PATH=/opt/ros/humble /usr/bin/cmake /home/ros2user/raspbros2+my_ws/src/Myself_WS/Keyboard control for the Mellen car/src/driver/speed_control_msgs -DCMAKE_INSTALL_PREFIX=/home/ros2user/raspbros2+my_ws/src/Myself_WS/Keyboard control for the Mellen car/install/speed_control_msgs
[11.201s] Invoking command in '/home/ros2user/raspbros2+my_ws/src/Myself_WS/Keyboard control for the Mellen car/build/speed_control_msgs': CMAKE_PREFIX_PATH=/opt/ros/humble /usr/bin/cmake --build /home/ros2user/raspbros2+my_ws/src/Myself_WS/Keyboard control for the Mellen car/build/speed_control_msgs -- -j16 -l16
[11.300s] [  3%] [34m[1mGenerating C code for ROS interfaces[0m
[11.327s] [  6%] [34m[1mGenerating Rust code for ROS interfaces[0m
[11.330s] [  9%] [34m[1mGenerating C++ code for ROS interfaces[0m
[11.346s] [  9%] Built target ament_cmake_python_copy_speed_control_msgs
[12.024s] running egg_info
[12.027s] creating speed_control_msgs.egg-info
[12.028s] writing speed_control_msgs.egg-info/PKG-INFO
[12.028s] writing dependency_links to speed_control_msgs.egg-info/dependency_links.txt
[12.029s] writing top-level names to speed_control_msgs.egg-info/top_level.txt
[12.030s] writing manifest file 'speed_control_msgs.egg-info/SOURCES.txt'
[12.051s] reading manifest file 'speed_control_msgs.egg-info/SOURCES.txt'
[12.053s] writing manifest file 'speed_control_msgs.egg-info/SOURCES.txt'
[12.092s] [  9%] Built target speed_control_msgs__rs
[12.120s] [  9%] Built target ament_cmake_python_build_speed_control_msgs_egg
[12.199s] [  9%] Built target speed_control_msgs__cpp
[12.222s] [ 12%] [34m[1mGenerating C++ type support for eProsima Fast-RTPS[0m
[12.223s] [ 15%] [34m[1mGenerating C++ introspection for ROS interfaces[0m
[12.225s] [ 18%] [34m[1mGenerating C++ type support dispatch for ROS interfaces[0m
[12.245s] [ 21%] [32mBuilding C object CMakeFiles/speed_control_msgs__rosidl_generator_c.dir/rosidl_generator_c/speed_control_msgs/srv/detail/adjust_speed__functions.c.o[0m
[12.416s] [ 25%] [32m[1mLinking C shared library libspeed_control_msgs__rosidl_generator_c.so[0m
[13.139s] [ 28%] [32mBuilding CXX object CMakeFiles/speed_control_msgs__rosidl_typesupport_cpp.dir/rosidl_typesupport_cpp/speed_control_msgs/srv/adjust_speed__type_support.cpp.o[0m
[13.167s] [ 31%] [32mBuilding CXX object CMakeFiles/speed_control_msgs__rosidl_typesupport_fastrtps_cpp.dir/rosidl_typesupport_fastrtps_cpp/speed_control_msgs/srv/detail/dds_fastrtps/adjust_speed__type_support.cpp.o[0m
[13.173s] [ 34%] [32mBuilding CXX object CMakeFiles/speed_control_msgs__rosidl_typesupport_introspection_cpp.dir/rosidl_typesupport_introspection_cpp/speed_control_msgs/srv/detail/adjust_speed__type_support.cpp.o[0m
[13.413s] [ 34%] Built target speed_control_msgs__rosidl_generator_c
[13.440s] [ 37%] [34m[1mGenerating C type support for eProsima Fast-RTPS[0m
[13.456s] [ 40%] [34m[1mGenerating C type support dispatch for ROS interfaces[0m
[13.461s] [ 43%] [34m[1mGenerating C introspection for ROS interfaces[0m
[14.104s] [ 46%] [32m[1mLinking CXX shared library libspeed_control_msgs__rosidl_typesupport_cpp.so[0m
[14.528s] [ 50%] [32mBuilding CXX object CMakeFiles/speed_control_msgs__rosidl_typesupport_c.dir/rosidl_typesupport_c/speed_control_msgs/srv/adjust_speed__type_support.cpp.o[0m
[14.632s] [ 53%] [32mBuilding CXX object CMakeFiles/speed_control_msgs__rosidl_typesupport_fastrtps_c.dir/rosidl_typesupport_fastrtps_c/speed_control_msgs/srv/detail/adjust_speed__type_support_c.cpp.o[0m
[14.663s] [ 56%] [32m[1mLinking CXX shared library libspeed_control_msgs__rosidl_typesupport_c.so[0m
[14.665s] [ 59%] [32mBuilding C object CMakeFiles/speed_control_msgs__rosidl_typesupport_introspection_c.dir/rosidl_typesupport_introspection_c/speed_control_msgs/srv/detail/adjust_speed__type_support.c.o[0m
[14.666s] [ 62%] [32m[1mLinking CXX shared library libspeed_control_msgs__rosidl_typesupport_introspection_cpp.so[0m
[14.777s] [ 65%] [32m[1mLinking C shared library libspeed_control_msgs__rosidl_typesupport_introspection_c.so[0m
[14.973s] [ 68%] [32m[1mLinking CXX shared library libspeed_control_msgs__rosidl_typesupport_fastrtps_cpp.so[0m
[15.189s] [ 68%] Built target speed_control_msgs__rosidl_typesupport_cpp
[15.371s] [ 68%] Built target speed_control_msgs__rosidl_typesupport_c
[15.448s] [ 68%] Built target speed_control_msgs__rosidl_typesupport_introspection_cpp
[15.894s] [ 68%] Built target speed_control_msgs__rosidl_typesupport_introspection_c
[16.187s] [ 71%] [32m[1mLinking CXX shared library libspeed_control_msgs__rosidl_typesupport_fastrtps_c.so[0m
[16.495s] [ 71%] Built target speed_control_msgs__rosidl_typesupport_fastrtps_cpp
[17.368s] [ 71%] Built target speed_control_msgs__rosidl_typesupport_fastrtps_c
[17.442s] [ 71%] Built target speed_control_msgs
[17.489s] [ 75%] [34m[1mGenerating Python code for ROS interfaces[0m
[19.238s] [ 75%] Built target speed_control_msgs__py
[19.397s] [ 78%] [32mBuilding C object CMakeFiles/speed_control_msgs__rosidl_generator_py.dir/rosidl_generator_py/speed_control_msgs/srv/_adjust_speed_s.c.o[0m
[20.854s] [ 81%] [32m[1mLinking C shared library rosidl_generator_py/speed_control_msgs/libspeed_control_msgs__rosidl_generator_py.so[0m
[22.604s] [ 81%] Built target speed_control_msgs__rosidl_generator_py
[22.727s] [ 84%] [32mBuilding C object CMakeFiles/speed_control_msgs__rosidl_typesupport_fastrtps_c__pyext.dir/rosidl_generator_py/speed_control_msgs/_speed_control_msgs_s.ep.rosidl_typesupport_fastrtps_c.c.o[0m
[22.785s] [ 87%] [32mBuilding C object CMakeFiles/speed_control_msgs__rosidl_typesupport_introspection_c__pyext.dir/rosidl_generator_py/speed_control_msgs/_speed_control_msgs_s.ep.rosidl_typesupport_introspection_c.c.o[0m
[22.786s] [ 90%] [32mBuilding C object CMakeFiles/speed_control_msgs__rosidl_typesupport_c__pyext.dir/rosidl_generator_py/speed_control_msgs/_speed_control_msgs_s.ep.rosidl_typesupport_c.c.o[0m
[23.161s] [ 93%] [32m[1mLinking C shared library rosidl_generator_py/speed_control_msgs/speed_control_msgs_s__rosidl_typesupport_fastrtps_c.cpython-310-x86_64-linux-gnu.so[0m
[23.203s] [ 96%] [32m[1mLinking C shared library rosidl_generator_py/speed_control_msgs/speed_control_msgs_s__rosidl_typesupport_introspection_c.cpython-310-x86_64-linux-gnu.so[0m
[23.424s] [100%] [32m[1mLinking C shared library rosidl_generator_py/speed_control_msgs/speed_control_msgs_s__rosidl_typesupport_c.cpython-310-x86_64-linux-gnu.so[0m
[24.507s] [100%] Built target speed_control_msgs__rosidl_typesupport_introspection_c__pyext
[24.568s] [100%] Built target speed_control_msgs__rosidl_typesupport_fastrtps_c__pyext
[24.672s] [100%] Built target speed_control_msgs__rosidl_typesupport_c__pyext
[24.733s] Invoked command in '/home/ros2user/raspbros2+my_ws/src/Myself_WS/Keyboard control for the Mellen car/build/speed_control_msgs' returned '0': CMAKE_PREFIX_PATH=/opt/ros/humble /usr/bin/cmake --build /home/ros2user/raspbros2+my_ws/src/Myself_WS/Keyboard control for the Mellen car/build/speed_control_msgs -- -j16 -l16
[24.768s] Invoking command in '/home/ros2user/raspbros2+my_ws/src/Myself_WS/Keyboard control for the Mellen car/build/speed_control_msgs': CMAKE_PREFIX_PATH=/opt/ros/humble /usr/bin/cmake --install /home/ros2user/raspbros2+my_ws/src/Myself_WS/Keyboard control for the Mellen car/build/speed_control_msgs
[24.831s] -- Install configuration: ""
[24.833s] -- Installing: /home/ros2user/raspbros2+my_ws/src/Myself_WS/Keyboard control for the Mellen car/install/speed_control_msgs/share/ament_index/resource_index/rosidl_interfaces/speed_control_msgs
[24.833s] -- Installing: /home/ros2user/raspbros2+my_ws/src/Myself_WS/Keyboard control for the Mellen car/install/speed_control_msgs/include/speed_control_msgs/speed_control_msgs
[24.834s] -- Installing: /home/ros2user/raspbros2+my_ws/src/Myself_WS/Keyboard control for the Mellen car/install/speed_control_msgs/include/speed_control_msgs/speed_control_msgs/srv
[24.835s] -- Installing: /home/ros2user/raspbros2+my_ws/src/Myself_WS/Keyboard control for the Mellen car/install/speed_control_msgs/include/speed_control_msgs/speed_control_msgs/srv/detail
[24.860s] -- Installing: /home/ros2user/raspbros2+my_ws/src/Myself_WS/Keyboard control for the Mellen car/install/speed_control_msgs/include/speed_control_msgs/speed_control_msgs/srv/detail/adjust_speed__functions.h
[24.861s] -- Installing: /home/ros2user/raspbros2+my_ws/src/Myself_WS/Keyboard control for the Mellen car/install/speed_control_msgs/include/speed_control_msgs/speed_control_msgs/srv/detail/adjust_speed__struct.h
[24.866s] -- Installing: /home/ros2user/raspbros2+my_ws/src/Myself_WS/Keyboard control for the Mellen car/install/speed_control_msgs/include/speed_control_msgs/speed_control_msgs/srv/detail/adjust_speed__type_support.h
[24.866s] -- Installing: /home/ros2user/raspbros2+my_ws/src/Myself_WS/Keyboard control for the Mellen car/install/speed_control_msgs/include/speed_control_msgs/speed_control_msgs/srv/detail/adjust_speed__functions.c
[24.866s] -- Installing: /home/ros2user/raspbros2+my_ws/src/Myself_WS/Keyboard control for the Mellen car/install/speed_control_msgs/include/speed_control_msgs/speed_control_msgs/srv/adjust_speed.h
[24.866s] -- Installing: /home/ros2user/raspbros2+my_ws/src/Myself_WS/Keyboard control for the Mellen car/install/speed_control_msgs/include/speed_control_msgs/speed_control_msgs/msg
[24.866s] -- Installing: /home/ros2user/raspbros2+my_ws/src/Myself_WS/Keyboard control for the Mellen car/install/speed_control_msgs/include/speed_control_msgs/speed_control_msgs/msg/rosidl_generator_c__visibility_control.h
[24.867s] -- Installing: /home/ros2user/raspbros2+my_ws/src/Myself_WS/Keyboard control for the Mellen car/install/speed_control_msgs/share/speed_control_msgs/environment/library_path.sh
[24.868s] -- Installing: /home/ros2user/raspbros2+my_ws/src/Myself_WS/Keyboard control for the Mellen car/install/speed_control_msgs/share/speed_control_msgs/environment/library_path.dsv
[24.869s] -- Installing: /home/ros2user/raspbros2+my_ws/src/Myself_WS/Keyboard control for the Mellen car/install/speed_control_msgs/lib/libspeed_control_msgs__rosidl_generator_c.so
[24.869s] -- Set runtime path of "/home/ros2user/raspbros2+my_ws/src/Myself_WS/Keyboard control for the Mellen car/install/speed_control_msgs/lib/libspeed_control_msgs__rosidl_generator_c.so" to ""
[24.869s] -- Up-to-date: /home/ros2user/raspbros2+my_ws/src/Myself_WS/Keyboard control for the Mellen car/install/speed_control_msgs/include/speed_control_msgs/speed_control_msgs
[24.869s] -- Up-to-date: /home/ros2user/raspbros2+my_ws/src/Myself_WS/Keyboard control for the Mellen car/install/speed_control_msgs/include/speed_control_msgs/speed_control_msgs/srv
[24.869s] -- Up-to-date: /home/ros2user/raspbros2+my_ws/src/Myself_WS/Keyboard control for the Mellen car/install/speed_control_msgs/include/speed_control_msgs/speed_control_msgs/srv/detail
[24.869s] -- Installing: /home/ros2user/raspbros2+my_ws/src/Myself_WS/Keyboard control for the Mellen car/install/speed_control_msgs/include/speed_control_msgs/speed_control_msgs/srv/detail/adjust_speed__rosidl_typesupport_fastrtps_c.h
[24.869s] -- Up-to-date: /home/ros2user/raspbros2+my_ws/src/Myself_WS/Keyboard control for the Mellen car/install/speed_control_msgs/include/speed_control_msgs/speed_control_msgs/msg
[24.889s] -- Installing: /home/ros2user/raspbros2+my_ws/src/Myself_WS/Keyboard control for the Mellen car/install/speed_control_msgs/include/speed_control_msgs/speed_control_msgs/msg/rosidl_typesupport_fastrtps_c__visibility_control.h
[24.889s] -- Installing: /home/ros2user/raspbros2+my_ws/src/Myself_WS/Keyboard control for the Mellen car/install/speed_control_msgs/lib/libspeed_control_msgs__rosidl_typesupport_fastrtps_c.so
[24.889s] -- Set runtime path of "/home/ros2user/raspbros2+my_ws/src/Myself_WS/Keyboard control for the Mellen car/install/speed_control_msgs/lib/libspeed_control_msgs__rosidl_typesupport_fastrtps_c.so" to ""
[24.897s] -- Up-to-date: /home/ros2user/raspbros2+my_ws/src/Myself_WS/Keyboard control for the Mellen car/install/speed_control_msgs/include/speed_control_msgs/speed_control_msgs
[24.898s] -- Up-to-date: /home/ros2user/raspbros2+my_ws/src/Myself_WS/Keyboard control for the Mellen car/install/speed_control_msgs/include/speed_control_msgs/speed_control_msgs/srv
[24.898s] -- Up-to-date: /home/ros2user/raspbros2+my_ws/src/Myself_WS/Keyboard control for the Mellen car/install/speed_control_msgs/include/speed_control_msgs/speed_control_msgs/srv/detail
[24.898s] -- Installing: /home/ros2user/raspbros2+my_ws/src/Myself_WS/Keyboard control for the Mellen car/install/speed_control_msgs/include/speed_control_msgs/speed_control_msgs/srv/detail/adjust_speed__type_support.c
[24.898s] -- Installing: /home/ros2user/raspbros2+my_ws/src/Myself_WS/Keyboard control for the Mellen car/install/speed_control_msgs/include/speed_control_msgs/speed_control_msgs/srv/detail/adjust_speed__rosidl_typesupport_introspection_c.h
[24.899s] -- Up-to-date: /home/ros2user/raspbros2+my_ws/src/Myself_WS/Keyboard control for the Mellen car/install/speed_control_msgs/include/speed_control_msgs/speed_control_msgs/msg
[24.899s] -- Installing: /home/ros2user/raspbros2+my_ws/src/Myself_WS/Keyboard control for the Mellen car/install/speed_control_msgs/include/speed_control_msgs/speed_control_msgs/msg/rosidl_typesupport_introspection_c__visibility_control.h
[24.899s] -- Installing: /home/ros2user/raspbros2+my_ws/src/Myself_WS/Keyboard control for the Mellen car/install/speed_control_msgs/lib/libspeed_control_msgs__rosidl_typesupport_introspection_c.so
[24.899s] -- Set runtime path of "/home/ros2user/raspbros2+my_ws/src/Myself_WS/Keyboard control for the Mellen car/install/speed_control_msgs/lib/libspeed_control_msgs__rosidl_typesupport_introspection_c.so" to ""
[24.899s] -- Installing: /home/ros2user/raspbros2+my_ws/src/Myself_WS/Keyboard control for the Mellen car/install/speed_control_msgs/lib/libspeed_control_msgs__rosidl_typesupport_c.so
[24.900s] -- Set runtime path of "/home/ros2user/raspbros2+my_ws/src/Myself_WS/Keyboard control for the Mellen car/install/speed_control_msgs/lib/libspeed_control_msgs__rosidl_typesupport_c.so" to ""
[24.903s] -- Up-to-date: /home/ros2user/raspbros2+my_ws/src/Myself_WS/Keyboard control for the Mellen car/install/speed_control_msgs/include/speed_control_msgs/speed_control_msgs
[24.903s] -- Up-to-date: /home/ros2user/raspbros2+my_ws/src/Myself_WS/Keyboard control for the Mellen car/install/speed_control_msgs/include/speed_control_msgs/speed_control_msgs/srv
[24.903s] -- Up-to-date: /home/ros2user/raspbros2+my_ws/src/Myself_WS/Keyboard control for the Mellen car/install/speed_control_msgs/include/speed_control_msgs/speed_control_msgs/srv/detail
[24.903s] -- Installing: /home/ros2user/raspbros2+my_ws/src/Myself_WS/Keyboard control for the Mellen car/install/speed_control_msgs/include/speed_control_msgs/speed_control_msgs/srv/detail/adjust_speed__type_support.hpp
[24.903s] -- Installing: /home/ros2user/raspbros2+my_ws/src/Myself_WS/Keyboard control for the Mellen car/install/speed_control_msgs/include/speed_control_msgs/speed_control_msgs/srv/detail/adjust_speed__struct.hpp
[24.903s] -- Installing: /home/ros2user/raspbros2+my_ws/src/Myself_WS/Keyboard control for the Mellen car/install/speed_control_msgs/include/speed_control_msgs/speed_control_msgs/srv/detail/adjust_speed__builder.hpp
[24.904s] -- Installing: /home/ros2user/raspbros2+my_ws/src/Myself_WS/Keyboard control for the Mellen car/install/speed_control_msgs/include/speed_control_msgs/speed_control_msgs/srv/detail/adjust_speed__traits.hpp
[24.904s] -- Installing: /home/ros2user/raspbros2+my_ws/src/Myself_WS/Keyboard control for the Mellen car/install/speed_control_msgs/include/speed_control_msgs/speed_control_msgs/srv/adjust_speed.hpp
[24.904s] -- Up-to-date: /home/ros2user/raspbros2+my_ws/src/Myself_WS/Keyboard control for the Mellen car/install/speed_control_msgs/include/speed_control_msgs/speed_control_msgs/msg
[24.904s] -- Installing: /home/ros2user/raspbros2+my_ws/src/Myself_WS/Keyboard control for the Mellen car/install/speed_control_msgs/include/speed_control_msgs/speed_control_msgs/msg/rosidl_generator_cpp__visibility_control.hpp
[24.904s] -- Up-to-date: /home/ros2user/raspbros2+my_ws/src/Myself_WS/Keyboard control for the Mellen car/install/speed_control_msgs/include/speed_control_msgs/speed_control_msgs
[24.904s] -- Up-to-date: /home/ros2user/raspbros2+my_ws/src/Myself_WS/Keyboard control for the Mellen car/install/speed_control_msgs/include/speed_control_msgs/speed_control_msgs/srv
[24.904s] -- Up-to-date: /home/ros2user/raspbros2+my_ws/src/Myself_WS/Keyboard control for the Mellen car/install/speed_control_msgs/include/speed_control_msgs/speed_control_msgs/srv/detail
[24.905s] -- Installing: /home/ros2user/raspbros2+my_ws/src/Myself_WS/Keyboard control for the Mellen car/install/speed_control_msgs/include/speed_control_msgs/speed_control_msgs/srv/detail/adjust_speed__rosidl_typesupport_fastrtps_cpp.hpp
[24.905s] -- Installing: /home/ros2user/raspbros2+my_ws/src/Myself_WS/Keyboard control for the Mellen car/install/speed_control_msgs/include/speed_control_msgs/speed_control_msgs/srv/detail/dds_fastrtps
[24.905s] -- Up-to-date: /home/ros2user/raspbros2+my_ws/src/Myself_WS/Keyboard control for the Mellen car/install/speed_control_msgs/include/speed_control_msgs/speed_control_msgs/msg
[24.905s] -- Installing: /home/ros2user/raspbros2+my_ws/src/Myself_WS/Keyboard control for the Mellen car/install/speed_control_msgs/include/speed_control_msgs/speed_control_msgs/msg/rosidl_typesupport_fastrtps_cpp__visibility_control.h
[24.905s] -- Installing: /home/ros2user/raspbros2+my_ws/src/Myself_WS/Keyboard control for the Mellen car/install/speed_control_msgs/lib/libspeed_control_msgs__rosidl_typesupport_fastrtps_cpp.so
[24.920s] -- Set runtime path of "/home/ros2user/raspbros2+my_ws/src/Myself_WS/Keyboard control for the Mellen car/install/speed_control_msgs/lib/libspeed_control_msgs__rosidl_typesupport_fastrtps_cpp.so" to ""
[24.921s] -- Up-to-date: /home/ros2user/raspbros2+my_ws/src/Myself_WS/Keyboard control for the Mellen car/install/speed_control_msgs/include/speed_control_msgs/speed_control_msgs
[24.922s] -- Up-to-date: /home/ros2user/raspbros2+my_ws/src/Myself_WS/Keyboard control for the Mellen car/install/speed_control_msgs/include/speed_control_msgs/speed_control_msgs/srv
[24.922s] -- Up-to-date: /home/ros2user/raspbros2+my_ws/src/Myself_WS/Keyboard control for the Mellen car/install/speed_control_msgs/include/speed_control_msgs/speed_control_msgs/srv/detail
[24.922s] -- Installing: /home/ros2user/raspbros2+my_ws/src/Myself_WS/Keyboard control for the Mellen car/install/speed_control_msgs/include/speed_control_msgs/speed_control_msgs/srv/detail/adjust_speed__type_support.cpp
[24.922s] -- Installing: /home/ros2user/raspbros2+my_ws/src/Myself_WS/Keyboard control for the Mellen car/install/speed_control_msgs/include/speed_control_msgs/speed_control_msgs/srv/detail/adjust_speed__rosidl_typesupport_introspection_cpp.hpp
[24.924s] -- Installing: /home/ros2user/raspbros2+my_ws/src/Myself_WS/Keyboard control for the Mellen car/install/speed_control_msgs/lib/libspeed_control_msgs__rosidl_typesupport_introspection_cpp.so
[24.924s] -- Set runtime path of "/home/ros2user/raspbros2+my_ws/src/Myself_WS/Keyboard control for the Mellen car/install/speed_control_msgs/lib/libspeed_control_msgs__rosidl_typesupport_introspection_cpp.so" to ""
[24.931s] -- Installing: /home/ros2user/raspbros2+my_ws/src/Myself_WS/Keyboard control for the Mellen car/install/speed_control_msgs/lib/libspeed_control_msgs__rosidl_typesupport_cpp.so
[24.931s] -- Set runtime path of "/home/ros2user/raspbros2+my_ws/src/Myself_WS/Keyboard control for the Mellen car/install/speed_control_msgs/lib/libspeed_control_msgs__rosidl_typesupport_cpp.so" to ""
[24.931s] -- Installing: /home/ros2user/raspbros2+my_ws/src/Myself_WS/Keyboard control for the Mellen car/install/speed_control_msgs/share/speed_control_msgs/environment/pythonpath.sh
[24.931s] -- Installing: /home/ros2user/raspbros2+my_ws/src/Myself_WS/Keyboard control for the Mellen car/install/speed_control_msgs/share/speed_control_msgs/environment/pythonpath.dsv
[24.931s] -- Installing: /home/ros2user/raspbros2+my_ws/src/Myself_WS/Keyboard control for the Mellen car/install/speed_control_msgs/local/lib/python3.10/dist-packages/speed_control_msgs-0.0.0-py3.10.egg-info
[24.978s] -- Installing: /home/ros2user/raspbros2+my_ws/src/Myself_WS/Keyboard control for the Mellen car/install/speed_control_msgs/local/lib/python3.10/dist-packages/speed_control_msgs-0.0.0-py3.10.egg-info/SOURCES.txt
[24.979s] -- Installing: /home/ros2user/raspbros2+my_ws/src/Myself_WS/Keyboard control for the Mellen car/install/speed_control_msgs/local/lib/python3.10/dist-packages/speed_control_msgs-0.0.0-py3.10.egg-info/top_level.txt
[24.979s] -- Installing: /home/ros2user/raspbros2+my_ws/src/Myself_WS/Keyboard control for the Mellen car/install/speed_control_msgs/local/lib/python3.10/dist-packages/speed_control_msgs-0.0.0-py3.10.egg-info/dependency_links.txt
[24.979s] -- Installing: /home/ros2user/raspbros2+my_ws/src/Myself_WS/Keyboard control for the Mellen car/install/speed_control_msgs/local/lib/python3.10/dist-packages/speed_control_msgs-0.0.0-py3.10.egg-info/PKG-INFO
[24.979s] -- Installing: /home/ros2user/raspbros2+my_ws/src/Myself_WS/Keyboard control for the Mellen car/install/speed_control_msgs/local/lib/python3.10/dist-packages/speed_control_msgs
[24.979s] -- Installing: /home/ros2user/raspbros2+my_ws/src/Myself_WS/Keyboard control for the Mellen car/install/speed_control_msgs/local/lib/python3.10/dist-packages/speed_control_msgs/speed_control_msgs_s__rosidl_typesupport_fastrtps_c.cpython-310-x86_64-linux-gnu.so
[24.983s] -- Installing: /home/ros2user/raspbros2+my_ws/src/Myself_WS/Keyboard control for the Mellen car/install/speed_control_msgs/local/lib/python3.10/dist-packages/speed_control_msgs/_speed_control_msgs_s.ep.rosidl_typesupport_c.c
[24.983s] -- Installing: /home/ros2user/raspbros2+my_ws/src/Myself_WS/Keyboard control for the Mellen car/install/speed_control_msgs/local/lib/python3.10/dist-packages/speed_control_msgs/srv
[24.983s] -- Installing: /home/ros2user/raspbros2+my_ws/src/Myself_WS/Keyboard control for the Mellen car/install/speed_control_msgs/local/lib/python3.10/dist-packages/speed_control_msgs/srv/_adjust_speed.py
[25.033s] -- Installing: /home/ros2user/raspbros2+my_ws/src/Myself_WS/Keyboard control for the Mellen car/install/speed_control_msgs/local/lib/python3.10/dist-packages/speed_control_msgs/srv/_adjust_speed_s.c
[25.033s] -- Installing: /home/ros2user/raspbros2+my_ws/src/Myself_WS/Keyboard control for the Mellen car/install/speed_control_msgs/local/lib/python3.10/dist-packages/speed_control_msgs/srv/__init__.py
[25.033s] -- Installing: /home/ros2user/raspbros2+my_ws/src/Myself_WS/Keyboard control for the Mellen car/install/speed_control_msgs/local/lib/python3.10/dist-packages/speed_control_msgs/speed_control_msgs_s__rosidl_typesupport_introspection_c.cpython-310-x86_64-linux-gnu.so
[25.092s] -- Installing: /home/ros2user/raspbros2+my_ws/src/Myself_WS/Keyboard control for the Mellen car/install/speed_control_msgs/local/lib/python3.10/dist-packages/speed_control_msgs/speed_control_msgs_s__rosidl_typesupport_c.cpython-310-x86_64-linux-gnu.so
[25.093s] -- Installing: /home/ros2user/raspbros2+my_ws/src/Myself_WS/Keyboard control for the Mellen car/install/speed_control_msgs/local/lib/python3.10/dist-packages/speed_control_msgs/_speed_control_msgs_s.ep.rosidl_typesupport_fastrtps_c.c
[25.093s] -- Installing: /home/ros2user/raspbros2+my_ws/src/Myself_WS/Keyboard control for the Mellen car/install/speed_control_msgs/local/lib/python3.10/dist-packages/speed_control_msgs/libspeed_control_msgs__rosidl_generator_py.so
[25.093s] -- Installing: /home/ros2user/raspbros2+my_ws/src/Myself_WS/Keyboard control for the Mellen car/install/speed_control_msgs/local/lib/python3.10/dist-packages/speed_control_msgs/_speed_control_msgs_s.ep.rosidl_typesupport_introspection_c.c
[25.093s] -- Installing: /home/ros2user/raspbros2+my_ws/src/Myself_WS/Keyboard control for the Mellen car/install/speed_control_msgs/local/lib/python3.10/dist-packages/speed_control_msgs/__init__.py
[25.431s] Listing '/home/ros2user/raspbros2+my_ws/src/Myself_WS/Keyboard control for the Mellen car/install/speed_control_msgs/local/lib/python3.10/dist-packages/speed_control_msgs'...
[25.431s] Compiling '/home/ros2user/raspbros2+my_ws/src/Myself_WS/Keyboard control for the Mellen car/install/speed_control_msgs/local/lib/python3.10/dist-packages/speed_control_msgs/__init__.py'...
[25.431s] Listing '/home/ros2user/raspbros2+my_ws/src/Myself_WS/Keyboard control for the Mellen car/install/speed_control_msgs/local/lib/python3.10/dist-packages/speed_control_msgs/srv'...
[25.431s] Compiling '/home/ros2user/raspbros2+my_ws/src/Myself_WS/Keyboard control for the Mellen car/install/speed_control_msgs/local/lib/python3.10/dist-packages/speed_control_msgs/srv/__init__.py'...
[25.432s] Compiling '/home/ros2user/raspbros2+my_ws/src/Myself_WS/Keyboard control for the Mellen car/install/speed_control_msgs/local/lib/python3.10/dist-packages/speed_control_msgs/srv/_adjust_speed.py'...
[25.461s] -- Installing: /home/ros2user/raspbros2+my_ws/src/Myself_WS/Keyboard control for the Mellen car/install/speed_control_msgs/local/lib/python3.10/dist-packages/speed_control_msgs/speed_control_msgs_s__rosidl_typesupport_fastrtps_c.cpython-310-x86_64-linux-gnu.so
[25.461s] -- Set runtime path of "/home/ros2user/raspbros2+my_ws/src/Myself_WS/Keyboard control for the Mellen car/install/speed_control_msgs/local/lib/python3.10/dist-packages/speed_control_msgs/speed_control_msgs_s__rosidl_typesupport_fastrtps_c.cpython-310-x86_64-linux-gnu.so" to ""
[25.466s] -- Installing: /home/ros2user/raspbros2+my_ws/src/Myself_WS/Keyboard control for the Mellen car/install/speed_control_msgs/local/lib/python3.10/dist-packages/speed_control_msgs/speed_control_msgs_s__rosidl_typesupport_introspection_c.cpython-310-x86_64-linux-gnu.so
[25.471s] -- Set runtime path of "/home/ros2user/raspbros2+my_ws/src/Myself_WS/Keyboard control for the Mellen car/install/speed_control_msgs/local/lib/python3.10/dist-packages/speed_control_msgs/speed_control_msgs_s__rosidl_typesupport_introspection_c.cpython-310-x86_64-linux-gnu.so" to ""
[25.471s] -- Installing: /home/ros2user/raspbros2+my_ws/src/Myself_WS/Keyboard control for the Mellen car/install/speed_control_msgs/local/lib/python3.10/dist-packages/speed_control_msgs/speed_control_msgs_s__rosidl_typesupport_c.cpython-310-x86_64-linux-gnu.so
[25.472s] -- Set runtime path of "/home/ros2user/raspbros2+my_ws/src/Myself_WS/Keyboard control for the Mellen car/install/speed_control_msgs/local/lib/python3.10/dist-packages/speed_control_msgs/speed_control_msgs_s__rosidl_typesupport_c.cpython-310-x86_64-linux-gnu.so" to ""
[25.472s] -- Installing: /home/ros2user/raspbros2+my_ws/src/Myself_WS/Keyboard control for the Mellen car/install/speed_control_msgs/lib/libspeed_control_msgs__rosidl_generator_py.so
[25.472s] -- Set runtime path of "/home/ros2user/raspbros2+my_ws/src/Myself_WS/Keyboard control for the Mellen car/install/speed_control_msgs/lib/libspeed_control_msgs__rosidl_generator_py.so" to ""
[25.472s] -- Installing: /home/ros2user/raspbros2+my_ws/src/Myself_WS/Keyboard control for the Mellen car/install/speed_control_msgs/share/ament_index/resource_index/rust_packages/speed_control_msgs
[25.472s] -- Installing: /home/ros2user/raspbros2+my_ws/src/Myself_WS/Keyboard control for the Mellen car/install/speed_control_msgs/share/speed_control_msgs/rust
[25.472s] -- Installing: /home/ros2user/raspbros2+my_ws/src/Myself_WS/Keyboard control for the Mellen car/install/speed_control_msgs/share/speed_control_msgs/rust/src
[25.472s] -- Installing: /home/ros2user/raspbros2+my_ws/src/Myself_WS/Keyboard control for the Mellen car/install/speed_control_msgs/share/speed_control_msgs/rust/src/srv
[25.479s] -- Installing: /home/ros2user/raspbros2+my_ws/src/Myself_WS/Keyboard control for the Mellen car/install/speed_control_msgs/share/speed_control_msgs/rust/src/srv/rmw.rs
[25.479s] -- Installing: /home/ros2user/raspbros2+my_ws/src/Myself_WS/Keyboard control for the Mellen car/install/speed_control_msgs/share/speed_control_msgs/rust/src/lib.rs
[25.479s] -- Installing: /home/ros2user/raspbros2+my_ws/src/Myself_WS/Keyboard control for the Mellen car/install/speed_control_msgs/share/speed_control_msgs/rust/src/srv.rs
[25.480s] -- Installing: /home/ros2user/raspbros2+my_ws/src/Myself_WS/Keyboard control for the Mellen car/install/speed_control_msgs/share/speed_control_msgs/rust/build.rs
[25.480s] -- Installing: /home/ros2user/raspbros2+my_ws/src/Myself_WS/Keyboard control for the Mellen car/install/speed_control_msgs/share/speed_control_msgs/rust/Cargo.toml
[25.491s] -- Installing: /home/ros2user/raspbros2+my_ws/src/Myself_WS/Keyboard control for the Mellen car/install/speed_control_msgs/share/speed_control_msgs/srv/AdjustSpeed.idl
[25.492s] -- Installing: /home/ros2user/raspbros2+my_ws/src/Myself_WS/Keyboard control for the Mellen car/install/speed_control_msgs/share/speed_control_msgs/srv/AdjustSpeed.srv
[25.492s] -- Installing: /home/ros2user/raspbros2+my_ws/src/Myself_WS/Keyboard control for the Mellen car/install/speed_control_msgs/share/speed_control_msgs/srv/AdjustSpeed_Request.msg
[25.492s] -- Installing: /home/ros2user/raspbros2+my_ws/src/Myself_WS/Keyboard control for the Mellen car/install/speed_control_msgs/share/speed_control_msgs/srv/AdjustSpeed_Response.msg
[25.492s] -- Installing: /home/ros2user/raspbros2+my_ws/src/Myself_WS/Keyboard control for the Mellen car/install/speed_control_msgs/share/ament_index/resource_index/package_run_dependencies/speed_control_msgs
[25.503s] -- Installing: /home/ros2user/raspbros2+my_ws/src/Myself_WS/Keyboard control for the Mellen car/install/speed_control_msgs/share/ament_index/resource_index/parent_prefix_path/speed_control_msgs
[25.504s] -- Installing: /home/ros2user/raspbros2+my_ws/src/Myself_WS/Keyboard control for the Mellen car/install/speed_control_msgs/share/speed_control_msgs/environment/ament_prefix_path.sh
[25.504s] -- Installing: /home/ros2user/raspbros2+my_ws/src/Myself_WS/Keyboard control for the Mellen car/install/speed_control_msgs/share/speed_control_msgs/environment/ament_prefix_path.dsv
[25.504s] -- Installing: /home/ros2user/raspbros2+my_ws/src/Myself_WS/Keyboard control for the Mellen car/install/speed_control_msgs/share/speed_control_msgs/environment/path.sh
[25.505s] -- Installing: /home/ros2user/raspbros2+my_ws/src/Myself_WS/Keyboard control for the Mellen car/install/speed_control_msgs/share/speed_control_msgs/environment/path.dsv
[25.505s] -- Installing: /home/ros2user/raspbros2+my_ws/src/Myself_WS/Keyboard control for the Mellen car/install/speed_control_msgs/share/speed_control_msgs/local_setup.bash
[25.505s] -- Installing: /home/ros2user/raspbros2+my_ws/src/Myself_WS/Keyboard control for the Mellen car/install/speed_control_msgs/share/speed_control_msgs/local_setup.sh
[25.505s] -- Installing: /home/ros2user/raspbros2+my_ws/src/Myself_WS/Keyboard control for the Mellen car/install/speed_control_msgs/share/speed_control_msgs/local_setup.zsh
[25.516s] -- Installing: /home/ros2user/raspbros2+my_ws/src/Myself_WS/Keyboard control for the Mellen car/install/speed_control_msgs/share/speed_control_msgs/local_setup.dsv
[25.524s] -- Installing: /home/ros2user/raspbros2+my_ws/src/Myself_WS/Keyboard control for the Mellen car/install/speed_control_msgs/share/speed_control_msgs/package.dsv
[25.524s] -- Installing: /home/ros2user/raspbros2+my_ws/src/Myself_WS/Keyboard control for the Mellen car/install/speed_control_msgs/share/ament_index/resource_index/packages/speed_control_msgs
[25.525s] -- Installing: /home/ros2user/raspbros2+my_ws/src/Myself_WS/Keyboard control for the Mellen car/install/speed_control_msgs/share/speed_control_msgs/cmake/export_speed_control_msgs__rosidl_generator_cExport.cmake
[25.525s] -- Installing: /home/ros2user/raspbros2+my_ws/src/Myself_WS/Keyboard control for the Mellen car/install/speed_control_msgs/share/speed_control_msgs/cmake/export_speed_control_msgs__rosidl_generator_cExport-noconfig.cmake
[25.525s] -- Installing: /home/ros2user/raspbros2+my_ws/src/Myself_WS/Keyboard control for the Mellen car/install/speed_control_msgs/share/speed_control_msgs/cmake/export_speed_control_msgs__rosidl_typesupport_fastrtps_cExport.cmake
[25.525s] -- Installing: /home/ros2user/raspbros2+my_ws/src/Myself_WS/Keyboard control for the Mellen car/install/speed_control_msgs/share/speed_control_msgs/cmake/export_speed_control_msgs__rosidl_typesupport_fastrtps_cExport-noconfig.cmake
[25.525s] -- Installing: /home/ros2user/raspbros2+my_ws/src/Myself_WS/Keyboard control for the Mellen car/install/speed_control_msgs/share/speed_control_msgs/cmake/speed_control_msgs__rosidl_typesupport_introspection_cExport.cmake
[25.525s] -- Installing: /home/ros2user/raspbros2+my_ws/src/Myself_WS/Keyboard control for the Mellen car/install/speed_control_msgs/share/speed_control_msgs/cmake/speed_control_msgs__rosidl_typesupport_introspection_cExport-noconfig.cmake
[25.536s] -- Installing: /home/ros2user/raspbros2+my_ws/src/Myself_WS/Keyboard control for the Mellen car/install/speed_control_msgs/share/speed_control_msgs/cmake/speed_control_msgs__rosidl_typesupport_cExport.cmake
[25.537s] -- Installing: /home/ros2user/raspbros2+my_ws/src/Myself_WS/Keyboard control for the Mellen car/install/speed_control_msgs/share/speed_control_msgs/cmake/speed_control_msgs__rosidl_typesupport_cExport-noconfig.cmake
[25.551s] -- Installing: /home/ros2user/raspbros2+my_ws/src/Myself_WS/Keyboard control for the Mellen car/install/speed_control_msgs/share/speed_control_msgs/cmake/export_speed_control_msgs__rosidl_generator_cppExport.cmake
[25.551s] -- Installing: /home/ros2user/raspbros2+my_ws/src/Myself_WS/Keyboard control for the Mellen car/install/speed_control_msgs/share/speed_control_msgs/cmake/export_speed_control_msgs__rosidl_typesupport_fastrtps_cppExport.cmake
[25.551s] -- Installing: /home/ros2user/raspbros2+my_ws/src/Myself_WS/Keyboard control for the Mellen car/install/speed_control_msgs/share/speed_control_msgs/cmake/export_speed_control_msgs__rosidl_typesupport_fastrtps_cppExport-noconfig.cmake
[25.551s] -- Installing: /home/ros2user/raspbros2+my_ws/src/Myself_WS/Keyboard control for the Mellen car/install/speed_control_msgs/share/speed_control_msgs/cmake/speed_control_msgs__rosidl_typesupport_introspection_cppExport.cmake
[25.552s] -- Installing: /home/ros2user/raspbros2+my_ws/src/Myself_WS/Keyboard control for the Mellen car/install/speed_control_msgs/share/speed_control_msgs/cmake/speed_control_msgs__rosidl_typesupport_introspection_cppExport-noconfig.cmake
[25.552s] -- Installing: /home/ros2user/raspbros2+my_ws/src/Myself_WS/Keyboard control for the Mellen car/install/speed_control_msgs/share/speed_control_msgs/cmake/speed_control_msgs__rosidl_typesupport_cppExport.cmake
[25.552s] -- Installing: /home/ros2user/raspbros2+my_ws/src/Myself_WS/Keyboard control for the Mellen car/install/speed_control_msgs/share/speed_control_msgs/cmake/speed_control_msgs__rosidl_typesupport_cppExport-noconfig.cmake
[25.552s] -- Installing: /home/ros2user/raspbros2+my_ws/src/Myself_WS/Keyboard control for the Mellen car/install/speed_control_msgs/share/speed_control_msgs/cmake/export_speed_control_msgs__rosidl_generator_pyExport.cmake
[25.553s] -- Installing: /home/ros2user/raspbros2+my_ws/src/Myself_WS/Keyboard control for the Mellen car/install/speed_control_msgs/share/speed_control_msgs/cmake/export_speed_control_msgs__rosidl_generator_pyExport-noconfig.cmake
[25.559s] -- Installing: /home/ros2user/raspbros2+my_ws/src/Myself_WS/Keyboard control for the Mellen car/install/speed_control_msgs/share/speed_control_msgs/cmake/rosidl_cmake-extras.cmake
[25.561s] -- Installing: /home/ros2user/raspbros2+my_ws/src/Myself_WS/Keyboard control for the Mellen car/install/speed_control_msgs/share/speed_control_msgs/cmake/ament_cmake_export_include_directories-extras.cmake
[25.562s] -- Installing: /home/ros2user/raspbros2+my_ws/src/Myself_WS/Keyboard control for the Mellen car/install/speed_control_msgs/share/speed_control_msgs/cmake/ament_cmake_export_libraries-extras.cmake
[25.562s] -- Installing: /home/ros2user/raspbros2+my_ws/src/Myself_WS/Keyboard control for the Mellen car/install/speed_control_msgs/share/speed_control_msgs/cmake/ament_cmake_export_targets-extras.cmake
[25.563s] -- Installing: /home/ros2user/raspbros2+my_ws/src/Myself_WS/Keyboard control for the Mellen car/install/speed_control_msgs/share/speed_control_msgs/cmake/rosidl_cmake_export_typesupport_targets-extras.cmake
[25.563s] -- Installing: /home/ros2user/raspbros2+my_ws/src/Myself_WS/Keyboard control for the Mellen car/install/speed_control_msgs/share/speed_control_msgs/cmake/ament_cmake_export_dependencies-extras.cmake
[25.563s] -- Installing: /home/ros2user/raspbros2+my_ws/src/Myself_WS/Keyboard control for the Mellen car/install/speed_control_msgs/share/speed_control_msgs/cmake/rosidl_cmake_export_typesupport_libraries-extras.cmake
[25.563s] -- Installing: /home/ros2user/raspbros2+my_ws/src/Myself_WS/Keyboard control for the Mellen car/install/speed_control_msgs/share/speed_control_msgs/cmake/speed_control_msgsConfig.cmake
[25.563s] -- Installing: /home/ros2user/raspbros2+my_ws/src/Myself_WS/Keyboard control for the Mellen car/install/speed_control_msgs/share/speed_control_msgs/cmake/speed_control_msgsConfig-version.cmake
[25.564s] -- Installing: /home/ros2user/raspbros2+my_ws/src/Myself_WS/Keyboard control for the Mellen car/install/speed_control_msgs/share/speed_control_msgs/package.xml
[25.590s] Invoked command in '/home/ros2user/raspbros2+my_ws/src/Myself_WS/Keyboard control for the Mellen car/build/speed_control_msgs' returned '0': CMAKE_PREFIX_PATH=/opt/ros/humble /usr/bin/cmake --install /home/ros2user/raspbros2+my_ws/src/Myself_WS/Keyboard control for the Mellen car/build/speed_control_msgs
