[0.194s] [34mcolcon[0m [1;30mDEBUG[0m [32mCommand line arguments: ['/usr/bin/colcon', 'build', '--parallel-workers', '4'][0m
[0.195s] [34mcolcon[0m [1;30mDEBUG[0m [32mParsed command line arguments: Namespace(log_base=None, log_level=None, verb_name='build', build_base='build', install_base='install', merge_install=False, symlink_install=False, test_result_base=None, continue_on_error=False, executor='parallel', parallel_workers=4, event_handlers=None, ignore_user_meta=False, metas=['./colcon.meta'], base_paths=['.'], packages_ignore=None, packages_ignore_regex=None, paths=None, packages_up_to=None, packages_up_to_regex=None, packages_above=None, packages_above_and_dependencies=None, packages_above_depth=None, packages_select_by_dep=None, packages_skip_by_dep=None, packages_skip_up_to=None, packages_select_build_failed=False, packages_skip_build_finished=False, packages_select_test_failures=False, packages_skip_test_passed=False, packages_select=None, packages_skip=None, packages_select_regex=None, packages_skip_regex=None, packages_start=None, packages_end=None, cmake_args=None, cmake_target=None, cmake_target_skip_unavailable=False, cmake_clean_cache=False, cmake_clean_first=False, cmake_force_configure=False, ament_cmake_args=None, catkin_cmake_args=None, catkin_skip_building_tests=False, mixin_files=None, mixin=None, verb_parser=<colcon_mixin.mixin.mixin_argument.MixinArgumentDecorator object at 0x7fffb8ada320>, verb_extension=<colcon_core.verb.build.BuildVerb object at 0x7fffb8ad9db0>, main=<bound method BuildVerb.main of <colcon_core.verb.build.BuildVerb object at 0x7fffb8ad9db0>>, mixin_verb=('build',))[0m
[0.310s] [34mcolcon.colcon_core.package_discovery[0m [1;30mLevel 1[0m discover_packages(colcon_meta) check parameters
[0.310s] [34mcolcon.colcon_core.package_discovery[0m [1;30mLevel 1[0m discover_packages(recursive) check parameters
[0.310s] [34mcolcon.colcon_core.package_discovery[0m [1;30mLevel 1[0m discover_packages(ignore) check parameters
[0.310s] [34mcolcon.colcon_core.package_discovery[0m [1;30mLevel 1[0m discover_packages(path) check parameters
[0.310s] [34mcolcon.colcon_core.package_discovery[0m [1;30mLevel 1[0m discover_packages(colcon_meta) discover
[0.310s] [34mcolcon.colcon_core.package_discovery[0m [1;30mLevel 1[0m discover_packages(recursive) discover
[0.310s] [34mcolcon.colcon_core.package_discovery[0m [1;30mINFO[0m Crawling recursively for packages in '/home/ubuntu/ros2_wsorincp'
[0.310s] [34mcolcon.colcon_core.package_identification[0m [1;30mLevel 1[0m _identify(.) by extensions ['ignore', 'ignore_ament_install']
[0.311s] [34mcolcon.colcon_core.package_identification[0m [1;30mLevel 1[0m _identify(.) by extension 'ignore'
[0.311s] [34mcolcon.colcon_core.package_identification[0m [1;30mLevel 1[0m _identify(.) by extension 'ignore_ament_install'
[0.311s] [34mcolcon.colcon_core.package_identification[0m [1;30mLevel 1[0m _identify(.) by extensions ['colcon_pkg']
[0.311s] [34mcolcon.colcon_core.package_identification[0m [1;30mLevel 1[0m _identify(.) by extension 'colcon_pkg'
[0.311s] [34mcolcon.colcon_core.package_identification[0m [1;30mLevel 1[0m _identify(.) by extensions ['colcon_meta']
[0.311s] [34mcolcon.colcon_core.package_identification[0m [1;30mLevel 1[0m _identify(.) by extension 'colcon_meta'
[0.311s] [34mcolcon.colcon_core.package_identification[0m [1;30mLevel 1[0m _identify(.) by extensions ['ros']
[0.311s] [34mcolcon.colcon_core.package_identification[0m [1;30mLevel 1[0m _identify(.) by extension 'ros'
[0.333s] [34mcolcon.colcon_core.package_identification[0m [1;30mLevel 1[0m _identify(.) by extensions ['cmake', 'python']
[0.333s] [34mcolcon.colcon_core.package_identification[0m [1;30mLevel 1[0m _identify(.) by extension 'cmake'
[0.333s] [34mcolcon.colcon_core.package_identification[0m [1;30mLevel 1[0m _identify(.) by extension 'python'
[0.333s] [34mcolcon.colcon_core.package_identification[0m [1;30mLevel 1[0m _identify(.) by extensions ['python_setup_py']
[0.333s] [34mcolcon.colcon_core.package_identification[0m [1;30mLevel 1[0m _identify(.) by extension 'python_setup_py'
[0.334s] [34mcolcon.colcon_core.package_identification[0m [1;30mLevel 1[0m _identify(build) by extensions ['ignore', 'ignore_ament_install']
[0.334s] [34mcolcon.colcon_core.package_identification[0m [1;30mLevel 1[0m _identify(build) by extension 'ignore'
[0.334s] [34mcolcon.colcon_core.package_identification[0m [1;30mLevel 1[0m _identify(build) ignored
[0.334s] [34mcolcon.colcon_core.package_identification[0m [1;30mLevel 1[0m _identify(docs) by extensions ['ignore', 'ignore_ament_install']
[0.334s] [34mcolcon.colcon_core.package_identification[0m [1;30mLevel 1[0m _identify(docs) by extension 'ignore'
[0.334s] [34mcolcon.colcon_core.package_identification[0m [1;30mLevel 1[0m _identify(docs) by extension 'ignore_ament_install'
[0.334s] [34mcolcon.colcon_core.package_identification[0m [1;30mLevel 1[0m _identify(docs) by extensions ['colcon_pkg']
[0.334s] [34mcolcon.colcon_core.package_identification[0m [1;30mLevel 1[0m _identify(docs) by extension 'colcon_pkg'
[0.335s] [34mcolcon.colcon_core.package_identification[0m [1;30mLevel 1[0m _identify(docs) by extensions ['colcon_meta']
[0.335s] [34mcolcon.colcon_core.package_identification[0m [1;30mLevel 1[0m _identify(docs) by extension 'colcon_meta'
[0.335s] [34mcolcon.colcon_core.package_identification[0m [1;30mLevel 1[0m _identify(docs) by extensions ['ros']
[0.335s] [34mcolcon.colcon_core.package_identification[0m [1;30mLevel 1[0m _identify(docs) by extension 'ros'
[0.335s] [34mcolcon.colcon_core.package_identification[0m [1;30mLevel 1[0m _identify(docs) by extensions ['cmake', 'python']
[0.335s] [34mcolcon.colcon_core.package_identification[0m [1;30mLevel 1[0m _identify(docs) by extension 'cmake'
[0.335s] [34mcolcon.colcon_core.package_identification[0m [1;30mLevel 1[0m _identify(docs) by extension 'python'
[0.335s] [34mcolcon.colcon_core.package_identification[0m [1;30mLevel 1[0m _identify(docs) by extensions ['python_setup_py']
[0.335s] [34mcolcon.colcon_core.package_identification[0m [1;30mLevel 1[0m _identify(docs) by extension 'python_setup_py'
[0.336s] [34mcolcon.colcon_core.package_identification[0m [1;30mLevel 1[0m _identify(install) by extensions ['ignore', 'ignore_ament_install']
[0.336s] [34mcolcon.colcon_core.package_identification[0m [1;30mLevel 1[0m _identify(install) by extension 'ignore'
[0.336s] [34mcolcon.colcon_core.package_identification[0m [1;30mLevel 1[0m _identify(install) ignored
[0.336s] [34mcolcon.colcon_core.package_identification[0m [1;30mLevel 1[0m _identify(log) by extensions ['ignore', 'ignore_ament_install']
[0.336s] [34mcolcon.colcon_core.package_identification[0m [1;30mLevel 1[0m _identify(log) by extension 'ignore'
[0.336s] [34mcolcon.colcon_core.package_identification[0m [1;30mLevel 1[0m _identify(log) ignored
[0.336s] [34mcolcon.colcon_core.package_identification[0m [1;30mLevel 1[0m _identify(src) by extensions ['ignore', 'ignore_ament_install']
[0.336s] [34mcolcon.colcon_core.package_identification[0m [1;30mLevel 1[0m _identify(src) by extension 'ignore'
[0.336s] [34mcolcon.colcon_core.package_identification[0m [1;30mLevel 1[0m _identify(src) by extension 'ignore_ament_install'
[0.336s] [34mcolcon.colcon_core.package_identification[0m [1;30mLevel 1[0m _identify(src) by extensions ['colcon_pkg']
[0.336s] [34mcolcon.colcon_core.package_identification[0m [1;30mLevel 1[0m _identify(src) by extension 'colcon_pkg'
[0.336s] [34mcolcon.colcon_core.package_identification[0m [1;30mLevel 1[0m _identify(src) by extensions ['colcon_meta']
[0.337s] [34mcolcon.colcon_core.package_identification[0m [1;30mLevel 1[0m _identify(src) by extension 'colcon_meta'
[0.337s] [34mcolcon.colcon_core.package_identification[0m [1;30mLevel 1[0m _identify(src) by extensions ['ros']
[0.337s] [34mcolcon.colcon_core.package_identification[0m [1;30mLevel 1[0m _identify(src) by extension 'ros'
[0.337s] [34mcolcon.colcon_core.package_identification[0m [1;30mLevel 1[0m _identify(src) by extensions ['cmake', 'python']
[0.337s] [34mcolcon.colcon_core.package_identification[0m [1;30mLevel 1[0m _identify(src) by extension 'cmake'
[0.337s] [34mcolcon.colcon_core.package_identification[0m [1;30mLevel 1[0m _identify(src) by extension 'python'
[0.337s] [34mcolcon.colcon_core.package_identification[0m [1;30mLevel 1[0m _identify(src) by extensions ['python_setup_py']
[0.337s] [34mcolcon.colcon_core.package_identification[0m [1;30mLevel 1[0m _identify(src) by extension 'python_setup_py'
[0.337s] [34mcolcon.colcon_core.package_identification[0m [1;30mLevel 1[0m _identify(src/driver) by extensions ['ignore', 'ignore_ament_install']
[0.337s] [34mcolcon.colcon_core.package_identification[0m [1;30mLevel 1[0m _identify(src/driver) by extension 'ignore'
[0.337s] [34mcolcon.colcon_core.package_identification[0m [1;30mLevel 1[0m _identify(src/driver) by extension 'ignore_ament_install'
[0.337s] [34mcolcon.colcon_core.package_identification[0m [1;30mLevel 1[0m _identify(src/driver) by extensions ['colcon_pkg']
[0.337s] [34mcolcon.colcon_core.package_identification[0m [1;30mLevel 1[0m _identify(src/driver) by extension 'colcon_pkg'
[0.337s] [34mcolcon.colcon_core.package_identification[0m [1;30mLevel 1[0m _identify(src/driver) by extensions ['colcon_meta']
[0.337s] [34mcolcon.colcon_core.package_identification[0m [1;30mLevel 1[0m _identify(src/driver) by extension 'colcon_meta'
[0.337s] [34mcolcon.colcon_core.package_identification[0m [1;30mLevel 1[0m _identify(src/driver) by extensions ['ros']
[0.337s] [34mcolcon.colcon_core.package_identification[0m [1;30mLevel 1[0m _identify(src/driver) by extension 'ros'
[0.337s] [34mcolcon.colcon_core.package_identification[0m [1;30mLevel 1[0m _identify(src/driver) by extensions ['cmake', 'python']
[0.337s] [34mcolcon.colcon_core.package_identification[0m [1;30mLevel 1[0m _identify(src/driver) by extension 'cmake'
[0.337s] [34mcolcon.colcon_core.package_identification[0m [1;30mLevel 1[0m _identify(src/driver) by extension 'python'
[0.337s] [34mcolcon.colcon_core.package_identification[0m [1;30mLevel 1[0m _identify(src/driver) by extensions ['python_setup_py']
[0.337s] [34mcolcon.colcon_core.package_identification[0m [1;30mLevel 1[0m _identify(src/driver) by extension 'python_setup_py'
[0.338s] [34mcolcon.colcon_core.package_identification[0m [1;30mLevel 1[0m _identify(src/driver/ros_robot_controller) by extensions ['ignore', 'ignore_ament_install']
[0.338s] [34mcolcon.colcon_core.package_identification[0m [1;30mLevel 1[0m _identify(src/driver/ros_robot_controller) by extension 'ignore'
[0.338s] [34mcolcon.colcon_core.package_identification[0m [1;30mLevel 1[0m _identify(src/driver/ros_robot_controller) by extension 'ignore_ament_install'
[0.338s] [34mcolcon.colcon_core.package_identification[0m [1;30mLevel 1[0m _identify(src/driver/ros_robot_controller) by extensions ['colcon_pkg']
[0.338s] [34mcolcon.colcon_core.package_identification[0m [1;30mLevel 1[0m _identify(src/driver/ros_robot_controller) by extension 'colcon_pkg'
[0.338s] [34mcolcon.colcon_core.package_identification[0m [1;30mLevel 1[0m _identify(src/driver/ros_robot_controller) by extensions ['colcon_meta']
[0.338s] [34mcolcon.colcon_core.package_identification[0m [1;30mLevel 1[0m _identify(src/driver/ros_robot_controller) by extension 'colcon_meta'
[0.338s] [34mcolcon.colcon_core.package_identification[0m [1;30mLevel 1[0m _identify(src/driver/ros_robot_controller) by extensions ['ros']
[0.338s] [34mcolcon.colcon_core.package_identification[0m [1;30mLevel 1[0m _identify(src/driver/ros_robot_controller) by extension 'ros'
[0.342s] [34mcolcon.colcon_core.package_identification[0m [1;30mDEBUG[0m [32mPackage 'src/driver/ros_robot_controller' with type 'ros.ament_python' and name 'ros_robot_controller'[0m
[0.342s] [34mcolcon.colcon_core.package_identification[0m [1;30mLevel 1[0m _identify(src/driver/ros_robot_controller_msgs) by extensions ['ignore', 'ignore_ament_install']
[0.342s] [34mcolcon.colcon_core.package_identification[0m [1;30mLevel 1[0m _identify(src/driver/ros_robot_controller_msgs) by extension 'ignore'
[0.342s] [34mcolcon.colcon_core.package_identification[0m [1;30mLevel 1[0m _identify(src/driver/ros_robot_controller_msgs) by extension 'ignore_ament_install'
[0.342s] [34mcolcon.colcon_core.package_identification[0m [1;30mLevel 1[0m _identify(src/driver/ros_robot_controller_msgs) by extensions ['colcon_pkg']
[0.342s] [34mcolcon.colcon_core.package_identification[0m [1;30mLevel 1[0m _identify(src/driver/ros_robot_controller_msgs) by extension 'colcon_pkg'
[0.342s] [34mcolcon.colcon_core.package_identification[0m [1;30mLevel 1[0m _identify(src/driver/ros_robot_controller_msgs) by extensions ['colcon_meta']
[0.342s] [34mcolcon.colcon_core.package_identification[0m [1;30mLevel 1[0m _identify(src/driver/ros_robot_controller_msgs) by extension 'colcon_meta'
[0.342s] [34mcolcon.colcon_core.package_identification[0m [1;30mLevel 1[0m _identify(src/driver/ros_robot_controller_msgs) by extensions ['ros']
[0.342s] [34mcolcon.colcon_core.package_identification[0m [1;30mLevel 1[0m _identify(src/driver/ros_robot_controller_msgs) by extension 'ros'
[0.343s] [34mcolcon.colcon_core.package_identification[0m [1;30mDEBUG[0m [32mPackage 'src/driver/ros_robot_controller_msgs' with type 'ros.ament_cmake' and name 'ros_robot_controller_msgs'[0m
[0.344s] [34mcolcon.colcon_core.package_identification[0m [1;30mLevel 1[0m _identify(src/driver/speed_control_msgs) by extensions ['ignore', 'ignore_ament_install']
[0.344s] [34mcolcon.colcon_core.package_identification[0m [1;30mLevel 1[0m _identify(src/driver/speed_control_msgs) by extension 'ignore'
[0.344s] [34mcolcon.colcon_core.package_identification[0m [1;30mLevel 1[0m _identify(src/driver/speed_control_msgs) by extension 'ignore_ament_install'
[0.344s] [34mcolcon.colcon_core.package_identification[0m [1;30mLevel 1[0m _identify(src/driver/speed_control_msgs) by extensions ['colcon_pkg']
[0.344s] [34mcolcon.colcon_core.package_identification[0m [1;30mLevel 1[0m _identify(src/driver/speed_control_msgs) by extension 'colcon_pkg'
[0.344s] [34mcolcon.colcon_core.package_identification[0m [1;30mLevel 1[0m _identify(src/driver/speed_control_msgs) by extensions ['colcon_meta']
[0.344s] [34mcolcon.colcon_core.package_identification[0m [1;30mLevel 1[0m _identify(src/driver/speed_control_msgs) by extension 'colcon_meta'
[0.344s] [34mcolcon.colcon_core.package_identification[0m [1;30mLevel 1[0m _identify(src/driver/speed_control_msgs) by extensions ['ros']
[0.344s] [34mcolcon.colcon_core.package_identification[0m [1;30mLevel 1[0m _identify(src/driver/speed_control_msgs) by extension 'ros'
[0.345s] [34mcolcon.colcon_core.package_identification[0m [1;30mDEBUG[0m [32mPackage 'src/driver/speed_control_msgs' with type 'ros.ament_cmake' and name 'speed_control_msgs'[0m
[0.345s] [34mcolcon.colcon_core.package_identification[0m [1;30mLevel 1[0m _identify(src/peripherals) by extensions ['ignore', 'ignore_ament_install']
[0.345s] [34mcolcon.colcon_core.package_identification[0m [1;30mLevel 1[0m _identify(src/peripherals) by extension 'ignore'
[0.345s] [34mcolcon.colcon_core.package_identification[0m [1;30mLevel 1[0m _identify(src/peripherals) by extension 'ignore_ament_install'
[0.345s] [34mcolcon.colcon_core.package_identification[0m [1;30mLevel 1[0m _identify(src/peripherals) by extensions ['colcon_pkg']
[0.345s] [34mcolcon.colcon_core.package_identification[0m [1;30mLevel 1[0m _identify(src/peripherals) by extension 'colcon_pkg'
[0.345s] [34mcolcon.colcon_core.package_identification[0m [1;30mLevel 1[0m _identify(src/peripherals) by extensions ['colcon_meta']
[0.345s] [34mcolcon.colcon_core.package_identification[0m [1;30mLevel 1[0m _identify(src/peripherals) by extension 'colcon_meta'
[0.345s] [34mcolcon.colcon_core.package_identification[0m [1;30mLevel 1[0m _identify(src/peripherals) by extensions ['ros']
[0.345s] [34mcolcon.colcon_core.package_identification[0m [1;30mLevel 1[0m _identify(src/peripherals) by extension 'ros'
[0.347s] [34mcolcon.colcon_core.package_identification[0m [1;30mDEBUG[0m [32mPackage 'src/peripherals' with type 'ros.ament_cmake' and name 'smart_car_core_demo'[0m
[0.347s] [34mcolcon.colcon_core.package_discovery[0m [1;30mLevel 1[0m discover_packages(recursive) using defaults
[0.347s] [34mcolcon.colcon_core.package_discovery[0m [1;30mLevel 1[0m discover_packages(ignore) discover
[0.347s] [34mcolcon.colcon_core.package_discovery[0m [1;30mLevel 1[0m discover_packages(ignore) using defaults
[0.347s] [34mcolcon.colcon_core.package_discovery[0m [1;30mLevel 1[0m discover_packages(path) discover
[0.347s] [34mcolcon.colcon_core.package_discovery[0m [1;30mLevel 1[0m discover_packages(path) using defaults
[0.377s] [34mcolcon.colcon_core.verb[0m [1;30mLevel 5[0m set package 'ros_robot_controller' build argument 'cmake_args' from command line to 'None'
[0.377s] [34mcolcon.colcon_core.verb[0m [1;30mLevel 5[0m set package 'ros_robot_controller' build argument 'cmake_target' from command line to 'None'
[0.377s] [34mcolcon.colcon_core.verb[0m [1;30mLevel 5[0m set package 'ros_robot_controller' build argument 'cmake_target_skip_unavailable' from command line to 'False'
[0.377s] [34mcolcon.colcon_core.verb[0m [1;30mLevel 5[0m set package 'ros_robot_controller' build argument 'cmake_clean_cache' from command line to 'False'
[0.377s] [34mcolcon.colcon_core.verb[0m [1;30mLevel 5[0m set package 'ros_robot_controller' build argument 'cmake_clean_first' from command line to 'False'
[0.377s] [34mcolcon.colcon_core.verb[0m [1;30mLevel 5[0m set package 'ros_robot_controller' build argument 'cmake_force_configure' from command line to 'False'
[0.377s] [34mcolcon.colcon_core.verb[0m [1;30mLevel 5[0m set package 'ros_robot_controller' build argument 'ament_cmake_args' from command line to 'None'
[0.377s] [34mcolcon.colcon_core.verb[0m [1;30mLevel 5[0m set package 'ros_robot_controller' build argument 'catkin_cmake_args' from command line to 'None'
[0.377s] [34mcolcon.colcon_core.verb[0m [1;30mLevel 5[0m set package 'ros_robot_controller' build argument 'catkin_skip_building_tests' from command line to 'False'
[0.377s] [34mcolcon.colcon_core.verb[0m [1;30mDEBUG[0m [32mBuilding package 'ros_robot_controller' with the following arguments: {'ament_cmake_args': None, 'build_base': '/home/ubuntu/ros2_wsorincp/build/ros_robot_controller', 'catkin_cmake_args': None, 'catkin_skip_building_tests': False, 'cmake_args': None, 'cmake_clean_cache': False, 'cmake_clean_first': False, 'cmake_force_configure': False, 'cmake_target': None, 'cmake_target_skip_unavailable': False, 'install_base': '/home/ubuntu/ros2_wsorincp/install/ros_robot_controller', 'merge_install': False, 'path': '/home/ubuntu/ros2_wsorincp/src/driver/ros_robot_controller', 'symlink_install': False, 'test_result_base': None}[0m
[0.378s] [34mcolcon.colcon_core.verb[0m [1;30mLevel 5[0m set package 'ros_robot_controller_msgs' build argument 'cmake_args' from command line to 'None'
[0.378s] [34mcolcon.colcon_core.verb[0m [1;30mLevel 5[0m set package 'ros_robot_controller_msgs' build argument 'cmake_target' from command line to 'None'
[0.378s] [34mcolcon.colcon_core.verb[0m [1;30mLevel 5[0m set package 'ros_robot_controller_msgs' build argument 'cmake_target_skip_unavailable' from command line to 'False'
[0.378s] [34mcolcon.colcon_core.verb[0m [1;30mLevel 5[0m set package 'ros_robot_controller_msgs' build argument 'cmake_clean_cache' from command line to 'False'
[0.378s] [34mcolcon.colcon_core.verb[0m [1;30mLevel 5[0m set package 'ros_robot_controller_msgs' build argument 'cmake_clean_first' from command line to 'False'
[0.378s] [34mcolcon.colcon_core.verb[0m [1;30mLevel 5[0m set package 'ros_robot_controller_msgs' build argument 'cmake_force_configure' from command line to 'False'
[0.378s] [34mcolcon.colcon_core.verb[0m [1;30mLevel 5[0m set package 'ros_robot_controller_msgs' build argument 'ament_cmake_args' from command line to 'None'
[0.378s] [34mcolcon.colcon_core.verb[0m [1;30mLevel 5[0m set package 'ros_robot_controller_msgs' build argument 'catkin_cmake_args' from command line to 'None'
[0.378s] [34mcolcon.colcon_core.verb[0m [1;30mLevel 5[0m set package 'ros_robot_controller_msgs' build argument 'catkin_skip_building_tests' from command line to 'False'
[0.378s] [34mcolcon.colcon_core.verb[0m [1;30mDEBUG[0m [32mBuilding package 'ros_robot_controller_msgs' with the following arguments: {'ament_cmake_args': None, 'build_base': '/home/ubuntu/ros2_wsorincp/build/ros_robot_controller_msgs', 'catkin_cmake_args': None, 'catkin_skip_building_tests': False, 'cmake_args': None, 'cmake_clean_cache': False, 'cmake_clean_first': False, 'cmake_force_configure': False, 'cmake_target': None, 'cmake_target_skip_unavailable': False, 'install_base': '/home/ubuntu/ros2_wsorincp/install/ros_robot_controller_msgs', 'merge_install': False, 'path': '/home/ubuntu/ros2_wsorincp/src/driver/ros_robot_controller_msgs', 'symlink_install': False, 'test_result_base': None}[0m
[0.378s] [34mcolcon.colcon_core.verb[0m [1;30mLevel 5[0m set package 'smart_car_core_demo' build argument 'cmake_args' from command line to 'None'
[0.378s] [34mcolcon.colcon_core.verb[0m [1;30mLevel 5[0m set package 'smart_car_core_demo' build argument 'cmake_target' from command line to 'None'
[0.378s] [34mcolcon.colcon_core.verb[0m [1;30mLevel 5[0m set package 'smart_car_core_demo' build argument 'cmake_target_skip_unavailable' from command line to 'False'
[0.378s] [34mcolcon.colcon_core.verb[0m [1;30mLevel 5[0m set package 'smart_car_core_demo' build argument 'cmake_clean_cache' from command line to 'False'
[0.378s] [34mcolcon.colcon_core.verb[0m [1;30mLevel 5[0m set package 'smart_car_core_demo' build argument 'cmake_clean_first' from command line to 'False'
[0.378s] [34mcolcon.colcon_core.verb[0m [1;30mLevel 5[0m set package 'smart_car_core_demo' build argument 'cmake_force_configure' from command line to 'False'
[0.379s] [34mcolcon.colcon_core.verb[0m [1;30mLevel 5[0m set package 'smart_car_core_demo' build argument 'ament_cmake_args' from command line to 'None'
[0.379s] [34mcolcon.colcon_core.verb[0m [1;30mLevel 5[0m set package 'smart_car_core_demo' build argument 'catkin_cmake_args' from command line to 'None'
[0.379s] [34mcolcon.colcon_core.verb[0m [1;30mLevel 5[0m set package 'smart_car_core_demo' build argument 'catkin_skip_building_tests' from command line to 'False'
[0.379s] [34mcolcon.colcon_core.verb[0m [1;30mDEBUG[0m [32mBuilding package 'smart_car_core_demo' with the following arguments: {'ament_cmake_args': None, 'build_base': '/home/ubuntu/ros2_wsorincp/build/smart_car_core_demo', 'catkin_cmake_args': None, 'catkin_skip_building_tests': False, 'cmake_args': None, 'cmake_clean_cache': False, 'cmake_clean_first': False, 'cmake_force_configure': False, 'cmake_target': None, 'cmake_target_skip_unavailable': False, 'install_base': '/home/ubuntu/ros2_wsorincp/install/smart_car_core_demo', 'merge_install': False, 'path': '/home/ubuntu/ros2_wsorincp/src/peripherals', 'symlink_install': False, 'test_result_base': None}[0m
[0.379s] [34mcolcon.colcon_core.verb[0m [1;30mLevel 5[0m set package 'speed_control_msgs' build argument 'cmake_args' from command line to 'None'
[0.379s] [34mcolcon.colcon_core.verb[0m [1;30mLevel 5[0m set package 'speed_control_msgs' build argument 'cmake_target' from command line to 'None'
[0.379s] [34mcolcon.colcon_core.verb[0m [1;30mLevel 5[0m set package 'speed_control_msgs' build argument 'cmake_target_skip_unavailable' from command line to 'False'
[0.379s] [34mcolcon.colcon_core.verb[0m [1;30mLevel 5[0m set package 'speed_control_msgs' build argument 'cmake_clean_cache' from command line to 'False'
[0.379s] [34mcolcon.colcon_core.verb[0m [1;30mLevel 5[0m set package 'speed_control_msgs' build argument 'cmake_clean_first' from command line to 'False'
[0.379s] [34mcolcon.colcon_core.verb[0m [1;30mLevel 5[0m set package 'speed_control_msgs' build argument 'cmake_force_configure' from command line to 'False'
[0.379s] [34mcolcon.colcon_core.verb[0m [1;30mLevel 5[0m set package 'speed_control_msgs' build argument 'ament_cmake_args' from command line to 'None'
[0.379s] [34mcolcon.colcon_core.verb[0m [1;30mLevel 5[0m set package 'speed_control_msgs' build argument 'catkin_cmake_args' from command line to 'None'
[0.379s] [34mcolcon.colcon_core.verb[0m [1;30mLevel 5[0m set package 'speed_control_msgs' build argument 'catkin_skip_building_tests' from command line to 'False'
[0.379s] [34mcolcon.colcon_core.verb[0m [1;30mDEBUG[0m [32mBuilding package 'speed_control_msgs' with the following arguments: {'ament_cmake_args': None, 'build_base': '/home/ubuntu/ros2_wsorincp/build/speed_control_msgs', 'catkin_cmake_args': None, 'catkin_skip_building_tests': False, 'cmake_args': None, 'cmake_clean_cache': False, 'cmake_clean_first': False, 'cmake_force_configure': False, 'cmake_target': None, 'cmake_target_skip_unavailable': False, 'install_base': '/home/ubuntu/ros2_wsorincp/install/speed_control_msgs', 'merge_install': False, 'path': '/home/ubuntu/ros2_wsorincp/src/driver/speed_control_msgs', 'symlink_install': False, 'test_result_base': None}[0m
[0.379s] [34mcolcon.colcon_core.executor[0m [1;30mINFO[0m Executing jobs using 'parallel' executor
[0.381s] [34mcolcon.colcon_parallel_executor.executor.parallel[0m [1;30mDEBUG[0m [32mrun_until_complete[0m
[0.381s] [34mcolcon.colcon_ros.task.ament_python.build[0m [1;30mINFO[0m Building ROS package in '/home/ubuntu/ros2_wsorincp/src/driver/ros_robot_controller' with build type 'ament_python'
[0.381s] [34mcolcon.colcon_core.shell[0m [1;30mLevel 1[0m create_environment_hook('ros_robot_controller', 'ament_prefix_path')
[0.385s] [34mcolcon.colcon_core.plugin_system[0m [1;30mINFO[0m Skipping extension 'colcon_core.shell.bat': Not used on non-Windows systems
[0.385s] [34mcolcon.colcon_core.shell[0m [1;30mINFO[0m Creating environment hook '/home/ubuntu/ros2_wsorincp/install/ros_robot_controller/share/ros_robot_controller/hook/ament_prefix_path.ps1'
[0.386s] [34mcolcon.colcon_core.shell[0m [1;30mINFO[0m Creating environment descriptor '/home/ubuntu/ros2_wsorincp/install/ros_robot_controller/share/ros_robot_controller/hook/ament_prefix_path.dsv'
[0.388s] [34mcolcon.colcon_core.shell[0m [1;30mINFO[0m Creating environment hook '/home/ubuntu/ros2_wsorincp/install/ros_robot_controller/share/ros_robot_controller/hook/ament_prefix_path.sh'
[0.388s] [34mcolcon.colcon_core.shell[0m [1;30mINFO[0m Skip shell extension 'powershell' for command environment: Not usable outside of PowerShell
[0.389s] [34mcolcon.colcon_core.shell[0m [1;30mDEBUG[0m [32mSkip shell extension 'dsv' for command environment[0m
[0.398s] [34mcolcon.colcon_ros.task.ament_cmake.build[0m [1;30mINFO[0m Building ROS package in '/home/ubuntu/ros2_wsorincp/src/driver/ros_robot_controller_msgs' with build type 'ament_cmake'
[0.398s] [34mcolcon.colcon_cmake.task.cmake.build[0m [1;30mINFO[0m Building CMake package in '/home/ubuntu/ros2_wsorincp/src/driver/ros_robot_controller_msgs'
[0.399s] [34mcolcon.colcon_core.shell[0m [1;30mINFO[0m Skip shell extension 'powershell' for command environment: Not usable outside of PowerShell
[0.399s] [34mcolcon.colcon_core.shell[0m [1;30mDEBUG[0m [32mSkip shell extension 'dsv' for command environment[0m
[0.417s] [34mcolcon.colcon_ros.task.ament_cmake.build[0m [1;30mINFO[0m Building ROS package in '/home/ubuntu/ros2_wsorincp/src/peripherals' with build type 'ament_cmake'
[0.418s] [34mcolcon.colcon_cmake.task.cmake.build[0m [1;30mINFO[0m Building CMake package in '/home/ubuntu/ros2_wsorincp/src/peripherals'
[0.419s] [34mcolcon.colcon_core.shell[0m [1;30mINFO[0m Skip shell extension 'powershell' for command environment: Not usable outside of PowerShell
[0.420s] [34mcolcon.colcon_core.shell[0m [1;30mDEBUG[0m [32mSkip shell extension 'dsv' for command environment[0m
[0.445s] [34mcolcon.colcon_ros.task.ament_cmake.build[0m [1;30mINFO[0m Building ROS package in '/home/ubuntu/ros2_wsorincp/src/driver/speed_control_msgs' with build type 'ament_cmake'
[0.445s] [34mcolcon.colcon_cmake.task.cmake.build[0m [1;30mINFO[0m Building CMake package in '/home/ubuntu/ros2_wsorincp/src/driver/speed_control_msgs'
[0.446s] [34mcolcon.colcon_core.shell[0m [1;30mINFO[0m Skip shell extension 'powershell' for command environment: Not usable outside of PowerShell
[0.446s] [34mcolcon.colcon_core.shell[0m [1;30mDEBUG[0m [32mSkip shell extension 'dsv' for command environment[0m
[1.021s] [34mcolcon.colcon_core.task.python.build[0m [1;30mINFO[0m Building Python package in '/home/ubuntu/ros2_wsorincp/src/driver/ros_robot_controller'
[1.022s] [34mcolcon.colcon_core.shell[0m [1;30mINFO[0m Skip shell extension 'powershell' for command environment: Not usable outside of PowerShell
[1.022s] [34mcolcon.colcon_core.shell[0m [1;30mDEBUG[0m [32mSkip shell extension 'dsv' for command environment[0m
[1.049s] [34mcolcon.colcon_core.event_handler.log_command[0m [1;30mDEBUG[0m [32mInvoking command in '/home/ubuntu/ros2_wsorincp/build/ros_robot_controller_msgs': CMAKE_PREFIX_PATH=/home/ubuntu/ros2_wsorincp/install/speed_control_msgs:/home/ubuntu/ros2_wsorincp/install/ros_robot_controller_msgs:/home/ubuntu/third_party_ros2/orbbec_ws/install/orbbec_description:/home/ubuntu/third_party_ros2/orbbec_ws/install/orbbec_camera:/home/ubuntu/third_party_ros2/orbbec_ws/install/orbbec_camera_msgs:/home/ubuntu/third_party_ros2/third_party_ws/install/ydlidar_ros2_driver:/home/ubuntu/third_party_ros2/third_party_ws/install/web_video_server:/home/ubuntu/third_party_ros2/third_party_ws/install/teb_local_planner:/home/ubuntu/third_party_ros2/third_party_ws/install/teb_msgs:/home/ubuntu/third_party_ros2/third_party_ws/install/sllidar_ros2:/home/ubuntu/third_party_ros2/third_party_ws/install/rf2o_laser_odometry:/home/ubuntu/third_party_ros2/third_party_ws/install/ldlidar_stl_ros2:/home/ubuntu/third_party_ros2/third_party_ws/install/laser_filters:/home/ubuntu/third_party_ros2/third_party_ws/install/imu_calib:/home/ubuntu/third_party_ros2/third_party_ws/install/costmap_converter:/home/ubuntu/third_party_ros2/third_party_ws/install/costmap_converter_msgs:/home/ubuntu/ros2_wsorincp/install/ros_robot_controller:/home/ubuntu/ros2_ws/install/yolov5_ros2:/home/ubuntu/ros2_ws/install/slam:/home/ubuntu/ros2_ws/install/servo_controller:/home/ubuntu/ros2_ws/install/sdk:/home/ubuntu/ros2_ws/install/ros_robot_controller:/home/ubuntu/ros2_ws/install/peripherals:/home/ubuntu/ros2_ws/install/navigation:/home/ubuntu/ros2_ws/install/kinematics:/home/ubuntu/ros2_ws/install/jetrover_description:/home/ubuntu/ros2_ws/install/example:/home/ubuntu/ros2_ws/install/controller:/home/ubuntu/ros2_ws/install/calibration:/home/ubuntu/ros2_ws/install/bringup:/home/ubuntu/ros2_ws/install/app:/opt/ros/humble:/home/ubuntu/third_party_ros2/third_party_ws/install/async_web_server_cpp:/home/ubuntu/third_party_ros2/third_party_ws/install/ascamera_listener:/home/ubuntu/third_party_ros2/third_party_ws/install/apriltag_ros:/home/ubuntu/third_party_ros2/third_party_ws/install/apriltag_msgs:/home/ubuntu/ros2_ws/install/xf_mic_asr_offline:/home/ubuntu/ros2_ws/install/xf_mic_asr_offline_msgs:/home/ubuntu/ros2_ws/install/servo_controller_msgs:/home/ubuntu/ros2_ws/install/ros_robot_controller_msgs:/home/ubuntu/ros2_ws/install/kinematics_msgs:/home/ubuntu/ros2_ws/install/interfaces /usr/bin/cmake --build /home/ubuntu/ros2_wsorincp/build/ros_robot_controller_msgs -- -j4 -l4[0m
[1.069s] [34mcolcon.colcon_core.event_handler.log_command[0m [1;30mDEBUG[0m [32mInvoking command in '/home/ubuntu/ros2_wsorincp/build/smart_car_core_demo': CMAKE_PREFIX_PATH=/home/ubuntu/ros2_wsorincp/install/speed_control_msgs:/home/ubuntu/ros2_wsorincp/install/ros_robot_controller_msgs:/home/ubuntu/third_party_ros2/orbbec_ws/install/orbbec_description:/home/ubuntu/third_party_ros2/orbbec_ws/install/orbbec_camera:/home/ubuntu/third_party_ros2/orbbec_ws/install/orbbec_camera_msgs:/home/ubuntu/third_party_ros2/third_party_ws/install/ydlidar_ros2_driver:/home/ubuntu/third_party_ros2/third_party_ws/install/web_video_server:/home/ubuntu/third_party_ros2/third_party_ws/install/teb_local_planner:/home/ubuntu/third_party_ros2/third_party_ws/install/teb_msgs:/home/ubuntu/third_party_ros2/third_party_ws/install/sllidar_ros2:/home/ubuntu/third_party_ros2/third_party_ws/install/rf2o_laser_odometry:/home/ubuntu/third_party_ros2/third_party_ws/install/ldlidar_stl_ros2:/home/ubuntu/third_party_ros2/third_party_ws/install/laser_filters:/home/ubuntu/third_party_ros2/third_party_ws/install/imu_calib:/home/ubuntu/third_party_ros2/third_party_ws/install/costmap_converter:/home/ubuntu/third_party_ros2/third_party_ws/install/costmap_converter_msgs:/home/ubuntu/ros2_wsorincp/install/ros_robot_controller:/home/ubuntu/ros2_ws/install/yolov5_ros2:/home/ubuntu/ros2_ws/install/slam:/home/ubuntu/ros2_ws/install/servo_controller:/home/ubuntu/ros2_ws/install/sdk:/home/ubuntu/ros2_ws/install/ros_robot_controller:/home/ubuntu/ros2_ws/install/peripherals:/home/ubuntu/ros2_ws/install/navigation:/home/ubuntu/ros2_ws/install/kinematics:/home/ubuntu/ros2_ws/install/jetrover_description:/home/ubuntu/ros2_ws/install/example:/home/ubuntu/ros2_ws/install/controller:/home/ubuntu/ros2_ws/install/calibration:/home/ubuntu/ros2_ws/install/bringup:/home/ubuntu/ros2_ws/install/app:/opt/ros/humble:/home/ubuntu/third_party_ros2/third_party_ws/install/async_web_server_cpp:/home/ubuntu/third_party_ros2/third_party_ws/install/ascamera_listener:/home/ubuntu/third_party_ros2/third_party_ws/install/apriltag_ros:/home/ubuntu/third_party_ros2/third_party_ws/install/apriltag_msgs:/home/ubuntu/ros2_ws/install/xf_mic_asr_offline:/home/ubuntu/ros2_ws/install/xf_mic_asr_offline_msgs:/home/ubuntu/ros2_ws/install/servo_controller_msgs:/home/ubuntu/ros2_ws/install/ros_robot_controller_msgs:/home/ubuntu/ros2_ws/install/kinematics_msgs:/home/ubuntu/ros2_ws/install/interfaces /usr/bin/cmake /home/ubuntu/ros2_wsorincp/src/peripherals -DCMAKE_INSTALL_PREFIX=/home/ubuntu/ros2_wsorincp/install/smart_car_core_demo[0m
[1.093s] [34mcolcon.colcon_core.event_handler.log_command[0m [1;30mDEBUG[0m [32mInvoking command in '/home/ubuntu/ros2_wsorincp/build/speed_control_msgs': CMAKE_PREFIX_PATH=/home/ubuntu/ros2_wsorincp/install/speed_control_msgs:/home/ubuntu/ros2_wsorincp/install/ros_robot_controller_msgs:/home/ubuntu/third_party_ros2/orbbec_ws/install/orbbec_description:/home/ubuntu/third_party_ros2/orbbec_ws/install/orbbec_camera:/home/ubuntu/third_party_ros2/orbbec_ws/install/orbbec_camera_msgs:/home/ubuntu/third_party_ros2/third_party_ws/install/ydlidar_ros2_driver:/home/ubuntu/third_party_ros2/third_party_ws/install/web_video_server:/home/ubuntu/third_party_ros2/third_party_ws/install/teb_local_planner:/home/ubuntu/third_party_ros2/third_party_ws/install/teb_msgs:/home/ubuntu/third_party_ros2/third_party_ws/install/sllidar_ros2:/home/ubuntu/third_party_ros2/third_party_ws/install/rf2o_laser_odometry:/home/ubuntu/third_party_ros2/third_party_ws/install/ldlidar_stl_ros2:/home/ubuntu/third_party_ros2/third_party_ws/install/laser_filters:/home/ubuntu/third_party_ros2/third_party_ws/install/imu_calib:/home/ubuntu/third_party_ros2/third_party_ws/install/costmap_converter:/home/ubuntu/third_party_ros2/third_party_ws/install/costmap_converter_msgs:/home/ubuntu/ros2_wsorincp/install/ros_robot_controller:/home/ubuntu/ros2_ws/install/yolov5_ros2:/home/ubuntu/ros2_ws/install/slam:/home/ubuntu/ros2_ws/install/servo_controller:/home/ubuntu/ros2_ws/install/sdk:/home/ubuntu/ros2_ws/install/ros_robot_controller:/home/ubuntu/ros2_ws/install/peripherals:/home/ubuntu/ros2_ws/install/navigation:/home/ubuntu/ros2_ws/install/kinematics:/home/ubuntu/ros2_ws/install/jetrover_description:/home/ubuntu/ros2_ws/install/example:/home/ubuntu/ros2_ws/install/controller:/home/ubuntu/ros2_ws/install/calibration:/home/ubuntu/ros2_ws/install/bringup:/home/ubuntu/ros2_ws/install/app:/opt/ros/humble:/home/ubuntu/third_party_ros2/third_party_ws/install/async_web_server_cpp:/home/ubuntu/third_party_ros2/third_party_ws/install/ascamera_listener:/home/ubuntu/third_party_ros2/third_party_ws/install/apriltag_ros:/home/ubuntu/third_party_ros2/third_party_ws/install/apriltag_msgs:/home/ubuntu/ros2_ws/install/xf_mic_asr_offline:/home/ubuntu/ros2_ws/install/xf_mic_asr_offline_msgs:/home/ubuntu/ros2_ws/install/servo_controller_msgs:/home/ubuntu/ros2_ws/install/ros_robot_controller_msgs:/home/ubuntu/ros2_ws/install/kinematics_msgs:/home/ubuntu/ros2_ws/install/interfaces /usr/bin/cmake --build /home/ubuntu/ros2_wsorincp/build/speed_control_msgs -- -j4 -l4[0m
[3.231s] [34mcolcon.colcon_core.event_handler.log_command[0m [1;30mDEBUG[0m [32mInvoked command in '/home/ubuntu/ros2_wsorincp/build/speed_control_msgs' returned '0': CMAKE_PREFIX_PATH=/home/ubuntu/ros2_wsorincp/install/speed_control_msgs:/home/ubuntu/ros2_wsorincp/install/ros_robot_controller_msgs:/home/ubuntu/third_party_ros2/orbbec_ws/install/orbbec_description:/home/ubuntu/third_party_ros2/orbbec_ws/install/orbbec_camera:/home/ubuntu/third_party_ros2/orbbec_ws/install/orbbec_camera_msgs:/home/ubuntu/third_party_ros2/third_party_ws/install/ydlidar_ros2_driver:/home/ubuntu/third_party_ros2/third_party_ws/install/web_video_server:/home/ubuntu/third_party_ros2/third_party_ws/install/teb_local_planner:/home/ubuntu/third_party_ros2/third_party_ws/install/teb_msgs:/home/ubuntu/third_party_ros2/third_party_ws/install/sllidar_ros2:/home/ubuntu/third_party_ros2/third_party_ws/install/rf2o_laser_odometry:/home/ubuntu/third_party_ros2/third_party_ws/install/ldlidar_stl_ros2:/home/ubuntu/third_party_ros2/third_party_ws/install/laser_filters:/home/ubuntu/third_party_ros2/third_party_ws/install/imu_calib:/home/ubuntu/third_party_ros2/third_party_ws/install/costmap_converter:/home/ubuntu/third_party_ros2/third_party_ws/install/costmap_converter_msgs:/home/ubuntu/ros2_wsorincp/install/ros_robot_controller:/home/ubuntu/ros2_ws/install/yolov5_ros2:/home/ubuntu/ros2_ws/install/slam:/home/ubuntu/ros2_ws/install/servo_controller:/home/ubuntu/ros2_ws/install/sdk:/home/ubuntu/ros2_ws/install/ros_robot_controller:/home/ubuntu/ros2_ws/install/peripherals:/home/ubuntu/ros2_ws/install/navigation:/home/ubuntu/ros2_ws/install/kinematics:/home/ubuntu/ros2_ws/install/jetrover_description:/home/ubuntu/ros2_ws/install/example:/home/ubuntu/ros2_ws/install/controller:/home/ubuntu/ros2_ws/install/calibration:/home/ubuntu/ros2_ws/install/bringup:/home/ubuntu/ros2_ws/install/app:/opt/ros/humble:/home/ubuntu/third_party_ros2/third_party_ws/install/async_web_server_cpp:/home/ubuntu/third_party_ros2/third_party_ws/install/ascamera_listener:/home/ubuntu/third_party_ros2/third_party_ws/install/apriltag_ros:/home/ubuntu/third_party_ros2/third_party_ws/install/apriltag_msgs:/home/ubuntu/ros2_ws/install/xf_mic_asr_offline:/home/ubuntu/ros2_ws/install/xf_mic_asr_offline_msgs:/home/ubuntu/ros2_ws/install/servo_controller_msgs:/home/ubuntu/ros2_ws/install/ros_robot_controller_msgs:/home/ubuntu/ros2_ws/install/kinematics_msgs:/home/ubuntu/ros2_ws/install/interfaces /usr/bin/cmake --build /home/ubuntu/ros2_wsorincp/build/speed_control_msgs -- -j4 -l4[0m
[3.532s] [34mcolcon.colcon_core.event_handler.log_command[0m [1;30mDEBUG[0m [32mInvoking command in '/home/ubuntu/ros2_wsorincp/build/speed_control_msgs': CMAKE_PREFIX_PATH=/home/ubuntu/ros2_wsorincp/install/speed_control_msgs:/home/ubuntu/ros2_wsorincp/install/ros_robot_controller_msgs:/home/ubuntu/third_party_ros2/orbbec_ws/install/orbbec_description:/home/ubuntu/third_party_ros2/orbbec_ws/install/orbbec_camera:/home/ubuntu/third_party_ros2/orbbec_ws/install/orbbec_camera_msgs:/home/ubuntu/third_party_ros2/third_party_ws/install/ydlidar_ros2_driver:/home/ubuntu/third_party_ros2/third_party_ws/install/web_video_server:/home/ubuntu/third_party_ros2/third_party_ws/install/teb_local_planner:/home/ubuntu/third_party_ros2/third_party_ws/install/teb_msgs:/home/ubuntu/third_party_ros2/third_party_ws/install/sllidar_ros2:/home/ubuntu/third_party_ros2/third_party_ws/install/rf2o_laser_odometry:/home/ubuntu/third_party_ros2/third_party_ws/install/ldlidar_stl_ros2:/home/ubuntu/third_party_ros2/third_party_ws/install/laser_filters:/home/ubuntu/third_party_ros2/third_party_ws/install/imu_calib:/home/ubuntu/third_party_ros2/third_party_ws/install/costmap_converter:/home/ubuntu/third_party_ros2/third_party_ws/install/costmap_converter_msgs:/home/ubuntu/ros2_wsorincp/install/ros_robot_controller:/home/ubuntu/ros2_ws/install/yolov5_ros2:/home/ubuntu/ros2_ws/install/slam:/home/ubuntu/ros2_ws/install/servo_controller:/home/ubuntu/ros2_ws/install/sdk:/home/ubuntu/ros2_ws/install/ros_robot_controller:/home/ubuntu/ros2_ws/install/peripherals:/home/ubuntu/ros2_ws/install/navigation:/home/ubuntu/ros2_ws/install/kinematics:/home/ubuntu/ros2_ws/install/jetrover_description:/home/ubuntu/ros2_ws/install/example:/home/ubuntu/ros2_ws/install/controller:/home/ubuntu/ros2_ws/install/calibration:/home/ubuntu/ros2_ws/install/bringup:/home/ubuntu/ros2_ws/install/app:/opt/ros/humble:/home/ubuntu/third_party_ros2/third_party_ws/install/async_web_server_cpp:/home/ubuntu/third_party_ros2/third_party_ws/install/ascamera_listener:/home/ubuntu/third_party_ros2/third_party_ws/install/apriltag_ros:/home/ubuntu/third_party_ros2/third_party_ws/install/apriltag_msgs:/home/ubuntu/ros2_ws/install/xf_mic_asr_offline:/home/ubuntu/ros2_ws/install/xf_mic_asr_offline_msgs:/home/ubuntu/ros2_ws/install/servo_controller_msgs:/home/ubuntu/ros2_ws/install/ros_robot_controller_msgs:/home/ubuntu/ros2_ws/install/kinematics_msgs:/home/ubuntu/ros2_ws/install/interfaces /usr/bin/cmake --install /home/ubuntu/ros2_wsorincp/build/speed_control_msgs[0m
[3.574s] [34mcolcon.colcon_core.event_handler.log_command[0m [1;30mDEBUG[0m [32mInvoked command in '/home/ubuntu/ros2_wsorincp/build/ros_robot_controller_msgs' returned '0': CMAKE_PREFIX_PATH=/home/ubuntu/ros2_wsorincp/install/speed_control_msgs:/home/ubuntu/ros2_wsorincp/install/ros_robot_controller_msgs:/home/ubuntu/third_party_ros2/orbbec_ws/install/orbbec_description:/home/ubuntu/third_party_ros2/orbbec_ws/install/orbbec_camera:/home/ubuntu/third_party_ros2/orbbec_ws/install/orbbec_camera_msgs:/home/ubuntu/third_party_ros2/third_party_ws/install/ydlidar_ros2_driver:/home/ubuntu/third_party_ros2/third_party_ws/install/web_video_server:/home/ubuntu/third_party_ros2/third_party_ws/install/teb_local_planner:/home/ubuntu/third_party_ros2/third_party_ws/install/teb_msgs:/home/ubuntu/third_party_ros2/third_party_ws/install/sllidar_ros2:/home/ubuntu/third_party_ros2/third_party_ws/install/rf2o_laser_odometry:/home/ubuntu/third_party_ros2/third_party_ws/install/ldlidar_stl_ros2:/home/ubuntu/third_party_ros2/third_party_ws/install/laser_filters:/home/ubuntu/third_party_ros2/third_party_ws/install/imu_calib:/home/ubuntu/third_party_ros2/third_party_ws/install/costmap_converter:/home/ubuntu/third_party_ros2/third_party_ws/install/costmap_converter_msgs:/home/ubuntu/ros2_wsorincp/install/ros_robot_controller:/home/ubuntu/ros2_ws/install/yolov5_ros2:/home/ubuntu/ros2_ws/install/slam:/home/ubuntu/ros2_ws/install/servo_controller:/home/ubuntu/ros2_ws/install/sdk:/home/ubuntu/ros2_ws/install/ros_robot_controller:/home/ubuntu/ros2_ws/install/peripherals:/home/ubuntu/ros2_ws/install/navigation:/home/ubuntu/ros2_ws/install/kinematics:/home/ubuntu/ros2_ws/install/jetrover_description:/home/ubuntu/ros2_ws/install/example:/home/ubuntu/ros2_ws/install/controller:/home/ubuntu/ros2_ws/install/calibration:/home/ubuntu/ros2_ws/install/bringup:/home/ubuntu/ros2_ws/install/app:/opt/ros/humble:/home/ubuntu/third_party_ros2/third_party_ws/install/async_web_server_cpp:/home/ubuntu/third_party_ros2/third_party_ws/install/ascamera_listener:/home/ubuntu/third_party_ros2/third_party_ws/install/apriltag_ros:/home/ubuntu/third_party_ros2/third_party_ws/install/apriltag_msgs:/home/ubuntu/ros2_ws/install/xf_mic_asr_offline:/home/ubuntu/ros2_ws/install/xf_mic_asr_offline_msgs:/home/ubuntu/ros2_ws/install/servo_controller_msgs:/home/ubuntu/ros2_ws/install/ros_robot_controller_msgs:/home/ubuntu/ros2_ws/install/kinematics_msgs:/home/ubuntu/ros2_ws/install/interfaces /usr/bin/cmake --build /home/ubuntu/ros2_wsorincp/build/ros_robot_controller_msgs -- -j4 -l4[0m
[3.733s] [34mcolcon.colcon_core.event_handler.log_command[0m [1;30mDEBUG[0m [32mInvoking command in '/home/ubuntu/ros2_wsorincp/src/driver/ros_robot_controller': PYTHONPATH=/home/ubuntu/ros2_wsorincp/build/ros_robot_controller/prefix_override:/usr/lib/python3/dist-packages/colcon_core/task/python/colcon_distutils_commands:/home/ubuntu/ros2_wsorincp/install/ros_robot_controller/lib/python3.10/site-packages:${PYTHONPATH} /usr/bin/python3 -W ignore:setup.py install is deprecated setup.py egg_info --egg-base ../../../build/ros_robot_controller build --build-base /home/ubuntu/ros2_wsorincp/build/ros_robot_controller/build install --record /home/ubuntu/ros2_wsorincp/build/ros_robot_controller/install.log --single-version-externally-managed install_data[0m
[3.781s] [34mcolcon.colcon_core.environment[0m [1;30mLevel 1[0m create_environment_scripts_only(speed_control_msgs)
[3.785s] [34mcolcon.colcon_core.event_handler.log_command[0m [1;30mDEBUG[0m [32mInvoked command in '/home/ubuntu/ros2_wsorincp/build/speed_control_msgs' returned '0': CMAKE_PREFIX_PATH=/home/ubuntu/ros2_wsorincp/install/speed_control_msgs:/home/ubuntu/ros2_wsorincp/install/ros_robot_controller_msgs:/home/ubuntu/third_party_ros2/orbbec_ws/install/orbbec_description:/home/ubuntu/third_party_ros2/orbbec_ws/install/orbbec_camera:/home/ubuntu/third_party_ros2/orbbec_ws/install/orbbec_camera_msgs:/home/ubuntu/third_party_ros2/third_party_ws/install/ydlidar_ros2_driver:/home/ubuntu/third_party_ros2/third_party_ws/install/web_video_server:/home/ubuntu/third_party_ros2/third_party_ws/install/teb_local_planner:/home/ubuntu/third_party_ros2/third_party_ws/install/teb_msgs:/home/ubuntu/third_party_ros2/third_party_ws/install/sllidar_ros2:/home/ubuntu/third_party_ros2/third_party_ws/install/rf2o_laser_odometry:/home/ubuntu/third_party_ros2/third_party_ws/install/ldlidar_stl_ros2:/home/ubuntu/third_party_ros2/third_party_ws/install/laser_filters:/home/ubuntu/third_party_ros2/third_party_ws/install/imu_calib:/home/ubuntu/third_party_ros2/third_party_ws/install/costmap_converter:/home/ubuntu/third_party_ros2/third_party_ws/install/costmap_converter_msgs:/home/ubuntu/ros2_wsorincp/install/ros_robot_controller:/home/ubuntu/ros2_ws/install/yolov5_ros2:/home/ubuntu/ros2_ws/install/slam:/home/ubuntu/ros2_ws/install/servo_controller:/home/ubuntu/ros2_ws/install/sdk:/home/ubuntu/ros2_ws/install/ros_robot_controller:/home/ubuntu/ros2_ws/install/peripherals:/home/ubuntu/ros2_ws/install/navigation:/home/ubuntu/ros2_ws/install/kinematics:/home/ubuntu/ros2_ws/install/jetrover_description:/home/ubuntu/ros2_ws/install/example:/home/ubuntu/ros2_ws/install/controller:/home/ubuntu/ros2_ws/install/calibration:/home/ubuntu/ros2_ws/install/bringup:/home/ubuntu/ros2_ws/install/app:/opt/ros/humble:/home/ubuntu/third_party_ros2/third_party_ws/install/async_web_server_cpp:/home/ubuntu/third_party_ros2/third_party_ws/install/ascamera_listener:/home/ubuntu/third_party_ros2/third_party_ws/install/apriltag_ros:/home/ubuntu/third_party_ros2/third_party_ws/install/apriltag_msgs:/home/ubuntu/ros2_ws/install/xf_mic_asr_offline:/home/ubuntu/ros2_ws/install/xf_mic_asr_offline_msgs:/home/ubuntu/ros2_ws/install/servo_controller_msgs:/home/ubuntu/ros2_ws/install/ros_robot_controller_msgs:/home/ubuntu/ros2_ws/install/kinematics_msgs:/home/ubuntu/ros2_ws/install/interfaces /usr/bin/cmake --install /home/ubuntu/ros2_wsorincp/build/speed_control_msgs[0m
[3.786s] [34mcolcon.colcon_core.environment[0m [1;30mLevel 1[0m checking '/home/ubuntu/ros2_wsorincp/install/speed_control_msgs' for CMake module files
[3.787s] [34mcolcon.colcon_core.environment[0m [1;30mLevel 1[0m checking '/home/ubuntu/ros2_wsorincp/install/speed_control_msgs' for CMake config files
[3.788s] [34mcolcon.colcon_core.shell[0m [1;30mLevel 1[0m create_environment_hook('speed_control_msgs', 'cmake_prefix_path')
[3.788s] [34mcolcon.colcon_core.shell[0m [1;30mINFO[0m Creating environment hook '/home/ubuntu/ros2_wsorincp/install/speed_control_msgs/share/speed_control_msgs/hook/cmake_prefix_path.ps1'
[3.789s] [34mcolcon.colcon_core.shell[0m [1;30mINFO[0m Creating environment descriptor '/home/ubuntu/ros2_wsorincp/install/speed_control_msgs/share/speed_control_msgs/hook/cmake_prefix_path.dsv'
[3.789s] [34mcolcon.colcon_core.shell[0m [1;30mINFO[0m Creating environment hook '/home/ubuntu/ros2_wsorincp/install/speed_control_msgs/share/speed_control_msgs/hook/cmake_prefix_path.sh'
[3.791s] [34mcolcon.colcon_core.environment[0m [1;30mLevel 1[0m checking '/home/ubuntu/ros2_wsorincp/install/speed_control_msgs/lib'
[3.791s] [34mcolcon.colcon_core.shell[0m [1;30mLevel 1[0m create_environment_hook('speed_control_msgs', 'ld_library_path_lib')
[3.792s] [34mcolcon.colcon_core.shell[0m [1;30mINFO[0m Creating environment hook '/home/ubuntu/ros2_wsorincp/install/speed_control_msgs/share/speed_control_msgs/hook/ld_library_path_lib.ps1'
[3.792s] [34mcolcon.colcon_core.shell[0m [1;30mINFO[0m Creating environment descriptor '/home/ubuntu/ros2_wsorincp/install/speed_control_msgs/share/speed_control_msgs/hook/ld_library_path_lib.dsv'
[3.793s] [34mcolcon.colcon_core.shell[0m [1;30mINFO[0m Creating environment hook '/home/ubuntu/ros2_wsorincp/install/speed_control_msgs/share/speed_control_msgs/hook/ld_library_path_lib.sh'
[3.794s] [34mcolcon.colcon_core.environment[0m [1;30mLevel 1[0m checking '/home/ubuntu/ros2_wsorincp/install/speed_control_msgs/bin'
[3.794s] [34mcolcon.colcon_core.environment[0m [1;30mLevel 1[0m checking '/home/ubuntu/ros2_wsorincp/install/speed_control_msgs/lib/pkgconfig/speed_control_msgs.pc'
[3.794s] [34mcolcon.colcon_core.environment[0m [1;30mLevel 1[0m checking '/home/ubuntu/ros2_wsorincp/install/speed_control_msgs/lib/python3.10/site-packages'
[3.795s] [34mcolcon.colcon_core.environment[0m [1;30mLevel 1[0m checking '/home/ubuntu/ros2_wsorincp/install/speed_control_msgs/bin'
[3.795s] [34mcolcon.colcon_core.shell[0m [1;30mINFO[0m Creating package script '/home/ubuntu/ros2_wsorincp/install/speed_control_msgs/share/speed_control_msgs/package.ps1'
[3.797s] [34mcolcon.colcon_core.shell[0m [1;30mINFO[0m Creating package descriptor '/home/ubuntu/ros2_wsorincp/install/speed_control_msgs/share/speed_control_msgs/package.dsv'
[3.799s] [34mcolcon.colcon_core.shell[0m [1;30mINFO[0m Creating package script '/home/ubuntu/ros2_wsorincp/install/speed_control_msgs/share/speed_control_msgs/package.sh'
[3.800s] [34mcolcon.colcon_core.shell[0m [1;30mINFO[0m Creating package script '/home/ubuntu/ros2_wsorincp/install/speed_control_msgs/share/speed_control_msgs/package.bash'
[3.801s] [34mcolcon.colcon_core.shell[0m [1;30mINFO[0m Creating package script '/home/ubuntu/ros2_wsorincp/install/speed_control_msgs/share/speed_control_msgs/package.zsh'
[3.804s] [34mcolcon.colcon_core.environment[0m [1;30mLevel 1[0m create_file_with_runtime_dependencies(/home/ubuntu/ros2_wsorincp/install/speed_control_msgs/share/colcon-core/packages/speed_control_msgs)
[4.018s] [34mcolcon.colcon_core.environment[0m [1;30mLevel 1[0m create_environment_scripts_only(speed_control_msgs)
[4.018s] [34mcolcon.colcon_core.environment[0m [1;30mLevel 1[0m checking '/home/ubuntu/ros2_wsorincp/install/speed_control_msgs' for CMake module files
[4.019s] [34mcolcon.colcon_core.environment[0m [1;30mLevel 1[0m checking '/home/ubuntu/ros2_wsorincp/install/speed_control_msgs' for CMake config files
[4.020s] [34mcolcon.colcon_core.shell[0m [1;30mLevel 1[0m create_environment_hook('speed_control_msgs', 'cmake_prefix_path')
[4.020s] [34mcolcon.colcon_core.shell[0m [1;30mINFO[0m Creating environment hook '/home/ubuntu/ros2_wsorincp/install/speed_control_msgs/share/speed_control_msgs/hook/cmake_prefix_path.ps1'
[4.021s] [34mcolcon.colcon_core.shell[0m [1;30mINFO[0m Creating environment descriptor '/home/ubuntu/ros2_wsorincp/install/speed_control_msgs/share/speed_control_msgs/hook/cmake_prefix_path.dsv'
[4.024s] [34mcolcon.colcon_core.shell[0m [1;30mINFO[0m Creating environment hook '/home/ubuntu/ros2_wsorincp/install/speed_control_msgs/share/speed_control_msgs/hook/cmake_prefix_path.sh'
[4.025s] [34mcolcon.colcon_core.environment[0m [1;30mLevel 1[0m checking '/home/ubuntu/ros2_wsorincp/install/speed_control_msgs/lib'
[4.026s] [34mcolcon.colcon_core.shell[0m [1;30mLevel 1[0m create_environment_hook('speed_control_msgs', 'ld_library_path_lib')
[4.026s] [34mcolcon.colcon_core.shell[0m [1;30mINFO[0m Creating environment hook '/home/ubuntu/ros2_wsorincp/install/speed_control_msgs/share/speed_control_msgs/hook/ld_library_path_lib.ps1'
[4.028s] [34mcolcon.colcon_core.shell[0m [1;30mINFO[0m Creating environment descriptor '/home/ubuntu/ros2_wsorincp/install/speed_control_msgs/share/speed_control_msgs/hook/ld_library_path_lib.dsv'
[4.030s] [34mcolcon.colcon_core.shell[0m [1;30mINFO[0m Creating environment hook '/home/ubuntu/ros2_wsorincp/install/speed_control_msgs/share/speed_control_msgs/hook/ld_library_path_lib.sh'
[4.032s] [34mcolcon.colcon_core.environment[0m [1;30mLevel 1[0m checking '/home/ubuntu/ros2_wsorincp/install/speed_control_msgs/bin'
[4.032s] [34mcolcon.colcon_core.environment[0m [1;30mLevel 1[0m checking '/home/ubuntu/ros2_wsorincp/install/speed_control_msgs/lib/pkgconfig/speed_control_msgs.pc'
[4.033s] [34mcolcon.colcon_core.environment[0m [1;30mLevel 1[0m checking '/home/ubuntu/ros2_wsorincp/install/speed_control_msgs/lib/python3.10/site-packages'
[4.034s] [34mcolcon.colcon_core.environment[0m [1;30mLevel 1[0m checking '/home/ubuntu/ros2_wsorincp/install/speed_control_msgs/bin'
[4.038s] [34mcolcon.colcon_core.shell[0m [1;30mINFO[0m Creating package script '/home/ubuntu/ros2_wsorincp/install/speed_control_msgs/share/speed_control_msgs/package.ps1'
[4.040s] [34mcolcon.colcon_core.shell[0m [1;30mINFO[0m Creating package descriptor '/home/ubuntu/ros2_wsorincp/install/speed_control_msgs/share/speed_control_msgs/package.dsv'
[4.042s] [34mcolcon.colcon_core.shell[0m [1;30mINFO[0m Creating package script '/home/ubuntu/ros2_wsorincp/install/speed_control_msgs/share/speed_control_msgs/package.sh'
[4.047s] [34mcolcon.colcon_core.shell[0m [1;30mINFO[0m Creating package script '/home/ubuntu/ros2_wsorincp/install/speed_control_msgs/share/speed_control_msgs/package.bash'
[4.049s] [34mcolcon.colcon_core.shell[0m [1;30mINFO[0m Creating package script '/home/ubuntu/ros2_wsorincp/install/speed_control_msgs/share/speed_control_msgs/package.zsh'
[4.050s] [34mcolcon.colcon_core.environment[0m [1;30mLevel 1[0m create_file_with_runtime_dependencies(/home/ubuntu/ros2_wsorincp/install/speed_control_msgs/share/colcon-core/packages/speed_control_msgs)
[4.590s] [34mcolcon.colcon_core.event_handler.log_command[0m [1;30mDEBUG[0m [32mInvoked command in '/home/ubuntu/ros2_wsorincp/build/smart_car_core_demo' returned '0': CMAKE_PREFIX_PATH=/home/ubuntu/ros2_wsorincp/install/speed_control_msgs:/home/ubuntu/ros2_wsorincp/install/ros_robot_controller_msgs:/home/ubuntu/third_party_ros2/orbbec_ws/install/orbbec_description:/home/ubuntu/third_party_ros2/orbbec_ws/install/orbbec_camera:/home/ubuntu/third_party_ros2/orbbec_ws/install/orbbec_camera_msgs:/home/ubuntu/third_party_ros2/third_party_ws/install/ydlidar_ros2_driver:/home/ubuntu/third_party_ros2/third_party_ws/install/web_video_server:/home/ubuntu/third_party_ros2/third_party_ws/install/teb_local_planner:/home/ubuntu/third_party_ros2/third_party_ws/install/teb_msgs:/home/ubuntu/third_party_ros2/third_party_ws/install/sllidar_ros2:/home/ubuntu/third_party_ros2/third_party_ws/install/rf2o_laser_odometry:/home/ubuntu/third_party_ros2/third_party_ws/install/ldlidar_stl_ros2:/home/ubuntu/third_party_ros2/third_party_ws/install/laser_filters:/home/ubuntu/third_party_ros2/third_party_ws/install/imu_calib:/home/ubuntu/third_party_ros2/third_party_ws/install/costmap_converter:/home/ubuntu/third_party_ros2/third_party_ws/install/costmap_converter_msgs:/home/ubuntu/ros2_wsorincp/install/ros_robot_controller:/home/ubuntu/ros2_ws/install/yolov5_ros2:/home/ubuntu/ros2_ws/install/slam:/home/ubuntu/ros2_ws/install/servo_controller:/home/ubuntu/ros2_ws/install/sdk:/home/ubuntu/ros2_ws/install/ros_robot_controller:/home/ubuntu/ros2_ws/install/peripherals:/home/ubuntu/ros2_ws/install/navigation:/home/ubuntu/ros2_ws/install/kinematics:/home/ubuntu/ros2_ws/install/jetrover_description:/home/ubuntu/ros2_ws/install/example:/home/ubuntu/ros2_ws/install/controller:/home/ubuntu/ros2_ws/install/calibration:/home/ubuntu/ros2_ws/install/bringup:/home/ubuntu/ros2_ws/install/app:/opt/ros/humble:/home/ubuntu/third_party_ros2/third_party_ws/install/async_web_server_cpp:/home/ubuntu/third_party_ros2/third_party_ws/install/ascamera_listener:/home/ubuntu/third_party_ros2/third_party_ws/install/apriltag_ros:/home/ubuntu/third_party_ros2/third_party_ws/install/apriltag_msgs:/home/ubuntu/ros2_ws/install/xf_mic_asr_offline:/home/ubuntu/ros2_ws/install/xf_mic_asr_offline_msgs:/home/ubuntu/ros2_ws/install/servo_controller_msgs:/home/ubuntu/ros2_ws/install/ros_robot_controller_msgs:/home/ubuntu/ros2_ws/install/kinematics_msgs:/home/ubuntu/ros2_ws/install/interfaces /usr/bin/cmake /home/ubuntu/ros2_wsorincp/src/peripherals -DCMAKE_INSTALL_PREFIX=/home/ubuntu/ros2_wsorincp/install/smart_car_core_demo[0m
[4.591s] [34mcolcon.colcon_core.event_handler.log_command[0m [1;30mDEBUG[0m [32mInvoking command in '/home/ubuntu/ros2_wsorincp/build/smart_car_core_demo': CMAKE_PREFIX_PATH=/home/ubuntu/ros2_wsorincp/install/speed_control_msgs:/home/ubuntu/ros2_wsorincp/install/ros_robot_controller_msgs:/home/ubuntu/third_party_ros2/orbbec_ws/install/orbbec_description:/home/ubuntu/third_party_ros2/orbbec_ws/install/orbbec_camera:/home/ubuntu/third_party_ros2/orbbec_ws/install/orbbec_camera_msgs:/home/ubuntu/third_party_ros2/third_party_ws/install/ydlidar_ros2_driver:/home/ubuntu/third_party_ros2/third_party_ws/install/web_video_server:/home/ubuntu/third_party_ros2/third_party_ws/install/teb_local_planner:/home/ubuntu/third_party_ros2/third_party_ws/install/teb_msgs:/home/ubuntu/third_party_ros2/third_party_ws/install/sllidar_ros2:/home/ubuntu/third_party_ros2/third_party_ws/install/rf2o_laser_odometry:/home/ubuntu/third_party_ros2/third_party_ws/install/ldlidar_stl_ros2:/home/ubuntu/third_party_ros2/third_party_ws/install/laser_filters:/home/ubuntu/third_party_ros2/third_party_ws/install/imu_calib:/home/ubuntu/third_party_ros2/third_party_ws/install/costmap_converter:/home/ubuntu/third_party_ros2/third_party_ws/install/costmap_converter_msgs:/home/ubuntu/ros2_wsorincp/install/ros_robot_controller:/home/ubuntu/ros2_ws/install/yolov5_ros2:/home/ubuntu/ros2_ws/install/slam:/home/ubuntu/ros2_ws/install/servo_controller:/home/ubuntu/ros2_ws/install/sdk:/home/ubuntu/ros2_ws/install/ros_robot_controller:/home/ubuntu/ros2_ws/install/peripherals:/home/ubuntu/ros2_ws/install/navigation:/home/ubuntu/ros2_ws/install/kinematics:/home/ubuntu/ros2_ws/install/jetrover_description:/home/ubuntu/ros2_ws/install/example:/home/ubuntu/ros2_ws/install/controller:/home/ubuntu/ros2_ws/install/calibration:/home/ubuntu/ros2_ws/install/bringup:/home/ubuntu/ros2_ws/install/app:/opt/ros/humble:/home/ubuntu/third_party_ros2/third_party_ws/install/async_web_server_cpp:/home/ubuntu/third_party_ros2/third_party_ws/install/ascamera_listener:/home/ubuntu/third_party_ros2/third_party_ws/install/apriltag_ros:/home/ubuntu/third_party_ros2/third_party_ws/install/apriltag_msgs:/home/ubuntu/ros2_ws/install/xf_mic_asr_offline:/home/ubuntu/ros2_ws/install/xf_mic_asr_offline_msgs:/home/ubuntu/ros2_ws/install/servo_controller_msgs:/home/ubuntu/ros2_ws/install/ros_robot_controller_msgs:/home/ubuntu/ros2_ws/install/kinematics_msgs:/home/ubuntu/ros2_ws/install/interfaces /usr/bin/cmake --build /home/ubuntu/ros2_wsorincp/build/smart_car_core_demo -- -j4 -l4[0m
[4.778s] [34mcolcon.colcon_core.event_handler.log_command[0m [1;30mDEBUG[0m [32mInvoking command in '/home/ubuntu/ros2_wsorincp/build/ros_robot_controller_msgs': CMAKE_PREFIX_PATH=/home/ubuntu/ros2_wsorincp/install/speed_control_msgs:/home/ubuntu/ros2_wsorincp/install/ros_robot_controller_msgs:/home/ubuntu/third_party_ros2/orbbec_ws/install/orbbec_description:/home/ubuntu/third_party_ros2/orbbec_ws/install/orbbec_camera:/home/ubuntu/third_party_ros2/orbbec_ws/install/orbbec_camera_msgs:/home/ubuntu/third_party_ros2/third_party_ws/install/ydlidar_ros2_driver:/home/ubuntu/third_party_ros2/third_party_ws/install/web_video_server:/home/ubuntu/third_party_ros2/third_party_ws/install/teb_local_planner:/home/ubuntu/third_party_ros2/third_party_ws/install/teb_msgs:/home/ubuntu/third_party_ros2/third_party_ws/install/sllidar_ros2:/home/ubuntu/third_party_ros2/third_party_ws/install/rf2o_laser_odometry:/home/ubuntu/third_party_ros2/third_party_ws/install/ldlidar_stl_ros2:/home/ubuntu/third_party_ros2/third_party_ws/install/laser_filters:/home/ubuntu/third_party_ros2/third_party_ws/install/imu_calib:/home/ubuntu/third_party_ros2/third_party_ws/install/costmap_converter:/home/ubuntu/third_party_ros2/third_party_ws/install/costmap_converter_msgs:/home/ubuntu/ros2_wsorincp/install/ros_robot_controller:/home/ubuntu/ros2_ws/install/yolov5_ros2:/home/ubuntu/ros2_ws/install/slam:/home/ubuntu/ros2_ws/install/servo_controller:/home/ubuntu/ros2_ws/install/sdk:/home/ubuntu/ros2_ws/install/ros_robot_controller:/home/ubuntu/ros2_ws/install/peripherals:/home/ubuntu/ros2_ws/install/navigation:/home/ubuntu/ros2_ws/install/kinematics:/home/ubuntu/ros2_ws/install/jetrover_description:/home/ubuntu/ros2_ws/install/example:/home/ubuntu/ros2_ws/install/controller:/home/ubuntu/ros2_ws/install/calibration:/home/ubuntu/ros2_ws/install/bringup:/home/ubuntu/ros2_ws/install/app:/opt/ros/humble:/home/ubuntu/third_party_ros2/third_party_ws/install/async_web_server_cpp:/home/ubuntu/third_party_ros2/third_party_ws/install/ascamera_listener:/home/ubuntu/third_party_ros2/third_party_ws/install/apriltag_ros:/home/ubuntu/third_party_ros2/third_party_ws/install/apriltag_msgs:/home/ubuntu/ros2_ws/install/xf_mic_asr_offline:/home/ubuntu/ros2_ws/install/xf_mic_asr_offline_msgs:/home/ubuntu/ros2_ws/install/servo_controller_msgs:/home/ubuntu/ros2_ws/install/ros_robot_controller_msgs:/home/ubuntu/ros2_ws/install/kinematics_msgs:/home/ubuntu/ros2_ws/install/interfaces /usr/bin/cmake --install /home/ubuntu/ros2_wsorincp/build/ros_robot_controller_msgs[0m
[5.101s] [34mcolcon.colcon_core.environment[0m [1;30mLevel 1[0m create_environment_scripts_only(ros_robot_controller_msgs)
[5.102s] [34mcolcon.colcon_core.environment[0m [1;30mLevel 1[0m checking '/home/ubuntu/ros2_wsorincp/install/ros_robot_controller_msgs' for CMake module files
[5.103s] [34mcolcon.colcon_core.event_handler.log_command[0m [1;30mDEBUG[0m [32mInvoked command in '/home/ubuntu/ros2_wsorincp/build/ros_robot_controller_msgs' returned '0': CMAKE_PREFIX_PATH=/home/ubuntu/ros2_wsorincp/install/speed_control_msgs:/home/ubuntu/ros2_wsorincp/install/ros_robot_controller_msgs:/home/ubuntu/third_party_ros2/orbbec_ws/install/orbbec_description:/home/ubuntu/third_party_ros2/orbbec_ws/install/orbbec_camera:/home/ubuntu/third_party_ros2/orbbec_ws/install/orbbec_camera_msgs:/home/ubuntu/third_party_ros2/third_party_ws/install/ydlidar_ros2_driver:/home/ubuntu/third_party_ros2/third_party_ws/install/web_video_server:/home/ubuntu/third_party_ros2/third_party_ws/install/teb_local_planner:/home/ubuntu/third_party_ros2/third_party_ws/install/teb_msgs:/home/ubuntu/third_party_ros2/third_party_ws/install/sllidar_ros2:/home/ubuntu/third_party_ros2/third_party_ws/install/rf2o_laser_odometry:/home/ubuntu/third_party_ros2/third_party_ws/install/ldlidar_stl_ros2:/home/ubuntu/third_party_ros2/third_party_ws/install/laser_filters:/home/ubuntu/third_party_ros2/third_party_ws/install/imu_calib:/home/ubuntu/third_party_ros2/third_party_ws/install/costmap_converter:/home/ubuntu/third_party_ros2/third_party_ws/install/costmap_converter_msgs:/home/ubuntu/ros2_wsorincp/install/ros_robot_controller:/home/ubuntu/ros2_ws/install/yolov5_ros2:/home/ubuntu/ros2_ws/install/slam:/home/ubuntu/ros2_ws/install/servo_controller:/home/ubuntu/ros2_ws/install/sdk:/home/ubuntu/ros2_ws/install/ros_robot_controller:/home/ubuntu/ros2_ws/install/peripherals:/home/ubuntu/ros2_ws/install/navigation:/home/ubuntu/ros2_ws/install/kinematics:/home/ubuntu/ros2_ws/install/jetrover_description:/home/ubuntu/ros2_ws/install/example:/home/ubuntu/ros2_ws/install/controller:/home/ubuntu/ros2_ws/install/calibration:/home/ubuntu/ros2_ws/install/bringup:/home/ubuntu/ros2_ws/install/app:/opt/ros/humble:/home/ubuntu/third_party_ros2/third_party_ws/install/async_web_server_cpp:/home/ubuntu/third_party_ros2/third_party_ws/install/ascamera_listener:/home/ubuntu/third_party_ros2/third_party_ws/install/apriltag_ros:/home/ubuntu/third_party_ros2/third_party_ws/install/apriltag_msgs:/home/ubuntu/ros2_ws/install/xf_mic_asr_offline:/home/ubuntu/ros2_ws/install/xf_mic_asr_offline_msgs:/home/ubuntu/ros2_ws/install/servo_controller_msgs:/home/ubuntu/ros2_ws/install/ros_robot_controller_msgs:/home/ubuntu/ros2_ws/install/kinematics_msgs:/home/ubuntu/ros2_ws/install/interfaces /usr/bin/cmake --install /home/ubuntu/ros2_wsorincp/build/ros_robot_controller_msgs[0m
[5.104s] [34mcolcon.colcon_core.environment[0m [1;30mLevel 1[0m checking '/home/ubuntu/ros2_wsorincp/install/ros_robot_controller_msgs' for CMake config files
[5.106s] [34mcolcon.colcon_core.shell[0m [1;30mLevel 1[0m create_environment_hook('ros_robot_controller_msgs', 'cmake_prefix_path')
[5.107s] [34mcolcon.colcon_core.shell[0m [1;30mINFO[0m Creating environment hook '/home/ubuntu/ros2_wsorincp/install/ros_robot_controller_msgs/share/ros_robot_controller_msgs/hook/cmake_prefix_path.ps1'
[5.107s] [34mcolcon.colcon_core.shell[0m [1;30mINFO[0m Creating environment descriptor '/home/ubuntu/ros2_wsorincp/install/ros_robot_controller_msgs/share/ros_robot_controller_msgs/hook/cmake_prefix_path.dsv'
[5.108s] [34mcolcon.colcon_core.shell[0m [1;30mINFO[0m Creating environment hook '/home/ubuntu/ros2_wsorincp/install/ros_robot_controller_msgs/share/ros_robot_controller_msgs/hook/cmake_prefix_path.sh'
[5.109s] [34mcolcon.colcon_core.environment[0m [1;30mLevel 1[0m checking '/home/ubuntu/ros2_wsorincp/install/ros_robot_controller_msgs/lib'
[5.110s] [34mcolcon.colcon_core.shell[0m [1;30mLevel 1[0m create_environment_hook('ros_robot_controller_msgs', 'ld_library_path_lib')
[5.111s] [34mcolcon.colcon_core.shell[0m [1;30mINFO[0m Creating environment hook '/home/ubuntu/ros2_wsorincp/install/ros_robot_controller_msgs/share/ros_robot_controller_msgs/hook/ld_library_path_lib.ps1'
[5.111s] [34mcolcon.colcon_core.shell[0m [1;30mINFO[0m Creating environment descriptor '/home/ubuntu/ros2_wsorincp/install/ros_robot_controller_msgs/share/ros_robot_controller_msgs/hook/ld_library_path_lib.dsv'
[5.112s] [34mcolcon.colcon_core.shell[0m [1;30mINFO[0m Creating environment hook '/home/ubuntu/ros2_wsorincp/install/ros_robot_controller_msgs/share/ros_robot_controller_msgs/hook/ld_library_path_lib.sh'
[5.113s] [34mcolcon.colcon_core.environment[0m [1;30mLevel 1[0m checking '/home/ubuntu/ros2_wsorincp/install/ros_robot_controller_msgs/bin'
[5.113s] [34mcolcon.colcon_core.environment[0m [1;30mLevel 1[0m checking '/home/ubuntu/ros2_wsorincp/install/ros_robot_controller_msgs/lib/pkgconfig/ros_robot_controller_msgs.pc'
[5.117s] [34mcolcon.colcon_core.environment[0m [1;30mLevel 1[0m checking '/home/ubuntu/ros2_wsorincp/install/ros_robot_controller_msgs/lib/python3.10/site-packages'
[5.117s] [34mcolcon.colcon_core.environment[0m [1;30mLevel 1[0m checking '/home/ubuntu/ros2_wsorincp/install/ros_robot_controller_msgs/bin'
[5.118s] [34mcolcon.colcon_core.shell[0m [1;30mINFO[0m Creating package script '/home/ubuntu/ros2_wsorincp/install/ros_robot_controller_msgs/share/ros_robot_controller_msgs/package.ps1'
[5.119s] [34mcolcon.colcon_core.shell[0m [1;30mINFO[0m Creating package descriptor '/home/ubuntu/ros2_wsorincp/install/ros_robot_controller_msgs/share/ros_robot_controller_msgs/package.dsv'
[5.120s] [34mcolcon.colcon_core.shell[0m [1;30mINFO[0m Creating package script '/home/ubuntu/ros2_wsorincp/install/ros_robot_controller_msgs/share/ros_robot_controller_msgs/package.sh'
[5.120s] [34mcolcon.colcon_core.shell[0m [1;30mINFO[0m Creating package script '/home/ubuntu/ros2_wsorincp/install/ros_robot_controller_msgs/share/ros_robot_controller_msgs/package.bash'
[5.121s] [34mcolcon.colcon_core.shell[0m [1;30mINFO[0m Creating package script '/home/ubuntu/ros2_wsorincp/install/ros_robot_controller_msgs/share/ros_robot_controller_msgs/package.zsh'
[5.122s] [34mcolcon.colcon_core.environment[0m [1;30mLevel 1[0m create_file_with_runtime_dependencies(/home/ubuntu/ros2_wsorincp/install/ros_robot_controller_msgs/share/colcon-core/packages/ros_robot_controller_msgs)
[5.304s] [34mcolcon.colcon_core.environment[0m [1;30mLevel 1[0m checking '/home/ubuntu/ros2_wsorincp/install/ros_robot_controller' for CMake module files
[5.305s] [34mcolcon.colcon_core.environment[0m [1;30mLevel 1[0m checking '/home/ubuntu/ros2_wsorincp/install/ros_robot_controller' for CMake config files
[5.306s] [34mcolcon.colcon_core.environment[0m [1;30mLevel 1[0m checking '/home/ubuntu/ros2_wsorincp/install/ros_robot_controller/lib'
[5.306s] [34mcolcon.colcon_core.environment[0m [1;30mLevel 1[0m checking '/home/ubuntu/ros2_wsorincp/install/ros_robot_controller/bin'
[5.306s] [34mcolcon.colcon_core.environment[0m [1;30mLevel 1[0m checking '/home/ubuntu/ros2_wsorincp/install/ros_robot_controller/lib/pkgconfig/ros_robot_controller.pc'
[5.306s] [34mcolcon.colcon_core.environment[0m [1;30mLevel 1[0m checking '/home/ubuntu/ros2_wsorincp/install/ros_robot_controller/lib/python3.10/site-packages'
[5.307s] [34mcolcon.colcon_core.shell[0m [1;30mLevel 1[0m create_environment_hook('ros_robot_controller', 'pythonpath')
[5.307s] [34mcolcon.colcon_core.shell[0m [1;30mINFO[0m Creating environment hook '/home/ubuntu/ros2_wsorincp/install/ros_robot_controller/share/ros_robot_controller/hook/pythonpath.ps1'
[5.308s] [34mcolcon.colcon_core.event_handler.log_command[0m [1;30mDEBUG[0m [32mInvoked command in '/home/ubuntu/ros2_wsorincp/src/driver/ros_robot_controller' returned '0': PYTHONPATH=/home/ubuntu/ros2_wsorincp/build/ros_robot_controller/prefix_override:/usr/lib/python3/dist-packages/colcon_core/task/python/colcon_distutils_commands:/home/ubuntu/ros2_wsorincp/install/ros_robot_controller/lib/python3.10/site-packages:${PYTHONPATH} /usr/bin/python3 -W ignore:setup.py install is deprecated setup.py egg_info --egg-base ../../../build/ros_robot_controller build --build-base /home/ubuntu/ros2_wsorincp/build/ros_robot_controller/build install --record /home/ubuntu/ros2_wsorincp/build/ros_robot_controller/install.log --single-version-externally-managed install_data[0m
[5.309s] [34mcolcon.colcon_core.shell[0m [1;30mINFO[0m Creating environment descriptor '/home/ubuntu/ros2_wsorincp/install/ros_robot_controller/share/ros_robot_controller/hook/pythonpath.dsv'
[5.310s] [34mcolcon.colcon_core.shell[0m [1;30mINFO[0m Creating environment hook '/home/ubuntu/ros2_wsorincp/install/ros_robot_controller/share/ros_robot_controller/hook/pythonpath.sh'
[5.311s] [34mcolcon.colcon_core.environment[0m [1;30mLevel 1[0m checking '/home/ubuntu/ros2_wsorincp/install/ros_robot_controller/bin'
[5.311s] [34mcolcon.colcon_core.environment[0m [1;30mLevel 1[0m create_environment_scripts_only(ros_robot_controller)
[5.312s] [34mcolcon.colcon_core.shell[0m [1;30mINFO[0m Creating package script '/home/ubuntu/ros2_wsorincp/install/ros_robot_controller/share/ros_robot_controller/package.ps1'
[5.313s] [34mcolcon.colcon_core.shell[0m [1;30mINFO[0m Creating package descriptor '/home/ubuntu/ros2_wsorincp/install/ros_robot_controller/share/ros_robot_controller/package.dsv'
[5.315s] [34mcolcon.colcon_core.shell[0m [1;30mINFO[0m Creating package script '/home/ubuntu/ros2_wsorincp/install/ros_robot_controller/share/ros_robot_controller/package.sh'
[5.316s] [34mcolcon.colcon_core.shell[0m [1;30mINFO[0m Creating package script '/home/ubuntu/ros2_wsorincp/install/ros_robot_controller/share/ros_robot_controller/package.bash'
[5.317s] [34mcolcon.colcon_core.shell[0m [1;30mINFO[0m Creating package script '/home/ubuntu/ros2_wsorincp/install/ros_robot_controller/share/ros_robot_controller/package.zsh'
[5.319s] [34mcolcon.colcon_core.environment[0m [1;30mLevel 1[0m create_file_with_runtime_dependencies(/home/ubuntu/ros2_wsorincp/install/ros_robot_controller/share/colcon-core/packages/ros_robot_controller)
[6.202s] [34mcolcon.colcon_core.environment[0m [1;30mLevel 1[0m create_environment_scripts_only(ros_robot_controller_msgs)
[6.203s] [34mcolcon.colcon_core.environment[0m [1;30mLevel 1[0m checking '/home/ubuntu/ros2_wsorincp/install/ros_robot_controller_msgs' for CMake module files
[6.205s] [34mcolcon.colcon_core.environment[0m [1;30mLevel 1[0m checking '/home/ubuntu/ros2_wsorincp/install/ros_robot_controller_msgs' for CMake config files
[6.207s] [34mcolcon.colcon_core.shell[0m [1;30mLevel 1[0m create_environment_hook('ros_robot_controller_msgs', 'cmake_prefix_path')
[6.208s] [34mcolcon.colcon_core.shell[0m [1;30mINFO[0m Creating environment hook '/home/ubuntu/ros2_wsorincp/install/ros_robot_controller_msgs/share/ros_robot_controller_msgs/hook/cmake_prefix_path.ps1'
[6.209s] [34mcolcon.colcon_core.shell[0m [1;30mINFO[0m Creating environment descriptor '/home/ubuntu/ros2_wsorincp/install/ros_robot_controller_msgs/share/ros_robot_controller_msgs/hook/cmake_prefix_path.dsv'
[6.210s] [34mcolcon.colcon_core.shell[0m [1;30mINFO[0m Creating environment hook '/home/ubuntu/ros2_wsorincp/install/ros_robot_controller_msgs/share/ros_robot_controller_msgs/hook/cmake_prefix_path.sh'
[6.212s] [34mcolcon.colcon_core.environment[0m [1;30mLevel 1[0m checking '/home/ubuntu/ros2_wsorincp/install/ros_robot_controller_msgs/lib'
[6.212s] [34mcolcon.colcon_core.shell[0m [1;30mLevel 1[0m create_environment_hook('ros_robot_controller_msgs', 'ld_library_path_lib')
[6.213s] [34mcolcon.colcon_core.shell[0m [1;30mINFO[0m Creating environment hook '/home/ubuntu/ros2_wsorincp/install/ros_robot_controller_msgs/share/ros_robot_controller_msgs/hook/ld_library_path_lib.ps1'
[6.215s] [34mcolcon.colcon_core.shell[0m [1;30mINFO[0m Creating environment descriptor '/home/ubuntu/ros2_wsorincp/install/ros_robot_controller_msgs/share/ros_robot_controller_msgs/hook/ld_library_path_lib.dsv'
[6.216s] [34mcolcon.colcon_core.shell[0m [1;30mINFO[0m Creating environment hook '/home/ubuntu/ros2_wsorincp/install/ros_robot_controller_msgs/share/ros_robot_controller_msgs/hook/ld_library_path_lib.sh'
[6.217s] [34mcolcon.colcon_core.environment[0m [1;30mLevel 1[0m checking '/home/ubuntu/ros2_wsorincp/install/ros_robot_controller_msgs/bin'
[6.217s] [34mcolcon.colcon_core.environment[0m [1;30mLevel 1[0m checking '/home/ubuntu/ros2_wsorincp/install/ros_robot_controller_msgs/lib/pkgconfig/ros_robot_controller_msgs.pc'
[6.218s] [34mcolcon.colcon_core.environment[0m [1;30mLevel 1[0m checking '/home/ubuntu/ros2_wsorincp/install/ros_robot_controller_msgs/lib/python3.10/site-packages'
[6.218s] [34mcolcon.colcon_core.environment[0m [1;30mLevel 1[0m checking '/home/ubuntu/ros2_wsorincp/install/ros_robot_controller_msgs/bin'
[6.219s] [34mcolcon.colcon_core.shell[0m [1;30mINFO[0m Creating package script '/home/ubuntu/ros2_wsorincp/install/ros_robot_controller_msgs/share/ros_robot_controller_msgs/package.ps1'
[6.221s] [34mcolcon.colcon_core.shell[0m [1;30mINFO[0m Creating package descriptor '/home/ubuntu/ros2_wsorincp/install/ros_robot_controller_msgs/share/ros_robot_controller_msgs/package.dsv'
[6.222s] [34mcolcon.colcon_core.shell[0m [1;30mINFO[0m Creating package script '/home/ubuntu/ros2_wsorincp/install/ros_robot_controller_msgs/share/ros_robot_controller_msgs/package.sh'
[6.224s] [34mcolcon.colcon_core.shell[0m [1;30mINFO[0m Creating package script '/home/ubuntu/ros2_wsorincp/install/ros_robot_controller_msgs/share/ros_robot_controller_msgs/package.bash'
[6.225s] [34mcolcon.colcon_core.shell[0m [1;30mINFO[0m Creating package script '/home/ubuntu/ros2_wsorincp/install/ros_robot_controller_msgs/share/ros_robot_controller_msgs/package.zsh'
[6.226s] [34mcolcon.colcon_core.environment[0m [1;30mLevel 1[0m create_file_with_runtime_dependencies(/home/ubuntu/ros2_wsorincp/install/ros_robot_controller_msgs/share/colcon-core/packages/ros_robot_controller_msgs)
[24.337s] [34mcolcon.colcon_core.event_handler.log_command[0m [1;30mDEBUG[0m [32mInvoked command in '/home/ubuntu/ros2_wsorincp/build/smart_car_core_demo' returned '0': CMAKE_PREFIX_PATH=/home/ubuntu/ros2_wsorincp/install/speed_control_msgs:/home/ubuntu/ros2_wsorincp/install/ros_robot_controller_msgs:/home/ubuntu/third_party_ros2/orbbec_ws/install/orbbec_description:/home/ubuntu/third_party_ros2/orbbec_ws/install/orbbec_camera:/home/ubuntu/third_party_ros2/orbbec_ws/install/orbbec_camera_msgs:/home/ubuntu/third_party_ros2/third_party_ws/install/ydlidar_ros2_driver:/home/ubuntu/third_party_ros2/third_party_ws/install/web_video_server:/home/ubuntu/third_party_ros2/third_party_ws/install/teb_local_planner:/home/ubuntu/third_party_ros2/third_party_ws/install/teb_msgs:/home/ubuntu/third_party_ros2/third_party_ws/install/sllidar_ros2:/home/ubuntu/third_party_ros2/third_party_ws/install/rf2o_laser_odometry:/home/ubuntu/third_party_ros2/third_party_ws/install/ldlidar_stl_ros2:/home/ubuntu/third_party_ros2/third_party_ws/install/laser_filters:/home/ubuntu/third_party_ros2/third_party_ws/install/imu_calib:/home/ubuntu/third_party_ros2/third_party_ws/install/costmap_converter:/home/ubuntu/third_party_ros2/third_party_ws/install/costmap_converter_msgs:/home/ubuntu/ros2_wsorincp/install/ros_robot_controller:/home/ubuntu/ros2_ws/install/yolov5_ros2:/home/ubuntu/ros2_ws/install/slam:/home/ubuntu/ros2_ws/install/servo_controller:/home/ubuntu/ros2_ws/install/sdk:/home/ubuntu/ros2_ws/install/ros_robot_controller:/home/ubuntu/ros2_ws/install/peripherals:/home/ubuntu/ros2_ws/install/navigation:/home/ubuntu/ros2_ws/install/kinematics:/home/ubuntu/ros2_ws/install/jetrover_description:/home/ubuntu/ros2_ws/install/example:/home/ubuntu/ros2_ws/install/controller:/home/ubuntu/ros2_ws/install/calibration:/home/ubuntu/ros2_ws/install/bringup:/home/ubuntu/ros2_ws/install/app:/opt/ros/humble:/home/ubuntu/third_party_ros2/third_party_ws/install/async_web_server_cpp:/home/ubuntu/third_party_ros2/third_party_ws/install/ascamera_listener:/home/ubuntu/third_party_ros2/third_party_ws/install/apriltag_ros:/home/ubuntu/third_party_ros2/third_party_ws/install/apriltag_msgs:/home/ubuntu/ros2_ws/install/xf_mic_asr_offline:/home/ubuntu/ros2_ws/install/xf_mic_asr_offline_msgs:/home/ubuntu/ros2_ws/install/servo_controller_msgs:/home/ubuntu/ros2_ws/install/ros_robot_controller_msgs:/home/ubuntu/ros2_ws/install/kinematics_msgs:/home/ubuntu/ros2_ws/install/interfaces /usr/bin/cmake --build /home/ubuntu/ros2_wsorincp/build/smart_car_core_demo -- -j4 -l4[0m
[24.396s] [34mcolcon.colcon_core.event_handler.log_command[0m [1;30mDEBUG[0m [32mInvoking command in '/home/ubuntu/ros2_wsorincp/build/smart_car_core_demo': CMAKE_PREFIX_PATH=/home/ubuntu/ros2_wsorincp/install/speed_control_msgs:/home/ubuntu/ros2_wsorincp/install/ros_robot_controller_msgs:/home/ubuntu/third_party_ros2/orbbec_ws/install/orbbec_description:/home/ubuntu/third_party_ros2/orbbec_ws/install/orbbec_camera:/home/ubuntu/third_party_ros2/orbbec_ws/install/orbbec_camera_msgs:/home/ubuntu/third_party_ros2/third_party_ws/install/ydlidar_ros2_driver:/home/ubuntu/third_party_ros2/third_party_ws/install/web_video_server:/home/ubuntu/third_party_ros2/third_party_ws/install/teb_local_planner:/home/ubuntu/third_party_ros2/third_party_ws/install/teb_msgs:/home/ubuntu/third_party_ros2/third_party_ws/install/sllidar_ros2:/home/ubuntu/third_party_ros2/third_party_ws/install/rf2o_laser_odometry:/home/ubuntu/third_party_ros2/third_party_ws/install/ldlidar_stl_ros2:/home/ubuntu/third_party_ros2/third_party_ws/install/laser_filters:/home/ubuntu/third_party_ros2/third_party_ws/install/imu_calib:/home/ubuntu/third_party_ros2/third_party_ws/install/costmap_converter:/home/ubuntu/third_party_ros2/third_party_ws/install/costmap_converter_msgs:/home/ubuntu/ros2_wsorincp/install/ros_robot_controller:/home/ubuntu/ros2_ws/install/yolov5_ros2:/home/ubuntu/ros2_ws/install/slam:/home/ubuntu/ros2_ws/install/servo_controller:/home/ubuntu/ros2_ws/install/sdk:/home/ubuntu/ros2_ws/install/ros_robot_controller:/home/ubuntu/ros2_ws/install/peripherals:/home/ubuntu/ros2_ws/install/navigation:/home/ubuntu/ros2_ws/install/kinematics:/home/ubuntu/ros2_ws/install/jetrover_description:/home/ubuntu/ros2_ws/install/example:/home/ubuntu/ros2_ws/install/controller:/home/ubuntu/ros2_ws/install/calibration:/home/ubuntu/ros2_ws/install/bringup:/home/ubuntu/ros2_ws/install/app:/opt/ros/humble:/home/ubuntu/third_party_ros2/third_party_ws/install/async_web_server_cpp:/home/ubuntu/third_party_ros2/third_party_ws/install/ascamera_listener:/home/ubuntu/third_party_ros2/third_party_ws/install/apriltag_ros:/home/ubuntu/third_party_ros2/third_party_ws/install/apriltag_msgs:/home/ubuntu/ros2_ws/install/xf_mic_asr_offline:/home/ubuntu/ros2_ws/install/xf_mic_asr_offline_msgs:/home/ubuntu/ros2_ws/install/servo_controller_msgs:/home/ubuntu/ros2_ws/install/ros_robot_controller_msgs:/home/ubuntu/ros2_ws/install/kinematics_msgs:/home/ubuntu/ros2_ws/install/interfaces /usr/bin/cmake --install /home/ubuntu/ros2_wsorincp/build/smart_car_core_demo[0m
[24.446s] [34mcolcon.colcon_core.environment[0m [1;30mLevel 1[0m create_environment_scripts_only(smart_car_core_demo)
[24.447s] [34mcolcon.colcon_core.environment[0m [1;30mLevel 1[0m checking '/home/ubuntu/ros2_wsorincp/install/smart_car_core_demo' for CMake module files
[24.448s] [34mcolcon.colcon_core.event_handler.log_command[0m [1;30mDEBUG[0m [32mInvoked command in '/home/ubuntu/ros2_wsorincp/build/smart_car_core_demo' returned '0': CMAKE_PREFIX_PATH=/home/ubuntu/ros2_wsorincp/install/speed_control_msgs:/home/ubuntu/ros2_wsorincp/install/ros_robot_controller_msgs:/home/ubuntu/third_party_ros2/orbbec_ws/install/orbbec_description:/home/ubuntu/third_party_ros2/orbbec_ws/install/orbbec_camera:/home/ubuntu/third_party_ros2/orbbec_ws/install/orbbec_camera_msgs:/home/ubuntu/third_party_ros2/third_party_ws/install/ydlidar_ros2_driver:/home/ubuntu/third_party_ros2/third_party_ws/install/web_video_server:/home/ubuntu/third_party_ros2/third_party_ws/install/teb_local_planner:/home/ubuntu/third_party_ros2/third_party_ws/install/teb_msgs:/home/ubuntu/third_party_ros2/third_party_ws/install/sllidar_ros2:/home/ubuntu/third_party_ros2/third_party_ws/install/rf2o_laser_odometry:/home/ubuntu/third_party_ros2/third_party_ws/install/ldlidar_stl_ros2:/home/ubuntu/third_party_ros2/third_party_ws/install/laser_filters:/home/ubuntu/third_party_ros2/third_party_ws/install/imu_calib:/home/ubuntu/third_party_ros2/third_party_ws/install/costmap_converter:/home/ubuntu/third_party_ros2/third_party_ws/install/costmap_converter_msgs:/home/ubuntu/ros2_wsorincp/install/ros_robot_controller:/home/ubuntu/ros2_ws/install/yolov5_ros2:/home/ubuntu/ros2_ws/install/slam:/home/ubuntu/ros2_ws/install/servo_controller:/home/ubuntu/ros2_ws/install/sdk:/home/ubuntu/ros2_ws/install/ros_robot_controller:/home/ubuntu/ros2_ws/install/peripherals:/home/ubuntu/ros2_ws/install/navigation:/home/ubuntu/ros2_ws/install/kinematics:/home/ubuntu/ros2_ws/install/jetrover_description:/home/ubuntu/ros2_ws/install/example:/home/ubuntu/ros2_ws/install/controller:/home/ubuntu/ros2_ws/install/calibration:/home/ubuntu/ros2_ws/install/bringup:/home/ubuntu/ros2_ws/install/app:/opt/ros/humble:/home/ubuntu/third_party_ros2/third_party_ws/install/async_web_server_cpp:/home/ubuntu/third_party_ros2/third_party_ws/install/ascamera_listener:/home/ubuntu/third_party_ros2/third_party_ws/install/apriltag_ros:/home/ubuntu/third_party_ros2/third_party_ws/install/apriltag_msgs:/home/ubuntu/ros2_ws/install/xf_mic_asr_offline:/home/ubuntu/ros2_ws/install/xf_mic_asr_offline_msgs:/home/ubuntu/ros2_ws/install/servo_controller_msgs:/home/ubuntu/ros2_ws/install/ros_robot_controller_msgs:/home/ubuntu/ros2_ws/install/kinematics_msgs:/home/ubuntu/ros2_ws/install/interfaces /usr/bin/cmake --install /home/ubuntu/ros2_wsorincp/build/smart_car_core_demo[0m
[24.449s] [34mcolcon.colcon_core.environment[0m [1;30mLevel 1[0m checking '/home/ubuntu/ros2_wsorincp/install/smart_car_core_demo' for CMake config files
[24.450s] [34mcolcon.colcon_core.shell[0m [1;30mLevel 1[0m create_environment_hook('smart_car_core_demo', 'cmake_prefix_path')
[24.451s] [34mcolcon.colcon_core.shell[0m [1;30mINFO[0m Creating environment hook '/home/ubuntu/ros2_wsorincp/install/smart_car_core_demo/share/smart_car_core_demo/hook/cmake_prefix_path.ps1'
[24.452s] [34mcolcon.colcon_core.shell[0m [1;30mINFO[0m Creating environment descriptor '/home/ubuntu/ros2_wsorincp/install/smart_car_core_demo/share/smart_car_core_demo/hook/cmake_prefix_path.dsv'
[24.453s] [34mcolcon.colcon_core.shell[0m [1;30mINFO[0m Creating environment hook '/home/ubuntu/ros2_wsorincp/install/smart_car_core_demo/share/smart_car_core_demo/hook/cmake_prefix_path.sh'
[24.457s] [34mcolcon.colcon_core.environment[0m [1;30mLevel 1[0m checking '/home/ubuntu/ros2_wsorincp/install/smart_car_core_demo/lib'
[24.457s] [34mcolcon.colcon_core.environment[0m [1;30mLevel 1[0m checking '/home/ubuntu/ros2_wsorincp/install/smart_car_core_demo/bin'
[24.457s] [34mcolcon.colcon_core.environment[0m [1;30mLevel 1[0m checking '/home/ubuntu/ros2_wsorincp/install/smart_car_core_demo/lib/pkgconfig/smart_car_core_demo.pc'
[24.458s] [34mcolcon.colcon_core.environment[0m [1;30mLevel 1[0m checking '/home/ubuntu/ros2_wsorincp/install/smart_car_core_demo/lib/python3.10/site-packages'
[24.459s] [34mcolcon.colcon_core.environment[0m [1;30mLevel 1[0m checking '/home/ubuntu/ros2_wsorincp/install/smart_car_core_demo/bin'
[24.460s] [34mcolcon.colcon_core.shell[0m [1;30mINFO[0m Creating package script '/home/ubuntu/ros2_wsorincp/install/smart_car_core_demo/share/smart_car_core_demo/package.ps1'
[24.461s] [34mcolcon.colcon_core.shell[0m [1;30mINFO[0m Creating package descriptor '/home/ubuntu/ros2_wsorincp/install/smart_car_core_demo/share/smart_car_core_demo/package.dsv'
[24.463s] [34mcolcon.colcon_core.shell[0m [1;30mINFO[0m Creating package script '/home/ubuntu/ros2_wsorincp/install/smart_car_core_demo/share/smart_car_core_demo/package.sh'
[24.464s] [34mcolcon.colcon_core.shell[0m [1;30mINFO[0m Creating package script '/home/ubuntu/ros2_wsorincp/install/smart_car_core_demo/share/smart_car_core_demo/package.bash'
[24.465s] [34mcolcon.colcon_core.shell[0m [1;30mINFO[0m Creating package script '/home/ubuntu/ros2_wsorincp/install/smart_car_core_demo/share/smart_car_core_demo/package.zsh'
[24.465s] [34mcolcon.colcon_core.environment[0m [1;30mLevel 1[0m create_file_with_runtime_dependencies(/home/ubuntu/ros2_wsorincp/install/smart_car_core_demo/share/colcon-core/packages/smart_car_core_demo)
[24.530s] [34mcolcon.colcon_core.environment[0m [1;30mLevel 1[0m create_environment_scripts_only(smart_car_core_demo)
[24.531s] [34mcolcon.colcon_core.environment[0m [1;30mLevel 1[0m checking '/home/ubuntu/ros2_wsorincp/install/smart_car_core_demo' for CMake module files
[24.531s] [34mcolcon.colcon_core.environment[0m [1;30mLevel 1[0m checking '/home/ubuntu/ros2_wsorincp/install/smart_car_core_demo' for CMake config files
[24.531s] [34mcolcon.colcon_core.shell[0m [1;30mLevel 1[0m create_environment_hook('smart_car_core_demo', 'cmake_prefix_path')
[24.532s] [34mcolcon.colcon_core.shell[0m [1;30mINFO[0m Creating environment hook '/home/ubuntu/ros2_wsorincp/install/smart_car_core_demo/share/smart_car_core_demo/hook/cmake_prefix_path.ps1'
[24.533s] [34mcolcon.colcon_core.shell[0m [1;30mINFO[0m Creating environment descriptor '/home/ubuntu/ros2_wsorincp/install/smart_car_core_demo/share/smart_car_core_demo/hook/cmake_prefix_path.dsv'
[24.533s] [34mcolcon.colcon_core.shell[0m [1;30mINFO[0m Creating environment hook '/home/ubuntu/ros2_wsorincp/install/smart_car_core_demo/share/smart_car_core_demo/hook/cmake_prefix_path.sh'
[24.534s] [34mcolcon.colcon_core.environment[0m [1;30mLevel 1[0m checking '/home/ubuntu/ros2_wsorincp/install/smart_car_core_demo/lib'
[24.534s] [34mcolcon.colcon_core.environment[0m [1;30mLevel 1[0m checking '/home/ubuntu/ros2_wsorincp/install/smart_car_core_demo/bin'
[24.534s] [34mcolcon.colcon_core.environment[0m [1;30mLevel 1[0m checking '/home/ubuntu/ros2_wsorincp/install/smart_car_core_demo/lib/pkgconfig/smart_car_core_demo.pc'
[24.535s] [34mcolcon.colcon_core.environment[0m [1;30mLevel 1[0m checking '/home/ubuntu/ros2_wsorincp/install/smart_car_core_demo/lib/python3.10/site-packages'
[24.535s] [34mcolcon.colcon_core.environment[0m [1;30mLevel 1[0m checking '/home/ubuntu/ros2_wsorincp/install/smart_car_core_demo/bin'
[24.535s] [34mcolcon.colcon_core.shell[0m [1;30mINFO[0m Creating package script '/home/ubuntu/ros2_wsorincp/install/smart_car_core_demo/share/smart_car_core_demo/package.ps1'
[24.537s] [34mcolcon.colcon_core.shell[0m [1;30mINFO[0m Creating package descriptor '/home/ubuntu/ros2_wsorincp/install/smart_car_core_demo/share/smart_car_core_demo/package.dsv'
[24.539s] [34mcolcon.colcon_core.shell[0m [1;30mINFO[0m Creating package script '/home/ubuntu/ros2_wsorincp/install/smart_car_core_demo/share/smart_car_core_demo/package.sh'
[24.539s] [34mcolcon.colcon_core.shell[0m [1;30mINFO[0m Creating package script '/home/ubuntu/ros2_wsorincp/install/smart_car_core_demo/share/smart_car_core_demo/package.bash'
[24.540s] [34mcolcon.colcon_core.shell[0m [1;30mINFO[0m Creating package script '/home/ubuntu/ros2_wsorincp/install/smart_car_core_demo/share/smart_car_core_demo/package.zsh'
[24.541s] [34mcolcon.colcon_core.environment[0m [1;30mLevel 1[0m create_file_with_runtime_dependencies(/home/ubuntu/ros2_wsorincp/install/smart_car_core_demo/share/colcon-core/packages/smart_car_core_demo)
[24.542s] [34mcolcon.colcon_parallel_executor.executor.parallel[0m [1;30mDEBUG[0m [32mclosing loop[0m
[24.542s] [34mcolcon.colcon_parallel_executor.executor.parallel[0m [1;30mDEBUG[0m [32mloop closed[0m
[24.542s] [34mcolcon.colcon_parallel_executor.executor.parallel[0m [1;30mDEBUG[0m [32mrun_until_complete finished with '0'[0m
[24.542s] [34mcolcon.colcon_core.event_reactor[0m [1;30mDEBUG[0m [32mjoining thread[0m
[24.552s] [34mcolcon.colcon_core.plugin_system[0m [1;30mINFO[0m Skipping extension 'colcon_notification.desktop_notification.notify_send': Could not find 'notify-send'
[24.552s] [34mcolcon.colcon_core.plugin_system[0m [1;30mINFO[0m Skipping extension 'colcon_notification.desktop_notification.terminal_notifier': Not used on non-Darwin systems
[24.552s] [34mcolcon.colcon_core.plugin_system[0m [1;30mINFO[0m Skipping extension 'colcon_notification.desktop_notification.win32': Not used on non-Windows systems
[24.552s] [34mcolcon.colcon_notification.desktop_notification[0m [1;30mINFO[0m Sending desktop notification using 'notify2'
[24.558s] [34mcolcon.colcon_notification.desktop_notification.notify2[0m [1;30mDEBUG[0m [32mFailed to initialize notify2: org.freedesktop.DBus.Error.Spawn.ExecFailed: /usr/bin/dbus-launch terminated abnormally with the following error: Authorization required, but no authorization protocol specified
Autolaunch error: X11 initialization failed.
[0m
[24.558s] [34mcolcon.colcon_core.event_reactor[0m [1;30mDEBUG[0m [32mjoined thread[0m
[24.559s] [34mcolcon.colcon_core.shell[0m [1;30mINFO[0m Creating prefix script '/home/ubuntu/ros2_wsorincp/install/local_setup.ps1'
[24.560s] [34mcolcon.colcon_core.shell[0m [1;30mINFO[0m Creating prefix util module '/home/ubuntu/ros2_wsorincp/install/_local_setup_util_ps1.py'
[24.563s] [34mcolcon.colcon_core.shell[0m [1;30mINFO[0m Creating prefix chain script '/home/ubuntu/ros2_wsorincp/install/setup.ps1'
[24.566s] [34mcolcon.colcon_core.shell[0m [1;30mINFO[0m Creating prefix script '/home/ubuntu/ros2_wsorincp/install/local_setup.sh'
[24.567s] [34mcolcon.colcon_core.shell[0m [1;30mINFO[0m Creating prefix util module '/home/ubuntu/ros2_wsorincp/install/_local_setup_util_sh.py'
[24.568s] [34mcolcon.colcon_core.shell[0m [1;30mINFO[0m Creating prefix chain script '/home/ubuntu/ros2_wsorincp/install/setup.sh'
[24.573s] [34mcolcon.colcon_core.shell[0m [1;30mINFO[0m Creating prefix script '/home/ubuntu/ros2_wsorincp/install/local_setup.bash'
[24.574s] [34mcolcon.colcon_core.shell[0m [1;30mINFO[0m Creating prefix chain script '/home/ubuntu/ros2_wsorincp/install/setup.bash'
[24.578s] [34mcolcon.colcon_core.shell[0m [1;30mINFO[0m Creating prefix script '/home/ubuntu/ros2_wsorincp/install/local_setup.zsh'
[24.579s] [34mcolcon.colcon_core.shell[0m [1;30mINFO[0m Creating prefix chain script '/home/ubuntu/ros2_wsorincp/install/setup.zsh'
