[3.397s] Invoking command in '/home/ubuntu/ros2_wsorincp/ros2_core_examples/src/ros_robot_controller': PYTHONPATH=/home/ubuntu/ros2_wsorincp/build/ros_robot_controller/prefix_override:/usr/lib/python3/dist-packages/colcon_core/task/python/colcon_distutils_commands:/home/ubuntu/ros2_wsorincp/install/ros_robot_controller/lib/python3.10/site-packages:${PYTHONPATH} /usr/bin/python3 -W ignore:setup.py install is deprecated setup.py egg_info --egg-base ../../../build/ros_robot_controller build --build-base /home/ubuntu/ros2_wsorincp/build/ros_robot_controller/build install --record /home/ubuntu/ros2_wsorincp/build/ros_robot_controller/install.log --single-version-externally-managed install_data
[4.138s] running egg_info
[4.201s] writing ../../../build/ros_robot_controller/ros_robot_controller.egg-info/PKG-INFO
[4.211s] writing dependency_links to ../../../build/ros_robot_controller/ros_robot_controller.egg-info/dependency_links.txt
[4.225s] writing entry points to ../../../build/ros_robot_controller/ros_robot_controller.egg-info/entry_points.txt
[4.247s] writing requirements to ../../../build/ros_robot_controller/ros_robot_controller.egg-info/requires.txt
[4.247s] writing top-level names to ../../../build/ros_robot_controller/ros_robot_controller.egg-info/top_level.txt
[4.497s] reading manifest file '../../../build/ros_robot_controller/ros_robot_controller.egg-info/SOURCES.txt'
[4.499s] writing manifest file '../../../build/ros_robot_controller/ros_robot_controller.egg-info/SOURCES.txt'
[4.501s] running build
[4.501s] running build_py
[4.502s] copying ros_robot_controller/ros_robot_controller_sdk.py -> /home/ubuntu/ros2_wsorincp/build/ros_robot_controller/build/lib/ros_robot_controller
[4.502s] copying ros_robot_controller/ros_robot_controller_node.py -> /home/ubuntu/ros2_wsorincp/build/ros_robot_controller/build/lib/ros_robot_controller
[4.503s] copying ros_robot_controller/__init__.py -> /home/ubuntu/ros2_wsorincp/build/ros_robot_controller/build/lib/ros_robot_controller
[4.504s] running install
[4.522s] running install_lib
[4.570s] running install_data
[4.570s] copying resource/ros_robot_controller -> /home/ubuntu/ros2_wsorincp/install/ros_robot_controller/share/ament_index/resource_index/packages
[4.570s] copying package.xml -> /home/ubuntu/ros2_wsorincp/install/ros_robot_controller/share/ros_robot_controller
[4.571s] copying launch/ros_robot_controller.launch.py -> /home/ubuntu/ros2_wsorincp/install/ros_robot_controller/share/ros_robot_controller/launch
[4.571s] running install_egg_info
[4.620s] removing '/home/ubuntu/ros2_wsorincp/install/ros_robot_controller/lib/python3.10/site-packages/ros_robot_controller-0.0.0-py3.10.egg-info' (and everything under it)
[4.621s] Copying ../../../build/ros_robot_controller/ros_robot_controller.egg-info to /home/ubuntu/ros2_wsorincp/install/ros_robot_controller/lib/python3.10/site-packages/ros_robot_controller-0.0.0-py3.10.egg-info
[4.627s] running install_scripts
[4.720s] Installing ros_robot_controller script to /home/ubuntu/ros2_wsorincp/install/ros_robot_controller/lib/ros_robot_controller
[4.721s] writing list of installed files to '/home/ubuntu/ros2_wsorincp/build/ros_robot_controller/install.log'
[4.802s] Invoked command in '/home/ubuntu/ros2_wsorincp/ros2_core_examples/src/ros_robot_controller' returned '0': PYTHONPATH=/home/ubuntu/ros2_wsorincp/build/ros_robot_controller/prefix_override:/usr/lib/python3/dist-packages/colcon_core/task/python/colcon_distutils_commands:/home/ubuntu/ros2_wsorincp/install/ros_robot_controller/lib/python3.10/site-packages:${PYTHONPATH} /usr/bin/python3 -W ignore:setup.py install is deprecated setup.py egg_info --egg-base ../../../build/ros_robot_controller build --build-base /home/ubuntu/ros2_wsorincp/build/ros_robot_controller/build install --record /home/ubuntu/ros2_wsorincp/build/ros_robot_controller/install.log --single-version-externally-managed install_data
