[ 50%] [32mBuilding CXX object CMakeFiles/speed_subscriber.dir/src/smart_car_core_demo/speed_subscriber.cpp.o[0m
[ 75%] Built target speed_publisher
[100%] [32m[1mLinking CXX executable speed_subscriber[0m
[100%] Built target speed_subscriber
-- Install configuration: ""
-- Up-to-date: /home/ubuntu/ros2_wsorincp/install/smart_car_core_demo/lib/smart_car_core_demo/speed_publisher
-- Installing: /home/ubuntu/ros2_wsorincp/install/smart_car_core_demo/lib/smart_car_core_demo/speed_subscriber
-- Set runtime path of "/home/ubuntu/ros2_wsorincp/install/smart_car_core_demo/lib/smart_car_core_demo/speed_subscriber" to ""
-- Up-to-date: /home/ubuntu/ros2_wsorincp/install/smart_car_core_demo/share/smart_car_core_demo/launch
-- Installing: /home/ubuntu/ros2_wsorincp/install/smart_car_core_demo/share/smart_car_core_demo/launch/topic_demo.launch.py
-- Up-to-date: /home/ubuntu/ros2_wsorincp/install/smart_car_core_demo/share/smart_car_core_demo/config
-- Up-to-date: /home/ubuntu/ros2_wsorincp/install/smart_car_core_demo/share/smart_car_core_demo/config/params.yaml
-- Up-to-date: /home/ubuntu/ros2_wsorincp/install/smart_car_core_demo/share/ament_index/resource_index/package_run_dependencies/smart_car_core_demo
-- Installing: /home/ubuntu/ros2_wsorincp/install/smart_car_core_demo/share/ament_index/resource_index/parent_prefix_path/smart_car_core_demo
-- Up-to-date: /home/ubuntu/ros2_wsorincp/install/smart_car_core_demo/share/smart_car_core_demo/environment/ament_prefix_path.sh
-- Installing: /home/ubuntu/ros2_wsorincp/install/smart_car_core_demo/share/smart_car_core_demo/environment/ament_prefix_path.dsv
-- Up-to-date: /home/ubuntu/ros2_wsorincp/install/smart_car_core_demo/share/smart_car_core_demo/environment/path.sh
-- Installing: /home/ubuntu/ros2_wsorincp/install/smart_car_core_demo/share/smart_car_core_demo/environment/path.dsv
-- Up-to-date: /home/ubuntu/ros2_wsorincp/install/smart_car_core_demo/share/smart_car_core_demo/local_setup.bash
-- Up-to-date: /home/ubuntu/ros2_wsorincp/install/smart_car_core_demo/share/smart_car_core_demo/local_setup.sh
-- Up-to-date: /home/ubuntu/ros2_wsorincp/install/smart_car_core_demo/share/smart_car_core_demo/local_setup.zsh
-- Installing: /home/ubuntu/ros2_wsorincp/install/smart_car_core_demo/share/smart_car_core_demo/local_setup.dsv
-- Installing: /home/ubuntu/ros2_wsorincp/install/smart_car_core_demo/share/smart_car_core_demo/package.dsv
-- Up-to-date: /home/ubuntu/ros2_wsorincp/install/smart_car_core_demo/share/ament_index/resource_index/packages/smart_car_core_demo
-- Up-to-date: /home/ubuntu/ros2_wsorincp/install/smart_car_core_demo/share/smart_car_core_demo/cmake/ament_cmake_export_dependencies-extras.cmake
-- Up-to-date: /home/ubuntu/ros2_wsorincp/install/smart_car_core_demo/share/smart_car_core_demo/cmake/smart_car_core_demoConfig.cmake
-- Up-to-date: /home/ubuntu/ros2_wsorincp/install/smart_car_core_demo/share/smart_car_core_demo/cmake/smart_car_core_demoConfig-version.cmake
-- Up-to-date: /home/ubuntu/ros2_wsorincp/install/smart_car_core_demo/share/smart_car_core_demo/package.xml
