[0.616s] Invoking command in '/home/ubuntu/ros2_wsorincp/build/ros_robot_controller_msgs': CMAKE_PREFIX_PATH=/home/ubuntu/ros2_wsorincp/install/smart_car_core_demo:/home/ubuntu/ros2_wsorincp/install/ros_robot_controller_msgs:/home/ubuntu/third_party_ros2/orbbec_ws/install/orbbec_description:/home/ubuntu/third_party_ros2/orbbec_ws/install/orbbec_camera:/home/ubuntu/third_party_ros2/orbbec_ws/install/orbbec_camera_msgs:/home/ubuntu/third_party_ros2/third_party_ws/install/ydlidar_ros2_driver:/home/ubuntu/third_party_ros2/third_party_ws/install/web_video_server:/home/ubuntu/third_party_ros2/third_party_ws/install/teb_local_planner:/home/ubuntu/third_party_ros2/third_party_ws/install/teb_msgs:/home/ubuntu/third_party_ros2/third_party_ws/install/sllidar_ros2:/home/ubuntu/third_party_ros2/third_party_ws/install/rf2o_laser_odometry:/home/ubuntu/third_party_ros2/third_party_ws/install/ldlidar_stl_ros2:/home/ubuntu/third_party_ros2/third_party_ws/install/laser_filters:/home/ubuntu/third_party_ros2/third_party_ws/install/imu_calib:/home/ubuntu/third_party_ros2/third_party_ws/install/costmap_converter:/home/ubuntu/third_party_ros2/third_party_ws/install/costmap_converter_msgs:/home/ubuntu/ros2_wsorincp/install/ros_robot_controller:/home/ubuntu/ros2_ws/install/yolov5_ros2:/home/ubuntu/ros2_ws/install/slam:/home/ubuntu/ros2_ws/install/servo_controller:/home/ubuntu/ros2_ws/install/sdk:/home/ubuntu/ros2_ws/install/ros_robot_controller:/home/ubuntu/ros2_ws/install/peripherals:/home/ubuntu/ros2_ws/install/navigation:/home/ubuntu/ros2_ws/install/kinematics:/home/ubuntu/ros2_ws/install/jetrover_description:/home/ubuntu/ros2_ws/install/example:/home/ubuntu/ros2_ws/install/controller:/home/ubuntu/ros2_ws/install/calibration:/home/ubuntu/ros2_ws/install/bringup:/home/ubuntu/ros2_ws/install/app:/opt/ros/humble:/home/ubuntu/third_party_ros2/third_party_ws/install/async_web_server_cpp:/home/ubuntu/third_party_ros2/third_party_ws/install/ascamera_listener:/home/ubuntu/third_party_ros2/third_party_ws/install/apriltag_ros:/home/ubuntu/third_party_ros2/third_party_ws/install/apriltag_msgs:/home/ubuntu/ros2_ws/install/xf_mic_asr_offline:/home/ubuntu/ros2_ws/install/xf_mic_asr_offline_msgs:/home/ubuntu/ros2_ws/install/servo_controller_msgs:/home/ubuntu/ros2_ws/install/ros_robot_controller_msgs:/home/ubuntu/ros2_ws/install/kinematics_msgs:/home/ubuntu/ros2_ws/install/interfaces /usr/bin/cmake --build /home/ubuntu/ros2_wsorincp/build/ros_robot_controller_msgs -- -j4 -l4
[1.166s] [  0%] Built target ros_robot_controller_msgs__cpp
[1.321s] [ 12%] Built target ros_robot_controller_msgs__rosidl_typesupport_cpp
[1.331s] [ 24%] Built target ros_robot_controller_msgs__rosidl_generator_c
[1.339s] [ 36%] Built target ros_robot_controller_msgs__rosidl_typesupport_fastrtps_cpp
[1.353s] [ 36%] Built target ament_cmake_python_copy_ros_robot_controller_msgs
[1.450s] [ 48%] Built target ros_robot_controller_msgs__rosidl_typesupport_fastrtps_c
[1.450s] [ 60%] Built target ros_robot_controller_msgs__rosidl_typesupport_introspection_c
[1.452s] [ 72%] Built target ros_robot_controller_msgs__rosidl_typesupport_c
[1.456s] [ 84%] Built target ros_robot_controller_msgs__rosidl_typesupport_introspection_cpp
[1.518s] [ 84%] Built target ros_robot_controller_msgs
[1.597s] [ 85%] Built target ros_robot_controller_msgs__py
[1.713s] [ 96%] Built target ros_robot_controller_msgs__rosidl_generator_py
[1.811s] [ 97%] Built target ros_robot_controller_msgs__rosidl_typesupport_c__pyext
[1.823s] [ 99%] Built target ros_robot_controller_msgs__rosidl_typesupport_introspection_c__pyext
[1.827s] [100%] Built target ros_robot_controller_msgs__rosidl_typesupport_fastrtps_c__pyext
[1.992s] running egg_info
[2.016s] writing ros_robot_controller_msgs.egg-info/PKG-INFO
[2.017s] writing dependency_links to ros_robot_controller_msgs.egg-info/dependency_links.txt
[2.017s] writing top-level names to ros_robot_controller_msgs.egg-info/top_level.txt
[2.448s] reading manifest file 'ros_robot_controller_msgs.egg-info/SOURCES.txt'
[2.449s] writing manifest file 'ros_robot_controller_msgs.egg-info/SOURCES.txt'
[2.570s] [100%] Built target ament_cmake_python_build_ros_robot_controller_msgs_egg
[2.604s] Invoked command in '/home/ubuntu/ros2_wsorincp/build/ros_robot_controller_msgs' returned '0': CMAKE_PREFIX_PATH=/home/ubuntu/ros2_wsorincp/install/smart_car_core_demo:/home/ubuntu/ros2_wsorincp/install/ros_robot_controller_msgs:/home/ubuntu/third_party_ros2/orbbec_ws/install/orbbec_description:/home/ubuntu/third_party_ros2/orbbec_ws/install/orbbec_camera:/home/ubuntu/third_party_ros2/orbbec_ws/install/orbbec_camera_msgs:/home/ubuntu/third_party_ros2/third_party_ws/install/ydlidar_ros2_driver:/home/ubuntu/third_party_ros2/third_party_ws/install/web_video_server:/home/ubuntu/third_party_ros2/third_party_ws/install/teb_local_planner:/home/ubuntu/third_party_ros2/third_party_ws/install/teb_msgs:/home/ubuntu/third_party_ros2/third_party_ws/install/sllidar_ros2:/home/ubuntu/third_party_ros2/third_party_ws/install/rf2o_laser_odometry:/home/ubuntu/third_party_ros2/third_party_ws/install/ldlidar_stl_ros2:/home/ubuntu/third_party_ros2/third_party_ws/install/laser_filters:/home/ubuntu/third_party_ros2/third_party_ws/install/imu_calib:/home/ubuntu/third_party_ros2/third_party_ws/install/costmap_converter:/home/ubuntu/third_party_ros2/third_party_ws/install/costmap_converter_msgs:/home/ubuntu/ros2_wsorincp/install/ros_robot_controller:/home/ubuntu/ros2_ws/install/yolov5_ros2:/home/ubuntu/ros2_ws/install/slam:/home/ubuntu/ros2_ws/install/servo_controller:/home/ubuntu/ros2_ws/install/sdk:/home/ubuntu/ros2_ws/install/ros_robot_controller:/home/ubuntu/ros2_ws/install/peripherals:/home/ubuntu/ros2_ws/install/navigation:/home/ubuntu/ros2_ws/install/kinematics:/home/ubuntu/ros2_ws/install/jetrover_description:/home/ubuntu/ros2_ws/install/example:/home/ubuntu/ros2_ws/install/controller:/home/ubuntu/ros2_ws/install/calibration:/home/ubuntu/ros2_ws/install/bringup:/home/ubuntu/ros2_ws/install/app:/opt/ros/humble:/home/ubuntu/third_party_ros2/third_party_ws/install/async_web_server_cpp:/home/ubuntu/third_party_ros2/third_party_ws/install/ascamera_listener:/home/ubuntu/third_party_ros2/third_party_ws/install/apriltag_ros:/home/ubuntu/third_party_ros2/third_party_ws/install/apriltag_msgs:/home/ubuntu/ros2_ws/install/xf_mic_asr_offline:/home/ubuntu/ros2_ws/install/xf_mic_asr_offline_msgs:/home/ubuntu/ros2_ws/install/servo_controller_msgs:/home/ubuntu/ros2_ws/install/ros_robot_controller_msgs:/home/ubuntu/ros2_ws/install/kinematics_msgs:/home/ubuntu/ros2_ws/install/interfaces /usr/bin/cmake --build /home/ubuntu/ros2_wsorincp/build/ros_robot_controller_msgs -- -j4 -l4
[3.643s] Invoking command in '/home/ubuntu/ros2_wsorincp/build/ros_robot_controller_msgs': CMAKE_PREFIX_PATH=/home/ubuntu/ros2_wsorincp/install/smart_car_core_demo:/home/ubuntu/ros2_wsorincp/install/ros_robot_controller_msgs:/home/ubuntu/third_party_ros2/orbbec_ws/install/orbbec_description:/home/ubuntu/third_party_ros2/orbbec_ws/install/orbbec_camera:/home/ubuntu/third_party_ros2/orbbec_ws/install/orbbec_camera_msgs:/home/ubuntu/third_party_ros2/third_party_ws/install/ydlidar_ros2_driver:/home/ubuntu/third_party_ros2/third_party_ws/install/web_video_server:/home/ubuntu/third_party_ros2/third_party_ws/install/teb_local_planner:/home/ubuntu/third_party_ros2/third_party_ws/install/teb_msgs:/home/ubuntu/third_party_ros2/third_party_ws/install/sllidar_ros2:/home/ubuntu/third_party_ros2/third_party_ws/install/rf2o_laser_odometry:/home/ubuntu/third_party_ros2/third_party_ws/install/ldlidar_stl_ros2:/home/ubuntu/third_party_ros2/third_party_ws/install/laser_filters:/home/ubuntu/third_party_ros2/third_party_ws/install/imu_calib:/home/ubuntu/third_party_ros2/third_party_ws/install/costmap_converter:/home/ubuntu/third_party_ros2/third_party_ws/install/costmap_converter_msgs:/home/ubuntu/ros2_wsorincp/install/ros_robot_controller:/home/ubuntu/ros2_ws/install/yolov5_ros2:/home/ubuntu/ros2_ws/install/slam:/home/ubuntu/ros2_ws/install/servo_controller:/home/ubuntu/ros2_ws/install/sdk:/home/ubuntu/ros2_ws/install/ros_robot_controller:/home/ubuntu/ros2_ws/install/peripherals:/home/ubuntu/ros2_ws/install/navigation:/home/ubuntu/ros2_ws/install/kinematics:/home/ubuntu/ros2_ws/install/jetrover_description:/home/ubuntu/ros2_ws/install/example:/home/ubuntu/ros2_ws/install/controller:/home/ubuntu/ros2_ws/install/calibration:/home/ubuntu/ros2_ws/install/bringup:/home/ubuntu/ros2_ws/install/app:/opt/ros/humble:/home/ubuntu/third_party_ros2/third_party_ws/install/async_web_server_cpp:/home/ubuntu/third_party_ros2/third_party_ws/install/ascamera_listener:/home/ubuntu/third_party_ros2/third_party_ws/install/apriltag_ros:/home/ubuntu/third_party_ros2/third_party_ws/install/apriltag_msgs:/home/ubuntu/ros2_ws/install/xf_mic_asr_offline:/home/ubuntu/ros2_ws/install/xf_mic_asr_offline_msgs:/home/ubuntu/ros2_ws/install/servo_controller_msgs:/home/ubuntu/ros2_ws/install/ros_robot_controller_msgs:/home/ubuntu/ros2_ws/install/kinematics_msgs:/home/ubuntu/ros2_ws/install/interfaces /usr/bin/cmake --install /home/ubuntu/ros2_wsorincp/build/ros_robot_controller_msgs
[3.668s] -- Install configuration: ""
[3.669s] -- Up-to-date: /home/ubuntu/ros2_wsorincp/install/ros_robot_controller_msgs/share/ament_index/resource_index/rosidl_interfaces/ros_robot_controller_msgs
[3.669s] -- Up-to-date: /home/ubuntu/ros2_wsorincp/install/ros_robot_controller_msgs/include/ros_robot_controller_msgs/ros_robot_controller_msgs
[3.670s] -- Up-to-date: /home/ubuntu/ros2_wsorincp/install/ros_robot_controller_msgs/include/ros_robot_controller_msgs/ros_robot_controller_msgs/msg
[3.671s] -- Up-to-date: /home/ubuntu/ros2_wsorincp/install/ros_robot_controller_msgs/include/ros_robot_controller_msgs/ros_robot_controller_msgs/msg/buzzer_state.h
[3.671s] -- Up-to-date: /home/ubuntu/ros2_wsorincp/install/ros_robot_controller_msgs/include/ros_robot_controller_msgs/ros_robot_controller_msgs/msg/get_pwm_servo_cmd.h
[3.671s] -- Up-to-date: /home/ubuntu/ros2_wsorincp/install/ros_robot_controller_msgs/include/ros_robot_controller_msgs/ros_robot_controller_msgs/msg/servos_position.h
[3.671s] -- Up-to-date: /home/ubuntu/ros2_wsorincp/install/ros_robot_controller_msgs/include/ros_robot_controller_msgs/ros_robot_controller_msgs/msg/get_bus_servo_cmd.h
[3.671s] -- Up-to-date: /home/ubuntu/ros2_wsorincp/install/ros_robot_controller_msgs/include/ros_robot_controller_msgs/ros_robot_controller_msgs/msg/set_bus_servo_state.h
[3.671s] -- Up-to-date: /home/ubuntu/ros2_wsorincp/install/ros_robot_controller_msgs/include/ros_robot_controller_msgs/ros_robot_controller_msgs/msg/set_pwm_servo_state.h
[3.673s] -- Up-to-date: /home/ubuntu/ros2_wsorincp/install/ros_robot_controller_msgs/include/ros_robot_controller_msgs/ros_robot_controller_msgs/msg/motors_state.h
[3.674s] -- Up-to-date: /home/ubuntu/ros2_wsorincp/install/ros_robot_controller_msgs/include/ros_robot_controller_msgs/ros_robot_controller_msgs/msg/rosidl_generator_c__visibility_control.h
[3.674s] -- Up-to-date: /home/ubuntu/ros2_wsorincp/install/ros_robot_controller_msgs/include/ros_robot_controller_msgs/ros_robot_controller_msgs/msg/bus_servo_state.h
[3.674s] -- Up-to-date: /home/ubuntu/ros2_wsorincp/install/ros_robot_controller_msgs/include/ros_robot_controller_msgs/ros_robot_controller_msgs/msg/pwm_servo_state.h
[3.674s] -- Up-to-date: /home/ubuntu/ros2_wsorincp/install/ros_robot_controller_msgs/include/ros_robot_controller_msgs/ros_robot_controller_msgs/msg/motor_state.h
[3.675s] -- Up-to-date: /home/ubuntu/ros2_wsorincp/install/ros_robot_controller_msgs/include/ros_robot_controller_msgs/ros_robot_controller_msgs/msg/oled_state.h
[3.676s] -- Up-to-date: /home/ubuntu/ros2_wsorincp/install/ros_robot_controller_msgs/include/ros_robot_controller_msgs/ros_robot_controller_msgs/msg/led_state.h
[3.677s] -- Up-to-date: /home/ubuntu/ros2_wsorincp/install/ros_robot_controller_msgs/include/ros_robot_controller_msgs/ros_robot_controller_msgs/msg/button_state.h
[3.677s] -- Up-to-date: /home/ubuntu/ros2_wsorincp/install/ros_robot_controller_msgs/include/ros_robot_controller_msgs/ros_robot_controller_msgs/msg/sbus.h
[3.677s] -- Up-to-date: /home/ubuntu/ros2_wsorincp/install/ros_robot_controller_msgs/include/ros_robot_controller_msgs/ros_robot_controller_msgs/msg/detail
[3.677s] -- Up-to-date: /home/ubuntu/ros2_wsorincp/install/ros_robot_controller_msgs/include/ros_robot_controller_msgs/ros_robot_controller_msgs/msg/detail/get_bus_servo_cmd__functions.c
[3.677s] -- Up-to-date: /home/ubuntu/ros2_wsorincp/install/ros_robot_controller_msgs/include/ros_robot_controller_msgs/ros_robot_controller_msgs/msg/detail/set_bus_servo_state__functions.h
[3.677s] -- Up-to-date: /home/ubuntu/ros2_wsorincp/install/ros_robot_controller_msgs/include/ros_robot_controller_msgs/ros_robot_controller_msgs/msg/detail/set_pwm_servo_state__type_support.h
[3.678s] -- Up-to-date: /home/ubuntu/ros2_wsorincp/install/ros_robot_controller_msgs/include/ros_robot_controller_msgs/ros_robot_controller_msgs/msg/detail/set_bus_servo_state__type_support.h
[3.678s] -- Up-to-date: /home/ubuntu/ros2_wsorincp/install/ros_robot_controller_msgs/include/ros_robot_controller_msgs/ros_robot_controller_msgs/msg/detail/led_state__functions.h
[3.678s] -- Up-to-date: /home/ubuntu/ros2_wsorincp/install/ros_robot_controller_msgs/include/ros_robot_controller_msgs/ros_robot_controller_msgs/msg/detail/oled_state__functions.c
[3.678s] -- Up-to-date: /home/ubuntu/ros2_wsorincp/install/ros_robot_controller_msgs/include/ros_robot_controller_msgs/ros_robot_controller_msgs/msg/detail/buzzer_state__type_support.h
[3.678s] -- Up-to-date: /home/ubuntu/ros2_wsorincp/install/ros_robot_controller_msgs/include/ros_robot_controller_msgs/ros_robot_controller_msgs/msg/detail/get_pwm_servo_cmd__functions.h
[3.678s] -- Up-to-date: /home/ubuntu/ros2_wsorincp/install/ros_robot_controller_msgs/include/ros_robot_controller_msgs/ros_robot_controller_msgs/msg/detail/servo_position__type_support.h
[3.678s] -- Up-to-date: /home/ubuntu/ros2_wsorincp/install/ros_robot_controller_msgs/include/ros_robot_controller_msgs/ros_robot_controller_msgs/msg/detail/get_pwm_servo_cmd__struct.h
[3.679s] -- Up-to-date: /home/ubuntu/ros2_wsorincp/install/ros_robot_controller_msgs/include/ros_robot_controller_msgs/ros_robot_controller_msgs/msg/detail/buzzer_state__functions.h
[3.679s] -- Up-to-date: /home/ubuntu/ros2_wsorincp/install/ros_robot_controller_msgs/include/ros_robot_controller_msgs/ros_robot_controller_msgs/msg/detail/servo_position__struct.h
[3.680s] -- Up-to-date: /home/ubuntu/ros2_wsorincp/install/ros_robot_controller_msgs/include/ros_robot_controller_msgs/ros_robot_controller_msgs/msg/detail/oled_state__functions.h
[3.680s] -- Up-to-date: /home/ubuntu/ros2_wsorincp/install/ros_robot_controller_msgs/include/ros_robot_controller_msgs/ros_robot_controller_msgs/msg/detail/sbus__type_support.h
[3.680s] -- Up-to-date: /home/ubuntu/ros2_wsorincp/install/ros_robot_controller_msgs/include/ros_robot_controller_msgs/ros_robot_controller_msgs/msg/detail/button_state__functions.h
[3.681s] -- Up-to-date: /home/ubuntu/ros2_wsorincp/install/ros_robot_controller_msgs/include/ros_robot_controller_msgs/ros_robot_controller_msgs/msg/detail/servo_position__functions.h
[3.681s] -- Up-to-date: /home/ubuntu/ros2_wsorincp/install/ros_robot_controller_msgs/include/ros_robot_controller_msgs/ros_robot_controller_msgs/msg/detail/pwm_servo_state__functions.h
[3.681s] -- Up-to-date: /home/ubuntu/ros2_wsorincp/install/ros_robot_controller_msgs/include/ros_robot_controller_msgs/ros_robot_controller_msgs/msg/detail/buzzer_state__struct.h
[3.681s] -- Up-to-date: /home/ubuntu/ros2_wsorincp/install/ros_robot_controller_msgs/include/ros_robot_controller_msgs/ros_robot_controller_msgs/msg/detail/pwm_servo_state__type_support.h
[3.682s] -- Up-to-date: /home/ubuntu/ros2_wsorincp/install/ros_robot_controller_msgs/include/ros_robot_controller_msgs/ros_robot_controller_msgs/msg/detail/pwm_servo_state__functions.c
[3.682s] -- Up-to-date: /home/ubuntu/ros2_wsorincp/install/ros_robot_controller_msgs/include/ros_robot_controller_msgs/ros_robot_controller_msgs/msg/detail/set_pwm_servo_state__functions.h
[3.682s] -- Up-to-date: /home/ubuntu/ros2_wsorincp/install/ros_robot_controller_msgs/include/ros_robot_controller_msgs/ros_robot_controller_msgs/msg/detail/set_bus_servo_state__functions.c
[3.683s] -- Up-to-date: /home/ubuntu/ros2_wsorincp/install/ros_robot_controller_msgs/include/ros_robot_controller_msgs/ros_robot_controller_msgs/msg/detail/get_bus_servo_cmd__functions.h
[3.683s] -- Up-to-date: /home/ubuntu/ros2_wsorincp/install/ros_robot_controller_msgs/include/ros_robot_controller_msgs/ros_robot_controller_msgs/msg/detail/sbus__functions.c
[3.684s] -- Up-to-date: /home/ubuntu/ros2_wsorincp/install/ros_robot_controller_msgs/include/ros_robot_controller_msgs/ros_robot_controller_msgs/msg/detail/button_state__struct.h
[3.684s] -- Up-to-date: /home/ubuntu/ros2_wsorincp/install/ros_robot_controller_msgs/include/ros_robot_controller_msgs/ros_robot_controller_msgs/msg/detail/set_pwm_servo_state__struct.h
[3.684s] -- Up-to-date: /home/ubuntu/ros2_wsorincp/install/ros_robot_controller_msgs/include/ros_robot_controller_msgs/ros_robot_controller_msgs/msg/detail/bus_servo_state__functions.h
[3.684s] -- Up-to-date: /home/ubuntu/ros2_wsorincp/install/ros_robot_controller_msgs/include/ros_robot_controller_msgs/ros_robot_controller_msgs/msg/detail/buzzer_state__functions.c
[3.685s] -- Up-to-date: /home/ubuntu/ros2_wsorincp/install/ros_robot_controller_msgs/include/ros_robot_controller_msgs/ros_robot_controller_msgs/msg/detail/button_state__type_support.h
[3.685s] -- Up-to-date: /home/ubuntu/ros2_wsorincp/install/ros_robot_controller_msgs/include/ros_robot_controller_msgs/ros_robot_controller_msgs/msg/detail/get_bus_servo_cmd__struct.h
[3.685s] -- Up-to-date: /home/ubuntu/ros2_wsorincp/install/ros_robot_controller_msgs/include/ros_robot_controller_msgs/ros_robot_controller_msgs/msg/detail/motors_state__functions.h
[3.685s] -- Up-to-date: /home/ubuntu/ros2_wsorincp/install/ros_robot_controller_msgs/include/ros_robot_controller_msgs/ros_robot_controller_msgs/msg/detail/led_state__type_support.h
[3.686s] -- Up-to-date: /home/ubuntu/ros2_wsorincp/install/ros_robot_controller_msgs/include/ros_robot_controller_msgs/ros_robot_controller_msgs/msg/detail/motor_state__functions.c
[3.686s] -- Up-to-date: /home/ubuntu/ros2_wsorincp/install/ros_robot_controller_msgs/include/ros_robot_controller_msgs/ros_robot_controller_msgs/msg/detail/get_pwm_servo_cmd__functions.c
[3.686s] -- Up-to-date: /home/ubuntu/ros2_wsorincp/install/ros_robot_controller_msgs/include/ros_robot_controller_msgs/ros_robot_controller_msgs/msg/detail/sbus__struct.h
[3.687s] -- Up-to-date: /home/ubuntu/ros2_wsorincp/install/ros_robot_controller_msgs/include/ros_robot_controller_msgs/ros_robot_controller_msgs/msg/detail/motors_state__type_support.h
[3.687s] -- Up-to-date: /home/ubuntu/ros2_wsorincp/install/ros_robot_controller_msgs/include/ros_robot_controller_msgs/ros_robot_controller_msgs/msg/detail/led_state__struct.h
[3.688s] -- Up-to-date: /home/ubuntu/ros2_wsorincp/install/ros_robot_controller_msgs/include/ros_robot_controller_msgs/ros_robot_controller_msgs/msg/detail/set_bus_servo_state__struct.h
[3.688s] -- Up-to-date: /home/ubuntu/ros2_wsorincp/install/ros_robot_controller_msgs/include/ros_robot_controller_msgs/ros_robot_controller_msgs/msg/detail/led_state__functions.c
[3.688s] -- Up-to-date: /home/ubuntu/ros2_wsorincp/install/ros_robot_controller_msgs/include/ros_robot_controller_msgs/ros_robot_controller_msgs/msg/detail/bus_servo_state__struct.h
[3.688s] -- Up-to-date: /home/ubuntu/ros2_wsorincp/install/ros_robot_controller_msgs/include/ros_robot_controller_msgs/ros_robot_controller_msgs/msg/detail/motor_state__functions.h
[3.688s] -- Up-to-date: /home/ubuntu/ros2_wsorincp/install/ros_robot_controller_msgs/include/ros_robot_controller_msgs/ros_robot_controller_msgs/msg/detail/pwm_servo_state__struct.h
[3.688s] -- Up-to-date: /home/ubuntu/ros2_wsorincp/install/ros_robot_controller_msgs/include/ros_robot_controller_msgs/ros_robot_controller_msgs/msg/detail/motor_state__type_support.h
[3.688s] -- Up-to-date: /home/ubuntu/ros2_wsorincp/install/ros_robot_controller_msgs/include/ros_robot_controller_msgs/ros_robot_controller_msgs/msg/detail/bus_servo_state__type_support.h
[3.689s] -- Up-to-date: /home/ubuntu/ros2_wsorincp/install/ros_robot_controller_msgs/include/ros_robot_controller_msgs/ros_robot_controller_msgs/msg/detail/get_bus_servo_cmd__type_support.h
[3.689s] -- Up-to-date: /home/ubuntu/ros2_wsorincp/install/ros_robot_controller_msgs/include/ros_robot_controller_msgs/ros_robot_controller_msgs/msg/detail/oled_state__type_support.h
[3.689s] -- Up-to-date: /home/ubuntu/ros2_wsorincp/install/ros_robot_controller_msgs/include/ros_robot_controller_msgs/ros_robot_controller_msgs/msg/detail/set_pwm_servo_state__functions.c
[3.689s] -- Up-to-date: /home/ubuntu/ros2_wsorincp/install/ros_robot_controller_msgs/include/ros_robot_controller_msgs/ros_robot_controller_msgs/msg/detail/oled_state__struct.h
[3.689s] -- Up-to-date: /home/ubuntu/ros2_wsorincp/install/ros_robot_controller_msgs/include/ros_robot_controller_msgs/ros_robot_controller_msgs/msg/detail/servo_position__functions.c
[3.689s] -- Up-to-date: /home/ubuntu/ros2_wsorincp/install/ros_robot_controller_msgs/include/ros_robot_controller_msgs/ros_robot_controller_msgs/msg/detail/bus_servo_state__functions.c
[3.689s] -- Up-to-date: /home/ubuntu/ros2_wsorincp/install/ros_robot_controller_msgs/include/ros_robot_controller_msgs/ros_robot_controller_msgs/msg/detail/motors_state__functions.c
[3.690s] -- Up-to-date: /home/ubuntu/ros2_wsorincp/install/ros_robot_controller_msgs/include/ros_robot_controller_msgs/ros_robot_controller_msgs/msg/detail/button_state__functions.c
[3.690s] -- Up-to-date: /home/ubuntu/ros2_wsorincp/install/ros_robot_controller_msgs/include/ros_robot_controller_msgs/ros_robot_controller_msgs/msg/detail/servos_position__functions.c
[3.690s] -- Up-to-date: /home/ubuntu/ros2_wsorincp/install/ros_robot_controller_msgs/include/ros_robot_controller_msgs/ros_robot_controller_msgs/msg/detail/servos_position__functions.h
[3.690s] -- Up-to-date: /home/ubuntu/ros2_wsorincp/install/ros_robot_controller_msgs/include/ros_robot_controller_msgs/ros_robot_controller_msgs/msg/detail/motor_state__struct.h
[3.690s] -- Up-to-date: /home/ubuntu/ros2_wsorincp/install/ros_robot_controller_msgs/include/ros_robot_controller_msgs/ros_robot_controller_msgs/msg/detail/motors_state__struct.h
[3.690s] -- Up-to-date: /home/ubuntu/ros2_wsorincp/install/ros_robot_controller_msgs/include/ros_robot_controller_msgs/ros_robot_controller_msgs/msg/detail/servos_position__type_support.h
[3.690s] -- Up-to-date: /home/ubuntu/ros2_wsorincp/install/ros_robot_controller_msgs/include/ros_robot_controller_msgs/ros_robot_controller_msgs/msg/detail/servos_position__struct.h
[3.691s] -- Up-to-date: /home/ubuntu/ros2_wsorincp/install/ros_robot_controller_msgs/include/ros_robot_controller_msgs/ros_robot_controller_msgs/msg/detail/get_pwm_servo_cmd__type_support.h
[3.691s] -- Up-to-date: /home/ubuntu/ros2_wsorincp/install/ros_robot_controller_msgs/include/ros_robot_controller_msgs/ros_robot_controller_msgs/msg/detail/sbus__functions.h
[3.701s] -- Up-to-date: /home/ubuntu/ros2_wsorincp/install/ros_robot_controller_msgs/include/ros_robot_controller_msgs/ros_robot_controller_msgs/msg/servo_position.h
[3.702s] -- Up-to-date: /home/ubuntu/ros2_wsorincp/install/ros_robot_controller_msgs/include/ros_robot_controller_msgs/ros_robot_controller_msgs/srv
[3.703s] -- Up-to-date: /home/ubuntu/ros2_wsorincp/install/ros_robot_controller_msgs/include/ros_robot_controller_msgs/ros_robot_controller_msgs/srv/get_bus_servo_state.h
[3.703s] -- Up-to-date: /home/ubuntu/ros2_wsorincp/install/ros_robot_controller_msgs/include/ros_robot_controller_msgs/ros_robot_controller_msgs/srv/detail
[3.703s] -- Up-to-date: /home/ubuntu/ros2_wsorincp/install/ros_robot_controller_msgs/include/ros_robot_controller_msgs/ros_robot_controller_msgs/srv/detail/get_bus_servo_state__functions.h
[3.703s] -- Up-to-date: /home/ubuntu/ros2_wsorincp/install/ros_robot_controller_msgs/include/ros_robot_controller_msgs/ros_robot_controller_msgs/srv/detail/get_pwm_servo_state__functions.h
[3.703s] -- Up-to-date: /home/ubuntu/ros2_wsorincp/install/ros_robot_controller_msgs/include/ros_robot_controller_msgs/ros_robot_controller_msgs/srv/detail/get_pwm_servo_state__type_support.h
[3.703s] -- Up-to-date: /home/ubuntu/ros2_wsorincp/install/ros_robot_controller_msgs/include/ros_robot_controller_msgs/ros_robot_controller_msgs/srv/detail/get_bus_servo_state__functions.c
[3.703s] -- Up-to-date: /home/ubuntu/ros2_wsorincp/install/ros_robot_controller_msgs/include/ros_robot_controller_msgs/ros_robot_controller_msgs/srv/detail/get_bus_servo_state__struct.h
[3.703s] -- Up-to-date: /home/ubuntu/ros2_wsorincp/install/ros_robot_controller_msgs/include/ros_robot_controller_msgs/ros_robot_controller_msgs/srv/detail/get_pwm_servo_state__functions.c
[3.704s] -- Up-to-date: /home/ubuntu/ros2_wsorincp/install/ros_robot_controller_msgs/include/ros_robot_controller_msgs/ros_robot_controller_msgs/srv/detail/get_bus_servo_state__type_support.h
[3.704s] -- Up-to-date: /home/ubuntu/ros2_wsorincp/install/ros_robot_controller_msgs/include/ros_robot_controller_msgs/ros_robot_controller_msgs/srv/detail/get_pwm_servo_state__struct.h
[3.704s] -- Up-to-date: /home/ubuntu/ros2_wsorincp/install/ros_robot_controller_msgs/include/ros_robot_controller_msgs/ros_robot_controller_msgs/srv/get_pwm_servo_state.h
[3.704s] -- Up-to-date: /home/ubuntu/ros2_wsorincp/install/ros_robot_controller_msgs/share/ros_robot_controller_msgs/environment/library_path.sh
[3.704s] -- Up-to-date: /home/ubuntu/ros2_wsorincp/install/ros_robot_controller_msgs/share/ros_robot_controller_msgs/environment/library_path.dsv
[3.704s] -- Up-to-date: /home/ubuntu/ros2_wsorincp/install/ros_robot_controller_msgs/lib/libros_robot_controller_msgs__rosidl_generator_c.so
[3.705s] -- Up-to-date: /home/ubuntu/ros2_wsorincp/install/ros_robot_controller_msgs/include/ros_robot_controller_msgs/ros_robot_controller_msgs
[3.705s] -- Up-to-date: /home/ubuntu/ros2_wsorincp/install/ros_robot_controller_msgs/include/ros_robot_controller_msgs/ros_robot_controller_msgs/msg
[3.706s] -- Up-to-date: /home/ubuntu/ros2_wsorincp/install/ros_robot_controller_msgs/include/ros_robot_controller_msgs/ros_robot_controller_msgs/msg/rosidl_typesupport_fastrtps_c__visibility_control.h
[3.706s] -- Up-to-date: /home/ubuntu/ros2_wsorincp/install/ros_robot_controller_msgs/include/ros_robot_controller_msgs/ros_robot_controller_msgs/msg/detail
[3.706s] -- Up-to-date: /home/ubuntu/ros2_wsorincp/install/ros_robot_controller_msgs/include/ros_robot_controller_msgs/ros_robot_controller_msgs/msg/detail/bus_servo_state__rosidl_typesupport_fastrtps_c.h
[3.706s] -- Up-to-date: /home/ubuntu/ros2_wsorincp/install/ros_robot_controller_msgs/include/ros_robot_controller_msgs/ros_robot_controller_msgs/msg/detail/buzzer_state__rosidl_typesupport_fastrtps_c.h
[3.706s] -- Up-to-date: /home/ubuntu/ros2_wsorincp/install/ros_robot_controller_msgs/include/ros_robot_controller_msgs/ros_robot_controller_msgs/msg/detail/motor_state__rosidl_typesupport_fastrtps_c.h
[3.707s] -- Up-to-date: /home/ubuntu/ros2_wsorincp/install/ros_robot_controller_msgs/include/ros_robot_controller_msgs/ros_robot_controller_msgs/msg/detail/led_state__rosidl_typesupport_fastrtps_c.h
[3.707s] -- Up-to-date: /home/ubuntu/ros2_wsorincp/install/ros_robot_controller_msgs/include/ros_robot_controller_msgs/ros_robot_controller_msgs/msg/detail/get_pwm_servo_cmd__rosidl_typesupport_fastrtps_c.h
[3.707s] -- Up-to-date: /home/ubuntu/ros2_wsorincp/install/ros_robot_controller_msgs/include/ros_robot_controller_msgs/ros_robot_controller_msgs/msg/detail/set_pwm_servo_state__rosidl_typesupport_fastrtps_c.h
[3.711s] -- Up-to-date: /home/ubuntu/ros2_wsorincp/install/ros_robot_controller_msgs/include/ros_robot_controller_msgs/ros_robot_controller_msgs/msg/detail/button_state__rosidl_typesupport_fastrtps_c.h
[3.712s] -- Up-to-date: /home/ubuntu/ros2_wsorincp/install/ros_robot_controller_msgs/include/ros_robot_controller_msgs/ros_robot_controller_msgs/msg/detail/servo_position__rosidl_typesupport_fastrtps_c.h
[3.712s] -- Up-to-date: /home/ubuntu/ros2_wsorincp/install/ros_robot_controller_msgs/include/ros_robot_controller_msgs/ros_robot_controller_msgs/msg/detail/set_bus_servo_state__rosidl_typesupport_fastrtps_c.h
[3.712s] -- Up-to-date: /home/ubuntu/ros2_wsorincp/install/ros_robot_controller_msgs/include/ros_robot_controller_msgs/ros_robot_controller_msgs/msg/detail/motors_state__rosidl_typesupport_fastrtps_c.h
[3.712s] -- Up-to-date: /home/ubuntu/ros2_wsorincp/install/ros_robot_controller_msgs/include/ros_robot_controller_msgs/ros_robot_controller_msgs/msg/detail/sbus__rosidl_typesupport_fastrtps_c.h
[3.712s] -- Up-to-date: /home/ubuntu/ros2_wsorincp/install/ros_robot_controller_msgs/include/ros_robot_controller_msgs/ros_robot_controller_msgs/msg/detail/oled_state__rosidl_typesupport_fastrtps_c.h
[3.712s] -- Up-to-date: /home/ubuntu/ros2_wsorincp/install/ros_robot_controller_msgs/include/ros_robot_controller_msgs/ros_robot_controller_msgs/msg/detail/pwm_servo_state__rosidl_typesupport_fastrtps_c.h
[3.712s] -- Up-to-date: /home/ubuntu/ros2_wsorincp/install/ros_robot_controller_msgs/include/ros_robot_controller_msgs/ros_robot_controller_msgs/msg/detail/servos_position__rosidl_typesupport_fastrtps_c.h
[3.712s] -- Up-to-date: /home/ubuntu/ros2_wsorincp/install/ros_robot_controller_msgs/include/ros_robot_controller_msgs/ros_robot_controller_msgs/msg/detail/get_bus_servo_cmd__rosidl_typesupport_fastrtps_c.h
[3.712s] -- Up-to-date: /home/ubuntu/ros2_wsorincp/install/ros_robot_controller_msgs/include/ros_robot_controller_msgs/ros_robot_controller_msgs/srv
[3.713s] -- Up-to-date: /home/ubuntu/ros2_wsorincp/install/ros_robot_controller_msgs/include/ros_robot_controller_msgs/ros_robot_controller_msgs/srv/detail
[3.713s] -- Up-to-date: /home/ubuntu/ros2_wsorincp/install/ros_robot_controller_msgs/include/ros_robot_controller_msgs/ros_robot_controller_msgs/srv/detail/get_pwm_servo_state__rosidl_typesupport_fastrtps_c.h
[3.713s] -- Up-to-date: /home/ubuntu/ros2_wsorincp/install/ros_robot_controller_msgs/include/ros_robot_controller_msgs/ros_robot_controller_msgs/srv/detail/get_bus_servo_state__rosidl_typesupport_fastrtps_c.h
[3.713s] -- Up-to-date: /home/ubuntu/ros2_wsorincp/install/ros_robot_controller_msgs/lib/libros_robot_controller_msgs__rosidl_typesupport_fastrtps_c.so
[3.713s] -- Up-to-date: /home/ubuntu/ros2_wsorincp/install/ros_robot_controller_msgs/include/ros_robot_controller_msgs/ros_robot_controller_msgs
[3.713s] -- Up-to-date: /home/ubuntu/ros2_wsorincp/install/ros_robot_controller_msgs/include/ros_robot_controller_msgs/ros_robot_controller_msgs/msg
[3.713s] -- Up-to-date: /home/ubuntu/ros2_wsorincp/install/ros_robot_controller_msgs/include/ros_robot_controller_msgs/ros_robot_controller_msgs/msg/pwm_servo_state.hpp
[3.713s] -- Up-to-date: /home/ubuntu/ros2_wsorincp/install/ros_robot_controller_msgs/include/ros_robot_controller_msgs/ros_robot_controller_msgs/msg/motor_state.hpp
[3.714s] -- Up-to-date: /home/ubuntu/ros2_wsorincp/install/ros_robot_controller_msgs/include/ros_robot_controller_msgs/ros_robot_controller_msgs/msg/servo_position.hpp
[3.714s] -- Up-to-date: /home/ubuntu/ros2_wsorincp/install/ros_robot_controller_msgs/include/ros_robot_controller_msgs/ros_robot_controller_msgs/msg/get_pwm_servo_cmd.hpp
[3.714s] -- Up-to-date: /home/ubuntu/ros2_wsorincp/install/ros_robot_controller_msgs/include/ros_robot_controller_msgs/ros_robot_controller_msgs/msg/sbus.hpp
[3.714s] -- Up-to-date: /home/ubuntu/ros2_wsorincp/install/ros_robot_controller_msgs/include/ros_robot_controller_msgs/ros_robot_controller_msgs/msg/motors_state.hpp
[3.714s] -- Up-to-date: /home/ubuntu/ros2_wsorincp/install/ros_robot_controller_msgs/include/ros_robot_controller_msgs/ros_robot_controller_msgs/msg/set_bus_servo_state.hpp
[3.714s] -- Up-to-date: /home/ubuntu/ros2_wsorincp/install/ros_robot_controller_msgs/include/ros_robot_controller_msgs/ros_robot_controller_msgs/msg/set_pwm_servo_state.hpp
[3.714s] -- Up-to-date: /home/ubuntu/ros2_wsorincp/install/ros_robot_controller_msgs/include/ros_robot_controller_msgs/ros_robot_controller_msgs/msg/led_state.hpp
[3.714s] -- Up-to-date: /home/ubuntu/ros2_wsorincp/install/ros_robot_controller_msgs/include/ros_robot_controller_msgs/ros_robot_controller_msgs/msg/oled_state.hpp
[3.714s] -- Up-to-date: /home/ubuntu/ros2_wsorincp/install/ros_robot_controller_msgs/include/ros_robot_controller_msgs/ros_robot_controller_msgs/msg/buzzer_state.hpp
[3.715s] -- Up-to-date: /home/ubuntu/ros2_wsorincp/install/ros_robot_controller_msgs/include/ros_robot_controller_msgs/ros_robot_controller_msgs/msg/bus_servo_state.hpp
[3.715s] -- Up-to-date: /home/ubuntu/ros2_wsorincp/install/ros_robot_controller_msgs/include/ros_robot_controller_msgs/ros_robot_controller_msgs/msg/button_state.hpp
[3.715s] -- Up-to-date: /home/ubuntu/ros2_wsorincp/install/ros_robot_controller_msgs/include/ros_robot_controller_msgs/ros_robot_controller_msgs/msg/detail
[3.727s] -- Up-to-date: /home/ubuntu/ros2_wsorincp/install/ros_robot_controller_msgs/include/ros_robot_controller_msgs/ros_robot_controller_msgs/msg/detail/servos_position__traits.hpp
[3.727s] -- Up-to-date: /home/ubuntu/ros2_wsorincp/install/ros_robot_controller_msgs/include/ros_robot_controller_msgs/ros_robot_controller_msgs/msg/detail/motor_state__builder.hpp
[3.727s] -- Up-to-date: /home/ubuntu/ros2_wsorincp/install/ros_robot_controller_msgs/include/ros_robot_controller_msgs/ros_robot_controller_msgs/msg/detail/buzzer_state__builder.hpp
[3.727s] -- Up-to-date: /home/ubuntu/ros2_wsorincp/install/ros_robot_controller_msgs/include/ros_robot_controller_msgs/ros_robot_controller_msgs/msg/detail/set_pwm_servo_state__traits.hpp
[3.728s] -- Up-to-date: /home/ubuntu/ros2_wsorincp/install/ros_robot_controller_msgs/include/ros_robot_controller_msgs/ros_robot_controller_msgs/msg/detail/set_bus_servo_state__struct.hpp
[3.728s] -- Up-to-date: /home/ubuntu/ros2_wsorincp/install/ros_robot_controller_msgs/include/ros_robot_controller_msgs/ros_robot_controller_msgs/msg/detail/buzzer_state__struct.hpp
[3.728s] -- Up-to-date: /home/ubuntu/ros2_wsorincp/install/ros_robot_controller_msgs/include/ros_robot_controller_msgs/ros_robot_controller_msgs/msg/detail/servo_position__traits.hpp
[3.728s] -- Up-to-date: /home/ubuntu/ros2_wsorincp/install/ros_robot_controller_msgs/include/ros_robot_controller_msgs/ros_robot_controller_msgs/msg/detail/servos_position__struct.hpp
[3.728s] -- Up-to-date: /home/ubuntu/ros2_wsorincp/install/ros_robot_controller_msgs/include/ros_robot_controller_msgs/ros_robot_controller_msgs/msg/detail/oled_state__traits.hpp
[3.728s] -- Up-to-date: /home/ubuntu/ros2_wsorincp/install/ros_robot_controller_msgs/include/ros_robot_controller_msgs/ros_robot_controller_msgs/msg/detail/servo_position__builder.hpp
[3.728s] -- Up-to-date: /home/ubuntu/ros2_wsorincp/install/ros_robot_controller_msgs/include/ros_robot_controller_msgs/ros_robot_controller_msgs/msg/detail/motors_state__traits.hpp
[3.728s] -- Up-to-date: /home/ubuntu/ros2_wsorincp/install/ros_robot_controller_msgs/include/ros_robot_controller_msgs/ros_robot_controller_msgs/msg/detail/oled_state__builder.hpp
[3.728s] -- Up-to-date: /home/ubuntu/ros2_wsorincp/install/ros_robot_controller_msgs/include/ros_robot_controller_msgs/ros_robot_controller_msgs/msg/detail/button_state__builder.hpp
[3.728s] -- Up-to-date: /home/ubuntu/ros2_wsorincp/install/ros_robot_controller_msgs/include/ros_robot_controller_msgs/ros_robot_controller_msgs/msg/detail/get_bus_servo_cmd__struct.hpp
[3.729s] -- Up-to-date: /home/ubuntu/ros2_wsorincp/install/ros_robot_controller_msgs/include/ros_robot_controller_msgs/ros_robot_controller_msgs/msg/detail/buzzer_state__traits.hpp
[3.729s] -- Up-to-date: /home/ubuntu/ros2_wsorincp/install/ros_robot_controller_msgs/include/ros_robot_controller_msgs/ros_robot_controller_msgs/msg/detail/button_state__struct.hpp
[3.729s] -- Up-to-date: /home/ubuntu/ros2_wsorincp/install/ros_robot_controller_msgs/include/ros_robot_controller_msgs/ros_robot_controller_msgs/msg/detail/bus_servo_state__builder.hpp
[3.729s] -- Up-to-date: /home/ubuntu/ros2_wsorincp/install/ros_robot_controller_msgs/include/ros_robot_controller_msgs/ros_robot_controller_msgs/msg/detail/set_bus_servo_state__traits.hpp
[3.729s] -- Up-to-date: /home/ubuntu/ros2_wsorincp/install/ros_robot_controller_msgs/include/ros_robot_controller_msgs/ros_robot_controller_msgs/msg/detail/get_bus_servo_cmd__traits.hpp
[3.729s] -- Up-to-date: /home/ubuntu/ros2_wsorincp/install/ros_robot_controller_msgs/include/ros_robot_controller_msgs/ros_robot_controller_msgs/msg/detail/get_pwm_servo_cmd__struct.hpp
[3.729s] -- Up-to-date: /home/ubuntu/ros2_wsorincp/install/ros_robot_controller_msgs/include/ros_robot_controller_msgs/ros_robot_controller_msgs/msg/detail/led_state__struct.hpp
[3.729s] -- Up-to-date: /home/ubuntu/ros2_wsorincp/install/ros_robot_controller_msgs/include/ros_robot_controller_msgs/ros_robot_controller_msgs/msg/detail/bus_servo_state__struct.hpp
[3.729s] -- Up-to-date: /home/ubuntu/ros2_wsorincp/install/ros_robot_controller_msgs/include/ros_robot_controller_msgs/ros_robot_controller_msgs/msg/detail/sbus__builder.hpp
[3.730s] -- Up-to-date: /home/ubuntu/ros2_wsorincp/install/ros_robot_controller_msgs/include/ros_robot_controller_msgs/ros_robot_controller_msgs/msg/detail/sbus__traits.hpp
[3.730s] -- Up-to-date: /home/ubuntu/ros2_wsorincp/install/ros_robot_controller_msgs/include/ros_robot_controller_msgs/ros_robot_controller_msgs/msg/detail/motor_state__traits.hpp
[3.730s] -- Up-to-date: /home/ubuntu/ros2_wsorincp/install/ros_robot_controller_msgs/include/ros_robot_controller_msgs/ros_robot_controller_msgs/msg/detail/set_pwm_servo_state__struct.hpp
[3.730s] -- Up-to-date: /home/ubuntu/ros2_wsorincp/install/ros_robot_controller_msgs/include/ros_robot_controller_msgs/ros_robot_controller_msgs/msg/detail/pwm_servo_state__traits.hpp
[3.730s] -- Up-to-date: /home/ubuntu/ros2_wsorincp/install/ros_robot_controller_msgs/include/ros_robot_controller_msgs/ros_robot_controller_msgs/msg/detail/get_pwm_servo_cmd__traits.hpp
[3.730s] -- Up-to-date: /home/ubuntu/ros2_wsorincp/install/ros_robot_controller_msgs/include/ros_robot_controller_msgs/ros_robot_controller_msgs/msg/detail/motors_state__struct.hpp
[3.730s] -- Up-to-date: /home/ubuntu/ros2_wsorincp/install/ros_robot_controller_msgs/include/ros_robot_controller_msgs/ros_robot_controller_msgs/msg/detail/motor_state__struct.hpp
[3.730s] -- Up-to-date: /home/ubuntu/ros2_wsorincp/install/ros_robot_controller_msgs/include/ros_robot_controller_msgs/ros_robot_controller_msgs/msg/detail/pwm_servo_state__builder.hpp
[3.730s] -- Up-to-date: /home/ubuntu/ros2_wsorincp/install/ros_robot_controller_msgs/include/ros_robot_controller_msgs/ros_robot_controller_msgs/msg/detail/get_pwm_servo_cmd__builder.hpp
[3.730s] -- Up-to-date: /home/ubuntu/ros2_wsorincp/install/ros_robot_controller_msgs/include/ros_robot_controller_msgs/ros_robot_controller_msgs/msg/detail/servos_position__builder.hpp
[3.730s] -- Up-to-date: /home/ubuntu/ros2_wsorincp/install/ros_robot_controller_msgs/include/ros_robot_controller_msgs/ros_robot_controller_msgs/msg/detail/get_bus_servo_cmd__builder.hpp
[3.730s] -- Up-to-date: /home/ubuntu/ros2_wsorincp/install/ros_robot_controller_msgs/include/ros_robot_controller_msgs/ros_robot_controller_msgs/msg/detail/servo_position__struct.hpp
[3.730s] -- Up-to-date: /home/ubuntu/ros2_wsorincp/install/ros_robot_controller_msgs/include/ros_robot_controller_msgs/ros_robot_controller_msgs/msg/detail/sbus__struct.hpp
[3.731s] -- Up-to-date: /home/ubuntu/ros2_wsorincp/install/ros_robot_controller_msgs/include/ros_robot_controller_msgs/ros_robot_controller_msgs/msg/detail/oled_state__struct.hpp
[3.731s] -- Up-to-date: /home/ubuntu/ros2_wsorincp/install/ros_robot_controller_msgs/include/ros_robot_controller_msgs/ros_robot_controller_msgs/msg/detail/button_state__traits.hpp
[3.731s] -- Up-to-date: /home/ubuntu/ros2_wsorincp/install/ros_robot_controller_msgs/include/ros_robot_controller_msgs/ros_robot_controller_msgs/msg/detail/bus_servo_state__traits.hpp
[3.731s] -- Up-to-date: /home/ubuntu/ros2_wsorincp/install/ros_robot_controller_msgs/include/ros_robot_controller_msgs/ros_robot_controller_msgs/msg/detail/pwm_servo_state__struct.hpp
[3.731s] -- Up-to-date: /home/ubuntu/ros2_wsorincp/install/ros_robot_controller_msgs/include/ros_robot_controller_msgs/ros_robot_controller_msgs/msg/detail/set_pwm_servo_state__builder.hpp
[3.732s] -- Up-to-date: /home/ubuntu/ros2_wsorincp/install/ros_robot_controller_msgs/include/ros_robot_controller_msgs/ros_robot_controller_msgs/msg/detail/led_state__builder.hpp
[3.732s] -- Up-to-date: /home/ubuntu/ros2_wsorincp/install/ros_robot_controller_msgs/include/ros_robot_controller_msgs/ros_robot_controller_msgs/msg/detail/set_bus_servo_state__builder.hpp
[3.732s] -- Up-to-date: /home/ubuntu/ros2_wsorincp/install/ros_robot_controller_msgs/include/ros_robot_controller_msgs/ros_robot_controller_msgs/msg/detail/motors_state__builder.hpp
[3.732s] -- Up-to-date: /home/ubuntu/ros2_wsorincp/install/ros_robot_controller_msgs/include/ros_robot_controller_msgs/ros_robot_controller_msgs/msg/detail/led_state__traits.hpp
[3.732s] -- Up-to-date: /home/ubuntu/ros2_wsorincp/install/ros_robot_controller_msgs/include/ros_robot_controller_msgs/ros_robot_controller_msgs/msg/get_bus_servo_cmd.hpp
[3.732s] -- Up-to-date: /home/ubuntu/ros2_wsorincp/install/ros_robot_controller_msgs/include/ros_robot_controller_msgs/ros_robot_controller_msgs/msg/servos_position.hpp
[3.732s] -- Up-to-date: /home/ubuntu/ros2_wsorincp/install/ros_robot_controller_msgs/include/ros_robot_controller_msgs/ros_robot_controller_msgs/srv
[3.732s] -- Up-to-date: /home/ubuntu/ros2_wsorincp/install/ros_robot_controller_msgs/include/ros_robot_controller_msgs/ros_robot_controller_msgs/srv/get_pwm_servo_state.hpp
[3.732s] -- Up-to-date: /home/ubuntu/ros2_wsorincp/install/ros_robot_controller_msgs/include/ros_robot_controller_msgs/ros_robot_controller_msgs/srv/get_bus_servo_state.hpp
[3.732s] -- Up-to-date: /home/ubuntu/ros2_wsorincp/install/ros_robot_controller_msgs/include/ros_robot_controller_msgs/ros_robot_controller_msgs/srv/detail
[3.732s] -- Up-to-date: /home/ubuntu/ros2_wsorincp/install/ros_robot_controller_msgs/include/ros_robot_controller_msgs/ros_robot_controller_msgs/srv/detail/get_pwm_servo_state__struct.hpp
[3.733s] -- Up-to-date: /home/ubuntu/ros2_wsorincp/install/ros_robot_controller_msgs/include/ros_robot_controller_msgs/ros_robot_controller_msgs/srv/detail/get_bus_servo_state__builder.hpp
[3.733s] -- Up-to-date: /home/ubuntu/ros2_wsorincp/install/ros_robot_controller_msgs/include/ros_robot_controller_msgs/ros_robot_controller_msgs/srv/detail/get_pwm_servo_state__traits.hpp
[3.733s] -- Up-to-date: /home/ubuntu/ros2_wsorincp/install/ros_robot_controller_msgs/include/ros_robot_controller_msgs/ros_robot_controller_msgs/srv/detail/get_bus_servo_state__struct.hpp
[3.733s] -- Up-to-date: /home/ubuntu/ros2_wsorincp/install/ros_robot_controller_msgs/include/ros_robot_controller_msgs/ros_robot_controller_msgs/srv/detail/get_bus_servo_state__traits.hpp
[3.733s] -- Up-to-date: /home/ubuntu/ros2_wsorincp/install/ros_robot_controller_msgs/include/ros_robot_controller_msgs/ros_robot_controller_msgs/srv/detail/get_pwm_servo_state__builder.hpp
[3.733s] -- Up-to-date: /home/ubuntu/ros2_wsorincp/install/ros_robot_controller_msgs/include/ros_robot_controller_msgs/ros_robot_controller_msgs
[3.733s] -- Up-to-date: /home/ubuntu/ros2_wsorincp/install/ros_robot_controller_msgs/include/ros_robot_controller_msgs/ros_robot_controller_msgs/msg
[3.733s] -- Up-to-date: /home/ubuntu/ros2_wsorincp/install/ros_robot_controller_msgs/include/ros_robot_controller_msgs/ros_robot_controller_msgs/msg/rosidl_typesupport_fastrtps_cpp__visibility_control.h
[3.733s] -- Up-to-date: /home/ubuntu/ros2_wsorincp/install/ros_robot_controller_msgs/include/ros_robot_controller_msgs/ros_robot_controller_msgs/msg/detail
[3.733s] -- Up-to-date: /home/ubuntu/ros2_wsorincp/install/ros_robot_controller_msgs/include/ros_robot_controller_msgs/ros_robot_controller_msgs/msg/detail/oled_state__rosidl_typesupport_fastrtps_cpp.hpp
[3.733s] -- Up-to-date: /home/ubuntu/ros2_wsorincp/install/ros_robot_controller_msgs/include/ros_robot_controller_msgs/ros_robot_controller_msgs/msg/detail/set_bus_servo_state__rosidl_typesupport_fastrtps_cpp.hpp
[3.734s] -- Up-to-date: /home/ubuntu/ros2_wsorincp/install/ros_robot_controller_msgs/include/ros_robot_controller_msgs/ros_robot_controller_msgs/msg/detail/buzzer_state__rosidl_typesupport_fastrtps_cpp.hpp
[3.734s] -- Up-to-date: /home/ubuntu/ros2_wsorincp/install/ros_robot_controller_msgs/include/ros_robot_controller_msgs/ros_robot_controller_msgs/msg/detail/servos_position__rosidl_typesupport_fastrtps_cpp.hpp
[3.734s] -- Up-to-date: /home/ubuntu/ros2_wsorincp/install/ros_robot_controller_msgs/include/ros_robot_controller_msgs/ros_robot_controller_msgs/msg/detail/sbus__rosidl_typesupport_fastrtps_cpp.hpp
[3.734s] -- Up-to-date: /home/ubuntu/ros2_wsorincp/install/ros_robot_controller_msgs/include/ros_robot_controller_msgs/ros_robot_controller_msgs/msg/detail/dds_fastrtps
[3.734s] -- Up-to-date: /home/ubuntu/ros2_wsorincp/install/ros_robot_controller_msgs/include/ros_robot_controller_msgs/ros_robot_controller_msgs/msg/detail/pwm_servo_state__rosidl_typesupport_fastrtps_cpp.hpp
[3.734s] -- Up-to-date: /home/ubuntu/ros2_wsorincp/install/ros_robot_controller_msgs/include/ros_robot_controller_msgs/ros_robot_controller_msgs/msg/detail/servo_position__rosidl_typesupport_fastrtps_cpp.hpp
[3.734s] -- Up-to-date: /home/ubuntu/ros2_wsorincp/install/ros_robot_controller_msgs/include/ros_robot_controller_msgs/ros_robot_controller_msgs/msg/detail/get_bus_servo_cmd__rosidl_typesupport_fastrtps_cpp.hpp
[3.734s] -- Up-to-date: /home/ubuntu/ros2_wsorincp/install/ros_robot_controller_msgs/include/ros_robot_controller_msgs/ros_robot_controller_msgs/msg/detail/set_pwm_servo_state__rosidl_typesupport_fastrtps_cpp.hpp
[3.734s] -- Up-to-date: /home/ubuntu/ros2_wsorincp/install/ros_robot_controller_msgs/include/ros_robot_controller_msgs/ros_robot_controller_msgs/msg/detail/led_state__rosidl_typesupport_fastrtps_cpp.hpp
[3.734s] -- Up-to-date: /home/ubuntu/ros2_wsorincp/install/ros_robot_controller_msgs/include/ros_robot_controller_msgs/ros_robot_controller_msgs/msg/detail/get_pwm_servo_cmd__rosidl_typesupport_fastrtps_cpp.hpp
[3.734s] -- Up-to-date: /home/ubuntu/ros2_wsorincp/install/ros_robot_controller_msgs/include/ros_robot_controller_msgs/ros_robot_controller_msgs/msg/detail/motor_state__rosidl_typesupport_fastrtps_cpp.hpp
[3.734s] -- Up-to-date: /home/ubuntu/ros2_wsorincp/install/ros_robot_controller_msgs/include/ros_robot_controller_msgs/ros_robot_controller_msgs/msg/detail/button_state__rosidl_typesupport_fastrtps_cpp.hpp
[3.734s] -- Up-to-date: /home/ubuntu/ros2_wsorincp/install/ros_robot_controller_msgs/include/ros_robot_controller_msgs/ros_robot_controller_msgs/msg/detail/bus_servo_state__rosidl_typesupport_fastrtps_cpp.hpp
[3.735s] -- Up-to-date: /home/ubuntu/ros2_wsorincp/install/ros_robot_controller_msgs/include/ros_robot_controller_msgs/ros_robot_controller_msgs/msg/detail/motors_state__rosidl_typesupport_fastrtps_cpp.hpp
[3.735s] -- Up-to-date: /home/ubuntu/ros2_wsorincp/install/ros_robot_controller_msgs/include/ros_robot_controller_msgs/ros_robot_controller_msgs/srv
[3.735s] -- Up-to-date: /home/ubuntu/ros2_wsorincp/install/ros_robot_controller_msgs/include/ros_robot_controller_msgs/ros_robot_controller_msgs/srv/detail
[3.735s] -- Up-to-date: /home/ubuntu/ros2_wsorincp/install/ros_robot_controller_msgs/include/ros_robot_controller_msgs/ros_robot_controller_msgs/srv/detail/get_bus_servo_state__rosidl_typesupport_fastrtps_cpp.hpp
[3.735s] -- Up-to-date: /home/ubuntu/ros2_wsorincp/install/ros_robot_controller_msgs/include/ros_robot_controller_msgs/ros_robot_controller_msgs/srv/detail/get_pwm_servo_state__rosidl_typesupport_fastrtps_cpp.hpp
[3.735s] -- Up-to-date: /home/ubuntu/ros2_wsorincp/install/ros_robot_controller_msgs/include/ros_robot_controller_msgs/ros_robot_controller_msgs/srv/detail/dds_fastrtps
[3.735s] -- Up-to-date: /home/ubuntu/ros2_wsorincp/install/ros_robot_controller_msgs/lib/libros_robot_controller_msgs__rosidl_typesupport_fastrtps_cpp.so
[3.735s] -- Up-to-date: /home/ubuntu/ros2_wsorincp/install/ros_robot_controller_msgs/include/ros_robot_controller_msgs/ros_robot_controller_msgs
[3.735s] -- Up-to-date: /home/ubuntu/ros2_wsorincp/install/ros_robot_controller_msgs/include/ros_robot_controller_msgs/ros_robot_controller_msgs/msg
[3.735s] -- Up-to-date: /home/ubuntu/ros2_wsorincp/install/ros_robot_controller_msgs/include/ros_robot_controller_msgs/ros_robot_controller_msgs/msg/rosidl_typesupport_introspection_c__visibility_control.h
[3.735s] -- Up-to-date: /home/ubuntu/ros2_wsorincp/install/ros_robot_controller_msgs/include/ros_robot_controller_msgs/ros_robot_controller_msgs/msg/detail
[3.736s] -- Up-to-date: /home/ubuntu/ros2_wsorincp/install/ros_robot_controller_msgs/include/ros_robot_controller_msgs/ros_robot_controller_msgs/msg/detail/button_state__rosidl_typesupport_introspection_c.h
[3.736s] -- Up-to-date: /home/ubuntu/ros2_wsorincp/install/ros_robot_controller_msgs/include/ros_robot_controller_msgs/ros_robot_controller_msgs/msg/detail/servos_position__type_support.c
[3.736s] -- Up-to-date: /home/ubuntu/ros2_wsorincp/install/ros_robot_controller_msgs/include/ros_robot_controller_msgs/ros_robot_controller_msgs/msg/detail/get_bus_servo_cmd__rosidl_typesupport_introspection_c.h
[3.736s] -- Up-to-date: /home/ubuntu/ros2_wsorincp/install/ros_robot_controller_msgs/include/ros_robot_controller_msgs/ros_robot_controller_msgs/msg/detail/sbus__type_support.c
[3.736s] -- Up-to-date: /home/ubuntu/ros2_wsorincp/install/ros_robot_controller_msgs/include/ros_robot_controller_msgs/ros_robot_controller_msgs/msg/detail/buzzer_state__type_support.c
[3.736s] -- Up-to-date: /home/ubuntu/ros2_wsorincp/install/ros_robot_controller_msgs/include/ros_robot_controller_msgs/ros_robot_controller_msgs/msg/detail/sbus__rosidl_typesupport_introspection_c.h
[3.736s] -- Up-to-date: /home/ubuntu/ros2_wsorincp/install/ros_robot_controller_msgs/include/ros_robot_controller_msgs/ros_robot_controller_msgs/msg/detail/motor_state__type_support.c
[3.736s] -- Up-to-date: /home/ubuntu/ros2_wsorincp/install/ros_robot_controller_msgs/include/ros_robot_controller_msgs/ros_robot_controller_msgs/msg/detail/pwm_servo_state__rosidl_typesupport_introspection_c.h
[3.737s] -- Up-to-date: /home/ubuntu/ros2_wsorincp/install/ros_robot_controller_msgs/include/ros_robot_controller_msgs/ros_robot_controller_msgs/msg/detail/servos_position__rosidl_typesupport_introspection_c.h
[3.737s] -- Up-to-date: /home/ubuntu/ros2_wsorincp/install/ros_robot_controller_msgs/include/ros_robot_controller_msgs/ros_robot_controller_msgs/msg/detail/set_pwm_servo_state__rosidl_typesupport_introspection_c.h
[3.737s] -- Up-to-date: /home/ubuntu/ros2_wsorincp/install/ros_robot_controller_msgs/include/ros_robot_controller_msgs/ros_robot_controller_msgs/msg/detail/led_state__type_support.c
[3.737s] -- Up-to-date: /home/ubuntu/ros2_wsorincp/install/ros_robot_controller_msgs/include/ros_robot_controller_msgs/ros_robot_controller_msgs/msg/detail/led_state__rosidl_typesupport_introspection_c.h
[3.737s] -- Up-to-date: /home/ubuntu/ros2_wsorincp/install/ros_robot_controller_msgs/include/ros_robot_controller_msgs/ros_robot_controller_msgs/msg/detail/servo_position__type_support.c
[3.737s] -- Up-to-date: /home/ubuntu/ros2_wsorincp/install/ros_robot_controller_msgs/include/ros_robot_controller_msgs/ros_robot_controller_msgs/msg/detail/get_bus_servo_cmd__type_support.c
[3.737s] -- Up-to-date: /home/ubuntu/ros2_wsorincp/install/ros_robot_controller_msgs/include/ros_robot_controller_msgs/ros_robot_controller_msgs/msg/detail/oled_state__rosidl_typesupport_introspection_c.h
[3.737s] -- Up-to-date: /home/ubuntu/ros2_wsorincp/install/ros_robot_controller_msgs/include/ros_robot_controller_msgs/ros_robot_controller_msgs/msg/detail/get_pwm_servo_cmd__type_support.c
[3.737s] -- Up-to-date: /home/ubuntu/ros2_wsorincp/install/ros_robot_controller_msgs/include/ros_robot_controller_msgs/ros_robot_controller_msgs/msg/detail/motors_state__type_support.c
[3.737s] -- Up-to-date: /home/ubuntu/ros2_wsorincp/install/ros_robot_controller_msgs/include/ros_robot_controller_msgs/ros_robot_controller_msgs/msg/detail/oled_state__type_support.c
[3.737s] -- Up-to-date: /home/ubuntu/ros2_wsorincp/install/ros_robot_controller_msgs/include/ros_robot_controller_msgs/ros_robot_controller_msgs/msg/detail/bus_servo_state__rosidl_typesupport_introspection_c.h
[3.737s] -- Up-to-date: /home/ubuntu/ros2_wsorincp/install/ros_robot_controller_msgs/include/ros_robot_controller_msgs/ros_robot_controller_msgs/msg/detail/bus_servo_state__type_support.c
[3.737s] -- Up-to-date: /home/ubuntu/ros2_wsorincp/install/ros_robot_controller_msgs/include/ros_robot_controller_msgs/ros_robot_controller_msgs/msg/detail/set_pwm_servo_state__type_support.c
[3.738s] -- Up-to-date: /home/ubuntu/ros2_wsorincp/install/ros_robot_controller_msgs/include/ros_robot_controller_msgs/ros_robot_controller_msgs/msg/detail/button_state__type_support.c
[3.738s] -- Up-to-date: /home/ubuntu/ros2_wsorincp/install/ros_robot_controller_msgs/include/ros_robot_controller_msgs/ros_robot_controller_msgs/msg/detail/buzzer_state__rosidl_typesupport_introspection_c.h
[3.738s] -- Up-to-date: /home/ubuntu/ros2_wsorincp/install/ros_robot_controller_msgs/include/ros_robot_controller_msgs/ros_robot_controller_msgs/msg/detail/pwm_servo_state__type_support.c
[3.738s] -- Up-to-date: /home/ubuntu/ros2_wsorincp/install/ros_robot_controller_msgs/include/ros_robot_controller_msgs/ros_robot_controller_msgs/msg/detail/get_pwm_servo_cmd__rosidl_typesupport_introspection_c.h
[3.738s] -- Up-to-date: /home/ubuntu/ros2_wsorincp/install/ros_robot_controller_msgs/include/ros_robot_controller_msgs/ros_robot_controller_msgs/msg/detail/servo_position__rosidl_typesupport_introspection_c.h
[3.738s] -- Up-to-date: /home/ubuntu/ros2_wsorincp/install/ros_robot_controller_msgs/include/ros_robot_controller_msgs/ros_robot_controller_msgs/msg/detail/set_bus_servo_state__rosidl_typesupport_introspection_c.h
[3.738s] -- Up-to-date: /home/ubuntu/ros2_wsorincp/install/ros_robot_controller_msgs/include/ros_robot_controller_msgs/ros_robot_controller_msgs/msg/detail/set_bus_servo_state__type_support.c
[3.738s] -- Up-to-date: /home/ubuntu/ros2_wsorincp/install/ros_robot_controller_msgs/include/ros_robot_controller_msgs/ros_robot_controller_msgs/msg/detail/motors_state__rosidl_typesupport_introspection_c.h
[3.738s] -- Up-to-date: /home/ubuntu/ros2_wsorincp/install/ros_robot_controller_msgs/include/ros_robot_controller_msgs/ros_robot_controller_msgs/msg/detail/motor_state__rosidl_typesupport_introspection_c.h
[3.738s] -- Up-to-date: /home/ubuntu/ros2_wsorincp/install/ros_robot_controller_msgs/include/ros_robot_controller_msgs/ros_robot_controller_msgs/srv
[3.738s] -- Up-to-date: /home/ubuntu/ros2_wsorincp/install/ros_robot_controller_msgs/include/ros_robot_controller_msgs/ros_robot_controller_msgs/srv/detail
[3.738s] -- Up-to-date: /home/ubuntu/ros2_wsorincp/install/ros_robot_controller_msgs/include/ros_robot_controller_msgs/ros_robot_controller_msgs/srv/detail/get_pwm_servo_state__type_support.c
[3.739s] -- Up-to-date: /home/ubuntu/ros2_wsorincp/install/ros_robot_controller_msgs/include/ros_robot_controller_msgs/ros_robot_controller_msgs/srv/detail/get_bus_servo_state__type_support.c
[3.739s] -- Up-to-date: /home/ubuntu/ros2_wsorincp/install/ros_robot_controller_msgs/include/ros_robot_controller_msgs/ros_robot_controller_msgs/srv/detail/get_bus_servo_state__rosidl_typesupport_introspection_c.h
[3.739s] -- Up-to-date: /home/ubuntu/ros2_wsorincp/install/ros_robot_controller_msgs/include/ros_robot_controller_msgs/ros_robot_controller_msgs/srv/detail/get_pwm_servo_state__rosidl_typesupport_introspection_c.h
[3.739s] -- Up-to-date: /home/ubuntu/ros2_wsorincp/install/ros_robot_controller_msgs/lib/libros_robot_controller_msgs__rosidl_typesupport_introspection_c.so
[3.739s] -- Up-to-date: /home/ubuntu/ros2_wsorincp/install/ros_robot_controller_msgs/lib/libros_robot_controller_msgs__rosidl_typesupport_c.so
[3.739s] -- Up-to-date: /home/ubuntu/ros2_wsorincp/install/ros_robot_controller_msgs/include/ros_robot_controller_msgs/ros_robot_controller_msgs
[3.739s] -- Up-to-date: /home/ubuntu/ros2_wsorincp/install/ros_robot_controller_msgs/include/ros_robot_controller_msgs/ros_robot_controller_msgs/msg
[3.739s] -- Up-to-date: /home/ubuntu/ros2_wsorincp/install/ros_robot_controller_msgs/include/ros_robot_controller_msgs/ros_robot_controller_msgs/msg/detail
[3.739s] -- Up-to-date: /home/ubuntu/ros2_wsorincp/install/ros_robot_controller_msgs/include/ros_robot_controller_msgs/ros_robot_controller_msgs/msg/detail/motors_state__rosidl_typesupport_introspection_cpp.hpp
[3.739s] -- Up-to-date: /home/ubuntu/ros2_wsorincp/install/ros_robot_controller_msgs/include/ros_robot_controller_msgs/ros_robot_controller_msgs/msg/detail/set_pwm_servo_state__rosidl_typesupport_introspection_cpp.hpp
[3.739s] -- Up-to-date: /home/ubuntu/ros2_wsorincp/install/ros_robot_controller_msgs/include/ros_robot_controller_msgs/ros_robot_controller_msgs/msg/detail/pwm_servo_state__rosidl_typesupport_introspection_cpp.hpp
[3.739s] -- Up-to-date: /home/ubuntu/ros2_wsorincp/install/ros_robot_controller_msgs/include/ros_robot_controller_msgs/ros_robot_controller_msgs/msg/detail/get_pwm_servo_cmd__rosidl_typesupport_introspection_cpp.hpp
[3.740s] -- Up-to-date: /home/ubuntu/ros2_wsorincp/install/ros_robot_controller_msgs/include/ros_robot_controller_msgs/ros_robot_controller_msgs/msg/detail/sbus__type_support.cpp
[3.740s] -- Up-to-date: /home/ubuntu/ros2_wsorincp/install/ros_robot_controller_msgs/include/ros_robot_controller_msgs/ros_robot_controller_msgs/msg/detail/sbus__rosidl_typesupport_introspection_cpp.hpp
[3.740s] -- Up-to-date: /home/ubuntu/ros2_wsorincp/install/ros_robot_controller_msgs/include/ros_robot_controller_msgs/ros_robot_controller_msgs/msg/detail/servos_position__type_support.cpp
[3.740s] -- Up-to-date: /home/ubuntu/ros2_wsorincp/install/ros_robot_controller_msgs/include/ros_robot_controller_msgs/ros_robot_controller_msgs/msg/detail/get_pwm_servo_cmd__type_support.cpp
[3.740s] -- Up-to-date: /home/ubuntu/ros2_wsorincp/install/ros_robot_controller_msgs/include/ros_robot_controller_msgs/ros_robot_controller_msgs/msg/detail/oled_state__rosidl_typesupport_introspection_cpp.hpp
[3.740s] -- Up-to-date: /home/ubuntu/ros2_wsorincp/install/ros_robot_controller_msgs/include/ros_robot_controller_msgs/ros_robot_controller_msgs/msg/detail/led_state__rosidl_typesupport_introspection_cpp.hpp
[3.740s] -- Up-to-date: /home/ubuntu/ros2_wsorincp/install/ros_robot_controller_msgs/include/ros_robot_controller_msgs/ros_robot_controller_msgs/msg/detail/servos_position__rosidl_typesupport_introspection_cpp.hpp
[3.740s] -- Up-to-date: /home/ubuntu/ros2_wsorincp/install/ros_robot_controller_msgs/include/ros_robot_controller_msgs/ros_robot_controller_msgs/msg/detail/set_pwm_servo_state__type_support.cpp
[3.740s] -- Up-to-date: /home/ubuntu/ros2_wsorincp/install/ros_robot_controller_msgs/include/ros_robot_controller_msgs/ros_robot_controller_msgs/msg/detail/led_state__type_support.cpp
[3.740s] -- Up-to-date: /home/ubuntu/ros2_wsorincp/install/ros_robot_controller_msgs/include/ros_robot_controller_msgs/ros_robot_controller_msgs/msg/detail/get_bus_servo_cmd__type_support.cpp
[3.740s] -- Up-to-date: /home/ubuntu/ros2_wsorincp/install/ros_robot_controller_msgs/include/ros_robot_controller_msgs/ros_robot_controller_msgs/msg/detail/bus_servo_state__rosidl_typesupport_introspection_cpp.hpp
[3.740s] -- Up-to-date: /home/ubuntu/ros2_wsorincp/install/ros_robot_controller_msgs/include/ros_robot_controller_msgs/ros_robot_controller_msgs/msg/detail/set_bus_servo_state__type_support.cpp
[3.740s] -- Up-to-date: /home/ubuntu/ros2_wsorincp/install/ros_robot_controller_msgs/include/ros_robot_controller_msgs/ros_robot_controller_msgs/msg/detail/pwm_servo_state__type_support.cpp
[3.741s] -- Up-to-date: /home/ubuntu/ros2_wsorincp/install/ros_robot_controller_msgs/include/ros_robot_controller_msgs/ros_robot_controller_msgs/msg/detail/oled_state__type_support.cpp
[3.741s] -- Up-to-date: /home/ubuntu/ros2_wsorincp/install/ros_robot_controller_msgs/include/ros_robot_controller_msgs/ros_robot_controller_msgs/msg/detail/set_bus_servo_state__rosidl_typesupport_introspection_cpp.hpp
[3.741s] -- Up-to-date: /home/ubuntu/ros2_wsorincp/install/ros_robot_controller_msgs/include/ros_robot_controller_msgs/ros_robot_controller_msgs/msg/detail/servo_position__rosidl_typesupport_introspection_cpp.hpp
[3.741s] -- Up-to-date: /home/ubuntu/ros2_wsorincp/install/ros_robot_controller_msgs/include/ros_robot_controller_msgs/ros_robot_controller_msgs/msg/detail/motors_state__type_support.cpp
[3.741s] -- Up-to-date: /home/ubuntu/ros2_wsorincp/install/ros_robot_controller_msgs/include/ros_robot_controller_msgs/ros_robot_controller_msgs/msg/detail/get_bus_servo_cmd__rosidl_typesupport_introspection_cpp.hpp
[3.741s] -- Up-to-date: /home/ubuntu/ros2_wsorincp/install/ros_robot_controller_msgs/include/ros_robot_controller_msgs/ros_robot_controller_msgs/msg/detail/button_state__type_support.cpp
[3.741s] -- Up-to-date: /home/ubuntu/ros2_wsorincp/install/ros_robot_controller_msgs/include/ros_robot_controller_msgs/ros_robot_controller_msgs/msg/detail/button_state__rosidl_typesupport_introspection_cpp.hpp
[3.741s] -- Up-to-date: /home/ubuntu/ros2_wsorincp/install/ros_robot_controller_msgs/include/ros_robot_controller_msgs/ros_robot_controller_msgs/msg/detail/buzzer_state__type_support.cpp
[3.741s] -- Up-to-date: /home/ubuntu/ros2_wsorincp/install/ros_robot_controller_msgs/include/ros_robot_controller_msgs/ros_robot_controller_msgs/msg/detail/bus_servo_state__type_support.cpp
[3.741s] -- Up-to-date: /home/ubuntu/ros2_wsorincp/install/ros_robot_controller_msgs/include/ros_robot_controller_msgs/ros_robot_controller_msgs/msg/detail/motor_state__type_support.cpp
[3.741s] -- Up-to-date: /home/ubuntu/ros2_wsorincp/install/ros_robot_controller_msgs/include/ros_robot_controller_msgs/ros_robot_controller_msgs/msg/detail/motor_state__rosidl_typesupport_introspection_cpp.hpp
[3.741s] -- Up-to-date: /home/ubuntu/ros2_wsorincp/install/ros_robot_controller_msgs/include/ros_robot_controller_msgs/ros_robot_controller_msgs/msg/detail/buzzer_state__rosidl_typesupport_introspection_cpp.hpp
[3.741s] -- Up-to-date: /home/ubuntu/ros2_wsorincp/install/ros_robot_controller_msgs/include/ros_robot_controller_msgs/ros_robot_controller_msgs/msg/detail/servo_position__type_support.cpp
[3.742s] -- Up-to-date: /home/ubuntu/ros2_wsorincp/install/ros_robot_controller_msgs/include/ros_robot_controller_msgs/ros_robot_controller_msgs/srv
[3.742s] -- Up-to-date: /home/ubuntu/ros2_wsorincp/install/ros_robot_controller_msgs/include/ros_robot_controller_msgs/ros_robot_controller_msgs/srv/detail
[3.742s] -- Up-to-date: /home/ubuntu/ros2_wsorincp/install/ros_robot_controller_msgs/include/ros_robot_controller_msgs/ros_robot_controller_msgs/srv/detail/get_bus_servo_state__rosidl_typesupport_introspection_cpp.hpp
[3.742s] -- Up-to-date: /home/ubuntu/ros2_wsorincp/install/ros_robot_controller_msgs/include/ros_robot_controller_msgs/ros_robot_controller_msgs/srv/detail/get_pwm_servo_state__type_support.cpp
[3.742s] -- Up-to-date: /home/ubuntu/ros2_wsorincp/install/ros_robot_controller_msgs/include/ros_robot_controller_msgs/ros_robot_controller_msgs/srv/detail/get_pwm_servo_state__rosidl_typesupport_introspection_cpp.hpp
[3.742s] -- Up-to-date: /home/ubuntu/ros2_wsorincp/install/ros_robot_controller_msgs/include/ros_robot_controller_msgs/ros_robot_controller_msgs/srv/detail/get_bus_servo_state__type_support.cpp
[3.742s] -- Up-to-date: /home/ubuntu/ros2_wsorincp/install/ros_robot_controller_msgs/lib/libros_robot_controller_msgs__rosidl_typesupport_introspection_cpp.so
[3.742s] -- Up-to-date: /home/ubuntu/ros2_wsorincp/install/ros_robot_controller_msgs/lib/libros_robot_controller_msgs__rosidl_typesupport_cpp.so
[3.742s] -- Up-to-date: /home/ubuntu/ros2_wsorincp/install/ros_robot_controller_msgs/share/ros_robot_controller_msgs/environment/pythonpath.sh
[3.742s] -- Up-to-date: /home/ubuntu/ros2_wsorincp/install/ros_robot_controller_msgs/share/ros_robot_controller_msgs/environment/pythonpath.dsv
[3.742s] -- Up-to-date: /home/ubuntu/ros2_wsorincp/install/ros_robot_controller_msgs/local/lib/python3.10/dist-packages/ros_robot_controller_msgs-0.0.0-py3.10.egg-info
[3.742s] -- Installing: /home/ubuntu/ros2_wsorincp/install/ros_robot_controller_msgs/local/lib/python3.10/dist-packages/ros_robot_controller_msgs-0.0.0-py3.10.egg-info/SOURCES.txt
[3.742s] -- Installing: /home/ubuntu/ros2_wsorincp/install/ros_robot_controller_msgs/local/lib/python3.10/dist-packages/ros_robot_controller_msgs-0.0.0-py3.10.egg-info/dependency_links.txt
[3.743s] -- Installing: /home/ubuntu/ros2_wsorincp/install/ros_robot_controller_msgs/local/lib/python3.10/dist-packages/ros_robot_controller_msgs-0.0.0-py3.10.egg-info/top_level.txt
[3.743s] -- Installing: /home/ubuntu/ros2_wsorincp/install/ros_robot_controller_msgs/local/lib/python3.10/dist-packages/ros_robot_controller_msgs-0.0.0-py3.10.egg-info/PKG-INFO
[3.743s] -- Up-to-date: /home/ubuntu/ros2_wsorincp/install/ros_robot_controller_msgs/local/lib/python3.10/dist-packages/ros_robot_controller_msgs
[3.743s] -- Up-to-date: /home/ubuntu/ros2_wsorincp/install/ros_robot_controller_msgs/local/lib/python3.10/dist-packages/ros_robot_controller_msgs/_ros_robot_controller_msgs_s.ep.rosidl_typesupport_introspection_c.c
[3.743s] -- Up-to-date: /home/ubuntu/ros2_wsorincp/install/ros_robot_controller_msgs/local/lib/python3.10/dist-packages/ros_robot_controller_msgs/ros_robot_controller_msgs_s__rosidl_typesupport_introspection_c.cpython-310-aarch64-linux-gnu.so
[3.743s] -- Up-to-date: /home/ubuntu/ros2_wsorincp/install/ros_robot_controller_msgs/local/lib/python3.10/dist-packages/ros_robot_controller_msgs/libros_robot_controller_msgs__rosidl_generator_py.so
[3.743s] -- Up-to-date: /home/ubuntu/ros2_wsorincp/install/ros_robot_controller_msgs/local/lib/python3.10/dist-packages/ros_robot_controller_msgs/msg
[3.743s] -- Up-to-date: /home/ubuntu/ros2_wsorincp/install/ros_robot_controller_msgs/local/lib/python3.10/dist-packages/ros_robot_controller_msgs/msg/_motor_state.py
[3.743s] -- Up-to-date: /home/ubuntu/ros2_wsorincp/install/ros_robot_controller_msgs/local/lib/python3.10/dist-packages/ros_robot_controller_msgs/msg/_set_pwm_servo_state_s.c
[3.744s] -- Up-to-date: /home/ubuntu/ros2_wsorincp/install/ros_robot_controller_msgs/local/lib/python3.10/dist-packages/ros_robot_controller_msgs/msg/_get_bus_servo_cmd_s.c
[3.744s] -- Up-to-date: /home/ubuntu/ros2_wsorincp/install/ros_robot_controller_msgs/local/lib/python3.10/dist-packages/ros_robot_controller_msgs/msg/_oled_state_s.c
[3.744s] -- Up-to-date: /home/ubuntu/ros2_wsorincp/install/ros_robot_controller_msgs/local/lib/python3.10/dist-packages/ros_robot_controller_msgs/msg/_button_state.py
[3.744s] -- Up-to-date: /home/ubuntu/ros2_wsorincp/install/ros_robot_controller_msgs/local/lib/python3.10/dist-packages/ros_robot_controller_msgs/msg/_servo_position_s.c
[3.744s] -- Up-to-date: /home/ubuntu/ros2_wsorincp/install/ros_robot_controller_msgs/local/lib/python3.10/dist-packages/ros_robot_controller_msgs/msg/_button_state_s.c
[3.744s] -- Up-to-date: /home/ubuntu/ros2_wsorincp/install/ros_robot_controller_msgs/local/lib/python3.10/dist-packages/ros_robot_controller_msgs/msg/_led_state.py
[3.744s] -- Up-to-date: /home/ubuntu/ros2_wsorincp/install/ros_robot_controller_msgs/local/lib/python3.10/dist-packages/ros_robot_controller_msgs/msg/_led_state_s.c
[3.744s] -- Up-to-date: /home/ubuntu/ros2_wsorincp/install/ros_robot_controller_msgs/local/lib/python3.10/dist-packages/ros_robot_controller_msgs/msg/_servos_position.py
[3.744s] -- Up-to-date: /home/ubuntu/ros2_wsorincp/install/ros_robot_controller_msgs/local/lib/python3.10/dist-packages/ros_robot_controller_msgs/msg/_set_bus_servo_state_s.c
[3.744s] -- Up-to-date: /home/ubuntu/ros2_wsorincp/install/ros_robot_controller_msgs/local/lib/python3.10/dist-packages/ros_robot_controller_msgs/msg/_buzzer_state_s.c
[3.745s] -- Up-to-date: /home/ubuntu/ros2_wsorincp/install/ros_robot_controller_msgs/local/lib/python3.10/dist-packages/ros_robot_controller_msgs/msg/_get_bus_servo_cmd.py
[3.745s] -- Up-to-date: /home/ubuntu/ros2_wsorincp/install/ros_robot_controller_msgs/local/lib/python3.10/dist-packages/ros_robot_controller_msgs/msg/_get_pwm_servo_cmd_s.c
[3.745s] -- Up-to-date: /home/ubuntu/ros2_wsorincp/install/ros_robot_controller_msgs/local/lib/python3.10/dist-packages/ros_robot_controller_msgs/msg/_motors_state_s.c
[3.745s] -- Up-to-date: /home/ubuntu/ros2_wsorincp/install/ros_robot_controller_msgs/local/lib/python3.10/dist-packages/ros_robot_controller_msgs/msg/_pwm_servo_state_s.c
[3.745s] -- Up-to-date: /home/ubuntu/ros2_wsorincp/install/ros_robot_controller_msgs/local/lib/python3.10/dist-packages/ros_robot_controller_msgs/msg/_motors_state.py
[3.745s] -- Up-to-date: /home/ubuntu/ros2_wsorincp/install/ros_robot_controller_msgs/local/lib/python3.10/dist-packages/ros_robot_controller_msgs/msg/_motor_state_s.c
[3.745s] -- Up-to-date: /home/ubuntu/ros2_wsorincp/install/ros_robot_controller_msgs/local/lib/python3.10/dist-packages/ros_robot_controller_msgs/msg/_pwm_servo_state.py
[3.745s] -- Up-to-date: /home/ubuntu/ros2_wsorincp/install/ros_robot_controller_msgs/local/lib/python3.10/dist-packages/ros_robot_controller_msgs/msg/_servos_position_s.c
[3.745s] -- Up-to-date: /home/ubuntu/ros2_wsorincp/install/ros_robot_controller_msgs/local/lib/python3.10/dist-packages/ros_robot_controller_msgs/msg/_bus_servo_state_s.c
[3.745s] -- Up-to-date: /home/ubuntu/ros2_wsorincp/install/ros_robot_controller_msgs/local/lib/python3.10/dist-packages/ros_robot_controller_msgs/msg/_servo_position.py
[3.745s] -- Up-to-date: /home/ubuntu/ros2_wsorincp/install/ros_robot_controller_msgs/local/lib/python3.10/dist-packages/ros_robot_controller_msgs/msg/_get_pwm_servo_cmd.py
[3.745s] -- Up-to-date: /home/ubuntu/ros2_wsorincp/install/ros_robot_controller_msgs/local/lib/python3.10/dist-packages/ros_robot_controller_msgs/msg/_sbus.py
[3.746s] -- Up-to-date: /home/ubuntu/ros2_wsorincp/install/ros_robot_controller_msgs/local/lib/python3.10/dist-packages/ros_robot_controller_msgs/msg/_set_bus_servo_state.py
[3.746s] -- Up-to-date: /home/ubuntu/ros2_wsorincp/install/ros_robot_controller_msgs/local/lib/python3.10/dist-packages/ros_robot_controller_msgs/msg/_bus_servo_state.py
[3.746s] -- Up-to-date: /home/ubuntu/ros2_wsorincp/install/ros_robot_controller_msgs/local/lib/python3.10/dist-packages/ros_robot_controller_msgs/msg/_sbus_s.c
[3.746s] -- Up-to-date: /home/ubuntu/ros2_wsorincp/install/ros_robot_controller_msgs/local/lib/python3.10/dist-packages/ros_robot_controller_msgs/msg/_set_pwm_servo_state.py
[3.746s] -- Up-to-date: /home/ubuntu/ros2_wsorincp/install/ros_robot_controller_msgs/local/lib/python3.10/dist-packages/ros_robot_controller_msgs/msg/_oled_state.py
[3.746s] -- Up-to-date: /home/ubuntu/ros2_wsorincp/install/ros_robot_controller_msgs/local/lib/python3.10/dist-packages/ros_robot_controller_msgs/msg/_buzzer_state.py
[3.746s] -- Up-to-date: /home/ubuntu/ros2_wsorincp/install/ros_robot_controller_msgs/local/lib/python3.10/dist-packages/ros_robot_controller_msgs/msg/__init__.py
[3.746s] -- Up-to-date: /home/ubuntu/ros2_wsorincp/install/ros_robot_controller_msgs/local/lib/python3.10/dist-packages/ros_robot_controller_msgs/srv
[3.746s] -- Up-to-date: /home/ubuntu/ros2_wsorincp/install/ros_robot_controller_msgs/local/lib/python3.10/dist-packages/ros_robot_controller_msgs/srv/_get_pwm_servo_state.py
[3.746s] -- Up-to-date: /home/ubuntu/ros2_wsorincp/install/ros_robot_controller_msgs/local/lib/python3.10/dist-packages/ros_robot_controller_msgs/srv/_get_bus_servo_state_s.c
[3.746s] -- Up-to-date: /home/ubuntu/ros2_wsorincp/install/ros_robot_controller_msgs/local/lib/python3.10/dist-packages/ros_robot_controller_msgs/srv/_get_bus_servo_state.py
[3.746s] -- Up-to-date: /home/ubuntu/ros2_wsorincp/install/ros_robot_controller_msgs/local/lib/python3.10/dist-packages/ros_robot_controller_msgs/srv/_get_pwm_servo_state_s.c
[3.746s] -- Up-to-date: /home/ubuntu/ros2_wsorincp/install/ros_robot_controller_msgs/local/lib/python3.10/dist-packages/ros_robot_controller_msgs/srv/__init__.py
[3.747s] -- Up-to-date: /home/ubuntu/ros2_wsorincp/install/ros_robot_controller_msgs/local/lib/python3.10/dist-packages/ros_robot_controller_msgs/_ros_robot_controller_msgs_s.ep.rosidl_typesupport_c.c
[3.747s] -- Up-to-date: /home/ubuntu/ros2_wsorincp/install/ros_robot_controller_msgs/local/lib/python3.10/dist-packages/ros_robot_controller_msgs/ros_robot_controller_msgs_s__rosidl_typesupport_fastrtps_c.cpython-310-aarch64-linux-gnu.so
[3.747s] -- Up-to-date: /home/ubuntu/ros2_wsorincp/install/ros_robot_controller_msgs/local/lib/python3.10/dist-packages/ros_robot_controller_msgs/_ros_robot_controller_msgs_s.ep.rosidl_typesupport_fastrtps_c.c
[3.747s] -- Up-to-date: /home/ubuntu/ros2_wsorincp/install/ros_robot_controller_msgs/local/lib/python3.10/dist-packages/ros_robot_controller_msgs/ros_robot_controller_msgs_s__rosidl_typesupport_c.cpython-310-aarch64-linux-gnu.so
[3.747s] -- Up-to-date: /home/ubuntu/ros2_wsorincp/install/ros_robot_controller_msgs/local/lib/python3.10/dist-packages/ros_robot_controller_msgs/__init__.py
[3.816s] Listing '/home/ubuntu/ros2_wsorincp/install/ros_robot_controller_msgs/local/lib/python3.10/dist-packages/ros_robot_controller_msgs'...
[3.816s] Listing '/home/ubuntu/ros2_wsorincp/install/ros_robot_controller_msgs/local/lib/python3.10/dist-packages/ros_robot_controller_msgs/msg'...
[3.816s] Listing '/home/ubuntu/ros2_wsorincp/install/ros_robot_controller_msgs/local/lib/python3.10/dist-packages/ros_robot_controller_msgs/srv'...
[3.837s] -- Up-to-date: /home/ubuntu/ros2_wsorincp/install/ros_robot_controller_msgs/local/lib/python3.10/dist-packages/ros_robot_controller_msgs/ros_robot_controller_msgs_s__rosidl_typesupport_fastrtps_c.cpython-310-aarch64-linux-gnu.so
[3.839s] -- Up-to-date: /home/ubuntu/ros2_wsorincp/install/ros_robot_controller_msgs/local/lib/python3.10/dist-packages/ros_robot_controller_msgs/ros_robot_controller_msgs_s__rosidl_typesupport_introspection_c.cpython-310-aarch64-linux-gnu.so
[3.840s] -- Up-to-date: /home/ubuntu/ros2_wsorincp/install/ros_robot_controller_msgs/local/lib/python3.10/dist-packages/ros_robot_controller_msgs/ros_robot_controller_msgs_s__rosidl_typesupport_c.cpython-310-aarch64-linux-gnu.so
[3.841s] -- Up-to-date: /home/ubuntu/ros2_wsorincp/install/ros_robot_controller_msgs/lib/libros_robot_controller_msgs__rosidl_generator_py.so
[3.842s] -- Up-to-date: /home/ubuntu/ros2_wsorincp/install/ros_robot_controller_msgs/share/ros_robot_controller_msgs/msg/BusServoState.idl
[3.842s] -- Up-to-date: /home/ubuntu/ros2_wsorincp/install/ros_robot_controller_msgs/share/ros_robot_controller_msgs/msg/ButtonState.idl
[3.843s] -- Up-to-date: /home/ubuntu/ros2_wsorincp/install/ros_robot_controller_msgs/share/ros_robot_controller_msgs/msg/BuzzerState.idl
[3.843s] -- Up-to-date: /home/ubuntu/ros2_wsorincp/install/ros_robot_controller_msgs/share/ros_robot_controller_msgs/msg/LedState.idl
[3.843s] -- Up-to-date: /home/ubuntu/ros2_wsorincp/install/ros_robot_controller_msgs/share/ros_robot_controller_msgs/msg/MotorState.idl
[3.843s] -- Up-to-date: /home/ubuntu/ros2_wsorincp/install/ros_robot_controller_msgs/share/ros_robot_controller_msgs/msg/MotorsState.idl
[3.844s] -- Up-to-date: /home/ubuntu/ros2_wsorincp/install/ros_robot_controller_msgs/share/ros_robot_controller_msgs/msg/PWMServoState.idl
[3.844s] -- Up-to-date: /home/ubuntu/ros2_wsorincp/install/ros_robot_controller_msgs/share/ros_robot_controller_msgs/msg/Sbus.idl
[3.844s] -- Up-to-date: /home/ubuntu/ros2_wsorincp/install/ros_robot_controller_msgs/share/ros_robot_controller_msgs/msg/OLEDState.idl
[3.845s] -- Up-to-date: /home/ubuntu/ros2_wsorincp/install/ros_robot_controller_msgs/share/ros_robot_controller_msgs/msg/SetBusServoState.idl
[3.845s] -- Up-to-date: /home/ubuntu/ros2_wsorincp/install/ros_robot_controller_msgs/share/ros_robot_controller_msgs/msg/ServoPosition.idl
[3.845s] -- Up-to-date: /home/ubuntu/ros2_wsorincp/install/ros_robot_controller_msgs/share/ros_robot_controller_msgs/msg/ServosPosition.idl
[3.846s] -- Up-to-date: /home/ubuntu/ros2_wsorincp/install/ros_robot_controller_msgs/share/ros_robot_controller_msgs/msg/SetPWMServoState.idl
[3.846s] -- Up-to-date: /home/ubuntu/ros2_wsorincp/install/ros_robot_controller_msgs/share/ros_robot_controller_msgs/msg/GetBusServoCmd.idl
[3.846s] -- Up-to-date: /home/ubuntu/ros2_wsorincp/install/ros_robot_controller_msgs/share/ros_robot_controller_msgs/msg/GetPWMServoCmd.idl
[3.846s] -- Up-to-date: /home/ubuntu/ros2_wsorincp/install/ros_robot_controller_msgs/share/ros_robot_controller_msgs/srv/GetBusServoState.idl
[3.846s] -- Up-to-date: /home/ubuntu/ros2_wsorincp/install/ros_robot_controller_msgs/share/ros_robot_controller_msgs/srv/GetPWMServoState.idl
[3.847s] -- Up-to-date: /home/ubuntu/ros2_wsorincp/install/ros_robot_controller_msgs/share/ros_robot_controller_msgs/msg/BusServoState.msg
[3.847s] -- Up-to-date: /home/ubuntu/ros2_wsorincp/install/ros_robot_controller_msgs/share/ros_robot_controller_msgs/msg/ButtonState.msg
[3.847s] -- Up-to-date: /home/ubuntu/ros2_wsorincp/install/ros_robot_controller_msgs/share/ros_robot_controller_msgs/msg/BuzzerState.msg
[3.847s] -- Up-to-date: /home/ubuntu/ros2_wsorincp/install/ros_robot_controller_msgs/share/ros_robot_controller_msgs/msg/LedState.msg
[3.848s] -- Up-to-date: /home/ubuntu/ros2_wsorincp/install/ros_robot_controller_msgs/share/ros_robot_controller_msgs/msg/MotorState.msg
[3.848s] -- Up-to-date: /home/ubuntu/ros2_wsorincp/install/ros_robot_controller_msgs/share/ros_robot_controller_msgs/msg/MotorsState.msg
[3.848s] -- Up-to-date: /home/ubuntu/ros2_wsorincp/install/ros_robot_controller_msgs/share/ros_robot_controller_msgs/msg/PWMServoState.msg
[3.849s] -- Up-to-date: /home/ubuntu/ros2_wsorincp/install/ros_robot_controller_msgs/share/ros_robot_controller_msgs/msg/Sbus.msg
[3.849s] -- Up-to-date: /home/ubuntu/ros2_wsorincp/install/ros_robot_controller_msgs/share/ros_robot_controller_msgs/msg/OLEDState.msg
[3.849s] -- Up-to-date: /home/ubuntu/ros2_wsorincp/install/ros_robot_controller_msgs/share/ros_robot_controller_msgs/msg/SetBusServoState.msg
[3.850s] -- Up-to-date: /home/ubuntu/ros2_wsorincp/install/ros_robot_controller_msgs/share/ros_robot_controller_msgs/msg/ServoPosition.msg
[3.850s] -- Up-to-date: /home/ubuntu/ros2_wsorincp/install/ros_robot_controller_msgs/share/ros_robot_controller_msgs/msg/ServosPosition.msg
[3.850s] -- Up-to-date: /home/ubuntu/ros2_wsorincp/install/ros_robot_controller_msgs/share/ros_robot_controller_msgs/msg/SetPWMServoState.msg
[3.851s] -- Up-to-date: /home/ubuntu/ros2_wsorincp/install/ros_robot_controller_msgs/share/ros_robot_controller_msgs/msg/GetBusServoCmd.msg
[3.851s] -- Up-to-date: /home/ubuntu/ros2_wsorincp/install/ros_robot_controller_msgs/share/ros_robot_controller_msgs/msg/GetPWMServoCmd.msg
[3.852s] -- Up-to-date: /home/ubuntu/ros2_wsorincp/install/ros_robot_controller_msgs/share/ros_robot_controller_msgs/srv/GetBusServoState.srv
[3.852s] -- Up-to-date: /home/ubuntu/ros2_wsorincp/install/ros_robot_controller_msgs/share/ros_robot_controller_msgs/srv/GetBusServoState_Request.msg
[3.853s] -- Up-to-date: /home/ubuntu/ros2_wsorincp/install/ros_robot_controller_msgs/share/ros_robot_controller_msgs/srv/GetBusServoState_Response.msg
[3.853s] -- Up-to-date: /home/ubuntu/ros2_wsorincp/install/ros_robot_controller_msgs/share/ros_robot_controller_msgs/srv/GetPWMServoState.srv
[3.853s] -- Up-to-date: /home/ubuntu/ros2_wsorincp/install/ros_robot_controller_msgs/share/ros_robot_controller_msgs/srv/GetPWMServoState_Request.msg
[3.853s] -- Up-to-date: /home/ubuntu/ros2_wsorincp/install/ros_robot_controller_msgs/share/ros_robot_controller_msgs/srv/GetPWMServoState_Response.msg
[3.853s] -- Up-to-date: /home/ubuntu/ros2_wsorincp/install/ros_robot_controller_msgs/share/ament_index/resource_index/package_run_dependencies/ros_robot_controller_msgs
[3.854s] -- Up-to-date: /home/ubuntu/ros2_wsorincp/install/ros_robot_controller_msgs/share/ament_index/resource_index/parent_prefix_path/ros_robot_controller_msgs
[3.854s] -- Up-to-date: /home/ubuntu/ros2_wsorincp/install/ros_robot_controller_msgs/share/ros_robot_controller_msgs/environment/ament_prefix_path.sh
[3.854s] -- Up-to-date: /home/ubuntu/ros2_wsorincp/install/ros_robot_controller_msgs/share/ros_robot_controller_msgs/environment/ament_prefix_path.dsv
[3.854s] -- Up-to-date: /home/ubuntu/ros2_wsorincp/install/ros_robot_controller_msgs/share/ros_robot_controller_msgs/environment/path.sh
[3.855s] -- Up-to-date: /home/ubuntu/ros2_wsorincp/install/ros_robot_controller_msgs/share/ros_robot_controller_msgs/environment/path.dsv
[3.855s] -- Up-to-date: /home/ubuntu/ros2_wsorincp/install/ros_robot_controller_msgs/share/ros_robot_controller_msgs/local_setup.bash
[3.855s] -- Up-to-date: /home/ubuntu/ros2_wsorincp/install/ros_robot_controller_msgs/share/ros_robot_controller_msgs/local_setup.sh
[3.855s] -- Up-to-date: /home/ubuntu/ros2_wsorincp/install/ros_robot_controller_msgs/share/ros_robot_controller_msgs/local_setup.zsh
[3.855s] -- Up-to-date: /home/ubuntu/ros2_wsorincp/install/ros_robot_controller_msgs/share/ros_robot_controller_msgs/local_setup.dsv
[3.856s] -- Installing: /home/ubuntu/ros2_wsorincp/install/ros_robot_controller_msgs/share/ros_robot_controller_msgs/package.dsv
[3.856s] -- Up-to-date: /home/ubuntu/ros2_wsorincp/install/ros_robot_controller_msgs/share/ament_index/resource_index/packages/ros_robot_controller_msgs
[3.856s] -- Up-to-date: /home/ubuntu/ros2_wsorincp/install/ros_robot_controller_msgs/share/ros_robot_controller_msgs/cmake/export_ros_robot_controller_msgs__rosidl_generator_cExport.cmake
[3.856s] -- Up-to-date: /home/ubuntu/ros2_wsorincp/install/ros_robot_controller_msgs/share/ros_robot_controller_msgs/cmake/export_ros_robot_controller_msgs__rosidl_generator_cExport-noconfig.cmake
[3.856s] -- Up-to-date: /home/ubuntu/ros2_wsorincp/install/ros_robot_controller_msgs/share/ros_robot_controller_msgs/cmake/export_ros_robot_controller_msgs__rosidl_typesupport_fastrtps_cExport.cmake
[3.857s] -- Up-to-date: /home/ubuntu/ros2_wsorincp/install/ros_robot_controller_msgs/share/ros_robot_controller_msgs/cmake/export_ros_robot_controller_msgs__rosidl_typesupport_fastrtps_cExport-noconfig.cmake
[3.857s] -- Up-to-date: /home/ubuntu/ros2_wsorincp/install/ros_robot_controller_msgs/share/ros_robot_controller_msgs/cmake/export_ros_robot_controller_msgs__rosidl_generator_cppExport.cmake
[3.858s] -- Up-to-date: /home/ubuntu/ros2_wsorincp/install/ros_robot_controller_msgs/share/ros_robot_controller_msgs/cmake/export_ros_robot_controller_msgs__rosidl_typesupport_fastrtps_cppExport.cmake
[3.859s] -- Up-to-date: /home/ubuntu/ros2_wsorincp/install/ros_robot_controller_msgs/share/ros_robot_controller_msgs/cmake/export_ros_robot_controller_msgs__rosidl_typesupport_fastrtps_cppExport-noconfig.cmake
[3.860s] -- Up-to-date: /home/ubuntu/ros2_wsorincp/install/ros_robot_controller_msgs/share/ros_robot_controller_msgs/cmake/ros_robot_controller_msgs__rosidl_typesupport_introspection_cExport.cmake
[3.860s] -- Up-to-date: /home/ubuntu/ros2_wsorincp/install/ros_robot_controller_msgs/share/ros_robot_controller_msgs/cmake/ros_robot_controller_msgs__rosidl_typesupport_introspection_cExport-noconfig.cmake
[3.862s] -- Up-to-date: /home/ubuntu/ros2_wsorincp/install/ros_robot_controller_msgs/share/ros_robot_controller_msgs/cmake/ros_robot_controller_msgs__rosidl_typesupport_cExport.cmake
[3.862s] -- Up-to-date: /home/ubuntu/ros2_wsorincp/install/ros_robot_controller_msgs/share/ros_robot_controller_msgs/cmake/ros_robot_controller_msgs__rosidl_typesupport_cExport-noconfig.cmake
[3.863s] -- Up-to-date: /home/ubuntu/ros2_wsorincp/install/ros_robot_controller_msgs/share/ros_robot_controller_msgs/cmake/ros_robot_controller_msgs__rosidl_typesupport_introspection_cppExport.cmake
[3.864s] -- Up-to-date: /home/ubuntu/ros2_wsorincp/install/ros_robot_controller_msgs/share/ros_robot_controller_msgs/cmake/ros_robot_controller_msgs__rosidl_typesupport_introspection_cppExport-noconfig.cmake
[3.865s] -- Up-to-date: /home/ubuntu/ros2_wsorincp/install/ros_robot_controller_msgs/share/ros_robot_controller_msgs/cmake/ros_robot_controller_msgs__rosidl_typesupport_cppExport.cmake
[3.866s] -- Up-to-date: /home/ubuntu/ros2_wsorincp/install/ros_robot_controller_msgs/share/ros_robot_controller_msgs/cmake/ros_robot_controller_msgs__rosidl_typesupport_cppExport-noconfig.cmake
[3.867s] -- Up-to-date: /home/ubuntu/ros2_wsorincp/install/ros_robot_controller_msgs/share/ros_robot_controller_msgs/cmake/export_ros_robot_controller_msgs__rosidl_generator_pyExport.cmake
[3.867s] -- Up-to-date: /home/ubuntu/ros2_wsorincp/install/ros_robot_controller_msgs/share/ros_robot_controller_msgs/cmake/export_ros_robot_controller_msgs__rosidl_generator_pyExport-noconfig.cmake
[3.868s] -- Up-to-date: /home/ubuntu/ros2_wsorincp/install/ros_robot_controller_msgs/share/ros_robot_controller_msgs/cmake/rosidl_cmake-extras.cmake
[3.868s] -- Up-to-date: /home/ubuntu/ros2_wsorincp/install/ros_robot_controller_msgs/share/ros_robot_controller_msgs/cmake/ament_cmake_export_dependencies-extras.cmake
[3.868s] -- Up-to-date: /home/ubuntu/ros2_wsorincp/install/ros_robot_controller_msgs/share/ros_robot_controller_msgs/cmake/ament_cmake_export_include_directories-extras.cmake
[3.868s] -- Up-to-date: /home/ubuntu/ros2_wsorincp/install/ros_robot_controller_msgs/share/ros_robot_controller_msgs/cmake/ament_cmake_export_libraries-extras.cmake
[3.869s] -- Up-to-date: /home/ubuntu/ros2_wsorincp/install/ros_robot_controller_msgs/share/ros_robot_controller_msgs/cmake/ament_cmake_export_targets-extras.cmake
[3.869s] -- Up-to-date: /home/ubuntu/ros2_wsorincp/install/ros_robot_controller_msgs/share/ros_robot_controller_msgs/cmake/rosidl_cmake_export_typesupport_targets-extras.cmake
[3.869s] -- Up-to-date: /home/ubuntu/ros2_wsorincp/install/ros_robot_controller_msgs/share/ros_robot_controller_msgs/cmake/rosidl_cmake_export_typesupport_libraries-extras.cmake
[3.869s] -- Up-to-date: /home/ubuntu/ros2_wsorincp/install/ros_robot_controller_msgs/share/ros_robot_controller_msgs/cmake/ros_robot_controller_msgsConfig.cmake
[3.869s] -- Up-to-date: /home/ubuntu/ros2_wsorincp/install/ros_robot_controller_msgs/share/ros_robot_controller_msgs/cmake/ros_robot_controller_msgsConfig-version.cmake
[3.870s] -- Up-to-date: /home/ubuntu/ros2_wsorincp/install/ros_robot_controller_msgs/share/ros_robot_controller_msgs/package.xml
[3.876s] Invoked command in '/home/ubuntu/ros2_wsorincp/build/ros_robot_controller_msgs' returned '0': CMAKE_PREFIX_PATH=/home/ubuntu/ros2_wsorincp/install/smart_car_core_demo:/home/ubuntu/ros2_wsorincp/install/ros_robot_controller_msgs:/home/ubuntu/third_party_ros2/orbbec_ws/install/orbbec_description:/home/ubuntu/third_party_ros2/orbbec_ws/install/orbbec_camera:/home/ubuntu/third_party_ros2/orbbec_ws/install/orbbec_camera_msgs:/home/ubuntu/third_party_ros2/third_party_ws/install/ydlidar_ros2_driver:/home/ubuntu/third_party_ros2/third_party_ws/install/web_video_server:/home/ubuntu/third_party_ros2/third_party_ws/install/teb_local_planner:/home/ubuntu/third_party_ros2/third_party_ws/install/teb_msgs:/home/ubuntu/third_party_ros2/third_party_ws/install/sllidar_ros2:/home/ubuntu/third_party_ros2/third_party_ws/install/rf2o_laser_odometry:/home/ubuntu/third_party_ros2/third_party_ws/install/ldlidar_stl_ros2:/home/ubuntu/third_party_ros2/third_party_ws/install/laser_filters:/home/ubuntu/third_party_ros2/third_party_ws/install/imu_calib:/home/ubuntu/third_party_ros2/third_party_ws/install/costmap_converter:/home/ubuntu/third_party_ros2/third_party_ws/install/costmap_converter_msgs:/home/ubuntu/ros2_wsorincp/install/ros_robot_controller:/home/ubuntu/ros2_ws/install/yolov5_ros2:/home/ubuntu/ros2_ws/install/slam:/home/ubuntu/ros2_ws/install/servo_controller:/home/ubuntu/ros2_ws/install/sdk:/home/ubuntu/ros2_ws/install/ros_robot_controller:/home/ubuntu/ros2_ws/install/peripherals:/home/ubuntu/ros2_ws/install/navigation:/home/ubuntu/ros2_ws/install/kinematics:/home/ubuntu/ros2_ws/install/jetrover_description:/home/ubuntu/ros2_ws/install/example:/home/ubuntu/ros2_ws/install/controller:/home/ubuntu/ros2_ws/install/calibration:/home/ubuntu/ros2_ws/install/bringup:/home/ubuntu/ros2_ws/install/app:/opt/ros/humble:/home/ubuntu/third_party_ros2/third_party_ws/install/async_web_server_cpp:/home/ubuntu/third_party_ros2/third_party_ws/install/ascamera_listener:/home/ubuntu/third_party_ros2/third_party_ws/install/apriltag_ros:/home/ubuntu/third_party_ros2/third_party_ws/install/apriltag_msgs:/home/ubuntu/ros2_ws/install/xf_mic_asr_offline:/home/ubuntu/ros2_ws/install/xf_mic_asr_offline_msgs:/home/ubuntu/ros2_ws/install/servo_controller_msgs:/home/ubuntu/ros2_ws/install/ros_robot_controller_msgs:/home/ubuntu/ros2_ws/install/kinematics_msgs:/home/ubuntu/ros2_ws/install/interfaces /usr/bin/cmake --install /home/ubuntu/ros2_wsorincp/build/ros_robot_controller_msgs
