[0.016s] Invoking command in '/home/ubuntu/ros2_wsorincp/build/smart_car_core_demo': CMAKE_PREFIX_PATH=/opt/ros/humble /usr/bin/cmake --build /home/ubuntu/ros2_wsorincp/build/smart_car_core_demo -- -j4 -l4
[0.046s] -- Found ament_cmake: 1.3.9 (/opt/ros/humble/share/ament_cmake/cmake)
[0.267s] -- Found rclcpp: 16.0.9 (/opt/ros/humble/share/rclcpp/cmake)
[0.348s] -- Found rosidl_generator_c: 3.1.5 (/opt/ros/humble/share/rosidl_generator_c/cmake)
[0.355s] -- Found rosidl_adapter: 3.1.5 (/opt/ros/humble/share/rosidl_adapter/cmake)
[0.373s] -- Found rosidl_generator_cpp: 3.1.5 (/opt/ros/humble/share/rosidl_generator_cpp/cmake)
[0.395s] -- Using all available rosidl_typesupport_c: rosidl_typesupport_fastrtps_c;rosidl_typesupport_introspection_c
[0.415s] -- Using all available rosidl_typesupport_cpp: rosidl_typesupport_fastrtps_cpp;rosidl_typesupport_introspection_cpp
[0.501s] -- Found rmw_implementation_cmake: 6.1.2 (/opt/ros/humble/share/rmw_implementation_cmake/cmake)
[0.505s] -- Found rmw_fastrtps_cpp: 6.2.6 (/opt/ros/humble/share/rmw_fastrtps_cpp/cmake)
[0.774s] -- Using RMW implementation 'rmw_fastrtps_cpp' as default
[1.104s] -- Found geometry_msgs: 4.2.4 (/opt/ros/humble/share/geometry_msgs/cmake)
[1.164s] -- Found std_srvs: 4.2.4 (/opt/ros/humble/share/std_srvs/cmake)
[1.199s] -- Found rclcpp_action: 16.0.9 (/opt/ros/humble/share/rclcpp_action/cmake)
[1.396s] [31mCMake Error at CMakeLists.txt:15 (find_package):
[1.397s]   By not providing "Findros_robot_controller_msgs.cmake" in CMAKE_MODULE_PATH
[1.397s]   this project has asked CMake to find a package configuration file provided
[1.397s]   by "ros_robot_controller_msgs", but CMake did not find one.
[1.397s] 
[1.397s]   Could not find a package configuration file provided by
[1.397s]   "ros_robot_controller_msgs" with any of the following names:
[1.397s] 
[1.398s]     ros_robot_controller_msgsConfig.cmake
[1.398s]     ros_robot_controller_msgs-config.cmake
[1.398s] 
[1.398s]   Add the installation prefix of "ros_robot_controller_msgs" to
[1.398s]   CMAKE_PREFIX_PATH or set "ros_robot_controller_msgs_DIR" to a directory
[1.398s]   containing one of the above files.  If "ros_robot_controller_msgs" provides
[1.398s]   a separate development package or SDK, be sure it has been installed.
[1.399s] 
[1.399s] [0m
[1.399s] -- Configuring incomplete, errors occurred!
[1.399s] See also "/home/ubuntu/ros2_wsorincp/build/smart_car_core_demo/CMakeFiles/CMakeOutput.log".
[1.413s] gmake: *** [Makefile:308: cmake_check_build_system] Error 1
[1.417s] Invoked command in '/home/ubuntu/ros2_wsorincp/build/smart_car_core_demo' returned '2': CMAKE_PREFIX_PATH=/opt/ros/humble /usr/bin/cmake --build /home/ubuntu/ros2_wsorincp/build/smart_car_core_demo -- -j4 -l4
