[0.468s] [34mcolcon[0m [1;30mDEBUG[0m [32mCommand line arguments: ['/usr/bin/colcon', 'build', '--packages-select', 'smart_car_core_demo'][0m
[0.468s] [34mcolcon[0m [1;30mDEBUG[0m [32mParsed command line arguments: Namespace(log_base=None, log_level=None, verb_name='build', build_base='build', install_base='install', merge_install=False, symlink_install=False, test_result_base=None, continue_on_error=False, executor='parallel', parallel_workers=16, event_handlers=None, ignore_user_meta=False, metas=['./colcon.meta'], base_paths=['.'], packages_ignore=None, packages_ignore_regex=None, paths=None, packages_up_to=None, packages_up_to_regex=None, packages_above=None, packages_above_and_dependencies=None, packages_above_depth=None, packages_select_by_dep=None, packages_skip_by_dep=None, packages_skip_up_to=None, packages_select_build_failed=False, packages_skip_build_finished=False, packages_select_test_failures=False, packages_skip_test_passed=False, packages_select=['smart_car_core_demo'], packages_skip=None, packages_select_regex=None, packages_skip_regex=None, packages_start=None, packages_end=None, allow_overriding=[], cmake_args=None, cmake_target=None, cmake_target_skip_unavailable=False, cmake_clean_cache=False, cmake_clean_first=False, cmake_force_configure=False, ament_cmake_args=None, catkin_cmake_args=None, catkin_skip_building_tests=False, verb_parser=<colcon_defaults.argument_parser.defaults.DefaultArgumentsDecorator object at 0x7fa79d0ff850>, verb_extension=<colcon_core.verb.build.BuildVerb object at 0x7fa79d0b4670>, main=<bound method BuildVerb.main of <colcon_core.verb.build.BuildVerb object at 0x7fa79d0b4670>>)[0m
[0.720s] [34mcolcon.colcon_core.package_discovery[0m [1;30mLevel 1[0m discover_packages(colcon_meta) check parameters
[0.720s] [34mcolcon.colcon_core.package_discovery[0m [1;30mLevel 1[0m discover_packages(recursive) check parameters
[0.720s] [34mcolcon.colcon_core.package_discovery[0m [1;30mLevel 1[0m discover_packages(ignore) check parameters
[0.720s] [34mcolcon.colcon_core.package_discovery[0m [1;30mLevel 1[0m discover_packages(path) check parameters
[0.720s] [34mcolcon.colcon_core.package_discovery[0m [1;30mLevel 1[0m discover_packages(colcon_meta) discover
[0.720s] [34mcolcon.colcon_core.package_discovery[0m [1;30mLevel 1[0m discover_packages(recursive) discover
[0.720s] [34mcolcon.colcon_core.package_discovery[0m [1;30mINFO[0m Crawling recursively for packages in '/home/ros2user/raspbros2+my_ws/src/Myself_WS/Keyboard control for the Mellen car'
[0.720s] [34mcolcon.colcon_core.package_identification[0m [1;30mLevel 1[0m _identify(.) by extensions ['ignore', 'ignore_ament_install']
[0.721s] [34mcolcon.colcon_core.package_identification[0m [1;30mLevel 1[0m _identify(.) by extension 'ignore'
[0.721s] [34mcolcon.colcon_core.package_identification[0m [1;30mLevel 1[0m _identify(.) by extension 'ignore_ament_install'
[0.721s] [34mcolcon.colcon_core.package_identification[0m [1;30mLevel 1[0m _identify(.) by extensions ['colcon_pkg']
[0.721s] [34mcolcon.colcon_core.package_identification[0m [1;30mLevel 1[0m _identify(.) by extension 'colcon_pkg'
[0.721s] [34mcolcon.colcon_core.package_identification[0m [1;30mLevel 1[0m _identify(.) by extensions ['colcon_meta']
[0.721s] [34mcolcon.colcon_core.package_identification[0m [1;30mLevel 1[0m _identify(.) by extension 'colcon_meta'
[0.721s] [34mcolcon.colcon_core.package_identification[0m [1;30mLevel 1[0m _identify(.) by extensions ['ros']
[0.721s] [34mcolcon.colcon_core.package_identification[0m [1;30mLevel 1[0m _identify(.) by extension 'ros'
[0.736s] [34mcolcon.colcon_core.package_identification[0m [1;30mLevel 1[0m _identify(.) by extensions ['cmake', 'python']
[0.736s] [34mcolcon.colcon_core.package_identification[0m [1;30mLevel 1[0m _identify(.) by extension 'cmake'
[0.736s] [34mcolcon.colcon_core.package_identification[0m [1;30mLevel 1[0m _identify(.) by extension 'python'
[0.736s] [34mcolcon.colcon_core.package_identification[0m [1;30mLevel 1[0m _identify(.) by extensions ['python_setup_py']
[0.736s] [34mcolcon.colcon_core.package_identification[0m [1;30mLevel 1[0m _identify(.) by extension 'python_setup_py'
[0.736s] [34mcolcon.colcon_core.package_identification[0m [1;30mLevel 1[0m _identify(build) by extensions ['ignore', 'ignore_ament_install']
[0.736s] [34mcolcon.colcon_core.package_identification[0m [1;30mLevel 1[0m _identify(build) by extension 'ignore'
[0.737s] [34mcolcon.colcon_core.package_identification[0m [1;30mLevel 1[0m _identify(build) ignored
[0.737s] [34mcolcon.colcon_core.package_identification[0m [1;30mLevel 1[0m _identify(docs) by extensions ['ignore', 'ignore_ament_install']
[0.737s] [34mcolcon.colcon_core.package_identification[0m [1;30mLevel 1[0m _identify(docs) by extension 'ignore'
[0.737s] [34mcolcon.colcon_core.package_identification[0m [1;30mLevel 1[0m _identify(docs) by extension 'ignore_ament_install'
[0.737s] [34mcolcon.colcon_core.package_identification[0m [1;30mLevel 1[0m _identify(docs) by extensions ['colcon_pkg']
[0.737s] [34mcolcon.colcon_core.package_identification[0m [1;30mLevel 1[0m _identify(docs) by extension 'colcon_pkg'
[0.737s] [34mcolcon.colcon_core.package_identification[0m [1;30mLevel 1[0m _identify(docs) by extensions ['colcon_meta']
[0.737s] [34mcolcon.colcon_core.package_identification[0m [1;30mLevel 1[0m _identify(docs) by extension 'colcon_meta'
[0.737s] [34mcolcon.colcon_core.package_identification[0m [1;30mLevel 1[0m _identify(docs) by extensions ['ros']
[0.737s] [34mcolcon.colcon_core.package_identification[0m [1;30mLevel 1[0m _identify(docs) by extension 'ros'
[0.738s] [34mcolcon.colcon_core.package_identification[0m [1;30mLevel 1[0m _identify(docs) by extensions ['cmake', 'python']
[0.738s] [34mcolcon.colcon_core.package_identification[0m [1;30mLevel 1[0m _identify(docs) by extension 'cmake'
[0.738s] [34mcolcon.colcon_core.package_identification[0m [1;30mLevel 1[0m _identify(docs) by extension 'python'
[0.738s] [34mcolcon.colcon_core.package_identification[0m [1;30mLevel 1[0m _identify(docs) by extensions ['python_setup_py']
[0.738s] [34mcolcon.colcon_core.package_identification[0m [1;30mLevel 1[0m _identify(docs) by extension 'python_setup_py'
[0.738s] [34mcolcon.colcon_core.package_identification[0m [1;30mLevel 1[0m _identify(install) by extensions ['ignore', 'ignore_ament_install']
[0.738s] [34mcolcon.colcon_core.package_identification[0m [1;30mLevel 1[0m _identify(install) by extension 'ignore'
[0.738s] [34mcolcon.colcon_core.package_identification[0m [1;30mLevel 1[0m _identify(install) ignored
[0.739s] [34mcolcon.colcon_core.package_identification[0m [1;30mLevel 1[0m _identify(log) by extensions ['ignore', 'ignore_ament_install']
[0.739s] [34mcolcon.colcon_core.package_identification[0m [1;30mLevel 1[0m _identify(log) by extension 'ignore'
[0.739s] [34mcolcon.colcon_core.package_identification[0m [1;30mLevel 1[0m _identify(log) ignored
[0.739s] [34mcolcon.colcon_core.package_identification[0m [1;30mLevel 1[0m _identify(src) by extensions ['ignore', 'ignore_ament_install']
[0.739s] [34mcolcon.colcon_core.package_identification[0m [1;30mLevel 1[0m _identify(src) by extension 'ignore'
[0.739s] [34mcolcon.colcon_core.package_identification[0m [1;30mLevel 1[0m _identify(src) by extension 'ignore_ament_install'
[0.739s] [34mcolcon.colcon_core.package_identification[0m [1;30mLevel 1[0m _identify(src) by extensions ['colcon_pkg']
[0.739s] [34mcolcon.colcon_core.package_identification[0m [1;30mLevel 1[0m _identify(src) by extension 'colcon_pkg'
[0.739s] [34mcolcon.colcon_core.package_identification[0m [1;30mLevel 1[0m _identify(src) by extensions ['colcon_meta']
[0.739s] [34mcolcon.colcon_core.package_identification[0m [1;30mLevel 1[0m _identify(src) by extension 'colcon_meta'
[0.740s] [34mcolcon.colcon_core.package_identification[0m [1;30mLevel 1[0m _identify(src) by extensions ['ros']
[0.740s] [34mcolcon.colcon_core.package_identification[0m [1;30mLevel 1[0m _identify(src) by extension 'ros'
[0.740s] [34mcolcon.colcon_core.package_identification[0m [1;30mLevel 1[0m _identify(src) by extensions ['cmake', 'python']
[0.740s] [34mcolcon.colcon_core.package_identification[0m [1;30mLevel 1[0m _identify(src) by extension 'cmake'
[0.740s] [34mcolcon.colcon_core.package_identification[0m [1;30mLevel 1[0m _identify(src) by extension 'python'
[0.740s] [34mcolcon.colcon_core.package_identification[0m [1;30mLevel 1[0m _identify(src) by extensions ['python_setup_py']
[0.740s] [34mcolcon.colcon_core.package_identification[0m [1;30mLevel 1[0m _identify(src) by extension 'python_setup_py'
[0.740s] [34mcolcon.colcon_core.package_identification[0m [1;30mLevel 1[0m _identify(src/driver) by extensions ['ignore', 'ignore_ament_install']
[0.740s] [34mcolcon.colcon_core.package_identification[0m [1;30mLevel 1[0m _identify(src/driver) by extension 'ignore'
[0.740s] [34mcolcon.colcon_core.package_identification[0m [1;30mLevel 1[0m _identify(src/driver) by extension 'ignore_ament_install'
[0.740s] [34mcolcon.colcon_core.package_identification[0m [1;30mLevel 1[0m _identify(src/driver) by extensions ['colcon_pkg']
[0.741s] [34mcolcon.colcon_core.package_identification[0m [1;30mLevel 1[0m _identify(src/driver) by extension 'colcon_pkg'
[0.741s] [34mcolcon.colcon_core.package_identification[0m [1;30mLevel 1[0m _identify(src/driver) by extensions ['colcon_meta']
[0.741s] [34mcolcon.colcon_core.package_identification[0m [1;30mLevel 1[0m _identify(src/driver) by extension 'colcon_meta'
[0.741s] [34mcolcon.colcon_core.package_identification[0m [1;30mLevel 1[0m _identify(src/driver) by extensions ['ros']
[0.741s] [34mcolcon.colcon_core.package_identification[0m [1;30mLevel 1[0m _identify(src/driver) by extension 'ros'
[0.741s] [34mcolcon.colcon_core.package_identification[0m [1;30mLevel 1[0m _identify(src/driver) by extensions ['cmake', 'python']
[0.741s] [34mcolcon.colcon_core.package_identification[0m [1;30mLevel 1[0m _identify(src/driver) by extension 'cmake'
[0.741s] [34mcolcon.colcon_core.package_identification[0m [1;30mLevel 1[0m _identify(src/driver) by extension 'python'
[0.741s] [34mcolcon.colcon_core.package_identification[0m [1;30mLevel 1[0m _identify(src/driver) by extensions ['python_setup_py']
[0.741s] [34mcolcon.colcon_core.package_identification[0m [1;30mLevel 1[0m _identify(src/driver) by extension 'python_setup_py'
[0.741s] [34mcolcon.colcon_core.package_identification[0m [1;30mLevel 1[0m _identify(src/driver/ros_robot_controller) by extensions ['ignore', 'ignore_ament_install']
[0.741s] [34mcolcon.colcon_core.package_identification[0m [1;30mLevel 1[0m _identify(src/driver/ros_robot_controller) by extension 'ignore'
[0.741s] [34mcolcon.colcon_core.package_identification[0m [1;30mLevel 1[0m _identify(src/driver/ros_robot_controller) by extension 'ignore_ament_install'
[0.742s] [34mcolcon.colcon_core.package_identification[0m [1;30mLevel 1[0m _identify(src/driver/ros_robot_controller) by extensions ['colcon_pkg']
[0.742s] [34mcolcon.colcon_core.package_identification[0m [1;30mLevel 1[0m _identify(src/driver/ros_robot_controller) by extension 'colcon_pkg'
[0.742s] [34mcolcon.colcon_core.package_identification[0m [1;30mLevel 1[0m _identify(src/driver/ros_robot_controller) by extensions ['colcon_meta']
[0.742s] [34mcolcon.colcon_core.package_identification[0m [1;30mLevel 1[0m _identify(src/driver/ros_robot_controller) by extension 'colcon_meta'
[0.742s] [34mcolcon.colcon_core.package_identification[0m [1;30mLevel 1[0m _identify(src/driver/ros_robot_controller) by extensions ['ros']
[0.742s] [34mcolcon.colcon_core.package_identification[0m [1;30mLevel 1[0m _identify(src/driver/ros_robot_controller) by extension 'ros'
[0.748s] [34mcolcon.colcon_core.package_identification[0m [1;30mDEBUG[0m [32mPackage 'src/driver/ros_robot_controller' with type 'ros.ament_python' and name 'ros_robot_controller'[0m
[0.748s] [34mcolcon.colcon_core.package_identification[0m [1;30mLevel 1[0m _identify(src/driver/ros_robot_controller_msgs) by extensions ['ignore', 'ignore_ament_install']
[0.748s] [34mcolcon.colcon_core.package_identification[0m [1;30mLevel 1[0m _identify(src/driver/ros_robot_controller_msgs) by extension 'ignore'
[0.749s] [34mcolcon.colcon_core.package_identification[0m [1;30mLevel 1[0m _identify(src/driver/ros_robot_controller_msgs) by extension 'ignore_ament_install'
[0.749s] [34mcolcon.colcon_core.package_identification[0m [1;30mLevel 1[0m _identify(src/driver/ros_robot_controller_msgs) by extensions ['colcon_pkg']
[0.749s] [34mcolcon.colcon_core.package_identification[0m [1;30mLevel 1[0m _identify(src/driver/ros_robot_controller_msgs) by extension 'colcon_pkg'
[0.749s] [34mcolcon.colcon_core.package_identification[0m [1;30mLevel 1[0m _identify(src/driver/ros_robot_controller_msgs) by extensions ['colcon_meta']
[0.749s] [34mcolcon.colcon_core.package_identification[0m [1;30mLevel 1[0m _identify(src/driver/ros_robot_controller_msgs) by extension 'colcon_meta'
[0.749s] [34mcolcon.colcon_core.package_identification[0m [1;30mLevel 1[0m _identify(src/driver/ros_robot_controller_msgs) by extensions ['ros']
[0.749s] [34mcolcon.colcon_core.package_identification[0m [1;30mLevel 1[0m _identify(src/driver/ros_robot_controller_msgs) by extension 'ros'
[0.750s] [34mcolcon.colcon_core.package_identification[0m [1;30mDEBUG[0m [32mPackage 'src/driver/ros_robot_controller_msgs' with type 'ros.ament_cmake' and name 'ros_robot_controller_msgs'[0m
[0.751s] [34mcolcon.colcon_core.package_identification[0m [1;30mLevel 1[0m _identify(src/driver/speed_control_msgs) by extensions ['ignore', 'ignore_ament_install']
[0.751s] [34mcolcon.colcon_core.package_identification[0m [1;30mLevel 1[0m _identify(src/driver/speed_control_msgs) by extension 'ignore'
[0.751s] [34mcolcon.colcon_core.package_identification[0m [1;30mLevel 1[0m _identify(src/driver/speed_control_msgs) by extension 'ignore_ament_install'
[0.751s] [34mcolcon.colcon_core.package_identification[0m [1;30mLevel 1[0m _identify(src/driver/speed_control_msgs) by extensions ['colcon_pkg']
[0.752s] [34mcolcon.colcon_core.package_identification[0m [1;30mLevel 1[0m _identify(src/driver/speed_control_msgs) by extension 'colcon_pkg'
[0.752s] [34mcolcon.colcon_core.package_identification[0m [1;30mLevel 1[0m _identify(src/driver/speed_control_msgs) by extensions ['colcon_meta']
[0.752s] [34mcolcon.colcon_core.package_identification[0m [1;30mLevel 1[0m _identify(src/driver/speed_control_msgs) by extension 'colcon_meta'
[0.752s] [34mcolcon.colcon_core.package_identification[0m [1;30mLevel 1[0m _identify(src/driver/speed_control_msgs) by extensions ['ros']
[0.752s] [34mcolcon.colcon_core.package_identification[0m [1;30mLevel 1[0m _identify(src/driver/speed_control_msgs) by extension 'ros'
[0.753s] [34mcolcon.colcon_core.package_identification[0m [1;30mDEBUG[0m [32mPackage 'src/driver/speed_control_msgs' with type 'ros.ament_cmake' and name 'speed_control_msgs'[0m
[0.753s] [34mcolcon.colcon_core.package_identification[0m [1;30mLevel 1[0m _identify(src/peripherals) by extensions ['ignore', 'ignore_ament_install']
[0.753s] [34mcolcon.colcon_core.package_identification[0m [1;30mLevel 1[0m _identify(src/peripherals) by extension 'ignore'
[0.753s] [34mcolcon.colcon_core.package_identification[0m [1;30mLevel 1[0m _identify(src/peripherals) by extension 'ignore_ament_install'
[0.753s] [34mcolcon.colcon_core.package_identification[0m [1;30mLevel 1[0m _identify(src/peripherals) by extensions ['colcon_pkg']
[0.754s] [34mcolcon.colcon_core.package_identification[0m [1;30mLevel 1[0m _identify(src/peripherals) by extension 'colcon_pkg'
[0.754s] [34mcolcon.colcon_core.package_identification[0m [1;30mLevel 1[0m _identify(src/peripherals) by extensions ['colcon_meta']
[0.754s] [34mcolcon.colcon_core.package_identification[0m [1;30mLevel 1[0m _identify(src/peripherals) by extension 'colcon_meta'
[0.754s] [34mcolcon.colcon_core.package_identification[0m [1;30mLevel 1[0m _identify(src/peripherals) by extensions ['ros']
[0.754s] [34mcolcon.colcon_core.package_identification[0m [1;30mLevel 1[0m _identify(src/peripherals) by extension 'ros'
[0.755s] [34mcolcon.colcon_core.package_identification[0m [1;30mDEBUG[0m [32mPackage 'src/peripherals' with type 'ros.ament_cmake' and name 'smart_car_core_demo'[0m
[0.755s] [34mcolcon.colcon_core.package_discovery[0m [1;30mLevel 1[0m discover_packages(recursive) using defaults
[0.755s] [34mcolcon.colcon_core.package_discovery[0m [1;30mLevel 1[0m discover_packages(ignore) discover
[0.755s] [34mcolcon.colcon_core.package_discovery[0m [1;30mLevel 1[0m discover_packages(ignore) using defaults
[0.755s] [34mcolcon.colcon_core.package_discovery[0m [1;30mLevel 1[0m discover_packages(path) discover
[0.755s] [34mcolcon.colcon_core.package_discovery[0m [1;30mLevel 1[0m discover_packages(path) using defaults
[0.789s] [34mcolcon.colcon_core.package_selection[0m [1;30mINFO[0m Skipping not selected package 'ros_robot_controller' in 'src/driver/ros_robot_controller'
[0.790s] [34mcolcon.colcon_core.package_selection[0m [1;30mINFO[0m Skipping not selected package 'ros_robot_controller_msgs' in 'src/driver/ros_robot_controller_msgs'
[0.790s] [34mcolcon.colcon_core.package_selection[0m [1;30mINFO[0m Skipping not selected package 'speed_control_msgs' in 'src/driver/speed_control_msgs'
[0.790s] [34mcolcon.colcon_core.package_discovery[0m [1;30mLevel 1[0m discover_packages(prefix_path) check parameters
[0.790s] [34mcolcon.colcon_core.package_discovery[0m [1;30mLevel 1[0m discover_packages(prefix_path) discover
[0.792s] [34mcolcon.colcon_installed_package_information.package_discovery[0m [1;30mDEBUG[0m [32mFound 4 installed packages in /home/ros2user/raspbros2+my_ws/src/Myself_WS/Keyboard control for the Mellen car/install[0m
[0.795s] [34mcolcon.colcon_installed_package_information.package_discovery[0m [1;30mDEBUG[0m [32mFound 416 installed packages in /opt/ros/humble[0m
[0.799s] [34mcolcon.colcon_core.package_discovery[0m [1;30mLevel 1[0m discover_packages(prefix_path) using defaults
[0.860s] [34mcolcon.colcon_core.verb[0m [1;30mLevel 5[0m set package 'smart_car_core_demo' build argument 'cmake_args' from command line to 'None'
[0.860s] [34mcolcon.colcon_core.verb[0m [1;30mLevel 5[0m set package 'smart_car_core_demo' build argument 'cmake_target' from command line to 'None'
[0.860s] [34mcolcon.colcon_core.verb[0m [1;30mLevel 5[0m set package 'smart_car_core_demo' build argument 'cmake_target_skip_unavailable' from command line to 'False'
[0.860s] [34mcolcon.colcon_core.verb[0m [1;30mLevel 5[0m set package 'smart_car_core_demo' build argument 'cmake_clean_cache' from command line to 'False'
[0.860s] [34mcolcon.colcon_core.verb[0m [1;30mLevel 5[0m set package 'smart_car_core_demo' build argument 'cmake_clean_first' from command line to 'False'
[0.860s] [34mcolcon.colcon_core.verb[0m [1;30mLevel 5[0m set package 'smart_car_core_demo' build argument 'cmake_force_configure' from command line to 'False'
[0.860s] [34mcolcon.colcon_core.verb[0m [1;30mLevel 5[0m set package 'smart_car_core_demo' build argument 'ament_cmake_args' from command line to 'None'
[0.860s] [34mcolcon.colcon_core.verb[0m [1;30mLevel 5[0m set package 'smart_car_core_demo' build argument 'catkin_cmake_args' from command line to 'None'
[0.861s] [34mcolcon.colcon_core.verb[0m [1;30mLevel 5[0m set package 'smart_car_core_demo' build argument 'catkin_skip_building_tests' from command line to 'False'
[0.861s] [34mcolcon.colcon_core.verb[0m [1;30mDEBUG[0m [32mBuilding package 'smart_car_core_demo' with the following arguments: {'ament_cmake_args': None, 'build_base': '/home/ros2user/raspbros2+my_ws/src/Myself_WS/Keyboard control for the Mellen car/build/smart_car_core_demo', 'catkin_cmake_args': None, 'catkin_skip_building_tests': False, 'cmake_args': None, 'cmake_clean_cache': False, 'cmake_clean_first': False, 'cmake_force_configure': False, 'cmake_target': None, 'cmake_target_skip_unavailable': False, 'install_base': '/home/ros2user/raspbros2+my_ws/src/Myself_WS/Keyboard control for the Mellen car/install/smart_car_core_demo', 'merge_install': False, 'path': '/home/ros2user/raspbros2+my_ws/src/Myself_WS/Keyboard control for the Mellen car/src/peripherals', 'symlink_install': False, 'test_result_base': None}[0m
[0.861s] [34mcolcon.colcon_core.executor[0m [1;30mINFO[0m Executing jobs using 'parallel' executor
[0.863s] [34mcolcon.colcon_parallel_executor.executor.parallel[0m [1;30mDEBUG[0m [32mrun_until_complete[0m
[0.863s] [34mcolcon.colcon_ros.task.ament_cmake.build[0m [1;30mINFO[0m Building ROS package in '/home/ros2user/raspbros2+my_ws/src/Myself_WS/Keyboard control for the Mellen car/src/peripherals' with build type 'ament_cmake'
[0.864s] [34mcolcon.colcon_cmake.task.cmake.build[0m [1;30mINFO[0m Building CMake package in '/home/ros2user/raspbros2+my_ws/src/Myself_WS/Keyboard control for the Mellen car/src/peripherals'
[0.869s] [34mcolcon.colcon_core.plugin_system[0m [1;30mINFO[0m Skipping extension 'colcon_core.shell.bat': Not used on non-Windows systems
[0.870s] [34mcolcon.colcon_core.shell[0m [1;30mINFO[0m Skip shell extension 'powershell' for command environment: Not usable outside of PowerShell
[0.870s] [34mcolcon.colcon_core.shell[0m [1;30mDEBUG[0m [32mSkip shell extension 'dsv' for command environment[0m
[0.891s] [34mcolcon.colcon_core.event_handler.log_command[0m [1;30mDEBUG[0m [32mInvoking command in '/home/ros2user/raspbros2+my_ws/src/Myself_WS/Keyboard control for the Mellen car/build/smart_car_core_demo': CMAKE_PREFIX_PATH=${CMAKE_PREFIX_PATH}:/home/ros2user/raspbros2+my_ws/src/Myself_WS/Keyboard control for the Mellen car/install/ros_robot_controller:/opt/ros/humble /usr/bin/cmake /home/ros2user/raspbros2+my_ws/src/Myself_WS/Keyboard control for the Mellen car/src/peripherals -DCMAKE_INSTALL_PREFIX=/home/ros2user/raspbros2+my_ws/src/Myself_WS/Keyboard control for the Mellen car/install/smart_car_core_demo[0m
[26.280s] [34mcolcon.colcon_core.event_handler.log_command[0m [1;30mDEBUG[0m [32mInvoked command in '/home/ros2user/raspbros2+my_ws/src/Myself_WS/Keyboard control for the Mellen car/build/smart_car_core_demo' returned '0': CMAKE_PREFIX_PATH=${CMAKE_PREFIX_PATH}:/home/ros2user/raspbros2+my_ws/src/Myself_WS/Keyboard control for the Mellen car/install/ros_robot_controller:/opt/ros/humble /usr/bin/cmake /home/ros2user/raspbros2+my_ws/src/Myself_WS/Keyboard control for the Mellen car/src/peripherals -DCMAKE_INSTALL_PREFIX=/home/ros2user/raspbros2+my_ws/src/Myself_WS/Keyboard control for the Mellen car/install/smart_car_core_demo[0m
[26.282s] [34mcolcon.colcon_core.event_handler.log_command[0m [1;30mDEBUG[0m [32mInvoking command in '/home/ros2user/raspbros2+my_ws/src/Myself_WS/Keyboard control for the Mellen car/build/smart_car_core_demo': CMAKE_PREFIX_PATH=${CMAKE_PREFIX_PATH}:/home/ros2user/raspbros2+my_ws/src/Myself_WS/Keyboard control for the Mellen car/install/ros_robot_controller:/opt/ros/humble /usr/bin/cmake --build /home/ros2user/raspbros2+my_ws/src/Myself_WS/Keyboard control for the Mellen car/build/smart_car_core_demo -- -j16 -l16[0m
[46.261s] [34mcolcon.colcon_core.event_handler.log_command[0m [1;30mDEBUG[0m [32mInvoked command in '/home/ros2user/raspbros2+my_ws/src/Myself_WS/Keyboard control for the Mellen car/build/smart_car_core_demo' returned '0': CMAKE_PREFIX_PATH=${CMAKE_PREFIX_PATH}:/home/ros2user/raspbros2+my_ws/src/Myself_WS/Keyboard control for the Mellen car/install/ros_robot_controller:/opt/ros/humble /usr/bin/cmake --build /home/ros2user/raspbros2+my_ws/src/Myself_WS/Keyboard control for the Mellen car/build/smart_car_core_demo -- -j16 -l16[0m
[46.279s] [34mcolcon.colcon_core.event_handler.log_command[0m [1;30mDEBUG[0m [32mInvoking command in '/home/ros2user/raspbros2+my_ws/src/Myself_WS/Keyboard control for the Mellen car/build/smart_car_core_demo': CMAKE_PREFIX_PATH=${CMAKE_PREFIX_PATH}:/home/ros2user/raspbros2+my_ws/src/Myself_WS/Keyboard control for the Mellen car/install/ros_robot_controller:/opt/ros/humble /usr/bin/cmake --install /home/ros2user/raspbros2+my_ws/src/Myself_WS/Keyboard control for the Mellen car/build/smart_car_core_demo[0m
[46.325s] [34mcolcon.colcon_core.environment[0m [1;30mLevel 1[0m create_environment_scripts_only(smart_car_core_demo)
[46.326s] [34mcolcon.colcon_core.event_handler.log_command[0m [1;30mDEBUG[0m [32mInvoked command in '/home/ros2user/raspbros2+my_ws/src/Myself_WS/Keyboard control for the Mellen car/build/smart_car_core_demo' returned '0': CMAKE_PREFIX_PATH=${CMAKE_PREFIX_PATH}:/home/ros2user/raspbros2+my_ws/src/Myself_WS/Keyboard control for the Mellen car/install/ros_robot_controller:/opt/ros/humble /usr/bin/cmake --install /home/ros2user/raspbros2+my_ws/src/Myself_WS/Keyboard control for the Mellen car/build/smart_car_core_demo[0m
[46.331s] [34mcolcon.colcon_core.environment[0m [1;30mLevel 1[0m checking '/home/ros2user/raspbros2+my_ws/src/Myself_WS/Keyboard control for the Mellen car/install/smart_car_core_demo' for CMake module files
[46.332s] [34mcolcon.colcon_core.environment[0m [1;30mLevel 1[0m checking '/home/ros2user/raspbros2+my_ws/src/Myself_WS/Keyboard control for the Mellen car/install/smart_car_core_demo' for CMake config files
[46.333s] [34mcolcon.colcon_core.shell[0m [1;30mLevel 1[0m create_environment_hook('smart_car_core_demo', 'cmake_prefix_path')
[46.333s] [34mcolcon.colcon_core.shell[0m [1;30mINFO[0m Creating environment hook '/home/ros2user/raspbros2+my_ws/src/Myself_WS/Keyboard control for the Mellen car/install/smart_car_core_demo/share/smart_car_core_demo/hook/cmake_prefix_path.ps1'
[46.335s] [34mcolcon.colcon_core.shell[0m [1;30mINFO[0m Creating environment descriptor '/home/ros2user/raspbros2+my_ws/src/Myself_WS/Keyboard control for the Mellen car/install/smart_car_core_demo/share/smart_car_core_demo/hook/cmake_prefix_path.dsv'
[46.336s] [34mcolcon.colcon_core.shell[0m [1;30mINFO[0m Creating environment hook '/home/ros2user/raspbros2+my_ws/src/Myself_WS/Keyboard control for the Mellen car/install/smart_car_core_demo/share/smart_car_core_demo/hook/cmake_prefix_path.sh'
[46.337s] [34mcolcon.colcon_core.environment[0m [1;30mLevel 1[0m checking '/home/ros2user/raspbros2+my_ws/src/Myself_WS/Keyboard control for the Mellen car/install/smart_car_core_demo/lib'
[46.338s] [34mcolcon.colcon_core.environment[0m [1;30mLevel 1[0m checking '/home/ros2user/raspbros2+my_ws/src/Myself_WS/Keyboard control for the Mellen car/install/smart_car_core_demo/bin'
[46.338s] [34mcolcon.colcon_core.environment[0m [1;30mLevel 1[0m checking '/home/ros2user/raspbros2+my_ws/src/Myself_WS/Keyboard control for the Mellen car/install/smart_car_core_demo/lib/pkgconfig/smart_car_core_demo.pc'
[46.338s] [34mcolcon.colcon_core.environment[0m [1;30mLevel 1[0m checking '/home/ros2user/raspbros2+my_ws/src/Myself_WS/Keyboard control for the Mellen car/install/smart_car_core_demo/lib/python3.10/site-packages'
[46.339s] [34mcolcon.colcon_core.environment[0m [1;30mLevel 1[0m checking '/home/ros2user/raspbros2+my_ws/src/Myself_WS/Keyboard control for the Mellen car/install/smart_car_core_demo/bin'
[46.340s] [34mcolcon.colcon_core.shell[0m [1;30mINFO[0m Creating package script '/home/ros2user/raspbros2+my_ws/src/Myself_WS/Keyboard control for the Mellen car/install/smart_car_core_demo/share/smart_car_core_demo/package.ps1'
[46.341s] [34mcolcon.colcon_core.shell[0m [1;30mINFO[0m Creating package descriptor '/home/ros2user/raspbros2+my_ws/src/Myself_WS/Keyboard control for the Mellen car/install/smart_car_core_demo/share/smart_car_core_demo/package.dsv'
[46.342s] [34mcolcon.colcon_core.shell[0m [1;30mINFO[0m Creating package script '/home/ros2user/raspbros2+my_ws/src/Myself_WS/Keyboard control for the Mellen car/install/smart_car_core_demo/share/smart_car_core_demo/package.sh'
[46.343s] [34mcolcon.colcon_core.shell[0m [1;30mINFO[0m Creating package script '/home/ros2user/raspbros2+my_ws/src/Myself_WS/Keyboard control for the Mellen car/install/smart_car_core_demo/share/smart_car_core_demo/package.bash'
[46.344s] [34mcolcon.colcon_core.shell[0m [1;30mINFO[0m Creating package script '/home/ros2user/raspbros2+my_ws/src/Myself_WS/Keyboard control for the Mellen car/install/smart_car_core_demo/share/smart_car_core_demo/package.zsh'
[46.346s] [34mcolcon.colcon_core.environment[0m [1;30mLevel 1[0m create_file_with_runtime_dependencies(/home/ros2user/raspbros2+my_ws/src/Myself_WS/Keyboard control for the Mellen car/install/smart_car_core_demo/share/colcon-core/packages/smart_car_core_demo)
[46.347s] [34mcolcon.colcon_core.environment[0m [1;30mLevel 1[0m create_environment_scripts_only(smart_car_core_demo)
[46.347s] [34mcolcon.colcon_core.environment[0m [1;30mLevel 1[0m checking '/home/ros2user/raspbros2+my_ws/src/Myself_WS/Keyboard control for the Mellen car/install/smart_car_core_demo' for CMake module files
[46.348s] [34mcolcon.colcon_core.environment[0m [1;30mLevel 1[0m checking '/home/ros2user/raspbros2+my_ws/src/Myself_WS/Keyboard control for the Mellen car/install/smart_car_core_demo' for CMake config files
[46.349s] [34mcolcon.colcon_core.shell[0m [1;30mLevel 1[0m create_environment_hook('smart_car_core_demo', 'cmake_prefix_path')
[46.349s] [34mcolcon.colcon_core.shell[0m [1;30mINFO[0m Creating environment hook '/home/ros2user/raspbros2+my_ws/src/Myself_WS/Keyboard control for the Mellen car/install/smart_car_core_demo/share/smart_car_core_demo/hook/cmake_prefix_path.ps1'
[46.350s] [34mcolcon.colcon_core.shell[0m [1;30mINFO[0m Creating environment descriptor '/home/ros2user/raspbros2+my_ws/src/Myself_WS/Keyboard control for the Mellen car/install/smart_car_core_demo/share/smart_car_core_demo/hook/cmake_prefix_path.dsv'
[46.351s] [34mcolcon.colcon_core.shell[0m [1;30mINFO[0m Creating environment hook '/home/ros2user/raspbros2+my_ws/src/Myself_WS/Keyboard control for the Mellen car/install/smart_car_core_demo/share/smart_car_core_demo/hook/cmake_prefix_path.sh'
[46.352s] [34mcolcon.colcon_core.environment[0m [1;30mLevel 1[0m checking '/home/ros2user/raspbros2+my_ws/src/Myself_WS/Keyboard control for the Mellen car/install/smart_car_core_demo/lib'
[46.352s] [34mcolcon.colcon_core.environment[0m [1;30mLevel 1[0m checking '/home/ros2user/raspbros2+my_ws/src/Myself_WS/Keyboard control for the Mellen car/install/smart_car_core_demo/bin'
[46.352s] [34mcolcon.colcon_core.environment[0m [1;30mLevel 1[0m checking '/home/ros2user/raspbros2+my_ws/src/Myself_WS/Keyboard control for the Mellen car/install/smart_car_core_demo/lib/pkgconfig/smart_car_core_demo.pc'
[46.353s] [34mcolcon.colcon_core.environment[0m [1;30mLevel 1[0m checking '/home/ros2user/raspbros2+my_ws/src/Myself_WS/Keyboard control for the Mellen car/install/smart_car_core_demo/lib/python3.10/site-packages'
[46.353s] [34mcolcon.colcon_core.environment[0m [1;30mLevel 1[0m checking '/home/ros2user/raspbros2+my_ws/src/Myself_WS/Keyboard control for the Mellen car/install/smart_car_core_demo/bin'
[46.354s] [34mcolcon.colcon_core.shell[0m [1;30mINFO[0m Creating package script '/home/ros2user/raspbros2+my_ws/src/Myself_WS/Keyboard control for the Mellen car/install/smart_car_core_demo/share/smart_car_core_demo/package.ps1'
[46.356s] [34mcolcon.colcon_core.shell[0m [1;30mINFO[0m Creating package descriptor '/home/ros2user/raspbros2+my_ws/src/Myself_WS/Keyboard control for the Mellen car/install/smart_car_core_demo/share/smart_car_core_demo/package.dsv'
[46.357s] [34mcolcon.colcon_core.shell[0m [1;30mINFO[0m Creating package script '/home/ros2user/raspbros2+my_ws/src/Myself_WS/Keyboard control for the Mellen car/install/smart_car_core_demo/share/smart_car_core_demo/package.sh'
[46.358s] [34mcolcon.colcon_core.shell[0m [1;30mINFO[0m Creating package script '/home/ros2user/raspbros2+my_ws/src/Myself_WS/Keyboard control for the Mellen car/install/smart_car_core_demo/share/smart_car_core_demo/package.bash'
[46.359s] [34mcolcon.colcon_core.shell[0m [1;30mINFO[0m Creating package script '/home/ros2user/raspbros2+my_ws/src/Myself_WS/Keyboard control for the Mellen car/install/smart_car_core_demo/share/smart_car_core_demo/package.zsh'
[46.360s] [34mcolcon.colcon_core.environment[0m [1;30mLevel 1[0m create_file_with_runtime_dependencies(/home/ros2user/raspbros2+my_ws/src/Myself_WS/Keyboard control for the Mellen car/install/smart_car_core_demo/share/colcon-core/packages/smart_car_core_demo)
[46.361s] [34mcolcon.colcon_parallel_executor.executor.parallel[0m [1;30mDEBUG[0m [32mclosing loop[0m
[46.361s] [34mcolcon.colcon_parallel_executor.executor.parallel[0m [1;30mDEBUG[0m [32mloop closed[0m
[46.362s] [34mcolcon.colcon_parallel_executor.executor.parallel[0m [1;30mDEBUG[0m [32mrun_until_complete finished with '0'[0m
[46.363s] [34mcolcon.colcon_core.event_reactor[0m [1;30mDEBUG[0m [32mjoining thread[0m
[46.545s] [34mcolcon.colcon_core.plugin_system[0m [1;30mINFO[0m Skipping extension 'colcon_notification.desktop_notification.notify_send': Could not find 'notify-send'
[46.545s] [34mcolcon.colcon_core.plugin_system[0m [1;30mINFO[0m Skipping extension 'colcon_notification.desktop_notification.terminal_notifier': Not used on non-Darwin systems
[46.545s] [34mcolcon.colcon_core.plugin_system[0m [1;30mINFO[0m Skipping extension 'colcon_notification.desktop_notification.win32': Not used on non-Windows systems
[46.545s] [34mcolcon.colcon_notification.desktop_notification[0m [1;30mINFO[0m Sending desktop notification using 'notify2'
[46.546s] [34mcolcon.colcon_notification.desktop_notification.notify2[0m [1;30mDEBUG[0m [32mFailed to initialize notify2: org.freedesktop.DBus.Error.FileNotFound: Failed to connect to socket /run/user/1000/bus: No such file or directory[0m
[46.546s] [34mcolcon.colcon_core.event_reactor[0m [1;30mDEBUG[0m [32mjoined thread[0m
[46.546s] [34mcolcon.colcon_core.shell[0m [1;30mINFO[0m Creating prefix script '/home/ros2user/raspbros2+my_ws/src/Myself_WS/Keyboard control for the Mellen car/install/local_setup.ps1'
[46.548s] [34mcolcon.colcon_core.shell[0m [1;30mINFO[0m Creating prefix util module '/home/ros2user/raspbros2+my_ws/src/Myself_WS/Keyboard control for the Mellen car/install/_local_setup_util_ps1.py'
[46.550s] [34mcolcon.colcon_core.shell[0m [1;30mINFO[0m Creating prefix chain script '/home/ros2user/raspbros2+my_ws/src/Myself_WS/Keyboard control for the Mellen car/install/setup.ps1'
[46.552s] [34mcolcon.colcon_core.shell[0m [1;30mINFO[0m Creating prefix script '/home/ros2user/raspbros2+my_ws/src/Myself_WS/Keyboard control for the Mellen car/install/local_setup.sh'
[46.553s] [34mcolcon.colcon_core.shell[0m [1;30mINFO[0m Creating prefix util module '/home/ros2user/raspbros2+my_ws/src/Myself_WS/Keyboard control for the Mellen car/install/_local_setup_util_sh.py'
[46.554s] [34mcolcon.colcon_core.shell[0m [1;30mINFO[0m Creating prefix chain script '/home/ros2user/raspbros2+my_ws/src/Myself_WS/Keyboard control for the Mellen car/install/setup.sh'
[46.556s] [34mcolcon.colcon_core.shell[0m [1;30mINFO[0m Creating prefix script '/home/ros2user/raspbros2+my_ws/src/Myself_WS/Keyboard control for the Mellen car/install/local_setup.bash'
[46.559s] [34mcolcon.colcon_core.shell[0m [1;30mINFO[0m Creating prefix chain script '/home/ros2user/raspbros2+my_ws/src/Myself_WS/Keyboard control for the Mellen car/install/setup.bash'
[46.562s] [34mcolcon.colcon_core.shell[0m [1;30mINFO[0m Creating prefix script '/home/ros2user/raspbros2+my_ws/src/Myself_WS/Keyboard control for the Mellen car/install/local_setup.zsh'
[46.563s] [34mcolcon.colcon_core.shell[0m [1;30mINFO[0m Creating prefix chain script '/home/ros2user/raspbros2+my_ws/src/Myself_WS/Keyboard control for the Mellen car/install/setup.zsh'
