[  3%] Built target speed_control_msgs__cpp
[ 12%] Built target speed_control_msgs__rosidl_generator_c
[ 12%] Built target ament_cmake_python_copy_speed_control_msgs
[ 22%] Built target speed_control_msgs__rosidl_typesupport_cpp
[ 32%] Built target speed_control_msgs__rosidl_typesupport_fastrtps_cpp
[ 41%] Built target speed_control_msgs__rosidl_typesupport_introspection_cpp
[ 51%] Built target speed_control_msgs__rosidl_typesupport_c
[ 61%] Built target speed_control_msgs__rosidl_typesupport_fastrtps_c
[ 70%] Built target speed_control_msgs__rosidl_typesupport_introspection_c
[ 70%] Built target speed_control_msgs
[ 74%] Built target speed_control_msgs__py
[ 80%] Built target speed_control_msgs__rosidl_generator_py
[ 87%] Built target speed_control_msgs__rosidl_typesupport_fastrtps_c__pyext
[ 93%] Built target speed_control_msgs__rosidl_typesupport_c__pyext
[100%] Built target speed_control_msgs__rosidl_typesupport_introspection_c__pyext
running egg_info
writing speed_control_msgs.egg-info/PKG-INFO
writing dependency_links to speed_control_msgs.egg-info/dependency_links.txt
writing top-level names to speed_control_msgs.egg-info/top_level.txt
reading manifest file 'speed_control_msgs.egg-info/SOURCES.txt'
writing manifest file 'speed_control_msgs.egg-info/SOURCES.txt'
[100%] Built target ament_cmake_python_build_speed_control_msgs_egg
-- Install configuration: ""
-- Up-to-date: /home/ubuntu/ros2_wsorincp/install/speed_control_msgs/share/ament_index/resource_index/rosidl_interfaces/speed_control_msgs
-- Up-to-date: /home/ubuntu/ros2_wsorincp/install/speed_control_msgs/include/speed_control_msgs/speed_control_msgs
-- Up-to-date: /home/ubuntu/ros2_wsorincp/install/speed_control_msgs/include/speed_control_msgs/speed_control_msgs/msg
-- Up-to-date: /home/ubuntu/ros2_wsorincp/install/speed_control_msgs/include/speed_control_msgs/speed_control_msgs/msg/rosidl_generator_c__visibility_control.h
-- Up-to-date: /home/ubuntu/ros2_wsorincp/install/speed_control_msgs/include/speed_control_msgs/speed_control_msgs/srv
-- Up-to-date: /home/ubuntu/ros2_wsorincp/install/speed_control_msgs/include/speed_control_msgs/speed_control_msgs/srv/adjust_speed.h
-- Up-to-date: /home/ubuntu/ros2_wsorincp/install/speed_control_msgs/include/speed_control_msgs/speed_control_msgs/srv/detail
-- Up-to-date: /home/ubuntu/ros2_wsorincp/install/speed_control_msgs/include/speed_control_msgs/speed_control_msgs/srv/detail/adjust_speed__functions.c
-- Up-to-date: /home/ubuntu/ros2_wsorincp/install/speed_control_msgs/include/speed_control_msgs/speed_control_msgs/srv/detail/adjust_speed__functions.h
-- Up-to-date: /home/ubuntu/ros2_wsorincp/install/speed_control_msgs/include/speed_control_msgs/speed_control_msgs/srv/detail/adjust_speed__type_support.h
-- Up-to-date: /home/ubuntu/ros2_wsorincp/install/speed_control_msgs/include/speed_control_msgs/speed_control_msgs/srv/detail/adjust_speed__struct.h
-- Up-to-date: /home/ubuntu/ros2_wsorincp/install/speed_control_msgs/share/speed_control_msgs/environment/library_path.sh
-- Up-to-date: /home/ubuntu/ros2_wsorincp/install/speed_control_msgs/share/speed_control_msgs/environment/library_path.dsv
-- Up-to-date: /home/ubuntu/ros2_wsorincp/install/speed_control_msgs/lib/libspeed_control_msgs__rosidl_generator_c.so
-- Up-to-date: /home/ubuntu/ros2_wsorincp/install/speed_control_msgs/include/speed_control_msgs/speed_control_msgs
-- Up-to-date: /home/ubuntu/ros2_wsorincp/install/speed_control_msgs/include/speed_control_msgs/speed_control_msgs/msg
-- Up-to-date: /home/ubuntu/ros2_wsorincp/install/speed_control_msgs/include/speed_control_msgs/speed_control_msgs/msg/rosidl_typesupport_fastrtps_c__visibility_control.h
-- Up-to-date: /home/ubuntu/ros2_wsorincp/install/speed_control_msgs/include/speed_control_msgs/speed_control_msgs/srv
-- Up-to-date: /home/ubuntu/ros2_wsorincp/install/speed_control_msgs/include/speed_control_msgs/speed_control_msgs/srv/detail
-- Up-to-date: /home/ubuntu/ros2_wsorincp/install/speed_control_msgs/include/speed_control_msgs/speed_control_msgs/srv/detail/adjust_speed__rosidl_typesupport_fastrtps_c.h
-- Up-to-date: /home/ubuntu/ros2_wsorincp/install/speed_control_msgs/lib/libspeed_control_msgs__rosidl_typesupport_fastrtps_c.so
-- Up-to-date: /home/ubuntu/ros2_wsorincp/install/speed_control_msgs/include/speed_control_msgs/speed_control_msgs
-- Up-to-date: /home/ubuntu/ros2_wsorincp/install/speed_control_msgs/include/speed_control_msgs/speed_control_msgs/msg
-- Up-to-date: /home/ubuntu/ros2_wsorincp/install/speed_control_msgs/include/speed_control_msgs/speed_control_msgs/msg/rosidl_typesupport_introspection_c__visibility_control.h
-- Up-to-date: /home/ubuntu/ros2_wsorincp/install/speed_control_msgs/include/speed_control_msgs/speed_control_msgs/srv
-- Up-to-date: /home/ubuntu/ros2_wsorincp/install/speed_control_msgs/include/speed_control_msgs/speed_control_msgs/srv/detail
-- Up-to-date: /home/ubuntu/ros2_wsorincp/install/speed_control_msgs/include/speed_control_msgs/speed_control_msgs/srv/detail/adjust_speed__type_support.c
-- Up-to-date: /home/ubuntu/ros2_wsorincp/install/speed_control_msgs/include/speed_control_msgs/speed_control_msgs/srv/detail/adjust_speed__rosidl_typesupport_introspection_c.h
-- Up-to-date: /home/ubuntu/ros2_wsorincp/install/speed_control_msgs/lib/libspeed_control_msgs__rosidl_typesupport_introspection_c.so
-- Up-to-date: /home/ubuntu/ros2_wsorincp/install/speed_control_msgs/lib/libspeed_control_msgs__rosidl_typesupport_c.so
-- Up-to-date: /home/ubuntu/ros2_wsorincp/install/speed_control_msgs/include/speed_control_msgs/speed_control_msgs
-- Up-to-date: /home/ubuntu/ros2_wsorincp/install/speed_control_msgs/include/speed_control_msgs/speed_control_msgs/srv
-- Up-to-date: /home/ubuntu/ros2_wsorincp/install/speed_control_msgs/include/speed_control_msgs/speed_control_msgs/srv/adjust_speed.hpp
-- Up-to-date: /home/ubuntu/ros2_wsorincp/install/speed_control_msgs/include/speed_control_msgs/speed_control_msgs/srv/detail
-- Up-to-date: /home/ubuntu/ros2_wsorincp/install/speed_control_msgs/include/speed_control_msgs/speed_control_msgs/srv/detail/adjust_speed__builder.hpp
-- Up-to-date: /home/ubuntu/ros2_wsorincp/install/speed_control_msgs/include/speed_control_msgs/speed_control_msgs/srv/detail/adjust_speed__struct.hpp
-- Up-to-date: /home/ubuntu/ros2_wsorincp/install/speed_control_msgs/include/speed_control_msgs/speed_control_msgs/srv/detail/adjust_speed__traits.hpp
-- Up-to-date: /home/ubuntu/ros2_wsorincp/install/speed_control_msgs/include/speed_control_msgs/speed_control_msgs
-- Up-to-date: /home/ubuntu/ros2_wsorincp/install/speed_control_msgs/include/speed_control_msgs/speed_control_msgs/msg
-- Up-to-date: /home/ubuntu/ros2_wsorincp/install/speed_control_msgs/include/speed_control_msgs/speed_control_msgs/msg/rosidl_typesupport_fastrtps_cpp__visibility_control.h
-- Up-to-date: /home/ubuntu/ros2_wsorincp/install/speed_control_msgs/include/speed_control_msgs/speed_control_msgs/srv
-- Up-to-date: /home/ubuntu/ros2_wsorincp/install/speed_control_msgs/include/speed_control_msgs/speed_control_msgs/srv/detail
-- Up-to-date: /home/ubuntu/ros2_wsorincp/install/speed_control_msgs/include/speed_control_msgs/speed_control_msgs/srv/detail/dds_fastrtps
-- Up-to-date: /home/ubuntu/ros2_wsorincp/install/speed_control_msgs/include/speed_control_msgs/speed_control_msgs/srv/detail/adjust_speed__rosidl_typesupport_fastrtps_cpp.hpp
-- Up-to-date: /home/ubuntu/ros2_wsorincp/install/speed_control_msgs/lib/libspeed_control_msgs__rosidl_typesupport_fastrtps_cpp.so
-- Up-to-date: /home/ubuntu/ros2_wsorincp/install/speed_control_msgs/include/speed_control_msgs/speed_control_msgs
-- Up-to-date: /home/ubuntu/ros2_wsorincp/install/speed_control_msgs/include/speed_control_msgs/speed_control_msgs/srv
-- Up-to-date: /home/ubuntu/ros2_wsorincp/install/speed_control_msgs/include/speed_control_msgs/speed_control_msgs/srv/detail
-- Up-to-date: /home/ubuntu/ros2_wsorincp/install/speed_control_msgs/include/speed_control_msgs/speed_control_msgs/srv/detail/adjust_speed__type_support.cpp
-- Up-to-date: /home/ubuntu/ros2_wsorincp/install/speed_control_msgs/include/speed_control_msgs/speed_control_msgs/srv/detail/adjust_speed__rosidl_typesupport_introspection_cpp.hpp
-- Up-to-date: /home/ubuntu/ros2_wsorincp/install/speed_control_msgs/lib/libspeed_control_msgs__rosidl_typesupport_introspection_cpp.so
-- Up-to-date: /home/ubuntu/ros2_wsorincp/install/speed_control_msgs/lib/libspeed_control_msgs__rosidl_typesupport_cpp.so
-- Up-to-date: /home/ubuntu/ros2_wsorincp/install/speed_control_msgs/share/speed_control_msgs/environment/pythonpath.sh
-- Up-to-date: /home/ubuntu/ros2_wsorincp/install/speed_control_msgs/share/speed_control_msgs/environment/pythonpath.dsv
-- Up-to-date: /home/ubuntu/ros2_wsorincp/install/speed_control_msgs/local/lib/python3.10/dist-packages/speed_control_msgs-0.0.0-py3.10.egg-info
-- Installing: /home/ubuntu/ros2_wsorincp/install/speed_control_msgs/local/lib/python3.10/dist-packages/speed_control_msgs-0.0.0-py3.10.egg-info/SOURCES.txt
-- Installing: /home/ubuntu/ros2_wsorincp/install/speed_control_msgs/local/lib/python3.10/dist-packages/speed_control_msgs-0.0.0-py3.10.egg-info/dependency_links.txt
-- Installing: /home/ubuntu/ros2_wsorincp/install/speed_control_msgs/local/lib/python3.10/dist-packages/speed_control_msgs-0.0.0-py3.10.egg-info/top_level.txt
-- Installing: /home/ubuntu/ros2_wsorincp/install/speed_control_msgs/local/lib/python3.10/dist-packages/speed_control_msgs-0.0.0-py3.10.egg-info/PKG-INFO
-- Up-to-date: /home/ubuntu/ros2_wsorincp/install/speed_control_msgs/local/lib/python3.10/dist-packages/speed_control_msgs
-- Up-to-date: /home/ubuntu/ros2_wsorincp/install/speed_control_msgs/local/lib/python3.10/dist-packages/speed_control_msgs/speed_control_msgs_s__rosidl_typesupport_fastrtps_c.cpython-310-aarch64-linux-gnu.so
-- Up-to-date: /home/ubuntu/ros2_wsorincp/install/speed_control_msgs/local/lib/python3.10/dist-packages/speed_control_msgs/_speed_control_msgs_s.ep.rosidl_typesupport_introspection_c.c
-- Up-to-date: /home/ubuntu/ros2_wsorincp/install/speed_control_msgs/local/lib/python3.10/dist-packages/speed_control_msgs/libspeed_control_msgs__rosidl_generator_py.so
-- Up-to-date: /home/ubuntu/ros2_wsorincp/install/speed_control_msgs/local/lib/python3.10/dist-packages/speed_control_msgs/_speed_control_msgs_s.ep.rosidl_typesupport_c.c
-- Up-to-date: /home/ubuntu/ros2_wsorincp/install/speed_control_msgs/local/lib/python3.10/dist-packages/speed_control_msgs/_speed_control_msgs_s.ep.rosidl_typesupport_fastrtps_c.c
-- Up-to-date: /home/ubuntu/ros2_wsorincp/install/speed_control_msgs/local/lib/python3.10/dist-packages/speed_control_msgs/srv
-- Up-to-date: /home/ubuntu/ros2_wsorincp/install/speed_control_msgs/local/lib/python3.10/dist-packages/speed_control_msgs/srv/_adjust_speed.py
-- Up-to-date: /home/ubuntu/ros2_wsorincp/install/speed_control_msgs/local/lib/python3.10/dist-packages/speed_control_msgs/srv/_adjust_speed_s.c
-- Up-to-date: /home/ubuntu/ros2_wsorincp/install/speed_control_msgs/local/lib/python3.10/dist-packages/speed_control_msgs/srv/__init__.py
-- Up-to-date: /home/ubuntu/ros2_wsorincp/install/speed_control_msgs/local/lib/python3.10/dist-packages/speed_control_msgs/speed_control_msgs_s__rosidl_typesupport_introspection_c.cpython-310-aarch64-linux-gnu.so
-- Up-to-date: /home/ubuntu/ros2_wsorincp/install/speed_control_msgs/local/lib/python3.10/dist-packages/speed_control_msgs/speed_control_msgs_s__rosidl_typesupport_c.cpython-310-aarch64-linux-gnu.so
-- Up-to-date: /home/ubuntu/ros2_wsorincp/install/speed_control_msgs/local/lib/python3.10/dist-packages/speed_control_msgs/__init__.py
Listing '/home/ubuntu/ros2_wsorincp/install/speed_control_msgs/local/lib/python3.10/dist-packages/speed_control_msgs'...
Listing '/home/ubuntu/ros2_wsorincp/install/speed_control_msgs/local/lib/python3.10/dist-packages/speed_control_msgs/srv'...
-- Up-to-date: /home/ubuntu/ros2_wsorincp/install/speed_control_msgs/local/lib/python3.10/dist-packages/speed_control_msgs/speed_control_msgs_s__rosidl_typesupport_fastrtps_c.cpython-310-aarch64-linux-gnu.so
-- Up-to-date: /home/ubuntu/ros2_wsorincp/install/speed_control_msgs/local/lib/python3.10/dist-packages/speed_control_msgs/speed_control_msgs_s__rosidl_typesupport_introspection_c.cpython-310-aarch64-linux-gnu.so
-- Up-to-date: /home/ubuntu/ros2_wsorincp/install/speed_control_msgs/local/lib/python3.10/dist-packages/speed_control_msgs/speed_control_msgs_s__rosidl_typesupport_c.cpython-310-aarch64-linux-gnu.so
-- Up-to-date: /home/ubuntu/ros2_wsorincp/install/speed_control_msgs/lib/libspeed_control_msgs__rosidl_generator_py.so
-- Up-to-date: /home/ubuntu/ros2_wsorincp/install/speed_control_msgs/share/speed_control_msgs/srv/AdjustSpeed.idl
-- Up-to-date: /home/ubuntu/ros2_wsorincp/install/speed_control_msgs/share/speed_control_msgs/srv/AdjustSpeed.srv
-- Up-to-date: /home/ubuntu/ros2_wsorincp/install/speed_control_msgs/share/speed_control_msgs/srv/AdjustSpeed_Request.msg
-- Up-to-date: /home/ubuntu/ros2_wsorincp/install/speed_control_msgs/share/speed_control_msgs/srv/AdjustSpeed_Response.msg
-- Up-to-date: /home/ubuntu/ros2_wsorincp/install/speed_control_msgs/share/ament_index/resource_index/package_run_dependencies/speed_control_msgs
-- Up-to-date: /home/ubuntu/ros2_wsorincp/install/speed_control_msgs/share/ament_index/resource_index/parent_prefix_path/speed_control_msgs
-- Up-to-date: /home/ubuntu/ros2_wsorincp/install/speed_control_msgs/share/speed_control_msgs/environment/ament_prefix_path.sh
-- Up-to-date: /home/ubuntu/ros2_wsorincp/install/speed_control_msgs/share/speed_control_msgs/environment/ament_prefix_path.dsv
-- Up-to-date: /home/ubuntu/ros2_wsorincp/install/speed_control_msgs/share/speed_control_msgs/environment/path.sh
-- Up-to-date: /home/ubuntu/ros2_wsorincp/install/speed_control_msgs/share/speed_control_msgs/environment/path.dsv
-- Up-to-date: /home/ubuntu/ros2_wsorincp/install/speed_control_msgs/share/speed_control_msgs/local_setup.bash
-- Up-to-date: /home/ubuntu/ros2_wsorincp/install/speed_control_msgs/share/speed_control_msgs/local_setup.sh
-- Up-to-date: /home/ubuntu/ros2_wsorincp/install/speed_control_msgs/share/speed_control_msgs/local_setup.zsh
-- Up-to-date: /home/ubuntu/ros2_wsorincp/install/speed_control_msgs/share/speed_control_msgs/local_setup.dsv
-- Installing: /home/ubuntu/ros2_wsorincp/install/speed_control_msgs/share/speed_control_msgs/package.dsv
-- Up-to-date: /home/ubuntu/ros2_wsorincp/install/speed_control_msgs/share/ament_index/resource_index/packages/speed_control_msgs
-- Up-to-date: /home/ubuntu/ros2_wsorincp/install/speed_control_msgs/share/speed_control_msgs/cmake/export_speed_control_msgs__rosidl_generator_cExport.cmake
-- Up-to-date: /home/ubuntu/ros2_wsorincp/install/speed_control_msgs/share/speed_control_msgs/cmake/export_speed_control_msgs__rosidl_generator_cExport-noconfig.cmake
-- Up-to-date: /home/ubuntu/ros2_wsorincp/install/speed_control_msgs/share/speed_control_msgs/cmake/export_speed_control_msgs__rosidl_typesupport_fastrtps_cExport.cmake
-- Up-to-date: /home/ubuntu/ros2_wsorincp/install/speed_control_msgs/share/speed_control_msgs/cmake/export_speed_control_msgs__rosidl_typesupport_fastrtps_cExport-noconfig.cmake
-- Up-to-date: /home/ubuntu/ros2_wsorincp/install/speed_control_msgs/share/speed_control_msgs/cmake/speed_control_msgs__rosidl_typesupport_introspection_cExport.cmake
-- Up-to-date: /home/ubuntu/ros2_wsorincp/install/speed_control_msgs/share/speed_control_msgs/cmake/speed_control_msgs__rosidl_typesupport_introspection_cExport-noconfig.cmake
-- Up-to-date: /home/ubuntu/ros2_wsorincp/install/speed_control_msgs/share/speed_control_msgs/cmake/speed_control_msgs__rosidl_typesupport_cExport.cmake
-- Up-to-date: /home/ubuntu/ros2_wsorincp/install/speed_control_msgs/share/speed_control_msgs/cmake/speed_control_msgs__rosidl_typesupport_cExport-noconfig.cmake
-- Up-to-date: /home/ubuntu/ros2_wsorincp/install/speed_control_msgs/share/speed_control_msgs/cmake/export_speed_control_msgs__rosidl_generator_cppExport.cmake
-- Up-to-date: /home/ubuntu/ros2_wsorincp/install/speed_control_msgs/share/speed_control_msgs/cmake/export_speed_control_msgs__rosidl_typesupport_fastrtps_cppExport.cmake
-- Up-to-date: /home/ubuntu/ros2_wsorincp/install/speed_control_msgs/share/speed_control_msgs/cmake/export_speed_control_msgs__rosidl_typesupport_fastrtps_cppExport-noconfig.cmake
-- Up-to-date: /home/ubuntu/ros2_wsorincp/install/speed_control_msgs/share/speed_control_msgs/cmake/speed_control_msgs__rosidl_typesupport_introspection_cppExport.cmake
-- Up-to-date: /home/ubuntu/ros2_wsorincp/install/speed_control_msgs/share/speed_control_msgs/cmake/speed_control_msgs__rosidl_typesupport_introspection_cppExport-noconfig.cmake
-- Up-to-date: /home/ubuntu/ros2_wsorincp/install/speed_control_msgs/share/speed_control_msgs/cmake/speed_control_msgs__rosidl_typesupport_cppExport.cmake
-- Up-to-date: /home/ubuntu/ros2_wsorincp/install/speed_control_msgs/share/speed_control_msgs/cmake/speed_control_msgs__rosidl_typesupport_cppExport-noconfig.cmake
-- Up-to-date: /home/ubuntu/ros2_wsorincp/install/speed_control_msgs/share/speed_control_msgs/cmake/export_speed_control_msgs__rosidl_generator_pyExport.cmake
-- Up-to-date: /home/ubuntu/ros2_wsorincp/install/speed_control_msgs/share/speed_control_msgs/cmake/export_speed_control_msgs__rosidl_generator_pyExport-noconfig.cmake
-- Up-to-date: /home/ubuntu/ros2_wsorincp/install/speed_control_msgs/share/speed_control_msgs/cmake/rosidl_cmake-extras.cmake
-- Up-to-date: /home/ubuntu/ros2_wsorincp/install/speed_control_msgs/share/speed_control_msgs/cmake/ament_cmake_export_include_directories-extras.cmake
-- Up-to-date: /home/ubuntu/ros2_wsorincp/install/speed_control_msgs/share/speed_control_msgs/cmake/ament_cmake_export_libraries-extras.cmake
-- Up-to-date: /home/ubuntu/ros2_wsorincp/install/speed_control_msgs/share/speed_control_msgs/cmake/ament_cmake_export_targets-extras.cmake
-- Up-to-date: /home/ubuntu/ros2_wsorincp/install/speed_control_msgs/share/speed_control_msgs/cmake/rosidl_cmake_export_typesupport_targets-extras.cmake
-- Up-to-date: /home/ubuntu/ros2_wsorincp/install/speed_control_msgs/share/speed_control_msgs/cmake/ament_cmake_export_dependencies-extras.cmake
-- Up-to-date: /home/ubuntu/ros2_wsorincp/install/speed_control_msgs/share/speed_control_msgs/cmake/rosidl_cmake_export_typesupport_libraries-extras.cmake
-- Up-to-date: /home/ubuntu/ros2_wsorincp/install/speed_control_msgs/share/speed_control_msgs/cmake/speed_control_msgsConfig.cmake
-- Up-to-date: /home/ubuntu/ros2_wsorincp/install/speed_control_msgs/share/speed_control_msgs/cmake/speed_control_msgsConfig-version.cmake
-- Up-to-date: /home/ubuntu/ros2_wsorincp/install/speed_control_msgs/share/speed_control_msgs/package.xml
