[0.644s] Invoking command in '/home/ubuntu/ros2_wsorincp/build/speed_control_msgs': CMAKE_PREFIX_PATH=/home/ubuntu/ros2_wsorincp/install/speed_control_msgs:/home/ubuntu/ros2_wsorincp/install/ros_robot_controller_msgs:/home/ubuntu/third_party_ros2/orbbec_ws/install/orbbec_description:/home/ubuntu/third_party_ros2/orbbec_ws/install/orbbec_camera:/home/ubuntu/third_party_ros2/orbbec_ws/install/orbbec_camera_msgs:/home/ubuntu/third_party_ros2/third_party_ws/install/ydlidar_ros2_driver:/home/ubuntu/third_party_ros2/third_party_ws/install/web_video_server:/home/ubuntu/third_party_ros2/third_party_ws/install/teb_local_planner:/home/ubuntu/third_party_ros2/third_party_ws/install/teb_msgs:/home/ubuntu/third_party_ros2/third_party_ws/install/sllidar_ros2:/home/ubuntu/third_party_ros2/third_party_ws/install/rf2o_laser_odometry:/home/ubuntu/third_party_ros2/third_party_ws/install/ldlidar_stl_ros2:/home/ubuntu/third_party_ros2/third_party_ws/install/laser_filters:/home/ubuntu/third_party_ros2/third_party_ws/install/imu_calib:/home/ubuntu/third_party_ros2/third_party_ws/install/costmap_converter:/home/ubuntu/third_party_ros2/third_party_ws/install/costmap_converter_msgs:/home/ubuntu/ros2_wsorincp/install/ros_robot_controller:/home/ubuntu/ros2_ws/install/yolov5_ros2:/home/ubuntu/ros2_ws/install/slam:/home/ubuntu/ros2_ws/install/servo_controller:/home/ubuntu/ros2_ws/install/sdk:/home/ubuntu/ros2_ws/install/ros_robot_controller:/home/ubuntu/ros2_ws/install/peripherals:/home/ubuntu/ros2_ws/install/navigation:/home/ubuntu/ros2_ws/install/kinematics:/home/ubuntu/ros2_ws/install/jetrover_description:/home/ubuntu/ros2_ws/install/example:/home/ubuntu/ros2_ws/install/controller:/home/ubuntu/ros2_ws/install/calibration:/home/ubuntu/ros2_ws/install/bringup:/home/ubuntu/ros2_ws/install/app:/opt/ros/humble:/home/ubuntu/third_party_ros2/third_party_ws/install/async_web_server_cpp:/home/ubuntu/third_party_ros2/third_party_ws/install/ascamera_listener:/home/ubuntu/third_party_ros2/third_party_ws/install/apriltag_ros:/home/ubuntu/third_party_ros2/third_party_ws/install/apriltag_msgs:/home/ubuntu/ros2_ws/install/xf_mic_asr_offline:/home/ubuntu/ros2_ws/install/xf_mic_asr_offline_msgs:/home/ubuntu/ros2_ws/install/servo_controller_msgs:/home/ubuntu/ros2_ws/install/ros_robot_controller_msgs:/home/ubuntu/ros2_ws/install/kinematics_msgs:/home/ubuntu/ros2_ws/install/interfaces /usr/bin/cmake --build /home/ubuntu/ros2_wsorincp/build/speed_control_msgs -- -j4 -l4
[0.811s] [  3%] Built target speed_control_msgs__cpp
[0.811s] [ 12%] Built target speed_control_msgs__rosidl_generator_c
[0.905s] [ 12%] Built target ament_cmake_python_copy_speed_control_msgs
[0.953s] [ 22%] Built target speed_control_msgs__rosidl_typesupport_cpp
[0.954s] [ 32%] Built target speed_control_msgs__rosidl_typesupport_fastrtps_cpp
[0.956s] [ 41%] Built target speed_control_msgs__rosidl_typesupport_introspection_cpp
[1.052s] [ 51%] Built target speed_control_msgs__rosidl_typesupport_c
[1.057s] [ 61%] Built target speed_control_msgs__rosidl_typesupport_fastrtps_c
[1.122s] [ 70%] Built target speed_control_msgs__rosidl_typesupport_introspection_c
[1.313s] [ 70%] Built target speed_control_msgs
[1.394s] [ 74%] Built target speed_control_msgs__py
[1.519s] [ 80%] Built target speed_control_msgs__rosidl_generator_py
[1.672s] [ 87%] Built target speed_control_msgs__rosidl_typesupport_fastrtps_c__pyext
[1.713s] [ 93%] Built target speed_control_msgs__rosidl_typesupport_c__pyext
[1.717s] [100%] Built target speed_control_msgs__rosidl_typesupport_introspection_c__pyext
[2.133s] running egg_info
[2.162s] writing speed_control_msgs.egg-info/PKG-INFO
[2.163s] writing dependency_links to speed_control_msgs.egg-info/dependency_links.txt
[2.164s] writing top-level names to speed_control_msgs.egg-info/top_level.txt
[2.608s] reading manifest file 'speed_control_msgs.egg-info/SOURCES.txt'
[2.611s] writing manifest file 'speed_control_msgs.egg-info/SOURCES.txt'
[2.741s] [100%] Built target ament_cmake_python_build_speed_control_msgs_egg
[2.782s] Invoked command in '/home/ubuntu/ros2_wsorincp/build/speed_control_msgs' returned '0': CMAKE_PREFIX_PATH=/home/ubuntu/ros2_wsorincp/install/speed_control_msgs:/home/ubuntu/ros2_wsorincp/install/ros_robot_controller_msgs:/home/ubuntu/third_party_ros2/orbbec_ws/install/orbbec_description:/home/ubuntu/third_party_ros2/orbbec_ws/install/orbbec_camera:/home/ubuntu/third_party_ros2/orbbec_ws/install/orbbec_camera_msgs:/home/ubuntu/third_party_ros2/third_party_ws/install/ydlidar_ros2_driver:/home/ubuntu/third_party_ros2/third_party_ws/install/web_video_server:/home/ubuntu/third_party_ros2/third_party_ws/install/teb_local_planner:/home/ubuntu/third_party_ros2/third_party_ws/install/teb_msgs:/home/ubuntu/third_party_ros2/third_party_ws/install/sllidar_ros2:/home/ubuntu/third_party_ros2/third_party_ws/install/rf2o_laser_odometry:/home/ubuntu/third_party_ros2/third_party_ws/install/ldlidar_stl_ros2:/home/ubuntu/third_party_ros2/third_party_ws/install/laser_filters:/home/ubuntu/third_party_ros2/third_party_ws/install/imu_calib:/home/ubuntu/third_party_ros2/third_party_ws/install/costmap_converter:/home/ubuntu/third_party_ros2/third_party_ws/install/costmap_converter_msgs:/home/ubuntu/ros2_wsorincp/install/ros_robot_controller:/home/ubuntu/ros2_ws/install/yolov5_ros2:/home/ubuntu/ros2_ws/install/slam:/home/ubuntu/ros2_ws/install/servo_controller:/home/ubuntu/ros2_ws/install/sdk:/home/ubuntu/ros2_ws/install/ros_robot_controller:/home/ubuntu/ros2_ws/install/peripherals:/home/ubuntu/ros2_ws/install/navigation:/home/ubuntu/ros2_ws/install/kinematics:/home/ubuntu/ros2_ws/install/jetrover_description:/home/ubuntu/ros2_ws/install/example:/home/ubuntu/ros2_ws/install/controller:/home/ubuntu/ros2_ws/install/calibration:/home/ubuntu/ros2_ws/install/bringup:/home/ubuntu/ros2_ws/install/app:/opt/ros/humble:/home/ubuntu/third_party_ros2/third_party_ws/install/async_web_server_cpp:/home/ubuntu/third_party_ros2/third_party_ws/install/ascamera_listener:/home/ubuntu/third_party_ros2/third_party_ws/install/apriltag_ros:/home/ubuntu/third_party_ros2/third_party_ws/install/apriltag_msgs:/home/ubuntu/ros2_ws/install/xf_mic_asr_offline:/home/ubuntu/ros2_ws/install/xf_mic_asr_offline_msgs:/home/ubuntu/ros2_ws/install/servo_controller_msgs:/home/ubuntu/ros2_ws/install/ros_robot_controller_msgs:/home/ubuntu/ros2_ws/install/kinematics_msgs:/home/ubuntu/ros2_ws/install/interfaces /usr/bin/cmake --build /home/ubuntu/ros2_wsorincp/build/speed_control_msgs -- -j4 -l4
[3.084s] Invoking command in '/home/ubuntu/ros2_wsorincp/build/speed_control_msgs': CMAKE_PREFIX_PATH=/home/ubuntu/ros2_wsorincp/install/speed_control_msgs:/home/ubuntu/ros2_wsorincp/install/ros_robot_controller_msgs:/home/ubuntu/third_party_ros2/orbbec_ws/install/orbbec_description:/home/ubuntu/third_party_ros2/orbbec_ws/install/orbbec_camera:/home/ubuntu/third_party_ros2/orbbec_ws/install/orbbec_camera_msgs:/home/ubuntu/third_party_ros2/third_party_ws/install/ydlidar_ros2_driver:/home/ubuntu/third_party_ros2/third_party_ws/install/web_video_server:/home/ubuntu/third_party_ros2/third_party_ws/install/teb_local_planner:/home/ubuntu/third_party_ros2/third_party_ws/install/teb_msgs:/home/ubuntu/third_party_ros2/third_party_ws/install/sllidar_ros2:/home/ubuntu/third_party_ros2/third_party_ws/install/rf2o_laser_odometry:/home/ubuntu/third_party_ros2/third_party_ws/install/ldlidar_stl_ros2:/home/ubuntu/third_party_ros2/third_party_ws/install/laser_filters:/home/ubuntu/third_party_ros2/third_party_ws/install/imu_calib:/home/ubuntu/third_party_ros2/third_party_ws/install/costmap_converter:/home/ubuntu/third_party_ros2/third_party_ws/install/costmap_converter_msgs:/home/ubuntu/ros2_wsorincp/install/ros_robot_controller:/home/ubuntu/ros2_ws/install/yolov5_ros2:/home/ubuntu/ros2_ws/install/slam:/home/ubuntu/ros2_ws/install/servo_controller:/home/ubuntu/ros2_ws/install/sdk:/home/ubuntu/ros2_ws/install/ros_robot_controller:/home/ubuntu/ros2_ws/install/peripherals:/home/ubuntu/ros2_ws/install/navigation:/home/ubuntu/ros2_ws/install/kinematics:/home/ubuntu/ros2_ws/install/jetrover_description:/home/ubuntu/ros2_ws/install/example:/home/ubuntu/ros2_ws/install/controller:/home/ubuntu/ros2_ws/install/calibration:/home/ubuntu/ros2_ws/install/bringup:/home/ubuntu/ros2_ws/install/app:/opt/ros/humble:/home/ubuntu/third_party_ros2/third_party_ws/install/async_web_server_cpp:/home/ubuntu/third_party_ros2/third_party_ws/install/ascamera_listener:/home/ubuntu/third_party_ros2/third_party_ws/install/apriltag_ros:/home/ubuntu/third_party_ros2/third_party_ws/install/apriltag_msgs:/home/ubuntu/ros2_ws/install/xf_mic_asr_offline:/home/ubuntu/ros2_ws/install/xf_mic_asr_offline_msgs:/home/ubuntu/ros2_ws/install/servo_controller_msgs:/home/ubuntu/ros2_ws/install/ros_robot_controller_msgs:/home/ubuntu/ros2_ws/install/kinematics_msgs:/home/ubuntu/ros2_ws/install/interfaces /usr/bin/cmake --install /home/ubuntu/ros2_wsorincp/build/speed_control_msgs
[3.114s] -- Install configuration: ""
[3.114s] -- Up-to-date: /home/ubuntu/ros2_wsorincp/install/speed_control_msgs/share/ament_index/resource_index/rosidl_interfaces/speed_control_msgs
[3.114s] -- Up-to-date: /home/ubuntu/ros2_wsorincp/install/speed_control_msgs/include/speed_control_msgs/speed_control_msgs
[3.114s] -- Up-to-date: /home/ubuntu/ros2_wsorincp/install/speed_control_msgs/include/speed_control_msgs/speed_control_msgs/msg
[3.114s] -- Up-to-date: /home/ubuntu/ros2_wsorincp/install/speed_control_msgs/include/speed_control_msgs/speed_control_msgs/msg/rosidl_generator_c__visibility_control.h
[3.114s] -- Up-to-date: /home/ubuntu/ros2_wsorincp/install/speed_control_msgs/include/speed_control_msgs/speed_control_msgs/srv
[3.114s] -- Up-to-date: /home/ubuntu/ros2_wsorincp/install/speed_control_msgs/include/speed_control_msgs/speed_control_msgs/srv/adjust_speed.h
[3.115s] -- Up-to-date: /home/ubuntu/ros2_wsorincp/install/speed_control_msgs/include/speed_control_msgs/speed_control_msgs/srv/detail
[3.115s] -- Up-to-date: /home/ubuntu/ros2_wsorincp/install/speed_control_msgs/include/speed_control_msgs/speed_control_msgs/srv/detail/adjust_speed__functions.c
[3.115s] -- Up-to-date: /home/ubuntu/ros2_wsorincp/install/speed_control_msgs/include/speed_control_msgs/speed_control_msgs/srv/detail/adjust_speed__functions.h
[3.115s] -- Up-to-date: /home/ubuntu/ros2_wsorincp/install/speed_control_msgs/include/speed_control_msgs/speed_control_msgs/srv/detail/adjust_speed__type_support.h
[3.115s] -- Up-to-date: /home/ubuntu/ros2_wsorincp/install/speed_control_msgs/include/speed_control_msgs/speed_control_msgs/srv/detail/adjust_speed__struct.h
[3.115s] -- Up-to-date: /home/ubuntu/ros2_wsorincp/install/speed_control_msgs/share/speed_control_msgs/environment/library_path.sh
[3.115s] -- Up-to-date: /home/ubuntu/ros2_wsorincp/install/speed_control_msgs/share/speed_control_msgs/environment/library_path.dsv
[3.115s] -- Up-to-date: /home/ubuntu/ros2_wsorincp/install/speed_control_msgs/lib/libspeed_control_msgs__rosidl_generator_c.so
[3.115s] -- Up-to-date: /home/ubuntu/ros2_wsorincp/install/speed_control_msgs/include/speed_control_msgs/speed_control_msgs
[3.116s] -- Up-to-date: /home/ubuntu/ros2_wsorincp/install/speed_control_msgs/include/speed_control_msgs/speed_control_msgs/msg
[3.116s] -- Up-to-date: /home/ubuntu/ros2_wsorincp/install/speed_control_msgs/include/speed_control_msgs/speed_control_msgs/msg/rosidl_typesupport_fastrtps_c__visibility_control.h
[3.116s] -- Up-to-date: /home/ubuntu/ros2_wsorincp/install/speed_control_msgs/include/speed_control_msgs/speed_control_msgs/srv
[3.116s] -- Up-to-date: /home/ubuntu/ros2_wsorincp/install/speed_control_msgs/include/speed_control_msgs/speed_control_msgs/srv/detail
[3.116s] -- Up-to-date: /home/ubuntu/ros2_wsorincp/install/speed_control_msgs/include/speed_control_msgs/speed_control_msgs/srv/detail/adjust_speed__rosidl_typesupport_fastrtps_c.h
[3.116s] -- Up-to-date: /home/ubuntu/ros2_wsorincp/install/speed_control_msgs/lib/libspeed_control_msgs__rosidl_typesupport_fastrtps_c.so
[3.118s] -- Up-to-date: /home/ubuntu/ros2_wsorincp/install/speed_control_msgs/include/speed_control_msgs/speed_control_msgs
[3.119s] -- Up-to-date: /home/ubuntu/ros2_wsorincp/install/speed_control_msgs/include/speed_control_msgs/speed_control_msgs/msg
[3.119s] -- Up-to-date: /home/ubuntu/ros2_wsorincp/install/speed_control_msgs/include/speed_control_msgs/speed_control_msgs/msg/rosidl_typesupport_introspection_c__visibility_control.h
[3.119s] -- Up-to-date: /home/ubuntu/ros2_wsorincp/install/speed_control_msgs/include/speed_control_msgs/speed_control_msgs/srv
[3.119s] -- Up-to-date: /home/ubuntu/ros2_wsorincp/install/speed_control_msgs/include/speed_control_msgs/speed_control_msgs/srv/detail
[3.119s] -- Up-to-date: /home/ubuntu/ros2_wsorincp/install/speed_control_msgs/include/speed_control_msgs/speed_control_msgs/srv/detail/adjust_speed__type_support.c
[3.119s] -- Up-to-date: /home/ubuntu/ros2_wsorincp/install/speed_control_msgs/include/speed_control_msgs/speed_control_msgs/srv/detail/adjust_speed__rosidl_typesupport_introspection_c.h
[3.120s] -- Up-to-date: /home/ubuntu/ros2_wsorincp/install/speed_control_msgs/lib/libspeed_control_msgs__rosidl_typesupport_introspection_c.so
[3.120s] -- Up-to-date: /home/ubuntu/ros2_wsorincp/install/speed_control_msgs/lib/libspeed_control_msgs__rosidl_typesupport_c.so
[3.120s] -- Up-to-date: /home/ubuntu/ros2_wsorincp/install/speed_control_msgs/include/speed_control_msgs/speed_control_msgs
[3.120s] -- Up-to-date: /home/ubuntu/ros2_wsorincp/install/speed_control_msgs/include/speed_control_msgs/speed_control_msgs/srv
[3.120s] -- Up-to-date: /home/ubuntu/ros2_wsorincp/install/speed_control_msgs/include/speed_control_msgs/speed_control_msgs/srv/adjust_speed.hpp
[3.120s] -- Up-to-date: /home/ubuntu/ros2_wsorincp/install/speed_control_msgs/include/speed_control_msgs/speed_control_msgs/srv/detail
[3.120s] -- Up-to-date: /home/ubuntu/ros2_wsorincp/install/speed_control_msgs/include/speed_control_msgs/speed_control_msgs/srv/detail/adjust_speed__builder.hpp
[3.120s] -- Up-to-date: /home/ubuntu/ros2_wsorincp/install/speed_control_msgs/include/speed_control_msgs/speed_control_msgs/srv/detail/adjust_speed__struct.hpp
[3.120s] -- Up-to-date: /home/ubuntu/ros2_wsorincp/install/speed_control_msgs/include/speed_control_msgs/speed_control_msgs/srv/detail/adjust_speed__traits.hpp
[3.121s] -- Up-to-date: /home/ubuntu/ros2_wsorincp/install/speed_control_msgs/include/speed_control_msgs/speed_control_msgs
[3.122s] -- Up-to-date: /home/ubuntu/ros2_wsorincp/install/speed_control_msgs/include/speed_control_msgs/speed_control_msgs/msg
[3.122s] -- Up-to-date: /home/ubuntu/ros2_wsorincp/install/speed_control_msgs/include/speed_control_msgs/speed_control_msgs/msg/rosidl_typesupport_fastrtps_cpp__visibility_control.h
[3.122s] -- Up-to-date: /home/ubuntu/ros2_wsorincp/install/speed_control_msgs/include/speed_control_msgs/speed_control_msgs/srv
[3.122s] -- Up-to-date: /home/ubuntu/ros2_wsorincp/install/speed_control_msgs/include/speed_control_msgs/speed_control_msgs/srv/detail
[3.122s] -- Up-to-date: /home/ubuntu/ros2_wsorincp/install/speed_control_msgs/include/speed_control_msgs/speed_control_msgs/srv/detail/dds_fastrtps
[3.122s] -- Up-to-date: /home/ubuntu/ros2_wsorincp/install/speed_control_msgs/include/speed_control_msgs/speed_control_msgs/srv/detail/adjust_speed__rosidl_typesupport_fastrtps_cpp.hpp
[3.122s] -- Up-to-date: /home/ubuntu/ros2_wsorincp/install/speed_control_msgs/lib/libspeed_control_msgs__rosidl_typesupport_fastrtps_cpp.so
[3.122s] -- Up-to-date: /home/ubuntu/ros2_wsorincp/install/speed_control_msgs/include/speed_control_msgs/speed_control_msgs
[3.122s] -- Up-to-date: /home/ubuntu/ros2_wsorincp/install/speed_control_msgs/include/speed_control_msgs/speed_control_msgs/srv
[3.123s] -- Up-to-date: /home/ubuntu/ros2_wsorincp/install/speed_control_msgs/include/speed_control_msgs/speed_control_msgs/srv/detail
[3.123s] -- Up-to-date: /home/ubuntu/ros2_wsorincp/install/speed_control_msgs/include/speed_control_msgs/speed_control_msgs/srv/detail/adjust_speed__type_support.cpp
[3.123s] -- Up-to-date: /home/ubuntu/ros2_wsorincp/install/speed_control_msgs/include/speed_control_msgs/speed_control_msgs/srv/detail/adjust_speed__rosidl_typesupport_introspection_cpp.hpp
[3.123s] -- Up-to-date: /home/ubuntu/ros2_wsorincp/install/speed_control_msgs/lib/libspeed_control_msgs__rosidl_typesupport_introspection_cpp.so
[3.123s] -- Up-to-date: /home/ubuntu/ros2_wsorincp/install/speed_control_msgs/lib/libspeed_control_msgs__rosidl_typesupport_cpp.so
[3.123s] -- Up-to-date: /home/ubuntu/ros2_wsorincp/install/speed_control_msgs/share/speed_control_msgs/environment/pythonpath.sh
[3.123s] -- Up-to-date: /home/ubuntu/ros2_wsorincp/install/speed_control_msgs/share/speed_control_msgs/environment/pythonpath.dsv
[3.123s] -- Up-to-date: /home/ubuntu/ros2_wsorincp/install/speed_control_msgs/local/lib/python3.10/dist-packages/speed_control_msgs-0.0.0-py3.10.egg-info
[3.123s] -- Installing: /home/ubuntu/ros2_wsorincp/install/speed_control_msgs/local/lib/python3.10/dist-packages/speed_control_msgs-0.0.0-py3.10.egg-info/SOURCES.txt
[3.123s] -- Installing: /home/ubuntu/ros2_wsorincp/install/speed_control_msgs/local/lib/python3.10/dist-packages/speed_control_msgs-0.0.0-py3.10.egg-info/dependency_links.txt
[3.123s] -- Installing: /home/ubuntu/ros2_wsorincp/install/speed_control_msgs/local/lib/python3.10/dist-packages/speed_control_msgs-0.0.0-py3.10.egg-info/top_level.txt
[3.124s] -- Installing: /home/ubuntu/ros2_wsorincp/install/speed_control_msgs/local/lib/python3.10/dist-packages/speed_control_msgs-0.0.0-py3.10.egg-info/PKG-INFO
[3.124s] -- Up-to-date: /home/ubuntu/ros2_wsorincp/install/speed_control_msgs/local/lib/python3.10/dist-packages/speed_control_msgs
[3.124s] -- Up-to-date: /home/ubuntu/ros2_wsorincp/install/speed_control_msgs/local/lib/python3.10/dist-packages/speed_control_msgs/speed_control_msgs_s__rosidl_typesupport_fastrtps_c.cpython-310-aarch64-linux-gnu.so
[3.124s] -- Up-to-date: /home/ubuntu/ros2_wsorincp/install/speed_control_msgs/local/lib/python3.10/dist-packages/speed_control_msgs/_speed_control_msgs_s.ep.rosidl_typesupport_introspection_c.c
[3.124s] -- Up-to-date: /home/ubuntu/ros2_wsorincp/install/speed_control_msgs/local/lib/python3.10/dist-packages/speed_control_msgs/libspeed_control_msgs__rosidl_generator_py.so
[3.124s] -- Up-to-date: /home/ubuntu/ros2_wsorincp/install/speed_control_msgs/local/lib/python3.10/dist-packages/speed_control_msgs/_speed_control_msgs_s.ep.rosidl_typesupport_c.c
[3.124s] -- Up-to-date: /home/ubuntu/ros2_wsorincp/install/speed_control_msgs/local/lib/python3.10/dist-packages/speed_control_msgs/_speed_control_msgs_s.ep.rosidl_typesupport_fastrtps_c.c
[3.124s] -- Up-to-date: /home/ubuntu/ros2_wsorincp/install/speed_control_msgs/local/lib/python3.10/dist-packages/speed_control_msgs/srv
[3.124s] -- Up-to-date: /home/ubuntu/ros2_wsorincp/install/speed_control_msgs/local/lib/python3.10/dist-packages/speed_control_msgs/srv/_adjust_speed.py
[3.124s] -- Up-to-date: /home/ubuntu/ros2_wsorincp/install/speed_control_msgs/local/lib/python3.10/dist-packages/speed_control_msgs/srv/_adjust_speed_s.c
[3.124s] -- Up-to-date: /home/ubuntu/ros2_wsorincp/install/speed_control_msgs/local/lib/python3.10/dist-packages/speed_control_msgs/srv/__init__.py
[3.124s] -- Up-to-date: /home/ubuntu/ros2_wsorincp/install/speed_control_msgs/local/lib/python3.10/dist-packages/speed_control_msgs/speed_control_msgs_s__rosidl_typesupport_introspection_c.cpython-310-aarch64-linux-gnu.so
[3.124s] -- Up-to-date: /home/ubuntu/ros2_wsorincp/install/speed_control_msgs/local/lib/python3.10/dist-packages/speed_control_msgs/speed_control_msgs_s__rosidl_typesupport_c.cpython-310-aarch64-linux-gnu.so
[3.126s] -- Up-to-date: /home/ubuntu/ros2_wsorincp/install/speed_control_msgs/local/lib/python3.10/dist-packages/speed_control_msgs/__init__.py
[3.310s] Listing '/home/ubuntu/ros2_wsorincp/install/speed_control_msgs/local/lib/python3.10/dist-packages/speed_control_msgs'...
[3.311s] Listing '/home/ubuntu/ros2_wsorincp/install/speed_control_msgs/local/lib/python3.10/dist-packages/speed_control_msgs/srv'...
[3.321s] -- Up-to-date: /home/ubuntu/ros2_wsorincp/install/speed_control_msgs/local/lib/python3.10/dist-packages/speed_control_msgs/speed_control_msgs_s__rosidl_typesupport_fastrtps_c.cpython-310-aarch64-linux-gnu.so
[3.323s] -- Up-to-date: /home/ubuntu/ros2_wsorincp/install/speed_control_msgs/local/lib/python3.10/dist-packages/speed_control_msgs/speed_control_msgs_s__rosidl_typesupport_introspection_c.cpython-310-aarch64-linux-gnu.so
[3.323s] -- Up-to-date: /home/ubuntu/ros2_wsorincp/install/speed_control_msgs/local/lib/python3.10/dist-packages/speed_control_msgs/speed_control_msgs_s__rosidl_typesupport_c.cpython-310-aarch64-linux-gnu.so
[3.323s] -- Up-to-date: /home/ubuntu/ros2_wsorincp/install/speed_control_msgs/lib/libspeed_control_msgs__rosidl_generator_py.so
[3.324s] -- Up-to-date: /home/ubuntu/ros2_wsorincp/install/speed_control_msgs/share/speed_control_msgs/srv/AdjustSpeed.idl
[3.327s] -- Up-to-date: /home/ubuntu/ros2_wsorincp/install/speed_control_msgs/share/speed_control_msgs/srv/AdjustSpeed.srv
[3.327s] -- Up-to-date: /home/ubuntu/ros2_wsorincp/install/speed_control_msgs/share/speed_control_msgs/srv/AdjustSpeed_Request.msg
[3.327s] -- Up-to-date: /home/ubuntu/ros2_wsorincp/install/speed_control_msgs/share/speed_control_msgs/srv/AdjustSpeed_Response.msg
[3.327s] -- Up-to-date: /home/ubuntu/ros2_wsorincp/install/speed_control_msgs/share/ament_index/resource_index/package_run_dependencies/speed_control_msgs
[3.327s] -- Up-to-date: /home/ubuntu/ros2_wsorincp/install/speed_control_msgs/share/ament_index/resource_index/parent_prefix_path/speed_control_msgs
[3.327s] -- Up-to-date: /home/ubuntu/ros2_wsorincp/install/speed_control_msgs/share/speed_control_msgs/environment/ament_prefix_path.sh
[3.327s] -- Up-to-date: /home/ubuntu/ros2_wsorincp/install/speed_control_msgs/share/speed_control_msgs/environment/ament_prefix_path.dsv
[3.328s] -- Up-to-date: /home/ubuntu/ros2_wsorincp/install/speed_control_msgs/share/speed_control_msgs/environment/path.sh
[3.328s] -- Up-to-date: /home/ubuntu/ros2_wsorincp/install/speed_control_msgs/share/speed_control_msgs/environment/path.dsv
[3.328s] -- Up-to-date: /home/ubuntu/ros2_wsorincp/install/speed_control_msgs/share/speed_control_msgs/local_setup.bash
[3.328s] -- Up-to-date: /home/ubuntu/ros2_wsorincp/install/speed_control_msgs/share/speed_control_msgs/local_setup.sh
[3.328s] -- Up-to-date: /home/ubuntu/ros2_wsorincp/install/speed_control_msgs/share/speed_control_msgs/local_setup.zsh
[3.328s] -- Up-to-date: /home/ubuntu/ros2_wsorincp/install/speed_control_msgs/share/speed_control_msgs/local_setup.dsv
[3.328s] -- Installing: /home/ubuntu/ros2_wsorincp/install/speed_control_msgs/share/speed_control_msgs/package.dsv
[3.328s] -- Up-to-date: /home/ubuntu/ros2_wsorincp/install/speed_control_msgs/share/ament_index/resource_index/packages/speed_control_msgs
[3.328s] -- Up-to-date: /home/ubuntu/ros2_wsorincp/install/speed_control_msgs/share/speed_control_msgs/cmake/export_speed_control_msgs__rosidl_generator_cExport.cmake
[3.328s] -- Up-to-date: /home/ubuntu/ros2_wsorincp/install/speed_control_msgs/share/speed_control_msgs/cmake/export_speed_control_msgs__rosidl_generator_cExport-noconfig.cmake
[3.328s] -- Up-to-date: /home/ubuntu/ros2_wsorincp/install/speed_control_msgs/share/speed_control_msgs/cmake/export_speed_control_msgs__rosidl_typesupport_fastrtps_cExport.cmake
[3.328s] -- Up-to-date: /home/ubuntu/ros2_wsorincp/install/speed_control_msgs/share/speed_control_msgs/cmake/export_speed_control_msgs__rosidl_typesupport_fastrtps_cExport-noconfig.cmake
[3.328s] -- Up-to-date: /home/ubuntu/ros2_wsorincp/install/speed_control_msgs/share/speed_control_msgs/cmake/speed_control_msgs__rosidl_typesupport_introspection_cExport.cmake
[3.329s] -- Up-to-date: /home/ubuntu/ros2_wsorincp/install/speed_control_msgs/share/speed_control_msgs/cmake/speed_control_msgs__rosidl_typesupport_introspection_cExport-noconfig.cmake
[3.329s] -- Up-to-date: /home/ubuntu/ros2_wsorincp/install/speed_control_msgs/share/speed_control_msgs/cmake/speed_control_msgs__rosidl_typesupport_cExport.cmake
[3.329s] -- Up-to-date: /home/ubuntu/ros2_wsorincp/install/speed_control_msgs/share/speed_control_msgs/cmake/speed_control_msgs__rosidl_typesupport_cExport-noconfig.cmake
[3.329s] -- Up-to-date: /home/ubuntu/ros2_wsorincp/install/speed_control_msgs/share/speed_control_msgs/cmake/export_speed_control_msgs__rosidl_generator_cppExport.cmake
[3.329s] -- Up-to-date: /home/ubuntu/ros2_wsorincp/install/speed_control_msgs/share/speed_control_msgs/cmake/export_speed_control_msgs__rosidl_typesupport_fastrtps_cppExport.cmake
[3.329s] -- Up-to-date: /home/ubuntu/ros2_wsorincp/install/speed_control_msgs/share/speed_control_msgs/cmake/export_speed_control_msgs__rosidl_typesupport_fastrtps_cppExport-noconfig.cmake
[3.329s] -- Up-to-date: /home/ubuntu/ros2_wsorincp/install/speed_control_msgs/share/speed_control_msgs/cmake/speed_control_msgs__rosidl_typesupport_introspection_cppExport.cmake
[3.329s] -- Up-to-date: /home/ubuntu/ros2_wsorincp/install/speed_control_msgs/share/speed_control_msgs/cmake/speed_control_msgs__rosidl_typesupport_introspection_cppExport-noconfig.cmake
[3.330s] -- Up-to-date: /home/ubuntu/ros2_wsorincp/install/speed_control_msgs/share/speed_control_msgs/cmake/speed_control_msgs__rosidl_typesupport_cppExport.cmake
[3.330s] -- Up-to-date: /home/ubuntu/ros2_wsorincp/install/speed_control_msgs/share/speed_control_msgs/cmake/speed_control_msgs__rosidl_typesupport_cppExport-noconfig.cmake
[3.330s] -- Up-to-date: /home/ubuntu/ros2_wsorincp/install/speed_control_msgs/share/speed_control_msgs/cmake/export_speed_control_msgs__rosidl_generator_pyExport.cmake
[3.332s] -- Up-to-date: /home/ubuntu/ros2_wsorincp/install/speed_control_msgs/share/speed_control_msgs/cmake/export_speed_control_msgs__rosidl_generator_pyExport-noconfig.cmake
[3.332s] -- Up-to-date: /home/ubuntu/ros2_wsorincp/install/speed_control_msgs/share/speed_control_msgs/cmake/rosidl_cmake-extras.cmake
[3.332s] -- Up-to-date: /home/ubuntu/ros2_wsorincp/install/speed_control_msgs/share/speed_control_msgs/cmake/ament_cmake_export_include_directories-extras.cmake
[3.332s] -- Up-to-date: /home/ubuntu/ros2_wsorincp/install/speed_control_msgs/share/speed_control_msgs/cmake/ament_cmake_export_libraries-extras.cmake
[3.332s] -- Up-to-date: /home/ubuntu/ros2_wsorincp/install/speed_control_msgs/share/speed_control_msgs/cmake/ament_cmake_export_targets-extras.cmake
[3.332s] -- Up-to-date: /home/ubuntu/ros2_wsorincp/install/speed_control_msgs/share/speed_control_msgs/cmake/rosidl_cmake_export_typesupport_targets-extras.cmake
[3.332s] -- Up-to-date: /home/ubuntu/ros2_wsorincp/install/speed_control_msgs/share/speed_control_msgs/cmake/ament_cmake_export_dependencies-extras.cmake
[3.332s] -- Up-to-date: /home/ubuntu/ros2_wsorincp/install/speed_control_msgs/share/speed_control_msgs/cmake/rosidl_cmake_export_typesupport_libraries-extras.cmake
[3.332s] -- Up-to-date: /home/ubuntu/ros2_wsorincp/install/speed_control_msgs/share/speed_control_msgs/cmake/speed_control_msgsConfig.cmake
[3.332s] -- Up-to-date: /home/ubuntu/ros2_wsorincp/install/speed_control_msgs/share/speed_control_msgs/cmake/speed_control_msgsConfig-version.cmake
[3.332s] -- Up-to-date: /home/ubuntu/ros2_wsorincp/install/speed_control_msgs/share/speed_control_msgs/package.xml
[3.337s] Invoked command in '/home/ubuntu/ros2_wsorincp/build/speed_control_msgs' returned '0': CMAKE_PREFIX_PATH=/home/ubuntu/ros2_wsorincp/install/speed_control_msgs:/home/ubuntu/ros2_wsorincp/install/ros_robot_controller_msgs:/home/ubuntu/third_party_ros2/orbbec_ws/install/orbbec_description:/home/ubuntu/third_party_ros2/orbbec_ws/install/orbbec_camera:/home/ubuntu/third_party_ros2/orbbec_ws/install/orbbec_camera_msgs:/home/ubuntu/third_party_ros2/third_party_ws/install/ydlidar_ros2_driver:/home/ubuntu/third_party_ros2/third_party_ws/install/web_video_server:/home/ubuntu/third_party_ros2/third_party_ws/install/teb_local_planner:/home/ubuntu/third_party_ros2/third_party_ws/install/teb_msgs:/home/ubuntu/third_party_ros2/third_party_ws/install/sllidar_ros2:/home/ubuntu/third_party_ros2/third_party_ws/install/rf2o_laser_odometry:/home/ubuntu/third_party_ros2/third_party_ws/install/ldlidar_stl_ros2:/home/ubuntu/third_party_ros2/third_party_ws/install/laser_filters:/home/ubuntu/third_party_ros2/third_party_ws/install/imu_calib:/home/ubuntu/third_party_ros2/third_party_ws/install/costmap_converter:/home/ubuntu/third_party_ros2/third_party_ws/install/costmap_converter_msgs:/home/ubuntu/ros2_wsorincp/install/ros_robot_controller:/home/ubuntu/ros2_ws/install/yolov5_ros2:/home/ubuntu/ros2_ws/install/slam:/home/ubuntu/ros2_ws/install/servo_controller:/home/ubuntu/ros2_ws/install/sdk:/home/ubuntu/ros2_ws/install/ros_robot_controller:/home/ubuntu/ros2_ws/install/peripherals:/home/ubuntu/ros2_ws/install/navigation:/home/ubuntu/ros2_ws/install/kinematics:/home/ubuntu/ros2_ws/install/jetrover_description:/home/ubuntu/ros2_ws/install/example:/home/ubuntu/ros2_ws/install/controller:/home/ubuntu/ros2_ws/install/calibration:/home/ubuntu/ros2_ws/install/bringup:/home/ubuntu/ros2_ws/install/app:/opt/ros/humble:/home/ubuntu/third_party_ros2/third_party_ws/install/async_web_server_cpp:/home/ubuntu/third_party_ros2/third_party_ws/install/ascamera_listener:/home/ubuntu/third_party_ros2/third_party_ws/install/apriltag_ros:/home/ubuntu/third_party_ros2/third_party_ws/install/apriltag_msgs:/home/ubuntu/ros2_ws/install/xf_mic_asr_offline:/home/ubuntu/ros2_ws/install/xf_mic_asr_offline_msgs:/home/ubuntu/ros2_ws/install/servo_controller_msgs:/home/ubuntu/ros2_ws/install/ros_robot_controller_msgs:/home/ubuntu/ros2_ws/install/kinematics_msgs:/home/ubuntu/ros2_ws/install/interfaces /usr/bin/cmake --install /home/ubuntu/ros2_wsorincp/build/speed_control_msgs
