[0.025s] Invoking command in '/home/ubuntu/ros2_wsorincp/build/smart_car_core_demo': CMAKE_PREFIX_PATH=/opt/ros/humble /usr/bin/cmake --build /home/ubuntu/ros2_wsorincp/build/smart_car_core_demo -- -j4 -l4
[0.220s] -- Found ament_cmake: 1.3.9 (/opt/ros/humble/share/ament_cmake/cmake)
[0.512s] -- Found rclcpp: 16.0.9 (/opt/ros/humble/share/rclcpp/cmake)
[0.646s] -- Found rosidl_generator_c: 3.1.5 (/opt/ros/humble/share/rosidl_generator_c/cmake)
[0.654s] -- Found rosidl_adapter: 3.1.5 (/opt/ros/humble/share/rosidl_adapter/cmake)
[0.671s] -- Found rosidl_generator_cpp: 3.1.5 (/opt/ros/humble/share/rosidl_generator_cpp/cmake)
[0.719s] -- Using all available rosidl_typesupport_c: rosidl_typesupport_fastrtps_c;rosidl_typesupport_introspection_c
[0.812s] -- Using all available rosidl_typesupport_cpp: rosidl_typesupport_fastrtps_cpp;rosidl_typesupport_introspection_cpp
[0.999s] -- Found rmw_implementation_cmake: 6.1.2 (/opt/ros/humble/share/rmw_implementation_cmake/cmake)
[1.004s] -- Found rmw_fastrtps_cpp: 6.2.6 (/opt/ros/humble/share/rmw_fastrtps_cpp/cmake)
[1.531s] -- Using RMW implementation 'rmw_fastrtps_cpp' as default
[3.645s] -- Found geometry_msgs: 4.2.4 (/opt/ros/humble/share/geometry_msgs/cmake)
[4.620s] -- Found std_srvs: 4.2.4 (/opt/ros/humble/share/std_srvs/cmake)
[5.497s] -- Found rclcpp_action: 16.0.9 (/opt/ros/humble/share/rclcpp_action/cmake)
[8.009s] -- Found ament_lint_auto: 0.12.11 (/opt/ros/humble/share/ament_lint_auto/cmake)
[9.581s] -- Added test 'cppcheck' to perform static code analysis on C / C++ code
[9.582s] -- Configured cppcheck include dirs: 
[9.582s] -- Configured cppcheck exclude dirs and/or files: 
[9.583s] -- Added test 'flake8' to check Python code syntax and style conventions
[9.584s] -- Added test 'lint_cmake' to check CMake code style
[9.587s] -- Added test 'pep257' to check Python code against some of the docstring style conventions in PEP 257
[9.590s] -- Added test 'uncrustify' to check C / C++ code style
[9.590s] -- Configured uncrustify additional arguments: 
[9.592s] -- Added test 'xmllint' to check XML markup files
[9.604s] -- Configuring done
[9.650s] -- Generating done
[9.653s] -- Build files have been written to: /home/ubuntu/ros2_wsorincp/build/smart_car_core_demo
[9.715s] Consolidate compiler generated dependencies of target speed_publisher
[9.718s] [ 25%] Building CXX object CMakeFiles/speed_subscriber_simple.dir/src/smart_car_core_demo/speed_subscriber_simple.cpp.o
[9.824s] [ 75%] Built target speed_publisher
[14.944s] /home/ubuntu/ros2_wsorincp/ros2_core_examples/smart_car_core_demo/src/smart_car_core_demo/speed_subscriber_simple.cpp: In member function ‘void SpeedSubscriberSimple::cmdVelCallback(geometry_msgs::msg::Twist_<std::allocator<void> >::SharedPtr)’:
[14.944s] /home/ubuntu/ros2_wsorincp/ros2_core_examples/smart_car_core_demo/src/smart_car_core_demo/speed_subscriber_simple.cpp:118:27: error: no match for ‘operator=’ (operand types are ‘std_msgs::msg::Float32MultiArray_<std::allocator<void> >::_data_type’ {aka ‘std::vector<float>’} and ‘std::vector<double, std::allocator<double> >’)
[14.945s]   118 |         motors_msg.data = motor_speeds;
[14.945s]       |                           ^~~~~~~~~~~~
[14.946s] In file included from /usr/include/c++/11/vector:72,
[14.946s]                  from /home/ubuntu/ros2_wsorincp/ros2_core_examples/smart_car_core_demo/src/smart_car_core_demo/speed_subscriber_simple.cpp:3:
[14.947s] /usr/include/c++/11/bits/vector.tcc:198:5: note: candidate: ‘std::vector<_Tp, _Alloc>& std::vector<_Tp, _Alloc>::operator=(const std::vector<_Tp, _Alloc>&) [with _Tp = float; _Alloc = std::allocator<float>]’
[14.947s]   198 |     vector<_Tp, _Alloc>::
[14.947s]       |     ^~~~~~~~~~~~~~~~~~~
[14.947s] /usr/include/c++/11/bits/vector.tcc:199:42: note:   no known conversion for argument 1 from ‘std::vector<double, std::allocator<double> >’ to ‘const std::vector<float>&’
[14.947s]   199 |     operator=(const vector<_Tp, _Alloc>& __x)
[14.947s]       |               ~~~~~~~~~~~~~~~~~~~~~~~~~~~^~~
[14.947s] In file included from /usr/include/c++/11/vector:67,
[14.947s]                  from /home/ubuntu/ros2_wsorincp/ros2_core_examples/smart_car_core_demo/src/smart_car_core_demo/speed_subscriber_simple.cpp:3:
[14.947s] /usr/include/c++/11/bits/stl_vector.h:709:7: note: candidate: ‘std::vector<_Tp, _Alloc>& std::vector<_Tp, _Alloc>::operator=(std::vector<_Tp, _Alloc>&&) [with _Tp = float; _Alloc = std::allocator<float>]’
[14.947s]   709 |       operator=(vector&& __x) noexcept(_Alloc_traits::_S_nothrow_move())
[14.947s]       |       ^~~~~~~~
[14.947s] /usr/include/c++/11/bits/stl_vector.h:709:26: note:   no known conversion for argument 1 from ‘std::vector<double, std::allocator<double> >’ to ‘std::vector<float>&&’
[14.947s]   709 |       operator=(vector&& __x) noexcept(_Alloc_traits::_S_nothrow_move())
[14.947s]       |                 ~~~~~~~~~^~~
[14.947s] /usr/include/c++/11/bits/stl_vector.h:730:7: note: candidate: ‘std::vector<_Tp, _Alloc>& std::vector<_Tp, _Alloc>::operator=(std::initializer_list<_Tp>) [with _Tp = float; _Alloc = std::allocator<float>]’
[14.947s]   730 |       operator=(initializer_list<value_type> __l)
[14.948s]       |       ^~~~~~~~
[14.948s] /usr/include/c++/11/bits/stl_vector.h:730:46: note:   no known conversion for argument 1 from ‘std::vector<double, std::allocator<double> >’ to ‘std::initializer_list<float>’
[14.948s]   730 |       operator=(initializer_list<value_type> __l)
[14.948s]       |                 ~~~~~~~~~~~~~~~~~~~~~~~~~~~~~^~~
[18.724s] gmake[2]: *** [CMakeFiles/speed_subscriber_simple.dir/build.make:76: CMakeFiles/speed_subscriber_simple.dir/src/smart_car_core_demo/speed_subscriber_simple.cpp.o] Error 1
[18.724s] gmake[1]: *** [CMakeFiles/Makefile2:165: CMakeFiles/speed_subscriber_simple.dir/all] Error 2
[18.724s] gmake: *** [Makefile:146: all] Error 2
[18.725s] Invoked command in '/home/ubuntu/ros2_wsorincp/build/smart_car_core_demo' returned '2': CMAKE_PREFIX_PATH=/opt/ros/humble /usr/bin/cmake --build /home/ubuntu/ros2_wsorincp/build/smart_car_core_demo -- -j4 -l4
