[0.414s] Invoking command in '/home/ubuntu/ros2_wsorincp/build/ros_robot_controller_msgs': /usr/bin/cmake /home/ubuntu/ros2_wsorincp/ros2_core_examples/src/ros_robot_controller_msgs -DCMAKE_INSTALL_PREFIX=/home/ubuntu/ros2_wsorincp/install/ros_robot_controller_msgs
[0.969s] -- The C compiler identification is GNU 11.4.0
[1.143s] -- The CXX compiler identification is GNU 11.4.0
[1.176s] -- Detecting C compiler ABI info
[1.385s] -- Detecting C compiler ABI info - done
[1.413s] -- Check for working C compiler: /usr/bin/cc - skipped
[1.415s] -- Detecting C compile features
[1.417s] -- Detecting C compile features - done
[1.445s] -- Detecting CXX compiler ABI info
[1.646s] -- Detecting CXX compiler ABI info - done
[1.705s] -- Check for working CXX compiler: /usr/bin/c++ - skipped
[1.705s] -- Detecting CXX compile features
[1.713s] -- Detecting CXX compile features - done
[1.769s] [31mCMake Error at CMakeLists.txt:13 (find_package):
[1.770s]   By not providing "Findament_cmake.cmake" in CMAKE_MODULE_PATH this project
[1.770s]   has asked CMake to find a package configuration file provided by
[1.770s]   "ament_cmake", but CMake did not find one.
[1.770s] 
[1.770s]   Could not find a package configuration file provided by "ament_cmake" with
[1.770s]   any of the following names:
[1.770s] 
[1.770s]     ament_cmakeConfig.cmake
[1.770s]     ament_cmake-config.cmake
[1.770s] 
[1.771s]   Add the installation prefix of "ament_cmake" to CMAKE_PREFIX_PATH or set
[1.771s]   "ament_cmake_DIR" to a directory containing one of the above files.  If
[1.771s]   "ament_cmake" provides a separate development package or SDK, be sure it
[1.771s]   has been installed.
[1.771s] 
[1.771s] [0m
[1.771s] -- Configuring incomplete, errors occurred!
[1.771s] See also "/home/ubuntu/ros2_wsorincp/build/ros_robot_controller_msgs/CMakeFiles/CMakeOutput.log".
[1.787s] Invoked command in '/home/ubuntu/ros2_wsorincp/build/ros_robot_controller_msgs' returned '1': /usr/bin/cmake /home/ubuntu/ros2_wsorincp/ros2_core_examples/src/ros_robot_controller_msgs -DCMAKE_INSTALL_PREFIX=/home/ubuntu/ros2_wsorincp/install/ros_robot_controller_msgs
