[0.350s] Invoking command in '/home/ubuntu/ros2_wsorincp/build/smart_car_core_demo': CMAKE_PREFIX_PATH=${CMAKE_PREFIX_PATH}:/opt/ros/humble:/home/ubuntu/ros2_wsorincp/install/ros_robot_controller /usr/bin/cmake /home/ubuntu/ros2_wsorincp/ros2_core_examples/smart_car_core_demo -DCMAKE_INSTALL_PREFIX=/home/ubuntu/ros2_wsorincp/install/smart_car_core_demo
[0.948s] -- The C compiler identification is GNU 11.4.0
[1.280s] -- The CXX compiler identification is GNU 11.4.0
[1.298s] -- Detecting C compiler ABI info
[1.453s] -- Detecting C compiler ABI info - done
[1.460s] -- Check for working C compiler: /usr/bin/cc - skipped
[1.461s] -- Detecting C compile features
[1.462s] -- Detecting C compile features - done
[1.468s] -- Detecting CXX compiler ABI info
[1.624s] -- Detecting CXX compiler ABI info - done
[1.636s] -- Check for working CXX compiler: /usr/bin/c++ - skipped
[1.636s] -- Detecting CXX compile features
[1.637s] -- Detecting CXX compile features - done
[1.673s] -- Found ament_cmake: 1.3.9 (/opt/ros/humble/share/ament_cmake/cmake)
[2.374s] -- Found Python3: /usr/bin/python3 (found version "3.10.12") found components: Interpreter 
[2.660s] -- Found rclcpp: 16.0.9 (/opt/ros/humble/share/rclcpp/cmake)
[2.880s] -- Found rosidl_generator_c: 3.1.5 (/opt/ros/humble/share/rosidl_generator_c/cmake)
[2.899s] -- Found rosidl_adapter: 3.1.5 (/opt/ros/humble/share/rosidl_adapter/cmake)
[2.926s] -- Found rosidl_generator_cpp: 3.1.5 (/opt/ros/humble/share/rosidl_generator_cpp/cmake)
[2.965s] -- Using all available rosidl_typesupport_c: rosidl_typesupport_fastrtps_c;rosidl_typesupport_introspection_c
[3.016s] -- Using all available rosidl_typesupport_cpp: rosidl_typesupport_fastrtps_cpp;rosidl_typesupport_introspection_cpp
[3.180s] -- Found rmw_implementation_cmake: 6.1.2 (/opt/ros/humble/share/rmw_implementation_cmake/cmake)
[3.190s] -- Found rmw_fastrtps_cpp: 6.2.6 (/opt/ros/humble/share/rmw_fastrtps_cpp/cmake)
[3.412s] -- Found OpenSSL: /usr/lib/aarch64-linux-gnu/libcrypto.so (found version "3.0.2")  
[3.456s] -- Found FastRTPS: /opt/ros/humble/include  
[3.530s] -- Using RMW implementation 'rmw_fastrtps_cpp' as default
[3.562s] -- Looking for pthread.h
[3.661s] -- Looking for pthread.h - found
[3.662s] -- Performing Test CMAKE_HAVE_LIBC_PTHREAD
[3.761s] -- Performing Test CMAKE_HAVE_LIBC_PTHREAD - Success
[3.764s] -- Found Threads: TRUE  
[4.132s] -- Found geometry_msgs: 4.2.4 (/opt/ros/humble/share/geometry_msgs/cmake)
[4.207s] -- Found std_srvs: 4.2.4 (/opt/ros/humble/share/std_srvs/cmake)
[4.245s] -- Found rclcpp_action: 16.0.9 (/opt/ros/humble/share/rclcpp_action/cmake)
[4.453s] -- Found ros_robot_controller_msgs: 0.0.0 (/home/ubuntu/ros2_wsorincp/install/ros_robot_controller_msgs/share/ros_robot_controller_msgs/cmake)
[4.520s] -- Found ament_lint_auto: 0.12.11 (/opt/ros/humble/share/ament_lint_auto/cmake)
[4.673s] -- Added test 'cppcheck' to perform static code analysis on C / C++ code
[4.673s] -- Configured cppcheck include dirs: 
[4.673s] -- Configured cppcheck exclude dirs and/or files: 
[4.673s] -- Added test 'flake8' to check Python code syntax and style conventions
[4.674s] -- Added test 'lint_cmake' to check CMake code style
[4.675s] -- Added test 'pep257' to check Python code against some of the docstring style conventions in PEP 257
[4.677s] -- Added test 'uncrustify' to check C / C++ code style
[4.677s] -- Configured uncrustify additional arguments: 
[4.678s] -- Added test 'xmllint' to check XML markup files
[4.683s] -- Configuring done
[4.728s] -- Generating done
[4.736s] -- Build files have been written to: /home/ubuntu/ros2_wsorincp/build/smart_car_core_demo
[4.760s] Invoked command in '/home/ubuntu/ros2_wsorincp/build/smart_car_core_demo' returned '0': CMAKE_PREFIX_PATH=${CMAKE_PREFIX_PATH}:/opt/ros/humble:/home/ubuntu/ros2_wsorincp/install/ros_robot_controller /usr/bin/cmake /home/ubuntu/ros2_wsorincp/ros2_core_examples/smart_car_core_demo -DCMAKE_INSTALL_PREFIX=/home/ubuntu/ros2_wsorincp/install/smart_car_core_demo
[4.767s] Invoking command in '/home/ubuntu/ros2_wsorincp/build/smart_car_core_demo': CMAKE_PREFIX_PATH=${CMAKE_PREFIX_PATH}:/opt/ros/humble:/home/ubuntu/ros2_wsorincp/install/ros_robot_controller /usr/bin/cmake --build /home/ubuntu/ros2_wsorincp/build/smart_car_core_demo -- -j4 -l4
[4.826s] [35m[1mConsolidate compiler generated dependencies of target speed_publisher[0m
[4.827s] [35m[1mConsolidate compiler generated dependencies of target speed_subscriber[0m
[4.849s] [ 50%] Built target speed_publisher
[4.858s] [ 75%] [32mBuilding CXX object CMakeFiles/speed_subscriber.dir/src/smart_car_core_demo/speed_subscriber.cpp.o[0m
[8.364s] [01m[K/home/ubuntu/ros2_wsorincp/ros2_core_examples/smart_car_core_demo/src/smart_car_core_demo/speed_subscriber.cpp:[m[K In lambda function:
[8.364s] [01m[K/home/ubuntu/ros2_wsorincp/ros2_core_examples/smart_car_core_demo/src/smart_car_core_demo/speed_subscriber.cpp:204:32:[m[K [01;35m[Kwarning: [m[Kunused parameter ‘[01m[Ksig[m[K’ [[01;35m[K]8;;https://gcc.gnu.org/onlinedocs/gcc/Warning-Options.html#index-Wunused-parameter-Wunused-parameter]8;;[m[K]
[8.364s]   204 |     std::signal(SIGINT, []([01;35m[Kint sig[m[K) {
[8.364s]       |                            [01;35m[K~~~~^~~[m[K
[8.919s] gmake[2]: *** [CMakeFiles/speed_subscriber.dir/build.make:76: CMakeFiles/speed_subscriber.dir/src/smart_car_core_demo/speed_subscriber.cpp.o] Interrupt
[8.919s] gmake[1]: *** [CMakeFiles/Makefile2:165: CMakeFiles/speed_subscriber.dir/all] Interrupt
[8.919s] gmake: *** [Makefile:146: all] Interrupt
[8.926s] Invoked command in '/home/ubuntu/ros2_wsorincp/build/smart_car_core_demo' returned '-2': CMAKE_PREFIX_PATH=${CMAKE_PREFIX_PATH}:/opt/ros/humble:/home/ubuntu/ros2_wsorincp/install/ros_robot_controller /usr/bin/cmake --build /home/ubuntu/ros2_wsorincp/build/smart_car_core_demo -- -j4 -l4
