[0.235s] [34mcolcon[0m [1;30mDEBUG[0m [32mCommand line arguments: ['/usr/bin/colcon', 'build', '--packages-select', 'ros_robot_controller_msgs'][0m
[0.235s] [34mcolcon[0m [1;30mDEBUG[0m [32mParsed command line arguments: Namespace(log_base=None, log_level=None, verb_name='build', build_base='build', install_base='install', merge_install=False, symlink_install=False, test_result_base=None, continue_on_error=False, executor='parallel', parallel_workers=4, event_handlers=None, ignore_user_meta=False, metas=['./colcon.meta'], base_paths=['.'], packages_ignore=None, packages_ignore_regex=None, paths=None, packages_up_to=None, packages_up_to_regex=None, packages_above=None, packages_above_and_dependencies=None, packages_above_depth=None, packages_select_by_dep=None, packages_skip_by_dep=None, packages_skip_up_to=None, packages_select_build_failed=False, packages_skip_build_finished=False, packages_select_test_failures=False, packages_skip_test_passed=False, packages_select=['ros_robot_controller_msgs'], packages_skip=None, packages_select_regex=None, packages_skip_regex=None, packages_start=None, packages_end=None, cmake_args=None, cmake_target=None, cmake_target_skip_unavailable=False, cmake_clean_cache=False, cmake_clean_first=False, cmake_force_configure=False, ament_cmake_args=None, catkin_cmake_args=None, catkin_skip_building_tests=False, mixin_files=None, mixin=None, verb_parser=<colcon_mixin.mixin.mixin_argument.MixinArgumentDecorator object at 0x7ffee1a74370>, verb_extension=<colcon_core.verb.build.BuildVerb object at 0x7ffee1a43dc0>, main=<bound method BuildVerb.main of <colcon_core.verb.build.BuildVerb object at 0x7ffee1a43dc0>>, mixin_verb=('build',))[0m
[0.285s] [34mcolcon.colcon_core.package_discovery[0m [1;30mLevel 1[0m discover_packages(colcon_meta) check parameters
[0.285s] [34mcolcon.colcon_core.package_discovery[0m [1;30mLevel 1[0m discover_packages(recursive) check parameters
[0.285s] [34mcolcon.colcon_core.package_discovery[0m [1;30mLevel 1[0m discover_packages(ignore) check parameters
[0.286s] [34mcolcon.colcon_core.package_discovery[0m [1;30mLevel 1[0m discover_packages(path) check parameters
[0.286s] [34mcolcon.colcon_core.package_discovery[0m [1;30mLevel 1[0m discover_packages(colcon_meta) discover
[0.286s] [34mcolcon.colcon_core.package_discovery[0m [1;30mLevel 1[0m discover_packages(recursive) discover
[0.286s] [34mcolcon.colcon_core.package_discovery[0m [1;30mINFO[0m Crawling recursively for packages in '/home/ubuntu/ros2_wsorincp'
[0.286s] [34mcolcon.colcon_core.package_identification[0m [1;30mLevel 1[0m _identify(.) by extensions ['ignore', 'ignore_ament_install']
[0.286s] [34mcolcon.colcon_core.package_identification[0m [1;30mLevel 1[0m _identify(.) by extension 'ignore'
[0.286s] [34mcolcon.colcon_core.package_identification[0m [1;30mLevel 1[0m _identify(.) by extension 'ignore_ament_install'
[0.286s] [34mcolcon.colcon_core.package_identification[0m [1;30mLevel 1[0m _identify(.) by extensions ['colcon_pkg']
[0.286s] [34mcolcon.colcon_core.package_identification[0m [1;30mLevel 1[0m _identify(.) by extension 'colcon_pkg'
[0.286s] [34mcolcon.colcon_core.package_identification[0m [1;30mLevel 1[0m _identify(.) by extensions ['colcon_meta']
[0.286s] [34mcolcon.colcon_core.package_identification[0m [1;30mLevel 1[0m _identify(.) by extension 'colcon_meta'
[0.286s] [34mcolcon.colcon_core.package_identification[0m [1;30mLevel 1[0m _identify(.) by extensions ['ros']
[0.286s] [34mcolcon.colcon_core.package_identification[0m [1;30mLevel 1[0m _identify(.) by extension 'ros'
[0.305s] [34mcolcon.colcon_core.package_identification[0m [1;30mLevel 1[0m _identify(.) by extensions ['cmake', 'python']
[0.305s] [34mcolcon.colcon_core.package_identification[0m [1;30mLevel 1[0m _identify(.) by extension 'cmake'
[0.305s] [34mcolcon.colcon_core.package_identification[0m [1;30mLevel 1[0m _identify(.) by extension 'python'
[0.305s] [34mcolcon.colcon_core.package_identification[0m [1;30mLevel 1[0m _identify(.) by extensions ['python_setup_py']
[0.305s] [34mcolcon.colcon_core.package_identification[0m [1;30mLevel 1[0m _identify(.) by extension 'python_setup_py'
[0.305s] [34mcolcon.colcon_core.package_identification[0m [1;30mLevel 1[0m _identify(build) by extensions ['ignore', 'ignore_ament_install']
[0.305s] [34mcolcon.colcon_core.package_identification[0m [1;30mLevel 1[0m _identify(build) by extension 'ignore'
[0.306s] [34mcolcon.colcon_core.package_identification[0m [1;30mLevel 1[0m _identify(build) ignored
[0.306s] [34mcolcon.colcon_core.package_identification[0m [1;30mLevel 1[0m _identify(install) by extensions ['ignore', 'ignore_ament_install']
[0.306s] [34mcolcon.colcon_core.package_identification[0m [1;30mLevel 1[0m _identify(install) by extension 'ignore'
[0.306s] [34mcolcon.colcon_core.package_identification[0m [1;30mLevel 1[0m _identify(install) ignored
[0.306s] [34mcolcon.colcon_core.package_identification[0m [1;30mLevel 1[0m _identify(jianpankongzhiws) by extensions ['ignore', 'ignore_ament_install']
[0.306s] [34mcolcon.colcon_core.package_identification[0m [1;30mLevel 1[0m _identify(jianpankongzhiws) by extension 'ignore'
[0.306s] [34mcolcon.colcon_core.package_identification[0m [1;30mLevel 1[0m _identify(jianpankongzhiws) by extension 'ignore_ament_install'
[0.306s] [34mcolcon.colcon_core.package_identification[0m [1;30mLevel 1[0m _identify(jianpankongzhiws) by extensions ['colcon_pkg']
[0.306s] [34mcolcon.colcon_core.package_identification[0m [1;30mLevel 1[0m _identify(jianpankongzhiws) by extension 'colcon_pkg'
[0.306s] [34mcolcon.colcon_core.package_identification[0m [1;30mLevel 1[0m _identify(jianpankongzhiws) by extensions ['colcon_meta']
[0.306s] [34mcolcon.colcon_core.package_identification[0m [1;30mLevel 1[0m _identify(jianpankongzhiws) by extension 'colcon_meta'
[0.306s] [34mcolcon.colcon_core.package_identification[0m [1;30mLevel 1[0m _identify(jianpankongzhiws) by extensions ['ros']
[0.306s] [34mcolcon.colcon_core.package_identification[0m [1;30mLevel 1[0m _identify(jianpankongzhiws) by extension 'ros'
[0.306s] [34mcolcon.colcon_core.package_identification[0m [1;30mLevel 1[0m _identify(jianpankongzhiws) by extensions ['cmake', 'python']
[0.306s] [34mcolcon.colcon_core.package_identification[0m [1;30mLevel 1[0m _identify(jianpankongzhiws) by extension 'cmake'
[0.306s] [34mcolcon.colcon_core.package_identification[0m [1;30mLevel 1[0m _identify(jianpankongzhiws) by extension 'python'
[0.307s] [34mcolcon.colcon_core.package_identification[0m [1;30mLevel 1[0m _identify(jianpankongzhiws) by extensions ['python_setup_py']
[0.307s] [34mcolcon.colcon_core.package_identification[0m [1;30mLevel 1[0m _identify(jianpankongzhiws) by extension 'python_setup_py'
[0.307s] [34mcolcon.colcon_core.package_identification[0m [1;30mLevel 1[0m _identify(jianpankongzhiws/build) by extensions ['ignore', 'ignore_ament_install']
[0.307s] [34mcolcon.colcon_core.package_identification[0m [1;30mLevel 1[0m _identify(jianpankongzhiws/build) by extension 'ignore'
[0.307s] [34mcolcon.colcon_core.package_identification[0m [1;30mLevel 1[0m _identify(jianpankongzhiws/build) ignored
[0.307s] [34mcolcon.colcon_core.package_identification[0m [1;30mLevel 1[0m _identify(jianpankongzhiws/install) by extensions ['ignore', 'ignore_ament_install']
[0.307s] [34mcolcon.colcon_core.package_identification[0m [1;30mLevel 1[0m _identify(jianpankongzhiws/install) by extension 'ignore'
[0.307s] [34mcolcon.colcon_core.package_identification[0m [1;30mLevel 1[0m _identify(jianpankongzhiws/install) ignored
[0.307s] [34mcolcon.colcon_core.package_identification[0m [1;30mLevel 1[0m _identify(jianpankongzhiws/log) by extensions ['ignore', 'ignore_ament_install']
[0.307s] [34mcolcon.colcon_core.package_identification[0m [1;30mLevel 1[0m _identify(jianpankongzhiws/log) by extension 'ignore'
[0.307s] [34mcolcon.colcon_core.package_identification[0m [1;30mLevel 1[0m _identify(jianpankongzhiws/log) ignored
[0.307s] [34mcolcon.colcon_core.package_identification[0m [1;30mLevel 1[0m _identify(jianpankongzhiws/src) by extensions ['ignore', 'ignore_ament_install']
[0.307s] [34mcolcon.colcon_core.package_identification[0m [1;30mLevel 1[0m _identify(jianpankongzhiws/src) by extension 'ignore'
[0.307s] [34mcolcon.colcon_core.package_identification[0m [1;30mLevel 1[0m _identify(jianpankongzhiws/src) by extension 'ignore_ament_install'
[0.307s] [34mcolcon.colcon_core.package_identification[0m [1;30mLevel 1[0m _identify(jianpankongzhiws/src) by extensions ['colcon_pkg']
[0.307s] [34mcolcon.colcon_core.package_identification[0m [1;30mLevel 1[0m _identify(jianpankongzhiws/src) by extension 'colcon_pkg'
[0.308s] [34mcolcon.colcon_core.package_identification[0m [1;30mLevel 1[0m _identify(jianpankongzhiws/src) by extensions ['colcon_meta']
[0.308s] [34mcolcon.colcon_core.package_identification[0m [1;30mLevel 1[0m _identify(jianpankongzhiws/src) by extension 'colcon_meta'
[0.308s] [34mcolcon.colcon_core.package_identification[0m [1;30mLevel 1[0m _identify(jianpankongzhiws/src) by extensions ['ros']
[0.308s] [34mcolcon.colcon_core.package_identification[0m [1;30mLevel 1[0m _identify(jianpankongzhiws/src) by extension 'ros'
[0.308s] [34mcolcon.colcon_core.package_identification[0m [1;30mLevel 1[0m _identify(jianpankongzhiws/src) by extensions ['cmake', 'python']
[0.308s] [34mcolcon.colcon_core.package_identification[0m [1;30mLevel 1[0m _identify(jianpankongzhiws/src) by extension 'cmake'
[0.308s] [34mcolcon.colcon_core.package_identification[0m [1;30mLevel 1[0m _identify(jianpankongzhiws/src) by extension 'python'
[0.308s] [34mcolcon.colcon_core.package_identification[0m [1;30mLevel 1[0m _identify(jianpankongzhiws/src) by extensions ['python_setup_py']
[0.308s] [34mcolcon.colcon_core.package_identification[0m [1;30mLevel 1[0m _identify(jianpankongzhiws/src) by extension 'python_setup_py'
[0.308s] [34mcolcon.colcon_core.package_identification[0m [1;30mLevel 1[0m _identify(jianpankongzhiws/src/demo_cpp_pkg) by extensions ['ignore', 'ignore_ament_install']
[0.308s] [34mcolcon.colcon_core.package_identification[0m [1;30mLevel 1[0m _identify(jianpankongzhiws/src/demo_cpp_pkg) by extension 'ignore'
[0.308s] [34mcolcon.colcon_core.package_identification[0m [1;30mLevel 1[0m _identify(jianpankongzhiws/src/demo_cpp_pkg) by extension 'ignore_ament_install'
[0.308s] [34mcolcon.colcon_core.package_identification[0m [1;30mLevel 1[0m _identify(jianpankongzhiws/src/demo_cpp_pkg) by extensions ['colcon_pkg']
[0.308s] [34mcolcon.colcon_core.package_identification[0m [1;30mLevel 1[0m _identify(jianpankongzhiws/src/demo_cpp_pkg) by extension 'colcon_pkg'
[0.308s] [34mcolcon.colcon_core.package_identification[0m [1;30mLevel 1[0m _identify(jianpankongzhiws/src/demo_cpp_pkg) by extensions ['colcon_meta']
[0.308s] [34mcolcon.colcon_core.package_identification[0m [1;30mLevel 1[0m _identify(jianpankongzhiws/src/demo_cpp_pkg) by extension 'colcon_meta'
[0.309s] [34mcolcon.colcon_core.package_identification[0m [1;30mLevel 1[0m _identify(jianpankongzhiws/src/demo_cpp_pkg) by extensions ['ros']
[0.309s] [34mcolcon.colcon_core.package_identification[0m [1;30mLevel 1[0m _identify(jianpankongzhiws/src/demo_cpp_pkg) by extension 'ros'
[0.312s] [34mcolcon.colcon_core.package_identification[0m [1;30mDEBUG[0m [32mPackage 'jianpankongzhiws/src/demo_cpp_pkg' with type 'ros.ament_cmake' and name 'demo_cpp_pkg'[0m
[0.312s] [34mcolcon.colcon_core.package_identification[0m [1;30mLevel 1[0m _identify(log) by extensions ['ignore', 'ignore_ament_install']
[0.312s] [34mcolcon.colcon_core.package_identification[0m [1;30mLevel 1[0m _identify(log) by extension 'ignore'
[0.312s] [34mcolcon.colcon_core.package_identification[0m [1;30mLevel 1[0m _identify(log) ignored
[0.312s] [34mcolcon.colcon_core.package_identification[0m [1;30mLevel 1[0m _identify(ros2_core_examples) by extensions ['ignore', 'ignore_ament_install']
[0.312s] [34mcolcon.colcon_core.package_identification[0m [1;30mLevel 1[0m _identify(ros2_core_examples) by extension 'ignore'
[0.312s] [34mcolcon.colcon_core.package_identification[0m [1;30mLevel 1[0m _identify(ros2_core_examples) by extension 'ignore_ament_install'
[0.312s] [34mcolcon.colcon_core.package_identification[0m [1;30mLevel 1[0m _identify(ros2_core_examples) by extensions ['colcon_pkg']
[0.312s] [34mcolcon.colcon_core.package_identification[0m [1;30mLevel 1[0m _identify(ros2_core_examples) by extension 'colcon_pkg'
[0.312s] [34mcolcon.colcon_core.package_identification[0m [1;30mLevel 1[0m _identify(ros2_core_examples) by extensions ['colcon_meta']
[0.313s] [34mcolcon.colcon_core.package_identification[0m [1;30mLevel 1[0m _identify(ros2_core_examples) by extension 'colcon_meta'
[0.313s] [34mcolcon.colcon_core.package_identification[0m [1;30mLevel 1[0m _identify(ros2_core_examples) by extensions ['ros']
[0.313s] [34mcolcon.colcon_core.package_identification[0m [1;30mLevel 1[0m _identify(ros2_core_examples) by extension 'ros'
[0.313s] [34mcolcon.colcon_core.package_identification[0m [1;30mLevel 1[0m _identify(ros2_core_examples) by extensions ['cmake', 'python']
[0.313s] [34mcolcon.colcon_core.package_identification[0m [1;30mLevel 1[0m _identify(ros2_core_examples) by extension 'cmake'
[0.313s] [34mcolcon.colcon_core.package_identification[0m [1;30mLevel 1[0m _identify(ros2_core_examples) by extension 'python'
[0.313s] [34mcolcon.colcon_core.package_identification[0m [1;30mLevel 1[0m _identify(ros2_core_examples) by extensions ['python_setup_py']
[0.313s] [34mcolcon.colcon_core.package_identification[0m [1;30mLevel 1[0m _identify(ros2_core_examples) by extension 'python_setup_py'
[0.313s] [34mcolcon.colcon_core.package_identification[0m [1;30mLevel 1[0m _identify(ros2_core_examples/build) by extensions ['ignore', 'ignore_ament_install']
[0.313s] [34mcolcon.colcon_core.package_identification[0m [1;30mLevel 1[0m _identify(ros2_core_examples/build) by extension 'ignore'
[0.313s] [34mcolcon.colcon_core.package_identification[0m [1;30mLevel 1[0m _identify(ros2_core_examples/build) ignored
[0.313s] [34mcolcon.colcon_core.package_identification[0m [1;30mLevel 1[0m _identify(ros2_core_examples/docs) by extensions ['ignore', 'ignore_ament_install']
[0.313s] [34mcolcon.colcon_core.package_identification[0m [1;30mLevel 1[0m _identify(ros2_core_examples/docs) by extension 'ignore'
[0.313s] [34mcolcon.colcon_core.package_identification[0m [1;30mLevel 1[0m _identify(ros2_core_examples/docs) by extension 'ignore_ament_install'
[0.313s] [34mcolcon.colcon_core.package_identification[0m [1;30mLevel 1[0m _identify(ros2_core_examples/docs) by extensions ['colcon_pkg']
[0.313s] [34mcolcon.colcon_core.package_identification[0m [1;30mLevel 1[0m _identify(ros2_core_examples/docs) by extension 'colcon_pkg'
[0.313s] [34mcolcon.colcon_core.package_identification[0m [1;30mLevel 1[0m _identify(ros2_core_examples/docs) by extensions ['colcon_meta']
[0.313s] [34mcolcon.colcon_core.package_identification[0m [1;30mLevel 1[0m _identify(ros2_core_examples/docs) by extension 'colcon_meta'
[0.314s] [34mcolcon.colcon_core.package_identification[0m [1;30mLevel 1[0m _identify(ros2_core_examples/docs) by extensions ['ros']
[0.314s] [34mcolcon.colcon_core.package_identification[0m [1;30mLevel 1[0m _identify(ros2_core_examples/docs) by extension 'ros'
[0.314s] [34mcolcon.colcon_core.package_identification[0m [1;30mLevel 1[0m _identify(ros2_core_examples/docs) by extensions ['cmake', 'python']
[0.314s] [34mcolcon.colcon_core.package_identification[0m [1;30mLevel 1[0m _identify(ros2_core_examples/docs) by extension 'cmake'
[0.314s] [34mcolcon.colcon_core.package_identification[0m [1;30mLevel 1[0m _identify(ros2_core_examples/docs) by extension 'python'
[0.314s] [34mcolcon.colcon_core.package_identification[0m [1;30mLevel 1[0m _identify(ros2_core_examples/docs) by extensions ['python_setup_py']
[0.314s] [34mcolcon.colcon_core.package_identification[0m [1;30mLevel 1[0m _identify(ros2_core_examples/docs) by extension 'python_setup_py'
[0.314s] [34mcolcon.colcon_core.package_identification[0m [1;30mLevel 1[0m _identify(ros2_core_examples/install) by extensions ['ignore', 'ignore_ament_install']
[0.314s] [34mcolcon.colcon_core.package_identification[0m [1;30mLevel 1[0m _identify(ros2_core_examples/install) by extension 'ignore'
[0.314s] [34mcolcon.colcon_core.package_identification[0m [1;30mLevel 1[0m _identify(ros2_core_examples/install) ignored
[0.314s] [34mcolcon.colcon_core.package_identification[0m [1;30mLevel 1[0m _identify(ros2_core_examples/log) by extensions ['ignore', 'ignore_ament_install']
[0.314s] [34mcolcon.colcon_core.package_identification[0m [1;30mLevel 1[0m _identify(ros2_core_examples/log) by extension 'ignore'
[0.314s] [34mcolcon.colcon_core.package_identification[0m [1;30mLevel 1[0m _identify(ros2_core_examples/log) ignored
[0.315s] [34mcolcon.colcon_core.package_identification[0m [1;30mLevel 1[0m _identify(ros2_core_examples/smart_car_core_demo) by extensions ['ignore', 'ignore_ament_install']
[0.315s] [34mcolcon.colcon_core.package_identification[0m [1;30mLevel 1[0m _identify(ros2_core_examples/smart_car_core_demo) by extension 'ignore'
[0.315s] [34mcolcon.colcon_core.package_identification[0m [1;30mLevel 1[0m _identify(ros2_core_examples/smart_car_core_demo) by extension 'ignore_ament_install'
[0.315s] [34mcolcon.colcon_core.package_identification[0m [1;30mLevel 1[0m _identify(ros2_core_examples/smart_car_core_demo) by extensions ['colcon_pkg']
[0.315s] [34mcolcon.colcon_core.package_identification[0m [1;30mLevel 1[0m _identify(ros2_core_examples/smart_car_core_demo) by extension 'colcon_pkg'
[0.315s] [34mcolcon.colcon_core.package_identification[0m [1;30mLevel 1[0m _identify(ros2_core_examples/smart_car_core_demo) by extensions ['colcon_meta']
[0.315s] [34mcolcon.colcon_core.package_identification[0m [1;30mLevel 1[0m _identify(ros2_core_examples/smart_car_core_demo) by extension 'colcon_meta'
[0.315s] [34mcolcon.colcon_core.package_identification[0m [1;30mLevel 1[0m _identify(ros2_core_examples/smart_car_core_demo) by extensions ['ros']
[0.315s] [34mcolcon.colcon_core.package_identification[0m [1;30mLevel 1[0m _identify(ros2_core_examples/smart_car_core_demo) by extension 'ros'
[0.316s] [34mcolcon.colcon_core.package_identification[0m [1;30mDEBUG[0m [32mPackage 'ros2_core_examples/smart_car_core_demo' with type 'ros.ament_cmake' and name 'smart_car_core_demo'[0m
[0.316s] [34mcolcon.colcon_core.package_identification[0m [1;30mLevel 1[0m _identify(src) by extensions ['ignore', 'ignore_ament_install']
[0.316s] [34mcolcon.colcon_core.package_identification[0m [1;30mLevel 1[0m _identify(src) by extension 'ignore'
[0.316s] [34mcolcon.colcon_core.package_identification[0m [1;30mLevel 1[0m _identify(src) by extension 'ignore_ament_install'
[0.316s] [34mcolcon.colcon_core.package_identification[0m [1;30mLevel 1[0m _identify(src) by extensions ['colcon_pkg']
[0.316s] [34mcolcon.colcon_core.package_identification[0m [1;30mLevel 1[0m _identify(src) by extension 'colcon_pkg'
[0.316s] [34mcolcon.colcon_core.package_identification[0m [1;30mLevel 1[0m _identify(src) by extensions ['colcon_meta']
[0.317s] [34mcolcon.colcon_core.package_identification[0m [1;30mLevel 1[0m _identify(src) by extension 'colcon_meta'
[0.317s] [34mcolcon.colcon_core.package_identification[0m [1;30mLevel 1[0m _identify(src) by extensions ['ros']
[0.317s] [34mcolcon.colcon_core.package_identification[0m [1;30mLevel 1[0m _identify(src) by extension 'ros'
[0.317s] [34mcolcon.colcon_core.package_identification[0m [1;30mLevel 1[0m _identify(src) by extensions ['cmake', 'python']
[0.317s] [34mcolcon.colcon_core.package_identification[0m [1;30mLevel 1[0m _identify(src) by extension 'cmake'
[0.317s] [34mcolcon.colcon_core.package_identification[0m [1;30mLevel 1[0m _identify(src) by extension 'python'
[0.317s] [34mcolcon.colcon_core.package_identification[0m [1;30mLevel 1[0m _identify(src) by extensions ['python_setup_py']
[0.317s] [34mcolcon.colcon_core.package_identification[0m [1;30mLevel 1[0m _identify(src) by extension 'python_setup_py'
[0.317s] [34mcolcon.colcon_core.package_identification[0m [1;30mLevel 1[0m _identify(src/ros_robot_controller_msgs) by extensions ['ignore', 'ignore_ament_install']
[0.317s] [34mcolcon.colcon_core.package_identification[0m [1;30mLevel 1[0m _identify(src/ros_robot_controller_msgs) by extension 'ignore'
[0.317s] [34mcolcon.colcon_core.package_identification[0m [1;30mLevel 1[0m _identify(src/ros_robot_controller_msgs) by extension 'ignore_ament_install'
[0.317s] [34mcolcon.colcon_core.package_identification[0m [1;30mLevel 1[0m _identify(src/ros_robot_controller_msgs) by extensions ['colcon_pkg']
[0.317s] [34mcolcon.colcon_core.package_identification[0m [1;30mLevel 1[0m _identify(src/ros_robot_controller_msgs) by extension 'colcon_pkg'
[0.317s] [34mcolcon.colcon_core.package_identification[0m [1;30mLevel 1[0m _identify(src/ros_robot_controller_msgs) by extensions ['colcon_meta']
[0.317s] [34mcolcon.colcon_core.package_identification[0m [1;30mLevel 1[0m _identify(src/ros_robot_controller_msgs) by extension 'colcon_meta'
[0.317s] [34mcolcon.colcon_core.package_identification[0m [1;30mLevel 1[0m _identify(src/ros_robot_controller_msgs) by extensions ['ros']
[0.317s] [34mcolcon.colcon_core.package_identification[0m [1;30mLevel 1[0m _identify(src/ros_robot_controller_msgs) by extension 'ros'
[0.318s] [34mcolcon.colcon_core.package_identification[0m [1;30mDEBUG[0m [32mPackage 'src/ros_robot_controller_msgs' with type 'ros.ament_cmake' and name 'ros_robot_controller_msgs'[0m
[0.318s] [34mcolcon.colcon_core.package_discovery[0m [1;30mLevel 1[0m discover_packages(recursive) using defaults
[0.318s] [34mcolcon.colcon_core.package_discovery[0m [1;30mLevel 1[0m discover_packages(ignore) discover
[0.318s] [34mcolcon.colcon_core.package_discovery[0m [1;30mLevel 1[0m discover_packages(ignore) using defaults
[0.318s] [34mcolcon.colcon_core.package_discovery[0m [1;30mLevel 1[0m discover_packages(path) discover
[0.318s] [34mcolcon.colcon_core.package_discovery[0m [1;30mLevel 1[0m discover_packages(path) using defaults
[0.360s] [34mcolcon.colcon_core.package_selection[0m [1;30mINFO[0m Skipping not selected package 'demo_cpp_pkg' in 'jianpankongzhiws/src/demo_cpp_pkg'
[0.360s] [34mcolcon.colcon_core.package_selection[0m [1;30mINFO[0m Skipping not selected package 'smart_car_core_demo' in 'ros2_core_examples/smart_car_core_demo'
[0.361s] [34mcolcon.colcon_core.verb[0m [1;30mLevel 5[0m set package 'ros_robot_controller_msgs' build argument 'cmake_args' from command line to 'None'
[0.361s] [34mcolcon.colcon_core.verb[0m [1;30mLevel 5[0m set package 'ros_robot_controller_msgs' build argument 'cmake_target' from command line to 'None'
[0.361s] [34mcolcon.colcon_core.verb[0m [1;30mLevel 5[0m set package 'ros_robot_controller_msgs' build argument 'cmake_target_skip_unavailable' from command line to 'False'
[0.361s] [34mcolcon.colcon_core.verb[0m [1;30mLevel 5[0m set package 'ros_robot_controller_msgs' build argument 'cmake_clean_cache' from command line to 'False'
[0.361s] [34mcolcon.colcon_core.verb[0m [1;30mLevel 5[0m set package 'ros_robot_controller_msgs' build argument 'cmake_clean_first' from command line to 'False'
[0.361s] [34mcolcon.colcon_core.verb[0m [1;30mLevel 5[0m set package 'ros_robot_controller_msgs' build argument 'cmake_force_configure' from command line to 'False'
[0.361s] [34mcolcon.colcon_core.verb[0m [1;30mLevel 5[0m set package 'ros_robot_controller_msgs' build argument 'ament_cmake_args' from command line to 'None'
[0.361s] [34mcolcon.colcon_core.verb[0m [1;30mLevel 5[0m set package 'ros_robot_controller_msgs' build argument 'catkin_cmake_args' from command line to 'None'
[0.361s] [34mcolcon.colcon_core.verb[0m [1;30mLevel 5[0m set package 'ros_robot_controller_msgs' build argument 'catkin_skip_building_tests' from command line to 'False'
[0.361s] [34mcolcon.colcon_core.verb[0m [1;30mDEBUG[0m [32mBuilding package 'ros_robot_controller_msgs' with the following arguments: {'ament_cmake_args': None, 'build_base': '/home/ubuntu/ros2_wsorincp/build/ros_robot_controller_msgs', 'catkin_cmake_args': None, 'catkin_skip_building_tests': False, 'cmake_args': None, 'cmake_clean_cache': False, 'cmake_clean_first': False, 'cmake_force_configure': False, 'cmake_target': None, 'cmake_target_skip_unavailable': False, 'install_base': '/home/ubuntu/ros2_wsorincp/install/ros_robot_controller_msgs', 'merge_install': False, 'path': '/home/ubuntu/ros2_wsorincp/src/ros_robot_controller_msgs', 'symlink_install': False, 'test_result_base': None}[0m
[0.361s] [34mcolcon.colcon_core.executor[0m [1;30mINFO[0m Executing jobs using 'parallel' executor
[0.362s] [34mcolcon.colcon_parallel_executor.executor.parallel[0m [1;30mDEBUG[0m [32mrun_until_complete[0m
[0.363s] [34mcolcon.colcon_ros.task.ament_cmake.build[0m [1;30mINFO[0m Building ROS package in '/home/ubuntu/ros2_wsorincp/src/ros_robot_controller_msgs' with build type 'ament_cmake'
[0.363s] [34mcolcon.colcon_cmake.task.cmake.build[0m [1;30mINFO[0m Building CMake package in '/home/ubuntu/ros2_wsorincp/src/ros_robot_controller_msgs'
[0.368s] [34mcolcon.colcon_core.plugin_system[0m [1;30mINFO[0m Skipping extension 'colcon_core.shell.bat': Not used on non-Windows systems
[0.368s] [34mcolcon.colcon_core.shell[0m [1;30mINFO[0m Skip shell extension 'powershell' for command environment: Not usable outside of PowerShell
[0.368s] [34mcolcon.colcon_core.shell[0m [1;30mDEBUG[0m [32mSkip shell extension 'dsv' for command environment[0m
[0.381s] [34mcolcon.colcon_core.event_handler.log_command[0m [1;30mDEBUG[0m [32mInvoking command in '/home/ubuntu/ros2_wsorincp/build/ros_robot_controller_msgs': CMAKE_PREFIX_PATH=/opt/ros/humble /usr/bin/cmake /home/ubuntu/ros2_wsorincp/src/ros_robot_controller_msgs -DCMAKE_INSTALL_PREFIX=/home/ubuntu/ros2_wsorincp/install/ros_robot_controller_msgs[0m
[3.984s] [34mcolcon.colcon_core.event_handler.log_command[0m [1;30mDEBUG[0m [32mInvoked command in '/home/ubuntu/ros2_wsorincp/build/ros_robot_controller_msgs' returned '0': CMAKE_PREFIX_PATH=/opt/ros/humble /usr/bin/cmake /home/ubuntu/ros2_wsorincp/src/ros_robot_controller_msgs -DCMAKE_INSTALL_PREFIX=/home/ubuntu/ros2_wsorincp/install/ros_robot_controller_msgs[0m
[3.990s] [34mcolcon.colcon_core.event_handler.log_command[0m [1;30mDEBUG[0m [32mInvoking command in '/home/ubuntu/ros2_wsorincp/build/ros_robot_controller_msgs': CMAKE_PREFIX_PATH=/opt/ros/humble /usr/bin/cmake --build /home/ubuntu/ros2_wsorincp/build/ros_robot_controller_msgs -- -j4 -l4[0m
[30.210s] [34mcolcon.colcon_core.event_handler.log_command[0m [1;30mDEBUG[0m [32mInvoked command in '/home/ubuntu/ros2_wsorincp/build/ros_robot_controller_msgs' returned '0': CMAKE_PREFIX_PATH=/opt/ros/humble /usr/bin/cmake --build /home/ubuntu/ros2_wsorincp/build/ros_robot_controller_msgs -- -j4 -l4[0m
[30.575s] [34mcolcon.colcon_core.event_handler.log_command[0m [1;30mDEBUG[0m [32mInvoking command in '/home/ubuntu/ros2_wsorincp/build/ros_robot_controller_msgs': CMAKE_PREFIX_PATH=/opt/ros/humble /usr/bin/cmake --install /home/ubuntu/ros2_wsorincp/build/ros_robot_controller_msgs[0m
[30.787s] [34mcolcon.colcon_core.environment[0m [1;30mLevel 1[0m create_environment_scripts_only(ros_robot_controller_msgs)
[30.788s] [34mcolcon.colcon_core.event_handler.log_command[0m [1;30mDEBUG[0m [32mInvoked command in '/home/ubuntu/ros2_wsorincp/build/ros_robot_controller_msgs' returned '0': CMAKE_PREFIX_PATH=/opt/ros/humble /usr/bin/cmake --install /home/ubuntu/ros2_wsorincp/build/ros_robot_controller_msgs[0m
[30.790s] [34mcolcon.colcon_core.environment[0m [1;30mLevel 1[0m checking '/home/ubuntu/ros2_wsorincp/install/ros_robot_controller_msgs' for CMake module files
[30.791s] [34mcolcon.colcon_core.environment[0m [1;30mLevel 1[0m checking '/home/ubuntu/ros2_wsorincp/install/ros_robot_controller_msgs' for CMake config files
[30.791s] [34mcolcon.colcon_core.shell[0m [1;30mLevel 1[0m create_environment_hook('ros_robot_controller_msgs', 'cmake_prefix_path')
[30.792s] [34mcolcon.colcon_core.shell[0m [1;30mINFO[0m Creating environment hook '/home/ubuntu/ros2_wsorincp/install/ros_robot_controller_msgs/share/ros_robot_controller_msgs/hook/cmake_prefix_path.ps1'
[30.793s] [34mcolcon.colcon_core.shell[0m [1;30mINFO[0m Creating environment descriptor '/home/ubuntu/ros2_wsorincp/install/ros_robot_controller_msgs/share/ros_robot_controller_msgs/hook/cmake_prefix_path.dsv'
[30.793s] [34mcolcon.colcon_core.shell[0m [1;30mINFO[0m Creating environment hook '/home/ubuntu/ros2_wsorincp/install/ros_robot_controller_msgs/share/ros_robot_controller_msgs/hook/cmake_prefix_path.sh'
[30.794s] [34mcolcon.colcon_core.environment[0m [1;30mLevel 1[0m checking '/home/ubuntu/ros2_wsorincp/install/ros_robot_controller_msgs/lib'
[30.794s] [34mcolcon.colcon_core.shell[0m [1;30mLevel 1[0m create_environment_hook('ros_robot_controller_msgs', 'ld_library_path_lib')
[30.795s] [34mcolcon.colcon_core.shell[0m [1;30mINFO[0m Creating environment hook '/home/ubuntu/ros2_wsorincp/install/ros_robot_controller_msgs/share/ros_robot_controller_msgs/hook/ld_library_path_lib.ps1'
[30.795s] [34mcolcon.colcon_core.shell[0m [1;30mINFO[0m Creating environment descriptor '/home/ubuntu/ros2_wsorincp/install/ros_robot_controller_msgs/share/ros_robot_controller_msgs/hook/ld_library_path_lib.dsv'
[30.795s] [34mcolcon.colcon_core.shell[0m [1;30mINFO[0m Creating environment hook '/home/ubuntu/ros2_wsorincp/install/ros_robot_controller_msgs/share/ros_robot_controller_msgs/hook/ld_library_path_lib.sh'
[30.795s] [34mcolcon.colcon_core.environment[0m [1;30mLevel 1[0m checking '/home/ubuntu/ros2_wsorincp/install/ros_robot_controller_msgs/bin'
[30.796s] [34mcolcon.colcon_core.environment[0m [1;30mLevel 1[0m checking '/home/ubuntu/ros2_wsorincp/install/ros_robot_controller_msgs/lib/pkgconfig/ros_robot_controller_msgs.pc'
[30.797s] [34mcolcon.colcon_core.environment[0m [1;30mLevel 1[0m checking '/home/ubuntu/ros2_wsorincp/install/ros_robot_controller_msgs/lib/python3.10/site-packages'
[30.797s] [34mcolcon.colcon_core.environment[0m [1;30mLevel 1[0m checking '/home/ubuntu/ros2_wsorincp/install/ros_robot_controller_msgs/bin'
[30.797s] [34mcolcon.colcon_core.shell[0m [1;30mINFO[0m Creating package script '/home/ubuntu/ros2_wsorincp/install/ros_robot_controller_msgs/share/ros_robot_controller_msgs/package.ps1'
[30.798s] [34mcolcon.colcon_core.shell[0m [1;30mINFO[0m Creating package descriptor '/home/ubuntu/ros2_wsorincp/install/ros_robot_controller_msgs/share/ros_robot_controller_msgs/package.dsv'
[30.799s] [34mcolcon.colcon_core.shell[0m [1;30mINFO[0m Creating package script '/home/ubuntu/ros2_wsorincp/install/ros_robot_controller_msgs/share/ros_robot_controller_msgs/package.sh'
[30.800s] [34mcolcon.colcon_core.shell[0m [1;30mINFO[0m Creating package script '/home/ubuntu/ros2_wsorincp/install/ros_robot_controller_msgs/share/ros_robot_controller_msgs/package.bash'
[30.801s] [34mcolcon.colcon_core.shell[0m [1;30mINFO[0m Creating package script '/home/ubuntu/ros2_wsorincp/install/ros_robot_controller_msgs/share/ros_robot_controller_msgs/package.zsh'
[30.801s] [34mcolcon.colcon_core.environment[0m [1;30mLevel 1[0m create_file_with_runtime_dependencies(/home/ubuntu/ros2_wsorincp/install/ros_robot_controller_msgs/share/colcon-core/packages/ros_robot_controller_msgs)
[31.170s] [34mcolcon.colcon_core.environment[0m [1;30mLevel 1[0m create_environment_scripts_only(ros_robot_controller_msgs)
[31.171s] [34mcolcon.colcon_core.environment[0m [1;30mLevel 1[0m checking '/home/ubuntu/ros2_wsorincp/install/ros_robot_controller_msgs' for CMake module files
[31.172s] [34mcolcon.colcon_core.environment[0m [1;30mLevel 1[0m checking '/home/ubuntu/ros2_wsorincp/install/ros_robot_controller_msgs' for CMake config files
[31.173s] [34mcolcon.colcon_core.shell[0m [1;30mLevel 1[0m create_environment_hook('ros_robot_controller_msgs', 'cmake_prefix_path')
[31.173s] [34mcolcon.colcon_core.shell[0m [1;30mINFO[0m Creating environment hook '/home/ubuntu/ros2_wsorincp/install/ros_robot_controller_msgs/share/ros_robot_controller_msgs/hook/cmake_prefix_path.ps1'
[31.174s] [34mcolcon.colcon_core.shell[0m [1;30mINFO[0m Creating environment descriptor '/home/ubuntu/ros2_wsorincp/install/ros_robot_controller_msgs/share/ros_robot_controller_msgs/hook/cmake_prefix_path.dsv'
[31.175s] [34mcolcon.colcon_core.shell[0m [1;30mINFO[0m Creating environment hook '/home/ubuntu/ros2_wsorincp/install/ros_robot_controller_msgs/share/ros_robot_controller_msgs/hook/cmake_prefix_path.sh'
[31.176s] [34mcolcon.colcon_core.environment[0m [1;30mLevel 1[0m checking '/home/ubuntu/ros2_wsorincp/install/ros_robot_controller_msgs/lib'
[31.176s] [34mcolcon.colcon_core.shell[0m [1;30mLevel 1[0m create_environment_hook('ros_robot_controller_msgs', 'ld_library_path_lib')
[31.177s] [34mcolcon.colcon_core.shell[0m [1;30mINFO[0m Creating environment hook '/home/ubuntu/ros2_wsorincp/install/ros_robot_controller_msgs/share/ros_robot_controller_msgs/hook/ld_library_path_lib.ps1'
[31.177s] [34mcolcon.colcon_core.shell[0m [1;30mINFO[0m Creating environment descriptor '/home/ubuntu/ros2_wsorincp/install/ros_robot_controller_msgs/share/ros_robot_controller_msgs/hook/ld_library_path_lib.dsv'
[31.178s] [34mcolcon.colcon_core.shell[0m [1;30mINFO[0m Creating environment hook '/home/ubuntu/ros2_wsorincp/install/ros_robot_controller_msgs/share/ros_robot_controller_msgs/hook/ld_library_path_lib.sh'
[31.179s] [34mcolcon.colcon_core.environment[0m [1;30mLevel 1[0m checking '/home/ubuntu/ros2_wsorincp/install/ros_robot_controller_msgs/bin'
[31.179s] [34mcolcon.colcon_core.environment[0m [1;30mLevel 1[0m checking '/home/ubuntu/ros2_wsorincp/install/ros_robot_controller_msgs/lib/pkgconfig/ros_robot_controller_msgs.pc'
[31.179s] [34mcolcon.colcon_core.environment[0m [1;30mLevel 1[0m checking '/home/ubuntu/ros2_wsorincp/install/ros_robot_controller_msgs/lib/python3.10/site-packages'
[31.179s] [34mcolcon.colcon_core.environment[0m [1;30mLevel 1[0m checking '/home/ubuntu/ros2_wsorincp/install/ros_robot_controller_msgs/bin'
[31.180s] [34mcolcon.colcon_core.shell[0m [1;30mINFO[0m Creating package script '/home/ubuntu/ros2_wsorincp/install/ros_robot_controller_msgs/share/ros_robot_controller_msgs/package.ps1'
[31.180s] [34mcolcon.colcon_core.shell[0m [1;30mINFO[0m Creating package descriptor '/home/ubuntu/ros2_wsorincp/install/ros_robot_controller_msgs/share/ros_robot_controller_msgs/package.dsv'
[31.181s] [34mcolcon.colcon_core.shell[0m [1;30mINFO[0m Creating package script '/home/ubuntu/ros2_wsorincp/install/ros_robot_controller_msgs/share/ros_robot_controller_msgs/package.sh'
[31.182s] [34mcolcon.colcon_core.shell[0m [1;30mINFO[0m Creating package script '/home/ubuntu/ros2_wsorincp/install/ros_robot_controller_msgs/share/ros_robot_controller_msgs/package.bash'
[31.182s] [34mcolcon.colcon_core.shell[0m [1;30mINFO[0m Creating package script '/home/ubuntu/ros2_wsorincp/install/ros_robot_controller_msgs/share/ros_robot_controller_msgs/package.zsh'
[31.183s] [34mcolcon.colcon_core.environment[0m [1;30mLevel 1[0m create_file_with_runtime_dependencies(/home/ubuntu/ros2_wsorincp/install/ros_robot_controller_msgs/share/colcon-core/packages/ros_robot_controller_msgs)
[31.184s] [34mcolcon.colcon_parallel_executor.executor.parallel[0m [1;30mDEBUG[0m [32mclosing loop[0m
[31.184s] [34mcolcon.colcon_parallel_executor.executor.parallel[0m [1;30mDEBUG[0m [32mloop closed[0m
[31.184s] [34mcolcon.colcon_parallel_executor.executor.parallel[0m [1;30mDEBUG[0m [32mrun_until_complete finished with '0'[0m
[31.184s] [34mcolcon.colcon_core.event_reactor[0m [1;30mDEBUG[0m [32mjoining thread[0m
[31.191s] [34mcolcon.colcon_core.plugin_system[0m [1;30mINFO[0m Skipping extension 'colcon_notification.desktop_notification.notify_send': Could not find 'notify-send'
[31.191s] [34mcolcon.colcon_core.plugin_system[0m [1;30mINFO[0m Skipping extension 'colcon_notification.desktop_notification.terminal_notifier': Not used on non-Darwin systems
[31.191s] [34mcolcon.colcon_core.plugin_system[0m [1;30mINFO[0m Skipping extension 'colcon_notification.desktop_notification.win32': Not used on non-Windows systems
[31.191s] [34mcolcon.colcon_notification.desktop_notification[0m [1;30mINFO[0m Sending desktop notification using 'notify2'
[31.191s] [34mcolcon.colcon_notification.desktop_notification.notify2[0m [1;30mDEBUG[0m [32mFailed to initialize notify2: org.freedesktop.DBus.Error.NotSupported: Unable to autolaunch a dbus-daemon without a $DISPLAY for X11[0m
[31.191s] [34mcolcon.colcon_core.event_reactor[0m [1;30mDEBUG[0m [32mjoined thread[0m
[31.192s] [34mcolcon.colcon_core.shell[0m [1;30mINFO[0m Creating prefix script '/home/ubuntu/ros2_wsorincp/install/local_setup.ps1'
[31.193s] [34mcolcon.colcon_core.shell[0m [1;30mINFO[0m Creating prefix util module '/home/ubuntu/ros2_wsorincp/install/_local_setup_util_ps1.py'
[31.194s] [34mcolcon.colcon_core.shell[0m [1;30mINFO[0m Creating prefix chain script '/home/ubuntu/ros2_wsorincp/install/setup.ps1'
[31.196s] [34mcolcon.colcon_core.shell[0m [1;30mINFO[0m Creating prefix script '/home/ubuntu/ros2_wsorincp/install/local_setup.sh'
[31.196s] [34mcolcon.colcon_core.shell[0m [1;30mINFO[0m Creating prefix util module '/home/ubuntu/ros2_wsorincp/install/_local_setup_util_sh.py'
[31.197s] [34mcolcon.colcon_core.shell[0m [1;30mINFO[0m Creating prefix chain script '/home/ubuntu/ros2_wsorincp/install/setup.sh'
[31.198s] [34mcolcon.colcon_core.shell[0m [1;30mINFO[0m Creating prefix script '/home/ubuntu/ros2_wsorincp/install/local_setup.bash'
[31.199s] [34mcolcon.colcon_core.shell[0m [1;30mINFO[0m Creating prefix chain script '/home/ubuntu/ros2_wsorincp/install/setup.bash'
[31.200s] [34mcolcon.colcon_core.shell[0m [1;30mINFO[0m Creating prefix script '/home/ubuntu/ros2_wsorincp/install/local_setup.zsh'
[31.201s] [34mcolcon.colcon_core.shell[0m [1;30mINFO[0m Creating prefix chain script '/home/ubuntu/ros2_wsorincp/install/setup.zsh'
