-- Found ament_cmake: 1.3.9 (/opt/ros/humble/share/ament_cmake/cmake)
-- Found Python3: /usr/bin/python3 (found version "3.10.12") found components: Interpreter 
-- Found std_msgs: 4.2.4 (/opt/ros/humble/share/std_msgs/cmake)
-- Found rosidl_generator_c: 3.1.5 (/opt/ros/humble/share/rosidl_generator_c/cmake)
-- Found rosidl_adapter: 3.1.5 (/opt/ros/humble/share/rosidl_adapter/cmake)
-- Found rosidl_generator_cpp: 3.1.5 (/opt/ros/humble/share/rosidl_generator_cpp/cmake)
-- Using all available rosidl_typesupport_c: rosidl_typesupport_fastrtps_c;rosidl_typesupport_introspection_c
-- Using all available rosidl_typesupport_cpp: rosidl_typesupport_fastrtps_cpp;rosidl_typesupport_introspection_cpp
-- Found rosidl_default_generators: 1.2.0 (/opt/ros/humble/share/rosidl_default_generators/cmake)
-- Found ament_cmake_ros: 0.10.0 (/opt/ros/humble/share/ament_cmake_ros/cmake)
-- Using all available rosidl_typesupport_c: rosidl_typesupport_fastrtps_c;rosidl_typesupport_introspection_c
-- Using all available rosidl_typesupport_cpp: rosidl_typesupport_fastrtps_cpp;rosidl_typesupport_introspection_cpp
-- Found PythonInterp: /usr/bin/python3 (found suitable version "3.10.12", minimum required is "3.6") 
-- Found python_cmake_module: 0.10.0 (/opt/ros/humble/share/python_cmake_module/cmake)
-- Found PythonLibs: /usr/lib/aarch64-linux-gnu/libpython3.10.so (found suitable version "3.10.12", minimum required is "3.5") 
-- Using PYTHON_EXECUTABLE: /usr/bin/python3
-- Using PYTHON_INCLUDE_DIRS: /usr/include/python3.10
-- Using PYTHON_LIBRARIES: /usr/lib/aarch64-linux-gnu/libpython3.10.so
-- Found PythonExtra: .so  
-- Found ament_lint_auto: 0.12.11 (/opt/ros/humble/share/ament_lint_auto/cmake)
-- Added test 'copyright' to check source files copyright and LICENSE
-- Added test 'lint_cmake' to check CMake code style
-- Added test 'xmllint' to check XML markup files
-- Configuring done
-- Generating done
-- Build files have been written to: /home/ubuntu/ros2_wsorincp/build/ros_robot_controller_msgs
[  0%] [34m[1mGenerating C code for ROS interfaces[0m
[  0%] [34m[1mGenerating C++ code for ROS interfaces[0m
[  0%] Built target ament_cmake_python_copy_ros_robot_controller_msgs
running egg_info
creating ros_robot_controller_msgs.egg-info
writing ros_robot_controller_msgs.egg-info/PKG-INFO
writing dependency_links to ros_robot_controller_msgs.egg-info/dependency_links.txt
writing top-level names to ros_robot_controller_msgs.egg-info/top_level.txt
writing manifest file 'ros_robot_controller_msgs.egg-info/SOURCES.txt'
reading manifest file 'ros_robot_controller_msgs.egg-info/SOURCES.txt'
writing manifest file 'ros_robot_controller_msgs.egg-info/SOURCES.txt'
[  0%] Built target ament_cmake_python_build_ros_robot_controller_msgs_egg
[  0%] Built target ros_robot_controller_msgs__cpp
[  1%] [34m[1mGenerating C++ type support dispatch for ROS interfaces[0m
[  2%] [34m[1mGenerating C++ type support for eProsima Fast-RTPS[0m
[  2%] [34m[1mGenerating C++ introspection for ROS interfaces[0m
[  3%] [32mBuilding C object CMakeFiles/ros_robot_controller_msgs__rosidl_generator_c.dir/rosidl_generator_c/ros_robot_controller_msgs/msg/detail/bus_servo_state__functions.c.o[0m
[  3%] [32mBuilding CXX object CMakeFiles/ros_robot_controller_msgs__rosidl_typesupport_cpp.dir/rosidl_typesupport_cpp/ros_robot_controller_msgs/msg/bus_servo_state__type_support.cpp.o[0m
[  4%] [32mBuilding CXX object CMakeFiles/ros_robot_controller_msgs__rosidl_typesupport_introspection_cpp.dir/rosidl_typesupport_introspection_cpp/ros_robot_controller_msgs/msg/detail/bus_servo_state__type_support.cpp.o[0m
[  5%] [32mBuilding CXX object CMakeFiles/ros_robot_controller_msgs__rosidl_typesupport_fastrtps_cpp.dir/rosidl_typesupport_fastrtps_cpp/ros_robot_controller_msgs/msg/detail/dds_fastrtps/bus_servo_state__type_support.cpp.o[0m
[  6%] [32mBuilding C object CMakeFiles/ros_robot_controller_msgs__rosidl_generator_c.dir/rosidl_generator_c/ros_robot_controller_msgs/msg/detail/button_state__functions.c.o[0m
[  6%] [32mBuilding C object CMakeFiles/ros_robot_controller_msgs__rosidl_generator_c.dir/rosidl_generator_c/ros_robot_controller_msgs/msg/detail/buzzer_state__functions.c.o[0m
[  7%] [32mBuilding C object CMakeFiles/ros_robot_controller_msgs__rosidl_generator_c.dir/rosidl_generator_c/ros_robot_controller_msgs/msg/detail/led_state__functions.c.o[0m
[  8%] [32mBuilding C object CMakeFiles/ros_robot_controller_msgs__rosidl_generator_c.dir/rosidl_generator_c/ros_robot_controller_msgs/msg/detail/motor_state__functions.c.o[0m
[  8%] [32mBuilding C object CMakeFiles/ros_robot_controller_msgs__rosidl_generator_c.dir/rosidl_generator_c/ros_robot_controller_msgs/msg/detail/motors_state__functions.c.o[0m
[  9%] [32mBuilding C object CMakeFiles/ros_robot_controller_msgs__rosidl_generator_c.dir/rosidl_generator_c/ros_robot_controller_msgs/msg/detail/pwm_servo_state__functions.c.o[0m
[  9%] [32mBuilding C object CMakeFiles/ros_robot_controller_msgs__rosidl_generator_c.dir/rosidl_generator_c/ros_robot_controller_msgs/msg/detail/sbus__functions.c.o[0m
[ 10%] [32mBuilding C object CMakeFiles/ros_robot_controller_msgs__rosidl_generator_c.dir/rosidl_generator_c/ros_robot_controller_msgs/msg/detail/oled_state__functions.c.o[0m
[ 11%] [32mBuilding C object CMakeFiles/ros_robot_controller_msgs__rosidl_generator_c.dir/rosidl_generator_c/ros_robot_controller_msgs/msg/detail/set_bus_servo_state__functions.c.o[0m
[ 11%] [32mBuilding C object CMakeFiles/ros_robot_controller_msgs__rosidl_generator_c.dir/rosidl_generator_c/ros_robot_controller_msgs/msg/detail/servo_position__functions.c.o[0m
[ 12%] [32mBuilding C object CMakeFiles/ros_robot_controller_msgs__rosidl_generator_c.dir/rosidl_generator_c/ros_robot_controller_msgs/msg/detail/servos_position__functions.c.o[0m
[ 13%] [32mBuilding CXX object CMakeFiles/ros_robot_controller_msgs__rosidl_typesupport_cpp.dir/rosidl_typesupport_cpp/ros_robot_controller_msgs/msg/button_state__type_support.cpp.o[0m
[ 14%] [32mBuilding C object CMakeFiles/ros_robot_controller_msgs__rosidl_generator_c.dir/rosidl_generator_c/ros_robot_controller_msgs/msg/detail/set_pwm_servo_state__functions.c.o[0m
[ 14%] [32mBuilding C object CMakeFiles/ros_robot_controller_msgs__rosidl_generator_c.dir/rosidl_generator_c/ros_robot_controller_msgs/msg/detail/get_bus_servo_cmd__functions.c.o[0m
[ 16%] [32mBuilding C object CMakeFiles/ros_robot_controller_msgs__rosidl_generator_c.dir/rosidl_generator_c/ros_robot_controller_msgs/msg/detail/get_pwm_servo_cmd__functions.c.o[0m
[ 16%] [32mBuilding CXX object CMakeFiles/ros_robot_controller_msgs__rosidl_typesupport_cpp.dir/rosidl_typesupport_cpp/ros_robot_controller_msgs/msg/buzzer_state__type_support.cpp.o[0m
[ 16%] [32mBuilding C object CMakeFiles/ros_robot_controller_msgs__rosidl_generator_c.dir/rosidl_generator_c/ros_robot_controller_msgs/srv/detail/get_bus_servo_state__functions.c.o[0m
[ 16%] [32mBuilding CXX object CMakeFiles/ros_robot_controller_msgs__rosidl_typesupport_introspection_cpp.dir/rosidl_typesupport_introspection_cpp/ros_robot_controller_msgs/msg/detail/button_state__type_support.cpp.o[0m
[ 17%] [32mBuilding C object CMakeFiles/ros_robot_controller_msgs__rosidl_generator_c.dir/rosidl_generator_c/ros_robot_controller_msgs/srv/detail/get_pwm_servo_state__functions.c.o[0m
[ 17%] [32mBuilding CXX object CMakeFiles/ros_robot_controller_msgs__rosidl_typesupport_cpp.dir/rosidl_typesupport_cpp/ros_robot_controller_msgs/msg/led_state__type_support.cpp.o[0m
[ 18%] [32m[1mLinking C shared library libros_robot_controller_msgs__rosidl_generator_c.so[0m
[ 19%] [32mBuilding CXX object CMakeFiles/ros_robot_controller_msgs__rosidl_typesupport_cpp.dir/rosidl_typesupport_cpp/ros_robot_controller_msgs/msg/motor_state__type_support.cpp.o[0m
[ 19%] Built target ros_robot_controller_msgs__rosidl_generator_c
[ 20%] [32mBuilding CXX object CMakeFiles/ros_robot_controller_msgs__rosidl_typesupport_introspection_cpp.dir/rosidl_typesupport_introspection_cpp/ros_robot_controller_msgs/msg/detail/buzzer_state__type_support.cpp.o[0m
[ 21%] [32mBuilding CXX object CMakeFiles/ros_robot_controller_msgs__rosidl_typesupport_cpp.dir/rosidl_typesupport_cpp/ros_robot_controller_msgs/msg/motors_state__type_support.cpp.o[0m
[ 21%] [32mBuilding CXX object CMakeFiles/ros_robot_controller_msgs__rosidl_typesupport_fastrtps_cpp.dir/rosidl_typesupport_fastrtps_cpp/ros_robot_controller_msgs/msg/detail/dds_fastrtps/button_state__type_support.cpp.o[0m
[ 22%] [32mBuilding CXX object CMakeFiles/ros_robot_controller_msgs__rosidl_typesupport_introspection_cpp.dir/rosidl_typesupport_introspection_cpp/ros_robot_controller_msgs/msg/detail/led_state__type_support.cpp.o[0m
[ 22%] [32mBuilding CXX object CMakeFiles/ros_robot_controller_msgs__rosidl_typesupport_cpp.dir/rosidl_typesupport_cpp/ros_robot_controller_msgs/msg/pwm_servo_state__type_support.cpp.o[0m
[ 23%] [32mBuilding CXX object CMakeFiles/ros_robot_controller_msgs__rosidl_typesupport_fastrtps_cpp.dir/rosidl_typesupport_fastrtps_cpp/ros_robot_controller_msgs/msg/detail/dds_fastrtps/buzzer_state__type_support.cpp.o[0m
[ 24%] [32mBuilding CXX object CMakeFiles/ros_robot_controller_msgs__rosidl_typesupport_cpp.dir/rosidl_typesupport_cpp/ros_robot_controller_msgs/msg/sbus__type_support.cpp.o[0m
[ 24%] [32mBuilding CXX object CMakeFiles/ros_robot_controller_msgs__rosidl_typesupport_introspection_cpp.dir/rosidl_typesupport_introspection_cpp/ros_robot_controller_msgs/msg/detail/motor_state__type_support.cpp.o[0m
[ 25%] [32mBuilding CXX object CMakeFiles/ros_robot_controller_msgs__rosidl_typesupport_fastrtps_cpp.dir/rosidl_typesupport_fastrtps_cpp/ros_robot_controller_msgs/msg/detail/dds_fastrtps/led_state__type_support.cpp.o[0m
[ 26%] [32mBuilding CXX object CMakeFiles/ros_robot_controller_msgs__rosidl_typesupport_cpp.dir/rosidl_typesupport_cpp/ros_robot_controller_msgs/msg/oled_state__type_support.cpp.o[0m
[ 27%] [32mBuilding CXX object CMakeFiles/ros_robot_controller_msgs__rosidl_typesupport_introspection_cpp.dir/rosidl_typesupport_introspection_cpp/ros_robot_controller_msgs/msg/detail/motors_state__type_support.cpp.o[0m
[ 27%] [32mBuilding CXX object CMakeFiles/ros_robot_controller_msgs__rosidl_typesupport_fastrtps_cpp.dir/rosidl_typesupport_fastrtps_cpp/ros_robot_controller_msgs/msg/detail/dds_fastrtps/motor_state__type_support.cpp.o[0m
[ 27%] [32mBuilding CXX object CMakeFiles/ros_robot_controller_msgs__rosidl_typesupport_cpp.dir/rosidl_typesupport_cpp/ros_robot_controller_msgs/msg/set_bus_servo_state__type_support.cpp.o[0m
[ 28%] [32mBuilding CXX object CMakeFiles/ros_robot_controller_msgs__rosidl_typesupport_introspection_cpp.dir/rosidl_typesupport_introspection_cpp/ros_robot_controller_msgs/msg/detail/pwm_servo_state__type_support.cpp.o[0m
[ 29%] [32mBuilding CXX object CMakeFiles/ros_robot_controller_msgs__rosidl_typesupport_cpp.dir/rosidl_typesupport_cpp/ros_robot_controller_msgs/msg/servo_position__type_support.cpp.o[0m
[ 30%] [32mBuilding CXX object CMakeFiles/ros_robot_controller_msgs__rosidl_typesupport_fastrtps_cpp.dir/rosidl_typesupport_fastrtps_cpp/ros_robot_controller_msgs/msg/detail/dds_fastrtps/motors_state__type_support.cpp.o[0m
[ 30%] [32mBuilding CXX object CMakeFiles/ros_robot_controller_msgs__rosidl_typesupport_cpp.dir/rosidl_typesupport_cpp/ros_robot_controller_msgs/msg/servos_position__type_support.cpp.o[0m
[ 30%] [32mBuilding CXX object CMakeFiles/ros_robot_controller_msgs__rosidl_typesupport_introspection_cpp.dir/rosidl_typesupport_introspection_cpp/ros_robot_controller_msgs/msg/detail/sbus__type_support.cpp.o[0m
[ 30%] [32mBuilding CXX object CMakeFiles/ros_robot_controller_msgs__rosidl_typesupport_fastrtps_cpp.dir/rosidl_typesupport_fastrtps_cpp/ros_robot_controller_msgs/msg/detail/dds_fastrtps/pwm_servo_state__type_support.cpp.o[0m
[ 31%] [32mBuilding CXX object CMakeFiles/ros_robot_controller_msgs__rosidl_typesupport_cpp.dir/rosidl_typesupport_cpp/ros_robot_controller_msgs/msg/set_pwm_servo_state__type_support.cpp.o[0m
[ 32%] [32mBuilding CXX object CMakeFiles/ros_robot_controller_msgs__rosidl_typesupport_introspection_cpp.dir/rosidl_typesupport_introspection_cpp/ros_robot_controller_msgs/msg/detail/oled_state__type_support.cpp.o[0m
[ 33%] [32mBuilding CXX object CMakeFiles/ros_robot_controller_msgs__rosidl_typesupport_cpp.dir/rosidl_typesupport_cpp/ros_robot_controller_msgs/msg/get_bus_servo_cmd__type_support.cpp.o[0m
[ 34%] [32mBuilding CXX object CMakeFiles/ros_robot_controller_msgs__rosidl_typesupport_fastrtps_cpp.dir/rosidl_typesupport_fastrtps_cpp/ros_robot_controller_msgs/msg/detail/dds_fastrtps/sbus__type_support.cpp.o[0m
[ 34%] [32mBuilding CXX object CMakeFiles/ros_robot_controller_msgs__rosidl_typesupport_cpp.dir/rosidl_typesupport_cpp/ros_robot_controller_msgs/msg/get_pwm_servo_cmd__type_support.cpp.o[0m
[ 34%] [32mBuilding CXX object CMakeFiles/ros_robot_controller_msgs__rosidl_typesupport_introspection_cpp.dir/rosidl_typesupport_introspection_cpp/ros_robot_controller_msgs/msg/detail/set_bus_servo_state__type_support.cpp.o[0m
[ 35%] [32mBuilding CXX object CMakeFiles/ros_robot_controller_msgs__rosidl_typesupport_cpp.dir/rosidl_typesupport_cpp/ros_robot_controller_msgs/srv/get_bus_servo_state__type_support.cpp.o[0m
[ 36%] [32mBuilding CXX object CMakeFiles/ros_robot_controller_msgs__rosidl_typesupport_fastrtps_cpp.dir/rosidl_typesupport_fastrtps_cpp/ros_robot_controller_msgs/msg/detail/dds_fastrtps/oled_state__type_support.cpp.o[0m
[ 37%] [32mBuilding CXX object CMakeFiles/ros_robot_controller_msgs__rosidl_typesupport_introspection_cpp.dir/rosidl_typesupport_introspection_cpp/ros_robot_controller_msgs/msg/detail/servo_position__type_support.cpp.o[0m
[ 38%] [32mBuilding CXX object CMakeFiles/ros_robot_controller_msgs__rosidl_typesupport_cpp.dir/rosidl_typesupport_cpp/ros_robot_controller_msgs/srv/get_pwm_servo_state__type_support.cpp.o[0m
[ 38%] [32mBuilding CXX object CMakeFiles/ros_robot_controller_msgs__rosidl_typesupport_fastrtps_cpp.dir/rosidl_typesupport_fastrtps_cpp/ros_robot_controller_msgs/msg/detail/dds_fastrtps/set_bus_servo_state__type_support.cpp.o[0m
[ 39%] [32mBuilding CXX object CMakeFiles/ros_robot_controller_msgs__rosidl_typesupport_introspection_cpp.dir/rosidl_typesupport_introspection_cpp/ros_robot_controller_msgs/msg/detail/servos_position__type_support.cpp.o[0m
[ 39%] [32m[1mLinking CXX shared library libros_robot_controller_msgs__rosidl_typesupport_cpp.so[0m
[ 40%] [32mBuilding CXX object CMakeFiles/ros_robot_controller_msgs__rosidl_typesupport_fastrtps_cpp.dir/rosidl_typesupport_fastrtps_cpp/ros_robot_controller_msgs/msg/detail/dds_fastrtps/servo_position__type_support.cpp.o[0m
[ 40%] Built target ros_robot_controller_msgs__rosidl_typesupport_cpp
[ 40%] [32mBuilding CXX object CMakeFiles/ros_robot_controller_msgs__rosidl_typesupport_introspection_cpp.dir/rosidl_typesupport_introspection_cpp/ros_robot_controller_msgs/msg/detail/set_pwm_servo_state__type_support.cpp.o[0m
[ 41%] [32mBuilding CXX object CMakeFiles/ros_robot_controller_msgs__rosidl_typesupport_fastrtps_cpp.dir/rosidl_typesupport_fastrtps_cpp/ros_robot_controller_msgs/msg/detail/dds_fastrtps/servos_position__type_support.cpp.o[0m
[ 42%] [32mBuilding CXX object CMakeFiles/ros_robot_controller_msgs__rosidl_typesupport_introspection_cpp.dir/rosidl_typesupport_introspection_cpp/ros_robot_controller_msgs/msg/detail/get_bus_servo_cmd__type_support.cpp.o[0m
[ 42%] [32mBuilding CXX object CMakeFiles/ros_robot_controller_msgs__rosidl_typesupport_fastrtps_cpp.dir/rosidl_typesupport_fastrtps_cpp/ros_robot_controller_msgs/msg/detail/dds_fastrtps/set_pwm_servo_state__type_support.cpp.o[0m
[ 43%] [32mBuilding CXX object CMakeFiles/ros_robot_controller_msgs__rosidl_typesupport_introspection_cpp.dir/rosidl_typesupport_introspection_cpp/ros_robot_controller_msgs/msg/detail/get_pwm_servo_cmd__type_support.cpp.o[0m
[ 44%] [32mBuilding CXX object CMakeFiles/ros_robot_controller_msgs__rosidl_typesupport_fastrtps_cpp.dir/rosidl_typesupport_fastrtps_cpp/ros_robot_controller_msgs/msg/detail/dds_fastrtps/get_bus_servo_cmd__type_support.cpp.o[0m
[ 44%] [32mBuilding CXX object CMakeFiles/ros_robot_controller_msgs__rosidl_typesupport_introspection_cpp.dir/rosidl_typesupport_introspection_cpp/ros_robot_controller_msgs/srv/detail/get_bus_servo_state__type_support.cpp.o[0m
[ 44%] [32mBuilding CXX object CMakeFiles/ros_robot_controller_msgs__rosidl_typesupport_fastrtps_cpp.dir/rosidl_typesupport_fastrtps_cpp/ros_robot_controller_msgs/msg/detail/dds_fastrtps/get_pwm_servo_cmd__type_support.cpp.o[0m
[ 45%] [32mBuilding CXX object CMakeFiles/ros_robot_controller_msgs__rosidl_typesupport_fastrtps_cpp.dir/rosidl_typesupport_fastrtps_cpp/ros_robot_controller_msgs/srv/detail/dds_fastrtps/get_bus_servo_state__type_support.cpp.o[0m
[ 46%] [32mBuilding CXX object CMakeFiles/ros_robot_controller_msgs__rosidl_typesupport_introspection_cpp.dir/rosidl_typesupport_introspection_cpp/ros_robot_controller_msgs/srv/detail/get_pwm_servo_state__type_support.cpp.o[0m
[ 47%] [32m[1mLinking CXX shared library libros_robot_controller_msgs__rosidl_typesupport_introspection_cpp.so[0m
[ 47%] Built target ros_robot_controller_msgs__rosidl_typesupport_introspection_cpp
[ 48%] [32mBuilding CXX object CMakeFiles/ros_robot_controller_msgs__rosidl_typesupport_fastrtps_cpp.dir/rosidl_typesupport_fastrtps_cpp/ros_robot_controller_msgs/srv/detail/dds_fastrtps/get_pwm_servo_state__type_support.cpp.o[0m
[ 48%] [32m[1mLinking CXX shared library libros_robot_controller_msgs__rosidl_typesupport_fastrtps_cpp.so[0m
[ 48%] Built target ros_robot_controller_msgs__rosidl_typesupport_fastrtps_cpp
[ 49%] [34m[1mGenerating C type support dispatch for ROS interfaces[0m
[ 49%] [32mBuilding CXX object CMakeFiles/ros_robot_controller_msgs__rosidl_typesupport_c.dir/rosidl_typesupport_c/ros_robot_controller_msgs/msg/bus_servo_state__type_support.cpp.o[0m
[ 50%] [32mBuilding CXX object CMakeFiles/ros_robot_controller_msgs__rosidl_typesupport_c.dir/rosidl_typesupport_c/ros_robot_controller_msgs/msg/button_state__type_support.cpp.o[0m
[ 51%] [32mBuilding CXX object CMakeFiles/ros_robot_controller_msgs__rosidl_typesupport_c.dir/rosidl_typesupport_c/ros_robot_controller_msgs/msg/buzzer_state__type_support.cpp.o[0m
[ 51%] [32mBuilding CXX object CMakeFiles/ros_robot_controller_msgs__rosidl_typesupport_c.dir/rosidl_typesupport_c/ros_robot_controller_msgs/msg/led_state__type_support.cpp.o[0m
[ 52%] [32mBuilding CXX object CMakeFiles/ros_robot_controller_msgs__rosidl_typesupport_c.dir/rosidl_typesupport_c/ros_robot_controller_msgs/msg/motor_state__type_support.cpp.o[0m
[ 52%] [32mBuilding CXX object CMakeFiles/ros_robot_controller_msgs__rosidl_typesupport_c.dir/rosidl_typesupport_c/ros_robot_controller_msgs/msg/motors_state__type_support.cpp.o[0m
[ 53%] [32mBuilding CXX object CMakeFiles/ros_robot_controller_msgs__rosidl_typesupport_c.dir/rosidl_typesupport_c/ros_robot_controller_msgs/msg/pwm_servo_state__type_support.cpp.o[0m
[ 54%] [32mBuilding CXX object CMakeFiles/ros_robot_controller_msgs__rosidl_typesupport_c.dir/rosidl_typesupport_c/ros_robot_controller_msgs/msg/sbus__type_support.cpp.o[0m
[ 54%] [32mBuilding CXX object CMakeFiles/ros_robot_controller_msgs__rosidl_typesupport_c.dir/rosidl_typesupport_c/ros_robot_controller_msgs/msg/oled_state__type_support.cpp.o[0m
[ 55%] [32mBuilding CXX object CMakeFiles/ros_robot_controller_msgs__rosidl_typesupport_c.dir/rosidl_typesupport_c/ros_robot_controller_msgs/msg/set_bus_servo_state__type_support.cpp.o[0m
[ 56%] [32mBuilding CXX object CMakeFiles/ros_robot_controller_msgs__rosidl_typesupport_c.dir/rosidl_typesupport_c/ros_robot_controller_msgs/msg/servo_position__type_support.cpp.o[0m
[ 56%] [32mBuilding CXX object CMakeFiles/ros_robot_controller_msgs__rosidl_typesupport_c.dir/rosidl_typesupport_c/ros_robot_controller_msgs/msg/servos_position__type_support.cpp.o[0m
[ 57%] [32mBuilding CXX object CMakeFiles/ros_robot_controller_msgs__rosidl_typesupport_c.dir/rosidl_typesupport_c/ros_robot_controller_msgs/msg/set_pwm_servo_state__type_support.cpp.o[0m
[ 57%] [32mBuilding CXX object CMakeFiles/ros_robot_controller_msgs__rosidl_typesupport_c.dir/rosidl_typesupport_c/ros_robot_controller_msgs/msg/get_bus_servo_cmd__type_support.cpp.o[0m
[ 58%] [32mBuilding CXX object CMakeFiles/ros_robot_controller_msgs__rosidl_typesupport_c.dir/rosidl_typesupport_c/ros_robot_controller_msgs/msg/get_pwm_servo_cmd__type_support.cpp.o[0m
[ 59%] [32mBuilding CXX object CMakeFiles/ros_robot_controller_msgs__rosidl_typesupport_c.dir/rosidl_typesupport_c/ros_robot_controller_msgs/srv/get_bus_servo_state__type_support.cpp.o[0m
[ 59%] [32mBuilding CXX object CMakeFiles/ros_robot_controller_msgs__rosidl_typesupport_c.dir/rosidl_typesupport_c/ros_robot_controller_msgs/srv/get_pwm_servo_state__type_support.cpp.o[0m
[ 60%] [32m[1mLinking CXX shared library libros_robot_controller_msgs__rosidl_typesupport_c.so[0m
[ 60%] Built target ros_robot_controller_msgs__rosidl_typesupport_c
[ 61%] [34m[1mGenerating C introspection for ROS interfaces[0m
[ 62%] [32mBuilding C object CMakeFiles/ros_robot_controller_msgs__rosidl_typesupport_introspection_c.dir/rosidl_typesupport_introspection_c/ros_robot_controller_msgs/msg/detail/bus_servo_state__type_support.c.o[0m
[ 63%] [32mBuilding C object CMakeFiles/ros_robot_controller_msgs__rosidl_typesupport_introspection_c.dir/rosidl_typesupport_introspection_c/ros_robot_controller_msgs/msg/detail/buzzer_state__type_support.c.o[0m
[ 63%] [32mBuilding C object CMakeFiles/ros_robot_controller_msgs__rosidl_typesupport_introspection_c.dir/rosidl_typesupport_introspection_c/ros_robot_controller_msgs/msg/detail/led_state__type_support.c.o[0m
[ 64%] [32mBuilding C object CMakeFiles/ros_robot_controller_msgs__rosidl_typesupport_introspection_c.dir/rosidl_typesupport_introspection_c/ros_robot_controller_msgs/msg/detail/motor_state__type_support.c.o[0m
[ 65%] [32mBuilding C object CMakeFiles/ros_robot_controller_msgs__rosidl_typesupport_introspection_c.dir/rosidl_typesupport_introspection_c/ros_robot_controller_msgs/msg/detail/motors_state__type_support.c.o[0m
[ 65%] [32mBuilding C object CMakeFiles/ros_robot_controller_msgs__rosidl_typesupport_introspection_c.dir/rosidl_typesupport_introspection_c/ros_robot_controller_msgs/msg/detail/pwm_servo_state__type_support.c.o[0m
[ 66%] [32mBuilding C object CMakeFiles/ros_robot_controller_msgs__rosidl_typesupport_introspection_c.dir/rosidl_typesupport_introspection_c/ros_robot_controller_msgs/msg/detail/sbus__type_support.c.o[0m
[ 67%] [32mBuilding C object CMakeFiles/ros_robot_controller_msgs__rosidl_typesupport_introspection_c.dir/rosidl_typesupport_introspection_c/ros_robot_controller_msgs/msg/detail/oled_state__type_support.c.o[0m
[ 67%] [32mBuilding C object CMakeFiles/ros_robot_controller_msgs__rosidl_typesupport_introspection_c.dir/rosidl_typesupport_introspection_c/ros_robot_controller_msgs/msg/detail/set_bus_servo_state__type_support.c.o[0m
[ 68%] [32mBuilding C object CMakeFiles/ros_robot_controller_msgs__rosidl_typesupport_introspection_c.dir/rosidl_typesupport_introspection_c/ros_robot_controller_msgs/msg/detail/servo_position__type_support.c.o[0m
[ 69%] [32mBuilding C object CMakeFiles/ros_robot_controller_msgs__rosidl_typesupport_introspection_c.dir/rosidl_typesupport_introspection_c/ros_robot_controller_msgs/msg/detail/servos_position__type_support.c.o[0m
[ 69%] [32mBuilding C object CMakeFiles/ros_robot_controller_msgs__rosidl_typesupport_introspection_c.dir/rosidl_typesupport_introspection_c/ros_robot_controller_msgs/msg/detail/set_pwm_servo_state__type_support.c.o[0m
[ 70%] [32mBuilding C object CMakeFiles/ros_robot_controller_msgs__rosidl_typesupport_introspection_c.dir/rosidl_typesupport_introspection_c/ros_robot_controller_msgs/msg/detail/get_bus_servo_cmd__type_support.c.o[0m
[ 70%] [32mBuilding C object CMakeFiles/ros_robot_controller_msgs__rosidl_typesupport_introspection_c.dir/rosidl_typesupport_introspection_c/ros_robot_controller_msgs/msg/detail/get_pwm_servo_cmd__type_support.c.o[0m
[ 71%] [32mBuilding C object CMakeFiles/ros_robot_controller_msgs__rosidl_typesupport_introspection_c.dir/rosidl_typesupport_introspection_c/ros_robot_controller_msgs/srv/detail/get_bus_servo_state__type_support.c.o[0m
[ 72%] [32mBuilding C object CMakeFiles/ros_robot_controller_msgs__rosidl_typesupport_introspection_c.dir/rosidl_typesupport_introspection_c/ros_robot_controller_msgs/srv/detail/get_pwm_servo_state__type_support.c.o[0m
[ 72%] [32mBuilding C object CMakeFiles/ros_robot_controller_msgs__rosidl_typesupport_introspection_c.dir/rosidl_typesupport_introspection_c/ros_robot_controller_msgs/msg/detail/button_state__type_support.c.o[0m
[ 72%] [32m[1mLinking C shared library libros_robot_controller_msgs__rosidl_typesupport_introspection_c.so[0m
[ 72%] Built target ros_robot_controller_msgs__rosidl_typesupport_introspection_c
[ 73%] [34m[1mGenerating C type support for eProsima Fast-RTPS[0m
[ 73%] [32mBuilding CXX object CMakeFiles/ros_robot_controller_msgs__rosidl_typesupport_fastrtps_c.dir/rosidl_typesupport_fastrtps_c/ros_robot_controller_msgs/msg/detail/bus_servo_state__type_support_c.cpp.o[0m
[ 73%] [32mBuilding CXX object CMakeFiles/ros_robot_controller_msgs__rosidl_typesupport_fastrtps_c.dir/rosidl_typesupport_fastrtps_c/ros_robot_controller_msgs/msg/detail/led_state__type_support_c.cpp.o[0m
[ 74%] [32mBuilding CXX object CMakeFiles/ros_robot_controller_msgs__rosidl_typesupport_fastrtps_c.dir/rosidl_typesupport_fastrtps_c/ros_robot_controller_msgs/msg/detail/motor_state__type_support_c.cpp.o[0m
[ 75%] [32mBuilding CXX object CMakeFiles/ros_robot_controller_msgs__rosidl_typesupport_fastrtps_c.dir/rosidl_typesupport_fastrtps_c/ros_robot_controller_msgs/msg/detail/motors_state__type_support_c.cpp.o[0m
[ 75%] [32mBuilding CXX object CMakeFiles/ros_robot_controller_msgs__rosidl_typesupport_fastrtps_c.dir/rosidl_typesupport_fastrtps_c/ros_robot_controller_msgs/msg/detail/pwm_servo_state__type_support_c.cpp.o[0m
[ 76%] [32mBuilding CXX object CMakeFiles/ros_robot_controller_msgs__rosidl_typesupport_fastrtps_c.dir/rosidl_typesupport_fastrtps_c/ros_robot_controller_msgs/msg/detail/sbus__type_support_c.cpp.o[0m
[ 76%] [32mBuilding CXX object CMakeFiles/ros_robot_controller_msgs__rosidl_typesupport_fastrtps_c.dir/rosidl_typesupport_fastrtps_c/ros_robot_controller_msgs/msg/detail/oled_state__type_support_c.cpp.o[0m
[ 77%] [32mBuilding CXX object CMakeFiles/ros_robot_controller_msgs__rosidl_typesupport_fastrtps_c.dir/rosidl_typesupport_fastrtps_c/ros_robot_controller_msgs/msg/detail/set_bus_servo_state__type_support_c.cpp.o[0m
[ 78%] [32mBuilding CXX object CMakeFiles/ros_robot_controller_msgs__rosidl_typesupport_fastrtps_c.dir/rosidl_typesupport_fastrtps_c/ros_robot_controller_msgs/msg/detail/servo_position__type_support_c.cpp.o[0m
[ 78%] [32mBuilding CXX object CMakeFiles/ros_robot_controller_msgs__rosidl_typesupport_fastrtps_c.dir/rosidl_typesupport_fastrtps_c/ros_robot_controller_msgs/msg/detail/servos_position__type_support_c.cpp.o[0m
[ 79%] [32mBuilding CXX object CMakeFiles/ros_robot_controller_msgs__rosidl_typesupport_fastrtps_c.dir/rosidl_typesupport_fastrtps_c/ros_robot_controller_msgs/msg/detail/set_pwm_servo_state__type_support_c.cpp.o[0m
[ 80%] [32mBuilding CXX object CMakeFiles/ros_robot_controller_msgs__rosidl_typesupport_fastrtps_c.dir/rosidl_typesupport_fastrtps_c/ros_robot_controller_msgs/msg/detail/get_bus_servo_cmd__type_support_c.cpp.o[0m
[ 80%] [32mBuilding CXX object CMakeFiles/ros_robot_controller_msgs__rosidl_typesupport_fastrtps_c.dir/rosidl_typesupport_fastrtps_c/ros_robot_controller_msgs/msg/detail/get_pwm_servo_cmd__type_support_c.cpp.o[0m
[ 81%] [32mBuilding CXX object CMakeFiles/ros_robot_controller_msgs__rosidl_typesupport_fastrtps_c.dir/rosidl_typesupport_fastrtps_c/ros_robot_controller_msgs/srv/detail/get_bus_servo_state__type_support_c.cpp.o[0m
[ 82%] [32mBuilding CXX object CMakeFiles/ros_robot_controller_msgs__rosidl_typesupport_fastrtps_c.dir/rosidl_typesupport_fastrtps_c/ros_robot_controller_msgs/srv/detail/get_pwm_servo_state__type_support_c.cpp.o[0m
[ 83%] [32mBuilding CXX object CMakeFiles/ros_robot_controller_msgs__rosidl_typesupport_fastrtps_c.dir/rosidl_typesupport_fastrtps_c/ros_robot_controller_msgs/msg/detail/buzzer_state__type_support_c.cpp.o[0m
[ 84%] [32mBuilding CXX object CMakeFiles/ros_robot_controller_msgs__rosidl_typesupport_fastrtps_c.dir/rosidl_typesupport_fastrtps_c/ros_robot_controller_msgs/msg/detail/button_state__type_support_c.cpp.o[0m
[ 84%] [32m[1mLinking CXX shared library libros_robot_controller_msgs__rosidl_typesupport_fastrtps_c.so[0m
[ 84%] Built target ros_robot_controller_msgs__rosidl_typesupport_fastrtps_c
[ 84%] Built target ros_robot_controller_msgs
[ 85%] [34m[1mGenerating Python code for ROS interfaces[0m
[ 85%] Built target ros_robot_controller_msgs__py
[ 85%] [32mBuilding C object CMakeFiles/ros_robot_controller_msgs__rosidl_generator_py.dir/rosidl_generator_py/ros_robot_controller_msgs/msg/_bus_servo_state_s.c.o[0m
[ 85%] [32mBuilding C object CMakeFiles/ros_robot_controller_msgs__rosidl_generator_py.dir/rosidl_generator_py/ros_robot_controller_msgs/msg/_led_state_s.c.o[0m
[ 86%] [32mBuilding C object CMakeFiles/ros_robot_controller_msgs__rosidl_generator_py.dir/rosidl_generator_py/ros_robot_controller_msgs/msg/_motor_state_s.c.o[0m
[ 86%] [32mBuilding C object CMakeFiles/ros_robot_controller_msgs__rosidl_generator_py.dir/rosidl_generator_py/ros_robot_controller_msgs/msg/_motors_state_s.c.o[0m
[ 87%] [32mBuilding C object CMakeFiles/ros_robot_controller_msgs__rosidl_generator_py.dir/rosidl_generator_py/ros_robot_controller_msgs/msg/_pwm_servo_state_s.c.o[0m
[ 88%] [32mBuilding C object CMakeFiles/ros_robot_controller_msgs__rosidl_generator_py.dir/rosidl_generator_py/ros_robot_controller_msgs/msg/_sbus_s.c.o[0m
[ 88%] [32mBuilding C object CMakeFiles/ros_robot_controller_msgs__rosidl_generator_py.dir/rosidl_generator_py/ros_robot_controller_msgs/msg/_oled_state_s.c.o[0m
[ 89%] [32mBuilding C object CMakeFiles/ros_robot_controller_msgs__rosidl_generator_py.dir/rosidl_generator_py/ros_robot_controller_msgs/msg/_set_bus_servo_state_s.c.o[0m
[ 90%] [32mBuilding C object CMakeFiles/ros_robot_controller_msgs__rosidl_generator_py.dir/rosidl_generator_py/ros_robot_controller_msgs/msg/_servo_position_s.c.o[0m
[ 90%] [32mBuilding C object CMakeFiles/ros_robot_controller_msgs__rosidl_generator_py.dir/rosidl_generator_py/ros_robot_controller_msgs/msg/_servos_position_s.c.o[0m
[ 91%] [32mBuilding C object CMakeFiles/ros_robot_controller_msgs__rosidl_generator_py.dir/rosidl_generator_py/ros_robot_controller_msgs/msg/_set_pwm_servo_state_s.c.o[0m
[ 92%] [32mBuilding C object CMakeFiles/ros_robot_controller_msgs__rosidl_generator_py.dir/rosidl_generator_py/ros_robot_controller_msgs/msg/_get_bus_servo_cmd_s.c.o[0m
[ 92%] [32mBuilding C object CMakeFiles/ros_robot_controller_msgs__rosidl_generator_py.dir/rosidl_generator_py/ros_robot_controller_msgs/msg/_get_pwm_servo_cmd_s.c.o[0m
[ 93%] [32mBuilding C object CMakeFiles/ros_robot_controller_msgs__rosidl_generator_py.dir/rosidl_generator_py/ros_robot_controller_msgs/srv/_get_bus_servo_state_s.c.o[0m
[ 93%] [32mBuilding C object CMakeFiles/ros_robot_controller_msgs__rosidl_generator_py.dir/rosidl_generator_py/ros_robot_controller_msgs/srv/_get_pwm_servo_state_s.c.o[0m
[ 94%] [32mBuilding C object CMakeFiles/ros_robot_controller_msgs__rosidl_generator_py.dir/rosidl_generator_py/ros_robot_controller_msgs/msg/_buzzer_state_s.c.o[0m
[ 95%] [32mBuilding C object CMakeFiles/ros_robot_controller_msgs__rosidl_generator_py.dir/rosidl_generator_py/ros_robot_controller_msgs/msg/_button_state_s.c.o[0m
[ 96%] [32m[1mLinking C shared library rosidl_generator_py/ros_robot_controller_msgs/libros_robot_controller_msgs__rosidl_generator_py.so[0m
[ 96%] Built target ros_robot_controller_msgs__rosidl_generator_py
[ 97%] [32mBuilding C object CMakeFiles/ros_robot_controller_msgs__rosidl_typesupport_fastrtps_c__pyext.dir/rosidl_generator_py/ros_robot_controller_msgs/_ros_robot_controller_msgs_s.ep.rosidl_typesupport_fastrtps_c.c.o[0m
[ 97%] [32m[1mLinking C shared library rosidl_generator_py/ros_robot_controller_msgs/ros_robot_controller_msgs_s__rosidl_typesupport_fastrtps_c.cpython-310-aarch64-linux-gnu.so[0m
[ 97%] Built target ros_robot_controller_msgs__rosidl_typesupport_fastrtps_c__pyext
[ 98%] [32mBuilding C object CMakeFiles/ros_robot_controller_msgs__rosidl_typesupport_c__pyext.dir/rosidl_generator_py/ros_robot_controller_msgs/_ros_robot_controller_msgs_s.ep.rosidl_typesupport_c.c.o[0m
[ 98%] [32m[1mLinking C shared library rosidl_generator_py/ros_robot_controller_msgs/ros_robot_controller_msgs_s__rosidl_typesupport_c.cpython-310-aarch64-linux-gnu.so[0m
[ 98%] Built target ros_robot_controller_msgs__rosidl_typesupport_c__pyext
[ 99%] [32mBuilding C object CMakeFiles/ros_robot_controller_msgs__rosidl_typesupport_introspection_c__pyext.dir/rosidl_generator_py/ros_robot_controller_msgs/_ros_robot_controller_msgs_s.ep.rosidl_typesupport_introspection_c.c.o[0m
[100%] [32m[1mLinking C shared library rosidl_generator_py/ros_robot_controller_msgs/ros_robot_controller_msgs_s__rosidl_typesupport_introspection_c.cpython-310-aarch64-linux-gnu.so[0m
[100%] Built target ros_robot_controller_msgs__rosidl_typesupport_introspection_c__pyext
