[0.496s] Invoking command in '/home/ubuntu/ros2_wsorincp/build/ros_robot_controller_msgs': CMAKE_PREFIX_PATH=/opt/ros/humble /usr/bin/cmake /home/ubuntu/ros2_wsorincp/ros2_core_examples/src/ros_robot_controller_msgs -DCMAKE_INSTALL_PREFIX=/home/ubuntu/ros2_wsorincp/install/ros_robot_controller_msgs
[0.897s] -- Found ament_cmake: 1.3.9 (/opt/ros/humble/share/ament_cmake/cmake)
[2.099s] -- Found Python3: /usr/bin/python3 (found version "3.10.12") found components: Interpreter 
[2.589s] -- Found std_msgs: 4.2.4 (/opt/ros/humble/share/std_msgs/cmake)
[2.966s] -- Found rosidl_generator_c: 3.1.5 (/opt/ros/humble/share/rosidl_generator_c/cmake)
[3.020s] -- Found rosidl_adapter: 3.1.5 (/opt/ros/humble/share/rosidl_adapter/cmake)
[3.251s] -- Found rosidl_generator_cpp: 3.1.5 (/opt/ros/humble/share/rosidl_generator_cpp/cmake)
[3.397s] -- Using all available rosidl_typesupport_c: rosidl_typesupport_fastrtps_c;rosidl_typesupport_introspection_c
[3.530s] -- Using all available rosidl_typesupport_cpp: rosidl_typesupport_fastrtps_cpp;rosidl_typesupport_introspection_cpp
[3.807s] -- Found rosidl_default_generators: 1.2.0 (/opt/ros/humble/share/rosidl_default_generators/cmake)
[5.475s] -- Found ament_cmake_ros: 0.10.0 (/opt/ros/humble/share/ament_cmake_ros/cmake)
[6.456s] -- Using all available rosidl_typesupport_c: rosidl_typesupport_fastrtps_c;rosidl_typesupport_introspection_c
[7.125s] -- Using all available rosidl_typesupport_cpp: rosidl_typesupport_fastrtps_cpp;rosidl_typesupport_introspection_cpp
[7.266s] -- Found PythonInterp: /usr/bin/python3 (found suitable version "3.10.12", minimum required is "3.6") 
[7.618s] -- Found python_cmake_module: 0.10.0 (/opt/ros/humble/share/python_cmake_module/cmake)
[8.716s] -- Found PythonLibs: /usr/lib/aarch64-linux-gnu/libpython3.10.so (found suitable version "3.10.12", minimum required is "3.5") 
[8.717s] -- Using PYTHON_EXECUTABLE: /usr/bin/python3
[8.717s] -- Using PYTHON_INCLUDE_DIRS: /usr/include/python3.10
[8.717s] -- Using PYTHON_LIBRARIES: /usr/lib/aarch64-linux-gnu/libpython3.10.so
[8.756s] -- Found PythonExtra: .so  
[9.823s] -- Found ament_lint_auto: 0.12.11 (/opt/ros/humble/share/ament_lint_auto/cmake)
[15.496s] -- Added test 'copyright' to check source files copyright and LICENSE
[15.692s] -- Added test 'lint_cmake' to check CMake code style
[15.820s] -- Added test 'xmllint' to check XML markup files
[16.394s] -- Configuring done
[17.099s] -- Generating done
[17.104s] -- Build files have been written to: /home/ubuntu/ros2_wsorincp/build/ros_robot_controller_msgs
[17.115s] Invoked command in '/home/ubuntu/ros2_wsorincp/build/ros_robot_controller_msgs' returned '0': CMAKE_PREFIX_PATH=/opt/ros/humble /usr/bin/cmake /home/ubuntu/ros2_wsorincp/ros2_core_examples/src/ros_robot_controller_msgs -DCMAKE_INSTALL_PREFIX=/home/ubuntu/ros2_wsorincp/install/ros_robot_controller_msgs
[17.117s] Invoking command in '/home/ubuntu/ros2_wsorincp/build/ros_robot_controller_msgs': CMAKE_PREFIX_PATH=/opt/ros/humble /usr/bin/cmake --build /home/ubuntu/ros2_wsorincp/build/ros_robot_controller_msgs -- -j4 -l4
[17.170s] [  0%] [34m[1mGenerating C code for ROS interfaces[0m
[17.187s] [  0%] [34m[1mGenerating C++ code for ROS interfaces[0m
[17.195s] [  0%] Built target ament_cmake_python_copy_ros_robot_controller_msgs
[17.509s] running egg_info
[17.511s] creating ros_robot_controller_msgs.egg-info
[17.528s] writing ros_robot_controller_msgs.egg-info/PKG-INFO
[17.529s] writing dependency_links to ros_robot_controller_msgs.egg-info/dependency_links.txt
[17.529s] writing top-level names to ros_robot_controller_msgs.egg-info/top_level.txt
[17.717s] writing manifest file 'ros_robot_controller_msgs.egg-info/SOURCES.txt'
[17.820s] reading manifest file 'ros_robot_controller_msgs.egg-info/SOURCES.txt'
[17.821s] writing manifest file 'ros_robot_controller_msgs.egg-info/SOURCES.txt'
[17.895s] [  0%] Built target ament_cmake_python_build_ros_robot_controller_msgs_egg
[22.996s] [  0%] Built target ros_robot_controller_msgs__cpp
[23.025s] [  1%] [34m[1mGenerating C++ type support dispatch for ROS interfaces[0m
[23.079s] [  2%] [34m[1mGenerating C++ type support for eProsima Fast-RTPS[0m
[23.112s] [  2%] [34m[1mGenerating C++ introspection for ROS interfaces[0m
[23.974s] [  3%] [32mBuilding C object CMakeFiles/ros_robot_controller_msgs__rosidl_generator_c.dir/rosidl_generator_c/ros_robot_controller_msgs/msg/detail/bus_servo_state__functions.c.o[0m
[25.223s] [  3%] [32mBuilding CXX object CMakeFiles/ros_robot_controller_msgs__rosidl_typesupport_cpp.dir/rosidl_typesupport_cpp/ros_robot_controller_msgs/msg/bus_servo_state__type_support.cpp.o[0m
[26.077s] [  4%] [32mBuilding CXX object CMakeFiles/ros_robot_controller_msgs__rosidl_typesupport_introspection_cpp.dir/rosidl_typesupport_introspection_cpp/ros_robot_controller_msgs/msg/detail/bus_servo_state__type_support.cpp.o[0m
[26.529s] [  5%] [32mBuilding CXX object CMakeFiles/ros_robot_controller_msgs__rosidl_typesupport_fastrtps_cpp.dir/rosidl_typesupport_fastrtps_cpp/ros_robot_controller_msgs/msg/detail/dds_fastrtps/bus_servo_state__type_support.cpp.o[0m
[28.598s] [  6%] [32mBuilding C object CMakeFiles/ros_robot_controller_msgs__rosidl_generator_c.dir/rosidl_generator_c/ros_robot_controller_msgs/msg/detail/button_state__functions.c.o[0m
[28.948s] [  6%] [32mBuilding C object CMakeFiles/ros_robot_controller_msgs__rosidl_generator_c.dir/rosidl_generator_c/ros_robot_controller_msgs/msg/detail/buzzer_state__functions.c.o[0m
[29.466s] [  7%] [32mBuilding C object CMakeFiles/ros_robot_controller_msgs__rosidl_generator_c.dir/rosidl_generator_c/ros_robot_controller_msgs/msg/detail/led_state__functions.c.o[0m
[29.933s] [  8%] [32mBuilding C object CMakeFiles/ros_robot_controller_msgs__rosidl_generator_c.dir/rosidl_generator_c/ros_robot_controller_msgs/msg/detail/motor_state__functions.c.o[0m
[30.242s] [  8%] [32mBuilding C object CMakeFiles/ros_robot_controller_msgs__rosidl_generator_c.dir/rosidl_generator_c/ros_robot_controller_msgs/msg/detail/motors_state__functions.c.o[0m
[30.681s] [  9%] [32mBuilding C object CMakeFiles/ros_robot_controller_msgs__rosidl_generator_c.dir/rosidl_generator_c/ros_robot_controller_msgs/msg/detail/pwm_servo_state__functions.c.o[0m
[31.047s] [  9%] [32mBuilding C object CMakeFiles/ros_robot_controller_msgs__rosidl_generator_c.dir/rosidl_generator_c/ros_robot_controller_msgs/msg/detail/sbus__functions.c.o[0m
[33.370s] [ 10%] [32mBuilding C object CMakeFiles/ros_robot_controller_msgs__rosidl_generator_c.dir/rosidl_generator_c/ros_robot_controller_msgs/msg/detail/oled_state__functions.c.o[0m
[33.847s] [ 11%] [32mBuilding C object CMakeFiles/ros_robot_controller_msgs__rosidl_generator_c.dir/rosidl_generator_c/ros_robot_controller_msgs/msg/detail/set_bus_servo_state__functions.c.o[0m
[34.200s] [ 11%] [32mBuilding C object CMakeFiles/ros_robot_controller_msgs__rosidl_generator_c.dir/rosidl_generator_c/ros_robot_controller_msgs/msg/detail/servo_position__functions.c.o[0m
[34.581s] [ 12%] [32mBuilding C object CMakeFiles/ros_robot_controller_msgs__rosidl_generator_c.dir/rosidl_generator_c/ros_robot_controller_msgs/msg/detail/servos_position__functions.c.o[0m
[34.659s] [ 13%] [32mBuilding CXX object CMakeFiles/ros_robot_controller_msgs__rosidl_typesupport_cpp.dir/rosidl_typesupport_cpp/ros_robot_controller_msgs/msg/button_state__type_support.cpp.o[0m
[34.774s] [ 14%] [32mBuilding C object CMakeFiles/ros_robot_controller_msgs__rosidl_generator_c.dir/rosidl_generator_c/ros_robot_controller_msgs/msg/detail/set_pwm_servo_state__functions.c.o[0m
[34.998s] [ 14%] [32mBuilding C object CMakeFiles/ros_robot_controller_msgs__rosidl_generator_c.dir/rosidl_generator_c/ros_robot_controller_msgs/msg/detail/get_bus_servo_cmd__functions.c.o[0m
[35.246s] [ 16%] [32mBuilding C object CMakeFiles/ros_robot_controller_msgs__rosidl_generator_c.dir/rosidl_generator_c/ros_robot_controller_msgs/msg/detail/get_pwm_servo_cmd__functions.c.o[0m
[35.246s] [ 16%] [32mBuilding CXX object CMakeFiles/ros_robot_controller_msgs__rosidl_typesupport_cpp.dir/rosidl_typesupport_cpp/ros_robot_controller_msgs/msg/buzzer_state__type_support.cpp.o[0m
[35.579s] [ 16%] [32mBuilding C object CMakeFiles/ros_robot_controller_msgs__rosidl_generator_c.dir/rosidl_generator_c/ros_robot_controller_msgs/srv/detail/get_bus_servo_state__functions.c.o[0m
[35.736s] [ 16%] [32mBuilding CXX object CMakeFiles/ros_robot_controller_msgs__rosidl_typesupport_introspection_cpp.dir/rosidl_typesupport_introspection_cpp/ros_robot_controller_msgs/msg/detail/button_state__type_support.cpp.o[0m
[35.788s] [ 17%] [32mBuilding C object CMakeFiles/ros_robot_controller_msgs__rosidl_generator_c.dir/rosidl_generator_c/ros_robot_controller_msgs/srv/detail/get_pwm_servo_state__functions.c.o[0m
[35.803s] [ 17%] [32mBuilding CXX object CMakeFiles/ros_robot_controller_msgs__rosidl_typesupport_cpp.dir/rosidl_typesupport_cpp/ros_robot_controller_msgs/msg/led_state__type_support.cpp.o[0m
[35.982s] [ 18%] [32m[1mLinking C shared library libros_robot_controller_msgs__rosidl_generator_c.so[0m
[36.426s] [ 19%] [32mBuilding CXX object CMakeFiles/ros_robot_controller_msgs__rosidl_typesupport_cpp.dir/rosidl_typesupport_cpp/ros_robot_controller_msgs/msg/motor_state__type_support.cpp.o[0m
[36.542s] [ 19%] Built target ros_robot_controller_msgs__rosidl_generator_c
[36.819s] [ 20%] [32mBuilding CXX object CMakeFiles/ros_robot_controller_msgs__rosidl_typesupport_introspection_cpp.dir/rosidl_typesupport_introspection_cpp/ros_robot_controller_msgs/msg/detail/buzzer_state__type_support.cpp.o[0m
[36.908s] [ 21%] [32mBuilding CXX object CMakeFiles/ros_robot_controller_msgs__rosidl_typesupport_cpp.dir/rosidl_typesupport_cpp/ros_robot_controller_msgs/msg/motors_state__type_support.cpp.o[0m
[37.116s] [ 21%] [32mBuilding CXX object CMakeFiles/ros_robot_controller_msgs__rosidl_typesupport_fastrtps_cpp.dir/rosidl_typesupport_fastrtps_cpp/ros_robot_controller_msgs/msg/detail/dds_fastrtps/button_state__type_support.cpp.o[0m
[37.658s] [ 22%] [32mBuilding CXX object CMakeFiles/ros_robot_controller_msgs__rosidl_typesupport_introspection_cpp.dir/rosidl_typesupport_introspection_cpp/ros_robot_controller_msgs/msg/detail/led_state__type_support.cpp.o[0m
[37.734s] [ 22%] [32mBuilding CXX object CMakeFiles/ros_robot_controller_msgs__rosidl_typesupport_cpp.dir/rosidl_typesupport_cpp/ros_robot_controller_msgs/msg/pwm_servo_state__type_support.cpp.o[0m
[37.856s] [ 23%] [32mBuilding CXX object CMakeFiles/ros_robot_controller_msgs__rosidl_typesupport_fastrtps_cpp.dir/rosidl_typesupport_fastrtps_cpp/ros_robot_controller_msgs/msg/detail/dds_fastrtps/buzzer_state__type_support.cpp.o[0m
[38.241s] [ 24%] [32mBuilding CXX object CMakeFiles/ros_robot_controller_msgs__rosidl_typesupport_cpp.dir/rosidl_typesupport_cpp/ros_robot_controller_msgs/msg/sbus__type_support.cpp.o[0m
[38.437s] [ 24%] [32mBuilding CXX object CMakeFiles/ros_robot_controller_msgs__rosidl_typesupport_introspection_cpp.dir/rosidl_typesupport_introspection_cpp/ros_robot_controller_msgs/msg/detail/motor_state__type_support.cpp.o[0m
[38.621s] [ 25%] [32mBuilding CXX object CMakeFiles/ros_robot_controller_msgs__rosidl_typesupport_fastrtps_cpp.dir/rosidl_typesupport_fastrtps_cpp/ros_robot_controller_msgs/msg/detail/dds_fastrtps/led_state__type_support.cpp.o[0m
[39.019s] [ 26%] [32mBuilding CXX object CMakeFiles/ros_robot_controller_msgs__rosidl_typesupport_cpp.dir/rosidl_typesupport_cpp/ros_robot_controller_msgs/msg/oled_state__type_support.cpp.o[0m
[39.091s] [ 27%] [32mBuilding CXX object CMakeFiles/ros_robot_controller_msgs__rosidl_typesupport_introspection_cpp.dir/rosidl_typesupport_introspection_cpp/ros_robot_controller_msgs/msg/detail/motors_state__type_support.cpp.o[0m
[39.418s] [ 27%] [32mBuilding CXX object CMakeFiles/ros_robot_controller_msgs__rosidl_typesupport_fastrtps_cpp.dir/rosidl_typesupport_fastrtps_cpp/ros_robot_controller_msgs/msg/detail/dds_fastrtps/motor_state__type_support.cpp.o[0m
[39.519s] [ 27%] [32mBuilding CXX object CMakeFiles/ros_robot_controller_msgs__rosidl_typesupport_cpp.dir/rosidl_typesupport_cpp/ros_robot_controller_msgs/msg/set_bus_servo_state__type_support.cpp.o[0m
[39.914s] [ 28%] [32mBuilding CXX object CMakeFiles/ros_robot_controller_msgs__rosidl_typesupport_introspection_cpp.dir/rosidl_typesupport_introspection_cpp/ros_robot_controller_msgs/msg/detail/pwm_servo_state__type_support.cpp.o[0m
[40.050s] [ 29%] [32mBuilding CXX object CMakeFiles/ros_robot_controller_msgs__rosidl_typesupport_cpp.dir/rosidl_typesupport_cpp/ros_robot_controller_msgs/msg/servo_position__type_support.cpp.o[0m
[40.153s] [ 30%] [32mBuilding CXX object CMakeFiles/ros_robot_controller_msgs__rosidl_typesupport_fastrtps_cpp.dir/rosidl_typesupport_fastrtps_cpp/ros_robot_controller_msgs/msg/detail/dds_fastrtps/motors_state__type_support.cpp.o[0m
[40.576s] [ 30%] [32mBuilding CXX object CMakeFiles/ros_robot_controller_msgs__rosidl_typesupport_cpp.dir/rosidl_typesupport_cpp/ros_robot_controller_msgs/msg/servos_position__type_support.cpp.o[0m
[40.754s] [ 30%] [32mBuilding CXX object CMakeFiles/ros_robot_controller_msgs__rosidl_typesupport_introspection_cpp.dir/rosidl_typesupport_introspection_cpp/ros_robot_controller_msgs/msg/detail/sbus__type_support.cpp.o[0m
[41.007s] [ 30%] [32mBuilding CXX object CMakeFiles/ros_robot_controller_msgs__rosidl_typesupport_fastrtps_cpp.dir/rosidl_typesupport_fastrtps_cpp/ros_robot_controller_msgs/msg/detail/dds_fastrtps/pwm_servo_state__type_support.cpp.o[0m
[41.100s] [ 31%] [32mBuilding CXX object CMakeFiles/ros_robot_controller_msgs__rosidl_typesupport_cpp.dir/rosidl_typesupport_cpp/ros_robot_controller_msgs/msg/set_pwm_servo_state__type_support.cpp.o[0m
[41.519s] [ 32%] [32mBuilding CXX object CMakeFiles/ros_robot_controller_msgs__rosidl_typesupport_introspection_cpp.dir/rosidl_typesupport_introspection_cpp/ros_robot_controller_msgs/msg/detail/oled_state__type_support.cpp.o[0m
[41.670s] [ 33%] [32mBuilding CXX object CMakeFiles/ros_robot_controller_msgs__rosidl_typesupport_cpp.dir/rosidl_typesupport_cpp/ros_robot_controller_msgs/msg/get_bus_servo_cmd__type_support.cpp.o[0m
[42.003s] [ 34%] [32mBuilding CXX object CMakeFiles/ros_robot_controller_msgs__rosidl_typesupport_fastrtps_cpp.dir/rosidl_typesupport_fastrtps_cpp/ros_robot_controller_msgs/msg/detail/dds_fastrtps/sbus__type_support.cpp.o[0m
[42.296s] [ 34%] [32mBuilding CXX object CMakeFiles/ros_robot_controller_msgs__rosidl_typesupport_cpp.dir/rosidl_typesupport_cpp/ros_robot_controller_msgs/msg/get_pwm_servo_cmd__type_support.cpp.o[0m
[42.422s] [ 34%] [32mBuilding CXX object CMakeFiles/ros_robot_controller_msgs__rosidl_typesupport_introspection_cpp.dir/rosidl_typesupport_introspection_cpp/ros_robot_controller_msgs/msg/detail/set_bus_servo_state__type_support.cpp.o[0m
[42.839s] [ 35%] [32mBuilding CXX object CMakeFiles/ros_robot_controller_msgs__rosidl_typesupport_cpp.dir/rosidl_typesupport_cpp/ros_robot_controller_msgs/srv/get_bus_servo_state__type_support.cpp.o[0m
[42.898s] [ 36%] [32mBuilding CXX object CMakeFiles/ros_robot_controller_msgs__rosidl_typesupport_fastrtps_cpp.dir/rosidl_typesupport_fastrtps_cpp/ros_robot_controller_msgs/msg/detail/dds_fastrtps/oled_state__type_support.cpp.o[0m
[43.374s] [ 37%] [32mBuilding CXX object CMakeFiles/ros_robot_controller_msgs__rosidl_typesupport_introspection_cpp.dir/rosidl_typesupport_introspection_cpp/ros_robot_controller_msgs/msg/detail/servo_position__type_support.cpp.o[0m
[43.617s] [ 38%] [32mBuilding CXX object CMakeFiles/ros_robot_controller_msgs__rosidl_typesupport_cpp.dir/rosidl_typesupport_cpp/ros_robot_controller_msgs/srv/get_pwm_servo_state__type_support.cpp.o[0m
[43.679s] [ 38%] [32mBuilding CXX object CMakeFiles/ros_robot_controller_msgs__rosidl_typesupport_fastrtps_cpp.dir/rosidl_typesupport_fastrtps_cpp/ros_robot_controller_msgs/msg/detail/dds_fastrtps/set_bus_servo_state__type_support.cpp.o[0m
[44.102s] [ 39%] [32mBuilding CXX object CMakeFiles/ros_robot_controller_msgs__rosidl_typesupport_introspection_cpp.dir/rosidl_typesupport_introspection_cpp/ros_robot_controller_msgs/msg/detail/servos_position__type_support.cpp.o[0m
[44.166s] [ 39%] [32m[1mLinking CXX shared library libros_robot_controller_msgs__rosidl_typesupport_cpp.so[0m
[44.558s] [ 40%] [32mBuilding CXX object CMakeFiles/ros_robot_controller_msgs__rosidl_typesupport_fastrtps_cpp.dir/rosidl_typesupport_fastrtps_cpp/ros_robot_controller_msgs/msg/detail/dds_fastrtps/servo_position__type_support.cpp.o[0m
[44.564s] [ 40%] Built target ros_robot_controller_msgs__rosidl_typesupport_cpp
[44.827s] [ 40%] [32mBuilding CXX object CMakeFiles/ros_robot_controller_msgs__rosidl_typesupport_introspection_cpp.dir/rosidl_typesupport_introspection_cpp/ros_robot_controller_msgs/msg/detail/set_pwm_servo_state__type_support.cpp.o[0m
[45.225s] [ 41%] [32mBuilding CXX object CMakeFiles/ros_robot_controller_msgs__rosidl_typesupport_fastrtps_cpp.dir/rosidl_typesupport_fastrtps_cpp/ros_robot_controller_msgs/msg/detail/dds_fastrtps/servos_position__type_support.cpp.o[0m
[45.674s] [ 42%] [32mBuilding CXX object CMakeFiles/ros_robot_controller_msgs__rosidl_typesupport_introspection_cpp.dir/rosidl_typesupport_introspection_cpp/ros_robot_controller_msgs/msg/detail/get_bus_servo_cmd__type_support.cpp.o[0m
[45.987s] [ 42%] [32mBuilding CXX object CMakeFiles/ros_robot_controller_msgs__rosidl_typesupport_fastrtps_cpp.dir/rosidl_typesupport_fastrtps_cpp/ros_robot_controller_msgs/msg/detail/dds_fastrtps/set_pwm_servo_state__type_support.cpp.o[0m
[46.355s] [ 43%] [32mBuilding CXX object CMakeFiles/ros_robot_controller_msgs__rosidl_typesupport_introspection_cpp.dir/rosidl_typesupport_introspection_cpp/ros_robot_controller_msgs/msg/detail/get_pwm_servo_cmd__type_support.cpp.o[0m
[46.821s] [ 44%] [32mBuilding CXX object CMakeFiles/ros_robot_controller_msgs__rosidl_typesupport_fastrtps_cpp.dir/rosidl_typesupport_fastrtps_cpp/ros_robot_controller_msgs/msg/detail/dds_fastrtps/get_bus_servo_cmd__type_support.cpp.o[0m
[46.997s] [ 44%] [32mBuilding CXX object CMakeFiles/ros_robot_controller_msgs__rosidl_typesupport_introspection_cpp.dir/rosidl_typesupport_introspection_cpp/ros_robot_controller_msgs/srv/detail/get_bus_servo_state__type_support.cpp.o[0m
[47.559s] [ 44%] [32mBuilding CXX object CMakeFiles/ros_robot_controller_msgs__rosidl_typesupport_fastrtps_cpp.dir/rosidl_typesupport_fastrtps_cpp/ros_robot_controller_msgs/msg/detail/dds_fastrtps/get_pwm_servo_cmd__type_support.cpp.o[0m
[48.194s] [ 45%] [32mBuilding CXX object CMakeFiles/ros_robot_controller_msgs__rosidl_typesupport_fastrtps_cpp.dir/rosidl_typesupport_fastrtps_cpp/ros_robot_controller_msgs/srv/detail/dds_fastrtps/get_bus_servo_state__type_support.cpp.o[0m
[48.348s] [ 46%] [32mBuilding CXX object CMakeFiles/ros_robot_controller_msgs__rosidl_typesupport_introspection_cpp.dir/rosidl_typesupport_introspection_cpp/ros_robot_controller_msgs/srv/detail/get_pwm_servo_state__type_support.cpp.o[0m
[49.239s] [ 47%] [32m[1mLinking CXX shared library libros_robot_controller_msgs__rosidl_typesupport_introspection_cpp.so[0m
[49.674s] [ 47%] Built target ros_robot_controller_msgs__rosidl_typesupport_introspection_cpp
[50.589s] [ 48%] [32mBuilding CXX object CMakeFiles/ros_robot_controller_msgs__rosidl_typesupport_fastrtps_cpp.dir/rosidl_typesupport_fastrtps_cpp/ros_robot_controller_msgs/srv/detail/dds_fastrtps/get_pwm_servo_state__type_support.cpp.o[0m
[51.277s] [ 48%] [32m[1mLinking CXX shared library libros_robot_controller_msgs__rosidl_typesupport_fastrtps_cpp.so[0m
[51.784s] [ 48%] Built target ros_robot_controller_msgs__rosidl_typesupport_fastrtps_cpp
[51.796s] [ 49%] [34m[1mGenerating C type support dispatch for ROS interfaces[0m
[53.146s] [ 49%] [32mBuilding CXX object CMakeFiles/ros_robot_controller_msgs__rosidl_typesupport_c.dir/rosidl_typesupport_c/ros_robot_controller_msgs/msg/bus_servo_state__type_support.cpp.o[0m
[53.414s] [ 50%] [32mBuilding CXX object CMakeFiles/ros_robot_controller_msgs__rosidl_typesupport_c.dir/rosidl_typesupport_c/ros_robot_controller_msgs/msg/button_state__type_support.cpp.o[0m
[53.512s] [ 51%] [32mBuilding CXX object CMakeFiles/ros_robot_controller_msgs__rosidl_typesupport_c.dir/rosidl_typesupport_c/ros_robot_controller_msgs/msg/buzzer_state__type_support.cpp.o[0m
[53.623s] [ 51%] [32mBuilding CXX object CMakeFiles/ros_robot_controller_msgs__rosidl_typesupport_c.dir/rosidl_typesupport_c/ros_robot_controller_msgs/msg/led_state__type_support.cpp.o[0m
[53.693s] [ 52%] [32mBuilding CXX object CMakeFiles/ros_robot_controller_msgs__rosidl_typesupport_c.dir/rosidl_typesupport_c/ros_robot_controller_msgs/msg/motor_state__type_support.cpp.o[0m
[53.779s] [ 52%] [32mBuilding CXX object CMakeFiles/ros_robot_controller_msgs__rosidl_typesupport_c.dir/rosidl_typesupport_c/ros_robot_controller_msgs/msg/motors_state__type_support.cpp.o[0m
[53.864s] [ 53%] [32mBuilding CXX object CMakeFiles/ros_robot_controller_msgs__rosidl_typesupport_c.dir/rosidl_typesupport_c/ros_robot_controller_msgs/msg/pwm_servo_state__type_support.cpp.o[0m
[53.936s] [ 54%] [32mBuilding CXX object CMakeFiles/ros_robot_controller_msgs__rosidl_typesupport_c.dir/rosidl_typesupport_c/ros_robot_controller_msgs/msg/sbus__type_support.cpp.o[0m
[54.046s] [ 54%] [32mBuilding CXX object CMakeFiles/ros_robot_controller_msgs__rosidl_typesupport_c.dir/rosidl_typesupport_c/ros_robot_controller_msgs/msg/oled_state__type_support.cpp.o[0m
[54.143s] [ 55%] [32mBuilding CXX object CMakeFiles/ros_robot_controller_msgs__rosidl_typesupport_c.dir/rosidl_typesupport_c/ros_robot_controller_msgs/msg/set_bus_servo_state__type_support.cpp.o[0m
[54.308s] [ 56%] [32mBuilding CXX object CMakeFiles/ros_robot_controller_msgs__rosidl_typesupport_c.dir/rosidl_typesupport_c/ros_robot_controller_msgs/msg/servo_position__type_support.cpp.o[0m
[54.520s] [ 56%] [32mBuilding CXX object CMakeFiles/ros_robot_controller_msgs__rosidl_typesupport_c.dir/rosidl_typesupport_c/ros_robot_controller_msgs/msg/servos_position__type_support.cpp.o[0m
[54.646s] [ 57%] [32mBuilding CXX object CMakeFiles/ros_robot_controller_msgs__rosidl_typesupport_c.dir/rosidl_typesupport_c/ros_robot_controller_msgs/msg/set_pwm_servo_state__type_support.cpp.o[0m
[54.742s] [ 57%] [32mBuilding CXX object CMakeFiles/ros_robot_controller_msgs__rosidl_typesupport_c.dir/rosidl_typesupport_c/ros_robot_controller_msgs/msg/get_bus_servo_cmd__type_support.cpp.o[0m
[54.852s] [ 58%] [32mBuilding CXX object CMakeFiles/ros_robot_controller_msgs__rosidl_typesupport_c.dir/rosidl_typesupport_c/ros_robot_controller_msgs/msg/get_pwm_servo_cmd__type_support.cpp.o[0m
[54.961s] [ 59%] [32mBuilding CXX object CMakeFiles/ros_robot_controller_msgs__rosidl_typesupport_c.dir/rosidl_typesupport_c/ros_robot_controller_msgs/srv/get_bus_servo_state__type_support.cpp.o[0m
[55.180s] [ 59%] [32mBuilding CXX object CMakeFiles/ros_robot_controller_msgs__rosidl_typesupport_c.dir/rosidl_typesupport_c/ros_robot_controller_msgs/srv/get_pwm_servo_state__type_support.cpp.o[0m
[55.307s] [ 60%] [32m[1mLinking CXX shared library libros_robot_controller_msgs__rosidl_typesupport_c.so[0m
[55.488s] [ 60%] Built target ros_robot_controller_msgs__rosidl_typesupport_c
[55.504s] [ 61%] [34m[1mGenerating C introspection for ROS interfaces[0m
[57.617s] [ 62%] [32mBuilding C object CMakeFiles/ros_robot_controller_msgs__rosidl_typesupport_introspection_c.dir/rosidl_typesupport_introspection_c/ros_robot_controller_msgs/msg/detail/bus_servo_state__type_support.c.o[0m
[57.928s] [ 63%] [32mBuilding C object CMakeFiles/ros_robot_controller_msgs__rosidl_typesupport_introspection_c.dir/rosidl_typesupport_introspection_c/ros_robot_controller_msgs/msg/detail/buzzer_state__type_support.c.o[0m
[58.058s] [ 63%] [32mBuilding C object CMakeFiles/ros_robot_controller_msgs__rosidl_typesupport_introspection_c.dir/rosidl_typesupport_introspection_c/ros_robot_controller_msgs/msg/detail/led_state__type_support.c.o[0m
[58.124s] [ 64%] [32mBuilding C object CMakeFiles/ros_robot_controller_msgs__rosidl_typesupport_introspection_c.dir/rosidl_typesupport_introspection_c/ros_robot_controller_msgs/msg/detail/motor_state__type_support.c.o[0m
[58.220s] [ 65%] [32mBuilding C object CMakeFiles/ros_robot_controller_msgs__rosidl_typesupport_introspection_c.dir/rosidl_typesupport_introspection_c/ros_robot_controller_msgs/msg/detail/motors_state__type_support.c.o[0m
[58.315s] [ 65%] [32mBuilding C object CMakeFiles/ros_robot_controller_msgs__rosidl_typesupport_introspection_c.dir/rosidl_typesupport_introspection_c/ros_robot_controller_msgs/msg/detail/pwm_servo_state__type_support.c.o[0m
[58.410s] [ 66%] [32mBuilding C object CMakeFiles/ros_robot_controller_msgs__rosidl_typesupport_introspection_c.dir/rosidl_typesupport_introspection_c/ros_robot_controller_msgs/msg/detail/sbus__type_support.c.o[0m
[58.874s] [ 67%] [32mBuilding C object CMakeFiles/ros_robot_controller_msgs__rosidl_typesupport_introspection_c.dir/rosidl_typesupport_introspection_c/ros_robot_controller_msgs/msg/detail/oled_state__type_support.c.o[0m
[58.937s] [ 67%] [32mBuilding C object CMakeFiles/ros_robot_controller_msgs__rosidl_typesupport_introspection_c.dir/rosidl_typesupport_introspection_c/ros_robot_controller_msgs/msg/detail/set_bus_servo_state__type_support.c.o[0m
[59.031s] [ 68%] [32mBuilding C object CMakeFiles/ros_robot_controller_msgs__rosidl_typesupport_introspection_c.dir/rosidl_typesupport_introspection_c/ros_robot_controller_msgs/msg/detail/servo_position__type_support.c.o[0m
[59.089s] [ 69%] [32mBuilding C object CMakeFiles/ros_robot_controller_msgs__rosidl_typesupport_introspection_c.dir/rosidl_typesupport_introspection_c/ros_robot_controller_msgs/msg/detail/servos_position__type_support.c.o[0m
[59.175s] [ 69%] [32mBuilding C object CMakeFiles/ros_robot_controller_msgs__rosidl_typesupport_introspection_c.dir/rosidl_typesupport_introspection_c/ros_robot_controller_msgs/msg/detail/set_pwm_servo_state__type_support.c.o[0m
[59.254s] [ 70%] [32mBuilding C object CMakeFiles/ros_robot_controller_msgs__rosidl_typesupport_introspection_c.dir/rosidl_typesupport_introspection_c/ros_robot_controller_msgs/msg/detail/get_bus_servo_cmd__type_support.c.o[0m
[59.345s] [ 70%] [32mBuilding C object CMakeFiles/ros_robot_controller_msgs__rosidl_typesupport_introspection_c.dir/rosidl_typesupport_introspection_c/ros_robot_controller_msgs/msg/detail/get_pwm_servo_cmd__type_support.c.o[0m
[59.450s] [ 71%] [32mBuilding C object CMakeFiles/ros_robot_controller_msgs__rosidl_typesupport_introspection_c.dir/rosidl_typesupport_introspection_c/ros_robot_controller_msgs/srv/detail/get_bus_servo_state__type_support.c.o[0m
[59.561s] [ 72%] [32mBuilding C object CMakeFiles/ros_robot_controller_msgs__rosidl_typesupport_introspection_c.dir/rosidl_typesupport_introspection_c/ros_robot_controller_msgs/srv/detail/get_pwm_servo_state__type_support.c.o[0m
[59.628s] [ 72%] [32mBuilding C object CMakeFiles/ros_robot_controller_msgs__rosidl_typesupport_introspection_c.dir/rosidl_typesupport_introspection_c/ros_robot_controller_msgs/msg/detail/button_state__type_support.c.o[0m
[59.718s] [ 72%] [32m[1mLinking C shared library libros_robot_controller_msgs__rosidl_typesupport_introspection_c.so[0m
[59.902s] [ 72%] Built target ros_robot_controller_msgs__rosidl_typesupport_introspection_c
[59.915s] [ 73%] [34m[1mGenerating C type support for eProsima Fast-RTPS[0m
[61.896s] [ 73%] [32mBuilding CXX object CMakeFiles/ros_robot_controller_msgs__rosidl_typesupport_fastrtps_c.dir/rosidl_typesupport_fastrtps_c/ros_robot_controller_msgs/msg/detail/bus_servo_state__type_support_c.cpp.o[0m
[62.959s] [ 73%] [32mBuilding CXX object CMakeFiles/ros_robot_controller_msgs__rosidl_typesupport_fastrtps_c.dir/rosidl_typesupport_fastrtps_c/ros_robot_controller_msgs/msg/detail/led_state__type_support_c.cpp.o[0m
[66.412s] [ 74%] [32mBuilding CXX object CMakeFiles/ros_robot_controller_msgs__rosidl_typesupport_fastrtps_c.dir/rosidl_typesupport_fastrtps_c/ros_robot_controller_msgs/msg/detail/motor_state__type_support_c.cpp.o[0m
[67.000s] [ 75%] [32mBuilding CXX object CMakeFiles/ros_robot_controller_msgs__rosidl_typesupport_fastrtps_c.dir/rosidl_typesupport_fastrtps_c/ros_robot_controller_msgs/msg/detail/motors_state__type_support_c.cpp.o[0m
[67.563s] [ 75%] [32mBuilding CXX object CMakeFiles/ros_robot_controller_msgs__rosidl_typesupport_fastrtps_c.dir/rosidl_typesupport_fastrtps_c/ros_robot_controller_msgs/msg/detail/pwm_servo_state__type_support_c.cpp.o[0m
[68.081s] [ 76%] [32mBuilding CXX object CMakeFiles/ros_robot_controller_msgs__rosidl_typesupport_fastrtps_c.dir/rosidl_typesupport_fastrtps_c/ros_robot_controller_msgs/msg/detail/sbus__type_support_c.cpp.o[0m
[68.580s] [ 76%] [32mBuilding CXX object CMakeFiles/ros_robot_controller_msgs__rosidl_typesupport_fastrtps_c.dir/rosidl_typesupport_fastrtps_c/ros_robot_controller_msgs/msg/detail/oled_state__type_support_c.cpp.o[0m
[69.146s] [ 77%] [32mBuilding CXX object CMakeFiles/ros_robot_controller_msgs__rosidl_typesupport_fastrtps_c.dir/rosidl_typesupport_fastrtps_c/ros_robot_controller_msgs/msg/detail/set_bus_servo_state__type_support_c.cpp.o[0m
[69.625s] [ 78%] [32mBuilding CXX object CMakeFiles/ros_robot_controller_msgs__rosidl_typesupport_fastrtps_c.dir/rosidl_typesupport_fastrtps_c/ros_robot_controller_msgs/msg/detail/servo_position__type_support_c.cpp.o[0m
[70.124s] [ 78%] [32mBuilding CXX object CMakeFiles/ros_robot_controller_msgs__rosidl_typesupport_fastrtps_c.dir/rosidl_typesupport_fastrtps_c/ros_robot_controller_msgs/msg/detail/servos_position__type_support_c.cpp.o[0m
[70.621s] [ 79%] [32mBuilding CXX object CMakeFiles/ros_robot_controller_msgs__rosidl_typesupport_fastrtps_c.dir/rosidl_typesupport_fastrtps_c/ros_robot_controller_msgs/msg/detail/set_pwm_servo_state__type_support_c.cpp.o[0m
[71.135s] [ 80%] [32mBuilding CXX object CMakeFiles/ros_robot_controller_msgs__rosidl_typesupport_fastrtps_c.dir/rosidl_typesupport_fastrtps_c/ros_robot_controller_msgs/msg/detail/get_bus_servo_cmd__type_support_c.cpp.o[0m
[71.585s] [ 80%] [32mBuilding CXX object CMakeFiles/ros_robot_controller_msgs__rosidl_typesupport_fastrtps_c.dir/rosidl_typesupport_fastrtps_c/ros_robot_controller_msgs/msg/detail/get_pwm_servo_cmd__type_support_c.cpp.o[0m
[71.971s] [ 81%] [32mBuilding CXX object CMakeFiles/ros_robot_controller_msgs__rosidl_typesupport_fastrtps_c.dir/rosidl_typesupport_fastrtps_c/ros_robot_controller_msgs/srv/detail/get_bus_servo_state__type_support_c.cpp.o[0m
[72.683s] [ 82%] [32mBuilding CXX object CMakeFiles/ros_robot_controller_msgs__rosidl_typesupport_fastrtps_c.dir/rosidl_typesupport_fastrtps_c/ros_robot_controller_msgs/srv/detail/get_pwm_servo_state__type_support_c.cpp.o[0m
[73.158s] [ 83%] [32mBuilding CXX object CMakeFiles/ros_robot_controller_msgs__rosidl_typesupport_fastrtps_c.dir/rosidl_typesupport_fastrtps_c/ros_robot_controller_msgs/msg/detail/buzzer_state__type_support_c.cpp.o[0m
[73.597s] [ 84%] [32mBuilding CXX object CMakeFiles/ros_robot_controller_msgs__rosidl_typesupport_fastrtps_c.dir/rosidl_typesupport_fastrtps_c/ros_robot_controller_msgs/msg/detail/button_state__type_support_c.cpp.o[0m
[74.080s] [ 84%] [32m[1mLinking CXX shared library libros_robot_controller_msgs__rosidl_typesupport_fastrtps_c.so[0m
[74.641s] [ 84%] Built target ros_robot_controller_msgs__rosidl_typesupport_fastrtps_c
[74.718s] [ 84%] Built target ros_robot_controller_msgs
[74.741s] [ 85%] [34m[1mGenerating Python code for ROS interfaces[0m
[79.611s] [ 85%] Built target ros_robot_controller_msgs__py
[79.633s] [ 85%] [32mBuilding C object CMakeFiles/ros_robot_controller_msgs__rosidl_generator_py.dir/rosidl_generator_py/ros_robot_controller_msgs/msg/_bus_servo_state_s.c.o[0m
[85.300s] [ 85%] [32mBuilding C object CMakeFiles/ros_robot_controller_msgs__rosidl_generator_py.dir/rosidl_generator_py/ros_robot_controller_msgs/msg/_led_state_s.c.o[0m
[85.540s] [ 86%] [32mBuilding C object CMakeFiles/ros_robot_controller_msgs__rosidl_generator_py.dir/rosidl_generator_py/ros_robot_controller_msgs/msg/_motor_state_s.c.o[0m
[85.676s] [ 86%] [32mBuilding C object CMakeFiles/ros_robot_controller_msgs__rosidl_generator_py.dir/rosidl_generator_py/ros_robot_controller_msgs/msg/_motors_state_s.c.o[0m
[85.874s] [ 87%] [32mBuilding C object CMakeFiles/ros_robot_controller_msgs__rosidl_generator_py.dir/rosidl_generator_py/ros_robot_controller_msgs/msg/_pwm_servo_state_s.c.o[0m
[86.021s] [ 88%] [32mBuilding C object CMakeFiles/ros_robot_controller_msgs__rosidl_generator_py.dir/rosidl_generator_py/ros_robot_controller_msgs/msg/_sbus_s.c.o[0m
[86.196s] [ 88%] [32mBuilding C object CMakeFiles/ros_robot_controller_msgs__rosidl_generator_py.dir/rosidl_generator_py/ros_robot_controller_msgs/msg/_oled_state_s.c.o[0m
[86.330s] [ 89%] [32mBuilding C object CMakeFiles/ros_robot_controller_msgs__rosidl_generator_py.dir/rosidl_generator_py/ros_robot_controller_msgs/msg/_set_bus_servo_state_s.c.o[0m
[86.497s] [ 90%] [32mBuilding C object CMakeFiles/ros_robot_controller_msgs__rosidl_generator_py.dir/rosidl_generator_py/ros_robot_controller_msgs/msg/_servo_position_s.c.o[0m
[86.667s] [ 90%] [32mBuilding C object CMakeFiles/ros_robot_controller_msgs__rosidl_generator_py.dir/rosidl_generator_py/ros_robot_controller_msgs/msg/_servos_position_s.c.o[0m
[86.847s] [ 91%] [32mBuilding C object CMakeFiles/ros_robot_controller_msgs__rosidl_generator_py.dir/rosidl_generator_py/ros_robot_controller_msgs/msg/_set_pwm_servo_state_s.c.o[0m
[86.993s] [ 92%] [32mBuilding C object CMakeFiles/ros_robot_controller_msgs__rosidl_generator_py.dir/rosidl_generator_py/ros_robot_controller_msgs/msg/_get_bus_servo_cmd_s.c.o[0m
[87.127s] [ 92%] [32mBuilding C object CMakeFiles/ros_robot_controller_msgs__rosidl_generator_py.dir/rosidl_generator_py/ros_robot_controller_msgs/msg/_get_pwm_servo_cmd_s.c.o[0m
[87.279s] [ 93%] [32mBuilding C object CMakeFiles/ros_robot_controller_msgs__rosidl_generator_py.dir/rosidl_generator_py/ros_robot_controller_msgs/srv/_get_bus_servo_state_s.c.o[0m
[87.447s] [ 93%] [32mBuilding C object CMakeFiles/ros_robot_controller_msgs__rosidl_generator_py.dir/rosidl_generator_py/ros_robot_controller_msgs/srv/_get_pwm_servo_state_s.c.o[0m
[87.650s] [ 94%] [32mBuilding C object CMakeFiles/ros_robot_controller_msgs__rosidl_generator_py.dir/rosidl_generator_py/ros_robot_controller_msgs/msg/_buzzer_state_s.c.o[0m
[87.847s] [ 95%] [32mBuilding C object CMakeFiles/ros_robot_controller_msgs__rosidl_generator_py.dir/rosidl_generator_py/ros_robot_controller_msgs/msg/_button_state_s.c.o[0m
[88.049s] [ 96%] [32m[1mLinking C shared library rosidl_generator_py/ros_robot_controller_msgs/libros_robot_controller_msgs__rosidl_generator_py.so[0m
[88.310s] [ 96%] Built target ros_robot_controller_msgs__rosidl_generator_py
[88.332s] [ 97%] [32mBuilding C object CMakeFiles/ros_robot_controller_msgs__rosidl_typesupport_fastrtps_c__pyext.dir/rosidl_generator_py/ros_robot_controller_msgs/_ros_robot_controller_msgs_s.ep.rosidl_typesupport_fastrtps_c.c.o[0m
[88.582s] [ 97%] [32m[1mLinking C shared library rosidl_generator_py/ros_robot_controller_msgs/ros_robot_controller_msgs_s__rosidl_typesupport_fastrtps_c.cpython-310-aarch64-linux-gnu.so[0m
[88.629s] [ 97%] Built target ros_robot_controller_msgs__rosidl_typesupport_fastrtps_c__pyext
[88.650s] [ 98%] [32mBuilding C object CMakeFiles/ros_robot_controller_msgs__rosidl_typesupport_c__pyext.dir/rosidl_generator_py/ros_robot_controller_msgs/_ros_robot_controller_msgs_s.ep.rosidl_typesupport_c.c.o[0m
[88.898s] [ 98%] [32m[1mLinking C shared library rosidl_generator_py/ros_robot_controller_msgs/ros_robot_controller_msgs_s__rosidl_typesupport_c.cpython-310-aarch64-linux-gnu.so[0m
[88.995s] [ 98%] Built target ros_robot_controller_msgs__rosidl_typesupport_c__pyext
[89.027s] [ 99%] [32mBuilding C object CMakeFiles/ros_robot_controller_msgs__rosidl_typesupport_introspection_c__pyext.dir/rosidl_generator_py/ros_robot_controller_msgs/_ros_robot_controller_msgs_s.ep.rosidl_typesupport_introspection_c.c.o[0m
[89.321s] [100%] [32m[1mLinking C shared library rosidl_generator_py/ros_robot_controller_msgs/ros_robot_controller_msgs_s__rosidl_typesupport_introspection_c.cpython-310-aarch64-linux-gnu.so[0m
[89.842s] [100%] Built target ros_robot_controller_msgs__rosidl_typesupport_introspection_c__pyext
