[0.035s] Invoking command in '/home/ros2user/raspbros2+my_ws/src/Myself_WS/Keyboard control for the Mellen car/build/smart_car_core_demo': CMAKE_PREFIX_PATH=/opt/ros/humble /usr/bin/cmake /home/ros2user/raspbros2+my_ws/src/Myself_WS/Keyboard control for the Mellen car/src/peripherals -DCMAKE_INSTALL_PREFIX=/home/ros2user/raspbros2+my_ws/src/Myself_WS/Keyboard control for the Mellen car/install/smart_car_core_demo
[0.441s] -- The C compiler identification is GNU 11.4.0
[2.068s] -- The CXX compiler identification is GNU 11.4.0
[2.843s] -- Detecting C compiler ABI info
[3.399s] -- Detecting C compiler ABI info - done
[3.412s] -- Check for working C compiler: /usr/bin/cc - skipped
[3.412s] -- Detecting C compile features
[3.413s] -- Detecting C compile features - done
[3.427s] -- Detecting CXX compiler ABI info
[3.972s] -- Detecting CXX compiler ABI info - done
[3.989s] -- Check for working CXX compiler: /usr/bin/c++ - skipped
[3.990s] -- Detecting CXX compile features
[3.991s] -- Detecting CXX compile features - done
[3.996s] -- Found ament_cmake: 1.3.14 (/opt/ros/humble/share/ament_cmake/cmake)
[4.338s] -- Found Python3: /usr/bin/python3 (found version "3.10.12") found components: Interpreter 
[4.550s] -- Found rclcpp: 16.0.18 (/opt/ros/humble/share/rclcpp/cmake)
[5.299s] -- Found rosidl_generator_c: 3.1.8 (/opt/ros/humble/share/rosidl_generator_c/cmake)
[5.310s] -- Found rosidl_adapter: 3.1.8 (/opt/ros/humble/share/rosidl_adapter/cmake)
[5.334s] -- Found rosidl_generator_cpp: 3.1.8 (/opt/ros/humble/share/rosidl_generator_cpp/cmake)
[5.371s] -- Using all available rosidl_typesupport_c: rosidl_typesupport_fastrtps_c;rosidl_typesupport_introspection_c
[5.419s] -- Using all available rosidl_typesupport_cpp: rosidl_typesupport_fastrtps_cpp;rosidl_typesupport_introspection_cpp
[5.565s] -- Found rmw_implementation_cmake: 6.1.2 (/opt/ros/humble/share/rmw_implementation_cmake/cmake)
[5.572s] -- Found rmw_fastrtps_cpp: 6.2.10 (/opt/ros/humble/share/rmw_fastrtps_cpp/cmake)
[12.326s] -- Found OpenSSL: /usr/lib/x86_64-linux-gnu/libcrypto.so (found version "3.0.2")  
[27.228s] -- Found FastRTPS: /opt/ros/humble/include  
[40.410s] -- Using RMW implementation 'rmw_fastrtps_cpp' as default
[40.423s] -- Looking for pthread.h
[40.913s] -- Looking for pthread.h - found
[40.914s] -- Performing Test CMAKE_HAVE_LIBC_PTHREAD
[41.384s] -- Performing Test CMAKE_HAVE_LIBC_PTHREAD - Success
[41.386s] -- Found Threads: TRUE  
[41.484s] -- Found geometry_msgs: 4.9.1 (/opt/ros/humble/share/geometry_msgs/cmake)
[41.514s] -- Found std_srvs: 4.9.1 (/opt/ros/humble/share/std_srvs/cmake)
[41.536s] -- Found rclcpp_action: 16.0.18 (/opt/ros/humble/share/rclcpp_action/cmake)
[46.910s] [31mCMake Error at CMakeLists.txt:25 (find_package):
[46.911s]   By not providing "Findros_robot_controller_msgs.cmake" in CMAKE_MODULE_PATH
[46.911s]   this project has asked CMake to find a package configuration file provided
[46.912s]   by "ros_robot_controller_msgs", but CMake did not find one.
[46.912s] 
[46.912s]   Could not find a package configuration file provided by
[46.912s]   "ros_robot_controller_msgs" with any of the following names:
[46.912s] 
[46.913s]     ros_robot_controller_msgsConfig.cmake
[46.913s]     ros_robot_controller_msgs-config.cmake
[46.913s] 
[46.913s]   Add the installation prefix of "ros_robot_controller_msgs" to
[46.913s]   CMAKE_PREFIX_PATH or set "ros_robot_controller_msgs_DIR" to a directory
[46.913s]   containing one of the above files.  If "ros_robot_controller_msgs" provides
[46.913s]   a separate development package or SDK, be sure it has been installed.
[46.913s] 
[46.913s] [0m
[46.913s] -- Configuring incomplete, errors occurred!
[46.914s] See also "/home/ros2user/raspbros2+my_ws/src/Myself_WS/Keyboard control for the Mellen car/build/smart_car_core_demo/CMakeFiles/CMakeOutput.log".
[46.926s] Invoked command in '/home/ros2user/raspbros2+my_ws/src/Myself_WS/Keyboard control for the Mellen car/build/smart_car_core_demo' returned '1': CMAKE_PREFIX_PATH=/opt/ros/humble /usr/bin/cmake /home/ros2user/raspbros2+my_ws/src/Myself_WS/Keyboard control for the Mellen car/src/peripherals -DCMAKE_INSTALL_PREFIX=/home/ros2user/raspbros2+my_ws/src/Myself_WS/Keyboard control for the Mellen car/install/smart_car_core_demo
