-- Found ament_cmake: 1.3.14 (/opt/ros/humble/share/ament_cmake/cmake)
-- Found rclcpp: 16.0.18 (/opt/ros/humble/share/rclcpp/cmake)
-- Found rosidl_generator_c: 3.1.8 (/opt/ros/humble/share/rosidl_generator_c/cmake)
-- Found rosidl_adapter: 3.1.8 (/opt/ros/humble/share/rosidl_adapter/cmake)
-- Found rosidl_generator_cpp: 3.1.8 (/opt/ros/humble/share/rosidl_generator_cpp/cmake)
-- Using all available rosidl_typesupport_c: rosidl_typesupport_fastrtps_c;rosidl_typesupport_introspection_c
-- Using all available rosidl_typesupport_cpp: rosidl_typesupport_fastrtps_cpp;rosidl_typesupport_introspection_cpp
-- Found rmw_implementation_cmake: 6.1.2 (/opt/ros/humble/share/rmw_implementation_cmake/cmake)
-- Found rmw_fastrtps_cpp: 6.2.10 (/opt/ros/humble/share/rmw_fastrtps_cpp/cmake)
-- Using RMW implementation 'rmw_fastrtps_cpp' as default
-- Found geometry_msgs: 4.9.1 (/opt/ros/humble/share/geometry_msgs/cmake)
-- Found std_srvs: 4.9.1 (/opt/ros/humble/share/std_srvs/cmake)
-- Found rclcpp_action: 16.0.18 (/opt/ros/humble/share/rclcpp_action/cmake)
-- Found ros_robot_controller_msgs: 0.0.0 (/home/ros2user/raspbros2+my_ws/src/Myself_WS/Keyboard control for the Mellen car/install/ros_robot_controller_msgs/share/ros_robot_controller_msgs/cmake)
-- Found speed_control_msgs: 0.0.0 (/home/ros2user/raspbros2+my_ws/src/Myself_WS/Keyboard control for the Mellen car/install/speed_control_msgs/share/speed_control_msgs/cmake)
-- Found ament_lint_auto: 0.12.15 (/opt/ros/humble/share/ament_lint_auto/cmake)
-- Added test 'cppcheck' to perform static code analysis on C / C++ code
-- Configured cppcheck include dirs: 
-- Configured cppcheck exclude dirs and/or files: 
-- Added test 'flake8' to check Python code syntax and style conventions
-- Added test 'lint_cmake' to check CMake code style
-- Added test 'pep257' to check Python code against some of the docstring style conventions in PEP 257
-- Added test 'uncrustify' to check C / C++ code style
-- Configured uncrustify additional arguments: 
-- Added test 'xmllint' to check XML markup files
-- Configuring done
-- Generating done
-- Build files have been written to: /home/ros2user/raspbros2+my_ws/src/Myself_WS/Keyboard control for the Mellen car/build/smart_car_core_demo
[ 12%] [32mBuilding CXX object CMakeFiles/keyboard_input.dir/src/keyboard_input.cpp.o[0m
[ 25%] [32mBuilding CXX object CMakeFiles/speed_subscriber.dir/src/speed_subscriber.cpp.o[0m
[ 37%] [32m[1mLinking CXX shared library libkeyboard_input.so[0m
[ 37%] Built target keyboard_input
[ 50%] [32mBuilding CXX object CMakeFiles/control_mode_client.dir/src/control_mode_client.cpp.o[0m
[ 62%] [32mBuilding CXX object CMakeFiles/speed_publisher.dir/src/speed_publisher.cpp.o[0m
[ 75%] [32m[1mLinking CXX executable control_mode_client[0m
[ 75%] Built target control_mode_client
[ 87%] [32m[1mLinking CXX executable speed_publisher[0m
[ 87%] Built target speed_publisher
[100%] [32m[1mLinking CXX executable speed_subscriber[0m
[100%] Built target speed_subscriber
-- Install configuration: ""
-- Installing: /home/ros2user/raspbros2+my_ws/src/Myself_WS/Keyboard control for the Mellen car/install/smart_car_core_demo/lib/smart_car_core_demo/speed_publisher
-- Set runtime path of "/home/ros2user/raspbros2+my_ws/src/Myself_WS/Keyboard control for the Mellen car/install/smart_car_core_demo/lib/smart_car_core_demo/speed_publisher" to ""
-- Installing: /home/ros2user/raspbros2+my_ws/src/Myself_WS/Keyboard control for the Mellen car/install/smart_car_core_demo/lib/smart_car_core_demo/control_mode_client
-- Set runtime path of "/home/ros2user/raspbros2+my_ws/src/Myself_WS/Keyboard control for the Mellen car/install/smart_car_core_demo/lib/smart_car_core_demo/control_mode_client" to ""
-- Installing: /home/ros2user/raspbros2+my_ws/src/Myself_WS/Keyboard control for the Mellen car/install/smart_car_core_demo/lib/smart_car_core_demo/speed_subscriber
-- Set runtime path of "/home/ros2user/raspbros2+my_ws/src/Myself_WS/Keyboard control for the Mellen car/install/smart_car_core_demo/lib/smart_car_core_demo/speed_subscriber" to ""
-- Installing: /home/ros2user/raspbros2+my_ws/src/Myself_WS/Keyboard control for the Mellen car/install/smart_car_core_demo/lib/smart_car_core_demo/libkeyboard_input.so
-- Set runtime path of "/home/ros2user/raspbros2+my_ws/src/Myself_WS/Keyboard control for the Mellen car/install/smart_car_core_demo/lib/smart_car_core_demo/libkeyboard_input.so" to ""
-- Installing: /home/ros2user/raspbros2+my_ws/src/Myself_WS/Keyboard control for the Mellen car/install/smart_car_core_demo/share/smart_car_core_demo/launch
-- Installing: /home/ros2user/raspbros2+my_ws/src/Myself_WS/Keyboard control for the Mellen car/install/smart_car_core_demo/share/smart_car_core_demo/launch/topic_demo.launch.py
-- Installing: /home/ros2user/raspbros2+my_ws/src/Myself_WS/Keyboard control for the Mellen car/install/smart_car_core_demo/share/smart_car_core_demo/config
-- Installing: /home/ros2user/raspbros2+my_ws/src/Myself_WS/Keyboard control for the Mellen car/install/smart_car_core_demo/share/smart_car_core_demo/config/params.yaml
-- Installing: /home/ros2user/raspbros2+my_ws/src/Myself_WS/Keyboard control for the Mellen car/install/smart_car_core_demo/include/smart_car_core_demo
-- Installing: /home/ros2user/raspbros2+my_ws/src/Myself_WS/Keyboard control for the Mellen car/install/smart_car_core_demo/include/smart_car_core_demo/smart_car_core_demo
-- Installing: /home/ros2user/raspbros2+my_ws/src/Myself_WS/Keyboard control for the Mellen car/install/smart_car_core_demo/include/smart_car_core_demo/smart_car_core_demo/keyboard_input.hpp
-- Installing: /home/ros2user/raspbros2+my_ws/src/Myself_WS/Keyboard control for the Mellen car/install/smart_car_core_demo/share/smart_car_core_demo/environment/library_path.sh
-- Installing: /home/ros2user/raspbros2+my_ws/src/Myself_WS/Keyboard control for the Mellen car/install/smart_car_core_demo/share/smart_car_core_demo/environment/library_path.dsv
-- Installing: /home/ros2user/raspbros2+my_ws/src/Myself_WS/Keyboard control for the Mellen car/install/smart_car_core_demo/share/ament_index/resource_index/package_run_dependencies/smart_car_core_demo
-- Installing: /home/ros2user/raspbros2+my_ws/src/Myself_WS/Keyboard control for the Mellen car/install/smart_car_core_demo/share/ament_index/resource_index/parent_prefix_path/smart_car_core_demo
-- Installing: /home/ros2user/raspbros2+my_ws/src/Myself_WS/Keyboard control for the Mellen car/install/smart_car_core_demo/share/smart_car_core_demo/environment/ament_prefix_path.sh
-- Installing: /home/ros2user/raspbros2+my_ws/src/Myself_WS/Keyboard control for the Mellen car/install/smart_car_core_demo/share/smart_car_core_demo/environment/ament_prefix_path.dsv
-- Installing: /home/ros2user/raspbros2+my_ws/src/Myself_WS/Keyboard control for the Mellen car/install/smart_car_core_demo/share/smart_car_core_demo/environment/path.sh
-- Installing: /home/ros2user/raspbros2+my_ws/src/Myself_WS/Keyboard control for the Mellen car/install/smart_car_core_demo/share/smart_car_core_demo/environment/path.dsv
-- Installing: /home/ros2user/raspbros2+my_ws/src/Myself_WS/Keyboard control for the Mellen car/install/smart_car_core_demo/share/smart_car_core_demo/local_setup.bash
-- Installing: /home/ros2user/raspbros2+my_ws/src/Myself_WS/Keyboard control for the Mellen car/install/smart_car_core_demo/share/smart_car_core_demo/local_setup.sh
-- Installing: /home/ros2user/raspbros2+my_ws/src/Myself_WS/Keyboard control for the Mellen car/install/smart_car_core_demo/share/smart_car_core_demo/local_setup.zsh
-- Installing: /home/ros2user/raspbros2+my_ws/src/Myself_WS/Keyboard control for the Mellen car/install/smart_car_core_demo/share/smart_car_core_demo/local_setup.dsv
-- Installing: /home/ros2user/raspbros2+my_ws/src/Myself_WS/Keyboard control for the Mellen car/install/smart_car_core_demo/share/smart_car_core_demo/package.dsv
-- Installing: /home/ros2user/raspbros2+my_ws/src/Myself_WS/Keyboard control for the Mellen car/install/smart_car_core_demo/share/ament_index/resource_index/packages/smart_car_core_demo
-- Installing: /home/ros2user/raspbros2+my_ws/src/Myself_WS/Keyboard control for the Mellen car/install/smart_car_core_demo/share/smart_car_core_demo/cmake/ament_cmake_export_dependencies-extras.cmake
-- Installing: /home/ros2user/raspbros2+my_ws/src/Myself_WS/Keyboard control for the Mellen car/install/smart_car_core_demo/share/smart_car_core_demo/cmake/ament_cmake_export_include_directories-extras.cmake
-- Installing: /home/ros2user/raspbros2+my_ws/src/Myself_WS/Keyboard control for the Mellen car/install/smart_car_core_demo/share/smart_car_core_demo/cmake/ament_cmake_export_libraries-extras.cmake
-- Installing: /home/ros2user/raspbros2+my_ws/src/Myself_WS/Keyboard control for the Mellen car/install/smart_car_core_demo/share/smart_car_core_demo/cmake/smart_car_core_demoConfig.cmake
-- Installing: /home/ros2user/raspbros2+my_ws/src/Myself_WS/Keyboard control for the Mellen car/install/smart_car_core_demo/share/smart_car_core_demo/cmake/smart_car_core_demoConfig-version.cmake
-- Installing: /home/ros2user/raspbros2+my_ws/src/Myself_WS/Keyboard control for the Mellen car/install/smart_car_core_demo/share/smart_car_core_demo/package.xml
