[0.025s] Invoking command in '/home/ros2user/raspbros2+my_ws/src/Myself_WS/Keyboard control for the Mellen car/build/smart_car_core_demo': CMAKE_PREFIX_PATH=${CMAKE_PREFIX_PATH}:/home/ros2user/raspbros2+my_ws/src/Myself_WS/Keyboard control for the Mellen car/install/ros_robot_controller:/opt/ros/humble /usr/bin/cmake /home/ros2user/raspbros2+my_ws/src/Myself_WS/Keyboard control for the Mellen car/src/peripherals -DCMAKE_INSTALL_PREFIX=/home/ros2user/raspbros2+my_ws/src/Myself_WS/Keyboard control for the Mellen car/install/smart_car_core_demo
[0.042s] -- Found ament_cmake: 1.3.14 (/opt/ros/humble/share/ament_cmake/cmake)
[0.255s] -- Found rclcpp: 16.0.18 (/opt/ros/humble/share/rclcpp/cmake)
[0.867s] -- Found rosidl_generator_c: 3.1.8 (/opt/ros/humble/share/rosidl_generator_c/cmake)
[0.870s] -- Found rosidl_adapter: 3.1.8 (/opt/ros/humble/share/rosidl_adapter/cmake)
[0.880s] -- Found rosidl_generator_cpp: 3.1.8 (/opt/ros/humble/share/rosidl_generator_cpp/cmake)
[0.897s] -- Using all available rosidl_typesupport_c: rosidl_typesupport_fastrtps_c;rosidl_typesupport_introspection_c
[0.919s] -- Using all available rosidl_typesupport_cpp: rosidl_typesupport_fastrtps_cpp;rosidl_typesupport_introspection_cpp
[0.976s] -- Found rmw_implementation_cmake: 6.1.2 (/opt/ros/humble/share/rmw_implementation_cmake/cmake)
[0.978s] -- Found rmw_fastrtps_cpp: 6.2.10 (/opt/ros/humble/share/rmw_fastrtps_cpp/cmake)
[24.777s] -- Using RMW implementation 'rmw_fastrtps_cpp' as default
[24.882s] -- Found geometry_msgs: 4.9.1 (/opt/ros/humble/share/geometry_msgs/cmake)
[24.904s] -- Found std_srvs: 4.9.1 (/opt/ros/humble/share/std_srvs/cmake)
[24.926s] -- Found rclcpp_action: 16.0.18 (/opt/ros/humble/share/rclcpp_action/cmake)
[24.999s] -- Found ros_robot_controller_msgs: 0.0.0 (/home/ros2user/raspbros2+my_ws/src/Myself_WS/Keyboard control for the Mellen car/install/ros_robot_controller_msgs/share/ros_robot_controller_msgs/cmake)
[25.027s] -- Found speed_control_msgs: 0.0.0 (/home/ros2user/raspbros2+my_ws/src/Myself_WS/Keyboard control for the Mellen car/install/speed_control_msgs/share/speed_control_msgs/cmake)
[25.055s] -- Found ament_lint_auto: 0.12.15 (/opt/ros/humble/share/ament_lint_auto/cmake)
[25.275s] -- Added test 'cppcheck' to perform static code analysis on C / C++ code
[25.277s] -- Configured cppcheck include dirs: 
[25.277s] -- Configured cppcheck exclude dirs and/or files: 
[25.279s] -- Added test 'flake8' to check Python code syntax and style conventions
[25.281s] -- Added test 'lint_cmake' to check CMake code style
[25.284s] -- Added test 'pep257' to check Python code against some of the docstring style conventions in PEP 257
[25.285s] -- Added test 'uncrustify' to check C / C++ code style
[25.285s] -- Configured uncrustify additional arguments: 
[25.287s] -- Added test 'xmllint' to check XML markup files
[25.304s] -- Configuring done
[25.358s] -- Generating done
[25.380s] -- Build files have been written to: /home/ros2user/raspbros2+my_ws/src/Myself_WS/Keyboard control for the Mellen car/build/smart_car_core_demo
[25.413s] Invoked command in '/home/ros2user/raspbros2+my_ws/src/Myself_WS/Keyboard control for the Mellen car/build/smart_car_core_demo' returned '0': CMAKE_PREFIX_PATH=${CMAKE_PREFIX_PATH}:/home/ros2user/raspbros2+my_ws/src/Myself_WS/Keyboard control for the Mellen car/install/ros_robot_controller:/opt/ros/humble /usr/bin/cmake /home/ros2user/raspbros2+my_ws/src/Myself_WS/Keyboard control for the Mellen car/src/peripherals -DCMAKE_INSTALL_PREFIX=/home/ros2user/raspbros2+my_ws/src/Myself_WS/Keyboard control for the Mellen car/install/smart_car_core_demo
[25.416s] Invoking command in '/home/ros2user/raspbros2+my_ws/src/Myself_WS/Keyboard control for the Mellen car/build/smart_car_core_demo': CMAKE_PREFIX_PATH=${CMAKE_PREFIX_PATH}:/home/ros2user/raspbros2+my_ws/src/Myself_WS/Keyboard control for the Mellen car/install/ros_robot_controller:/opt/ros/humble /usr/bin/cmake --build /home/ros2user/raspbros2+my_ws/src/Myself_WS/Keyboard control for the Mellen car/build/smart_car_core_demo -- -j16 -l16
[25.528s] [ 12%] [32mBuilding CXX object CMakeFiles/keyboard_input.dir/src/keyboard_input.cpp.o[0m
[25.530s] [ 25%] [32mBuilding CXX object CMakeFiles/speed_subscriber.dir/src/speed_subscriber.cpp.o[0m
[26.440s] [ 37%] [32m[1mLinking CXX shared library libkeyboard_input.so[0m
[27.176s] [ 37%] Built target keyboard_input
[27.222s] [ 50%] [32mBuilding CXX object CMakeFiles/control_mode_client.dir/src/control_mode_client.cpp.o[0m
[27.224s] [ 62%] [32mBuilding CXX object CMakeFiles/speed_publisher.dir/src/speed_publisher.cpp.o[0m
[36.515s] [ 75%] [32m[1mLinking CXX executable control_mode_client[0m
[37.415s] [ 75%] Built target control_mode_client
[39.175s] [ 87%] [32m[1mLinking CXX executable speed_publisher[0m
[39.976s] [ 87%] Built target speed_publisher
[44.275s] [100%] [32m[1mLinking CXX executable speed_subscriber[0m
[45.369s] [100%] Built target speed_subscriber
[45.396s] Invoked command in '/home/ros2user/raspbros2+my_ws/src/Myself_WS/Keyboard control for the Mellen car/build/smart_car_core_demo' returned '0': CMAKE_PREFIX_PATH=${CMAKE_PREFIX_PATH}:/home/ros2user/raspbros2+my_ws/src/Myself_WS/Keyboard control for the Mellen car/install/ros_robot_controller:/opt/ros/humble /usr/bin/cmake --build /home/ros2user/raspbros2+my_ws/src/Myself_WS/Keyboard control for the Mellen car/build/smart_car_core_demo -- -j16 -l16
[45.413s] Invoking command in '/home/ros2user/raspbros2+my_ws/src/Myself_WS/Keyboard control for the Mellen car/build/smart_car_core_demo': CMAKE_PREFIX_PATH=${CMAKE_PREFIX_PATH}:/home/ros2user/raspbros2+my_ws/src/Myself_WS/Keyboard control for the Mellen car/install/ros_robot_controller:/opt/ros/humble /usr/bin/cmake --install /home/ros2user/raspbros2+my_ws/src/Myself_WS/Keyboard control for the Mellen car/build/smart_car_core_demo
[45.425s] -- Install configuration: ""
[45.427s] -- Installing: /home/ros2user/raspbros2+my_ws/src/Myself_WS/Keyboard control for the Mellen car/install/smart_car_core_demo/lib/smart_car_core_demo/speed_publisher
[45.430s] -- Set runtime path of "/home/ros2user/raspbros2+my_ws/src/Myself_WS/Keyboard control for the Mellen car/install/smart_car_core_demo/lib/smart_car_core_demo/speed_publisher" to ""
[45.431s] -- Installing: /home/ros2user/raspbros2+my_ws/src/Myself_WS/Keyboard control for the Mellen car/install/smart_car_core_demo/lib/smart_car_core_demo/control_mode_client
[45.432s] -- Set runtime path of "/home/ros2user/raspbros2+my_ws/src/Myself_WS/Keyboard control for the Mellen car/install/smart_car_core_demo/lib/smart_car_core_demo/control_mode_client" to ""
[45.432s] -- Installing: /home/ros2user/raspbros2+my_ws/src/Myself_WS/Keyboard control for the Mellen car/install/smart_car_core_demo/lib/smart_car_core_demo/speed_subscriber
[45.437s] -- Set runtime path of "/home/ros2user/raspbros2+my_ws/src/Myself_WS/Keyboard control for the Mellen car/install/smart_car_core_demo/lib/smart_car_core_demo/speed_subscriber" to ""
[45.437s] -- Installing: /home/ros2user/raspbros2+my_ws/src/Myself_WS/Keyboard control for the Mellen car/install/smart_car_core_demo/lib/smart_car_core_demo/libkeyboard_input.so
[45.438s] -- Set runtime path of "/home/ros2user/raspbros2+my_ws/src/Myself_WS/Keyboard control for the Mellen car/install/smart_car_core_demo/lib/smart_car_core_demo/libkeyboard_input.so" to ""
[45.438s] -- Installing: /home/ros2user/raspbros2+my_ws/src/Myself_WS/Keyboard control for the Mellen car/install/smart_car_core_demo/share/smart_car_core_demo/launch
[45.439s] -- Installing: /home/ros2user/raspbros2+my_ws/src/Myself_WS/Keyboard control for the Mellen car/install/smart_car_core_demo/share/smart_car_core_demo/launch/topic_demo.launch.py
[45.440s] -- Installing: /home/ros2user/raspbros2+my_ws/src/Myself_WS/Keyboard control for the Mellen car/install/smart_car_core_demo/share/smart_car_core_demo/config
[45.440s] -- Installing: /home/ros2user/raspbros2+my_ws/src/Myself_WS/Keyboard control for the Mellen car/install/smart_car_core_demo/share/smart_car_core_demo/config/params.yaml
[45.441s] -- Installing: /home/ros2user/raspbros2+my_ws/src/Myself_WS/Keyboard control for the Mellen car/install/smart_car_core_demo/include/smart_car_core_demo
[45.442s] -- Installing: /home/ros2user/raspbros2+my_ws/src/Myself_WS/Keyboard control for the Mellen car/install/smart_car_core_demo/include/smart_car_core_demo/smart_car_core_demo
[45.443s] -- Installing: /home/ros2user/raspbros2+my_ws/src/Myself_WS/Keyboard control for the Mellen car/install/smart_car_core_demo/include/smart_car_core_demo/smart_car_core_demo/keyboard_input.hpp
[45.444s] -- Installing: /home/ros2user/raspbros2+my_ws/src/Myself_WS/Keyboard control for the Mellen car/install/smart_car_core_demo/share/smart_car_core_demo/environment/library_path.sh
[45.445s] -- Installing: /home/ros2user/raspbros2+my_ws/src/Myself_WS/Keyboard control for the Mellen car/install/smart_car_core_demo/share/smart_car_core_demo/environment/library_path.dsv
[45.446s] -- Installing: /home/ros2user/raspbros2+my_ws/src/Myself_WS/Keyboard control for the Mellen car/install/smart_car_core_demo/share/ament_index/resource_index/package_run_dependencies/smart_car_core_demo
[45.447s] -- Installing: /home/ros2user/raspbros2+my_ws/src/Myself_WS/Keyboard control for the Mellen car/install/smart_car_core_demo/share/ament_index/resource_index/parent_prefix_path/smart_car_core_demo
[45.448s] -- Installing: /home/ros2user/raspbros2+my_ws/src/Myself_WS/Keyboard control for the Mellen car/install/smart_car_core_demo/share/smart_car_core_demo/environment/ament_prefix_path.sh
[45.449s] -- Installing: /home/ros2user/raspbros2+my_ws/src/Myself_WS/Keyboard control for the Mellen car/install/smart_car_core_demo/share/smart_car_core_demo/environment/ament_prefix_path.dsv
[45.449s] -- Installing: /home/ros2user/raspbros2+my_ws/src/Myself_WS/Keyboard control for the Mellen car/install/smart_car_core_demo/share/smart_car_core_demo/environment/path.sh
[45.449s] -- Installing: /home/ros2user/raspbros2+my_ws/src/Myself_WS/Keyboard control for the Mellen car/install/smart_car_core_demo/share/smart_car_core_demo/environment/path.dsv
[45.449s] -- Installing: /home/ros2user/raspbros2+my_ws/src/Myself_WS/Keyboard control for the Mellen car/install/smart_car_core_demo/share/smart_car_core_demo/local_setup.bash
[45.450s] -- Installing: /home/ros2user/raspbros2+my_ws/src/Myself_WS/Keyboard control for the Mellen car/install/smart_car_core_demo/share/smart_car_core_demo/local_setup.sh
[45.451s] -- Installing: /home/ros2user/raspbros2+my_ws/src/Myself_WS/Keyboard control for the Mellen car/install/smart_car_core_demo/share/smart_car_core_demo/local_setup.zsh
[45.451s] -- Installing: /home/ros2user/raspbros2+my_ws/src/Myself_WS/Keyboard control for the Mellen car/install/smart_car_core_demo/share/smart_car_core_demo/local_setup.dsv
[45.452s] -- Installing: /home/ros2user/raspbros2+my_ws/src/Myself_WS/Keyboard control for the Mellen car/install/smart_car_core_demo/share/smart_car_core_demo/package.dsv
[45.453s] -- Installing: /home/ros2user/raspbros2+my_ws/src/Myself_WS/Keyboard control for the Mellen car/install/smart_car_core_demo/share/ament_index/resource_index/packages/smart_car_core_demo
[45.454s] -- Installing: /home/ros2user/raspbros2+my_ws/src/Myself_WS/Keyboard control for the Mellen car/install/smart_car_core_demo/share/smart_car_core_demo/cmake/ament_cmake_export_dependencies-extras.cmake
[45.454s] -- Installing: /home/ros2user/raspbros2+my_ws/src/Myself_WS/Keyboard control for the Mellen car/install/smart_car_core_demo/share/smart_car_core_demo/cmake/ament_cmake_export_include_directories-extras.cmake
[45.455s] -- Installing: /home/ros2user/raspbros2+my_ws/src/Myself_WS/Keyboard control for the Mellen car/install/smart_car_core_demo/share/smart_car_core_demo/cmake/ament_cmake_export_libraries-extras.cmake
[45.455s] -- Installing: /home/ros2user/raspbros2+my_ws/src/Myself_WS/Keyboard control for the Mellen car/install/smart_car_core_demo/share/smart_car_core_demo/cmake/smart_car_core_demoConfig.cmake
[45.455s] -- Installing: /home/ros2user/raspbros2+my_ws/src/Myself_WS/Keyboard control for the Mellen car/install/smart_car_core_demo/share/smart_car_core_demo/cmake/smart_car_core_demoConfig-version.cmake
[45.455s] -- Installing: /home/ros2user/raspbros2+my_ws/src/Myself_WS/Keyboard control for the Mellen car/install/smart_car_core_demo/share/smart_car_core_demo/package.xml
[45.461s] Invoked command in '/home/ros2user/raspbros2+my_ws/src/Myself_WS/Keyboard control for the Mellen car/build/smart_car_core_demo' returned '0': CMAKE_PREFIX_PATH=${CMAKE_PREFIX_PATH}:/home/ros2user/raspbros2+my_ws/src/Myself_WS/Keyboard control for the Mellen car/install/ros_robot_controller:/opt/ros/humble /usr/bin/cmake --install /home/ros2user/raspbros2+my_ws/src/Myself_WS/Keyboard control for the Mellen car/build/smart_car_core_demo
