[0.417s] Invoking command in '/home/ubuntu/ros2_wsorincp/build/smart_car_core_demo': /usr/bin/cmake /home/ubuntu/ros2_wsorincp/ros2_core_examples/smart_car_core_demo -DCMAKE_INSTALL_PREFIX=/home/ubuntu/ros2_wsorincp/install/smart_car_core_demo
[0.959s] -- The C compiler identification is GNU 11.4.0
[1.170s] -- The CXX compiler identification is GNU 11.4.0
[1.201s] -- Detecting C compiler ABI info
[1.382s] -- Detecting C compiler ABI info - done
[1.409s] -- Check for working C compiler: /usr/bin/cc - skipped
[1.412s] -- Detecting C compile features
[1.415s] -- Detecting C compile features - done
[1.435s] -- Detecting CXX compiler ABI info
[1.640s] -- Detecting CXX compiler ABI info - done
[1.724s] -- Check for working CXX compiler: /usr/bin/c++ - skipped
[1.729s] -- Detecting CXX compile features
[1.729s] -- Detecting CXX compile features - done
[1.777s] [31mCMake Error at CMakeLists.txt:9 (find_package):
[1.777s]   By not providing "Findament_cmake.cmake" in CMAKE_MODULE_PATH this project
[1.777s]   has asked CMake to find a package configuration file provided by
[1.777s]   "ament_cmake", but CMake did not find one.
[1.777s] 
[1.777s]   Could not find a package configuration file provided by "ament_cmake" with
[1.777s]   any of the following names:
[1.777s] 
[1.778s]     ament_cmakeConfig.cmake
[1.778s]     ament_cmake-config.cmake
[1.778s] 
[1.778s]   Add the installation prefix of "ament_cmake" to CMAKE_PREFIX_PATH or set
[1.778s]   "ament_cmake_DIR" to a directory containing one of the above files.  If
[1.778s]   "ament_cmake" provides a separate development package or SDK, be sure it
[1.778s]   has been installed.
[1.778s] 
[1.778s] [0m
[1.779s] -- Configuring incomplete, errors occurred!
[1.779s] See also "/home/ubuntu/ros2_wsorincp/build/smart_car_core_demo/CMakeFiles/CMakeOutput.log".
[1.793s] Invoked command in '/home/ubuntu/ros2_wsorincp/build/smart_car_core_demo' returned '1': /usr/bin/cmake /home/ubuntu/ros2_wsorincp/ros2_core_examples/smart_car_core_demo -DCMAKE_INSTALL_PREFIX=/home/ubuntu/ros2_wsorincp/install/smart_car_core_demo
