[0.042s] Invoking command in '/home/ros2user/raspbros2+my_ws/src/Myself_WS/Keyboard control for the Mellen car/build/smart_car_core_demo': CMAKE_PREFIX_PATH=/opt/ros/humble /usr/bin/cmake /home/ros2user/raspbros2+my_ws/src/Myself_WS/Keyboard control for the Mellen car/src/peripherals -DCMAKE_INSTALL_PREFIX=/home/ros2user/raspbros2+my_ws/src/Myself_WS/Keyboard control for the Mellen car/install/smart_car_core_demo
[0.058s] -- Found ament_cmake: 1.3.14 (/opt/ros/humble/share/ament_cmake/cmake)
[0.290s] -- Found rclcpp: 16.0.18 (/opt/ros/humble/share/rclcpp/cmake)
[0.875s] -- Found rosidl_generator_c: 3.1.8 (/opt/ros/humble/share/rosidl_generator_c/cmake)
[0.879s] -- Found rosidl_adapter: 3.1.8 (/opt/ros/humble/share/rosidl_adapter/cmake)
[0.893s] -- Found rosidl_generator_cpp: 3.1.8 (/opt/ros/humble/share/rosidl_generator_cpp/cmake)
[0.911s] -- Using all available rosidl_typesupport_c: rosidl_typesupport_fastrtps_c;rosidl_typesupport_introspection_c
[0.933s] -- Using all available rosidl_typesupport_cpp: rosidl_typesupport_fastrtps_cpp;rosidl_typesupport_introspection_cpp
[0.990s] -- Found rmw_implementation_cmake: 6.1.2 (/opt/ros/humble/share/rmw_implementation_cmake/cmake)
[0.991s] -- Found rmw_fastrtps_cpp: 6.2.10 (/opt/ros/humble/share/rmw_fastrtps_cpp/cmake)
[22.663s] -- Using RMW implementation 'rmw_fastrtps_cpp' as default
[22.746s] -- Found geometry_msgs: 4.9.1 (/opt/ros/humble/share/geometry_msgs/cmake)
[22.769s] -- Found std_srvs: 4.9.1 (/opt/ros/humble/share/std_srvs/cmake)
[22.784s] -- Found rclcpp_action: 16.0.18 (/opt/ros/humble/share/rclcpp_action/cmake)
[27.440s] [31mCMake Error at CMakeLists.txt:25 (find_package):
[27.440s]   By not providing "Findros_robot_controller_msgs.cmake" in CMAKE_MODULE_PATH
[27.441s]   this project has asked CMake to find a package configuration file provided
[27.441s]   by "ros_robot_controller_msgs", but CMake did not find one.
[27.441s] 
[27.441s]   Could not find a package configuration file provided by
[27.441s]   "ros_robot_controller_msgs" with any of the following names:
[27.441s] 
[27.441s]     ros_robot_controller_msgsConfig.cmake
[27.441s]     ros_robot_controller_msgs-config.cmake
[27.441s] 
[27.441s]   Add the installation prefix of "ros_robot_controller_msgs" to
[27.441s]   CMAKE_PREFIX_PATH or set "ros_robot_controller_msgs_DIR" to a directory
[27.441s]   containing one of the above files.  If "ros_robot_controller_msgs" provides
[27.442s]   a separate development package or SDK, be sure it has been installed.
[27.442s] 
[27.442s] [0m
[27.442s] -- Configuring incomplete, errors occurred!
[27.442s] See also "/home/ros2user/raspbros2+my_ws/src/Myself_WS/Keyboard control for the Mellen car/build/smart_car_core_demo/CMakeFiles/CMakeOutput.log".
