[0.030s] Invoking command in '/home/ubuntu/ros2_wsorincp/build/smart_car_core_demo': CMAKE_PREFIX_PATH=${CMAKE_PREFIX_PATH}:/home/ubuntu/ros2_wsorincp/install/ros_robot_controller:/opt/ros/humble /usr/bin/cmake --build /home/ubuntu/ros2_wsorincp/build/smart_car_core_demo -- -j4 -l4
[0.207s] [35m[1mConsolidate compiler generated dependencies of target speed_publisher[0m
[0.227s] [ 50%] Built target speed_subscriber
[0.233s] [ 75%] [32mBuilding CXX object CMakeFiles/speed_publisher.dir/src/smart_car_core_demo/speed_publisher.cpp.o[0m
[7.823s] [100%] [32m[1mLinking CXX executable speed_publisher[0m
[8.271s] [100%] Built target speed_publisher
[8.298s] Invoked command in '/home/ubuntu/ros2_wsorincp/build/smart_car_core_demo' returned '0': CMAKE_PREFIX_PATH=${CMAKE_PREFIX_PATH}:/home/ubuntu/ros2_wsorincp/install/ros_robot_controller:/opt/ros/humble /usr/bin/cmake --build /home/ubuntu/ros2_wsorincp/build/smart_car_core_demo -- -j4 -l4
[8.361s] Invoking command in '/home/ubuntu/ros2_wsorincp/build/smart_car_core_demo': CMAKE_PREFIX_PATH=${CMAKE_PREFIX_PATH}:/home/ubuntu/ros2_wsorincp/install/ros_robot_controller:/opt/ros/humble /usr/bin/cmake --install /home/ubuntu/ros2_wsorincp/build/smart_car_core_demo
[8.381s] -- Install configuration: ""
[8.385s] -- Installing: /home/ubuntu/ros2_wsorincp/install/smart_car_core_demo/lib/smart_car_core_demo/speed_publisher
[8.386s] -- Set runtime path of "/home/ubuntu/ros2_wsorincp/install/smart_car_core_demo/lib/smart_car_core_demo/speed_publisher" to ""
[8.388s] -- Up-to-date: /home/ubuntu/ros2_wsorincp/install/smart_car_core_demo/lib/smart_car_core_demo/speed_subscriber
[8.388s] -- Up-to-date: /home/ubuntu/ros2_wsorincp/install/smart_car_core_demo/share/smart_car_core_demo/launch
[8.391s] -- Up-to-date: /home/ubuntu/ros2_wsorincp/install/smart_car_core_demo/share/smart_car_core_demo/launch/topic_demo.launch.py
[8.391s] -- Up-to-date: /home/ubuntu/ros2_wsorincp/install/smart_car_core_demo/share/smart_car_core_demo/config
[8.391s] -- Up-to-date: /home/ubuntu/ros2_wsorincp/install/smart_car_core_demo/share/smart_car_core_demo/config/params.yaml
[8.391s] -- Up-to-date: /home/ubuntu/ros2_wsorincp/install/smart_car_core_demo/share/ament_index/resource_index/package_run_dependencies/smart_car_core_demo
[8.391s] -- Up-to-date: /home/ubuntu/ros2_wsorincp/install/smart_car_core_demo/share/ament_index/resource_index/parent_prefix_path/smart_car_core_demo
[8.392s] -- Up-to-date: /home/ubuntu/ros2_wsorincp/install/smart_car_core_demo/share/smart_car_core_demo/environment/ament_prefix_path.sh
[8.392s] -- Up-to-date: /home/ubuntu/ros2_wsorincp/install/smart_car_core_demo/share/smart_car_core_demo/environment/ament_prefix_path.dsv
[8.393s] -- Up-to-date: /home/ubuntu/ros2_wsorincp/install/smart_car_core_demo/share/smart_car_core_demo/environment/path.sh
[8.393s] -- Up-to-date: /home/ubuntu/ros2_wsorincp/install/smart_car_core_demo/share/smart_car_core_demo/environment/path.dsv
[8.393s] -- Up-to-date: /home/ubuntu/ros2_wsorincp/install/smart_car_core_demo/share/smart_car_core_demo/local_setup.bash
[8.394s] -- Up-to-date: /home/ubuntu/ros2_wsorincp/install/smart_car_core_demo/share/smart_car_core_demo/local_setup.sh
[8.394s] -- Up-to-date: /home/ubuntu/ros2_wsorincp/install/smart_car_core_demo/share/smart_car_core_demo/local_setup.zsh
[8.394s] -- Up-to-date: /home/ubuntu/ros2_wsorincp/install/smart_car_core_demo/share/smart_car_core_demo/local_setup.dsv
[8.394s] -- Installing: /home/ubuntu/ros2_wsorincp/install/smart_car_core_demo/share/smart_car_core_demo/package.dsv
[8.395s] -- Up-to-date: /home/ubuntu/ros2_wsorincp/install/smart_car_core_demo/share/ament_index/resource_index/packages/smart_car_core_demo
[8.395s] -- Up-to-date: /home/ubuntu/ros2_wsorincp/install/smart_car_core_demo/share/smart_car_core_demo/cmake/ament_cmake_export_dependencies-extras.cmake
[8.395s] -- Up-to-date: /home/ubuntu/ros2_wsorincp/install/smart_car_core_demo/share/smart_car_core_demo/cmake/smart_car_core_demoConfig.cmake
[8.395s] -- Up-to-date: /home/ubuntu/ros2_wsorincp/install/smart_car_core_demo/share/smart_car_core_demo/cmake/smart_car_core_demoConfig-version.cmake
[8.396s] -- Up-to-date: /home/ubuntu/ros2_wsorincp/install/smart_car_core_demo/share/smart_car_core_demo/package.xml
[8.399s] Invoked command in '/home/ubuntu/ros2_wsorincp/build/smart_car_core_demo' returned '0': CMAKE_PREFIX_PATH=${CMAKE_PREFIX_PATH}:/home/ubuntu/ros2_wsorincp/install/ros_robot_controller:/opt/ros/humble /usr/bin/cmake --install /home/ubuntu/ros2_wsorincp/build/smart_car_core_demo
